[2023-08-01 07:12:17,759] {taskinstance.py:1159} INFO - Dependencies all met for <TaskInstance: dag_final_project_digitalskola.insert_district_daily manual__2023-08-01T07:12:12.460277+00:00 [queued]>
[2023-08-01 07:12:17,777] {taskinstance.py:1159} INFO - Dependencies all met for <TaskInstance: dag_final_project_digitalskola.insert_district_daily manual__2023-08-01T07:12:12.460277+00:00 [queued]>
[2023-08-01 07:12:17,777] {taskinstance.py:1356} INFO - 
--------------------------------------------------------------------------------
[2023-08-01 07:12:17,777] {taskinstance.py:1357} INFO - Starting attempt 1 of 1
[2023-08-01 07:12:17,777] {taskinstance.py:1358} INFO - 
--------------------------------------------------------------------------------
[2023-08-01 07:12:17,799] {taskinstance.py:1377} INFO - Executing <Task(PythonOperator): insert_district_daily> on 2023-08-01 07:12:12.460277+00:00
[2023-08-01 07:12:17,805] {standard_task_runner.py:52} INFO - Started process 239 to run task
[2023-08-01 07:12:17,808] {standard_task_runner.py:79} INFO - Running: ['***', 'tasks', 'run', 'dag_final_project_digitalskola', 'insert_district_daily', 'manual__2023-08-01T07:12:12.460277+00:00', '--job-id', '386', '--raw', '--subdir', 'DAGS_FOLDER/dag_final_project.py', '--cfg-path', '/tmp/tmpzkc01qwz', '--error-file', '/tmp/tmp73s9a382']
[2023-08-01 07:12:17,809] {standard_task_runner.py:80} INFO - Job 386: Subtask insert_district_daily
[2023-08-01 07:12:17,869] {task_command.py:369} INFO - Running <TaskInstance: dag_final_project_digitalskola.insert_district_daily manual__2023-08-01T07:12:12.460277+00:00 [running]> on host f6362345675d
[2023-08-01 07:12:17,951] {taskinstance.py:1571} INFO - Exporting the following env vars:
AIRFLOW_CTX_DAG_OWNER=***
AIRFLOW_CTX_DAG_ID=dag_final_project_digitalskola
AIRFLOW_CTX_TASK_ID=insert_district_daily
AIRFLOW_CTX_EXECUTION_DATE=2023-08-01T07:12:12.460277+00:00
AIRFLOW_CTX_TRY_NUMBER=1
AIRFLOW_CTX_DAG_RUN_ID=manual__2023-08-01T07:12:12.460277+00:00
[2023-08-01 07:12:17,965] {logging_mixin.py:115} INFO - connect engine Postgresql
[2023-08-01 07:12:18,005] {logging_mixin.py:115} INFO - connect engine ***
[2023-08-01 07:12:18,029] {logging_mixin.py:115} INFO - connect engine Postgresql
[2023-08-01 07:12:18,039] {logging_mixin.py:115} INFO - connect engine ***
[2023-08-01 07:12:18,089] {logging_mixin.py:115} INFO - insert data dim_Case to dwh postgres success
[2023-08-01 07:12:18,181] {logging_mixin.py:115} INFO - insert data district_daily to dwh postgres success
[2023-08-01 07:12:18,182] {dag_final_project.py:15} INFO - success insert data to fact table
[2023-08-01 07:12:18,182] {python.py:173} INFO - Done. Returned value was: None
[2023-08-01 07:12:18,195] {taskinstance.py:1400} INFO - Marking task as SUCCESS. dag_id=dag_final_project_digitalskola, task_id=insert_district_daily, execution_date=20230801T071212, start_date=20230801T071217, end_date=20230801T071218
[2023-08-01 07:12:18,220] {local_task_job.py:156} INFO - Task exited with return code 0
[2023-08-01 07:12:18,255] {local_task_job.py:273} INFO - 0 downstream tasks scheduled from follow-on schedule check
