[2023-07-31 14:23:52,917] {taskinstance.py:1159} INFO - Dependencies all met for <TaskInstance: dag_final_project_digitalskola.insert_district_daily manual__2023-07-31T14:23:47.255137+00:00 [queued]>
[2023-07-31 14:23:52,926] {taskinstance.py:1159} INFO - Dependencies all met for <TaskInstance: dag_final_project_digitalskola.insert_district_daily manual__2023-07-31T14:23:47.255137+00:00 [queued]>
[2023-07-31 14:23:52,926] {taskinstance.py:1356} INFO - 
--------------------------------------------------------------------------------
[2023-07-31 14:23:52,926] {taskinstance.py:1357} INFO - Starting attempt 1 of 1
[2023-07-31 14:23:52,926] {taskinstance.py:1358} INFO - 
--------------------------------------------------------------------------------
[2023-07-31 14:23:52,940] {taskinstance.py:1377} INFO - Executing <Task(PythonOperator): insert_district_daily> on 2023-07-31 14:23:47.255137+00:00
[2023-07-31 14:23:52,945] {standard_task_runner.py:52} INFO - Started process 9082 to run task
[2023-07-31 14:23:52,949] {standard_task_runner.py:79} INFO - Running: ['***', 'tasks', 'run', 'dag_final_project_digitalskola', 'insert_district_daily', 'manual__2023-07-31T14:23:47.255137+00:00', '--job-id', '370', '--raw', '--subdir', 'DAGS_FOLDER/simple_dag_connection.py', '--cfg-path', '/tmp/tmpvwh1z2z4', '--error-file', '/tmp/tmpubssoe59']
[2023-07-31 14:23:52,950] {standard_task_runner.py:80} INFO - Job 370: Subtask insert_district_daily
[2023-07-31 14:23:53,011] {task_command.py:369} INFO - Running <TaskInstance: dag_final_project_digitalskola.insert_district_daily manual__2023-07-31T14:23:47.255137+00:00 [running]> on host ce90898393a2
[2023-07-31 14:23:53,098] {taskinstance.py:1571} INFO - Exporting the following env vars:
AIRFLOW_CTX_DAG_OWNER=***
AIRFLOW_CTX_DAG_ID=dag_final_project_digitalskola
AIRFLOW_CTX_TASK_ID=insert_district_daily
AIRFLOW_CTX_EXECUTION_DATE=2023-07-31T14:23:47.255137+00:00
AIRFLOW_CTX_TRY_NUMBER=1
AIRFLOW_CTX_DAG_RUN_ID=manual__2023-07-31T14:23:47.255137+00:00
[2023-07-31 14:23:53,112] {logging_mixin.py:115} INFO - connect engine Postgresql
[2023-07-31 14:23:53,154] {logging_mixin.py:115} INFO - connect engine ***
[2023-07-31 14:23:53,183] {logging_mixin.py:115} INFO - connect engine Postgresql
[2023-07-31 14:23:53,194] {logging_mixin.py:115} INFO - connect engine ***
[2023-07-31 14:23:53,261] {insert_data_db.py:70} INFO - insert data dim_Case to dwh postgres success
[2023-07-31 14:23:53,382] {insert_data_db.py:119} INFO - insert data district_daily to dwh postgres success
[2023-07-31 14:23:53,382] {simple_dag_connection.py:15} INFO - success insert data to fact table
[2023-07-31 14:23:53,382] {python.py:173} INFO - Done. Returned value was: None
[2023-07-31 14:23:53,406] {taskinstance.py:1400} INFO - Marking task as SUCCESS. dag_id=dag_final_project_digitalskola, task_id=insert_district_daily, execution_date=20230731T142347, start_date=20230731T142352, end_date=20230731T142353
[2023-07-31 14:23:53,442] {local_task_job.py:156} INFO - Task exited with return code 0
[2023-07-31 14:23:53,498] {local_task_job.py:273} INFO - 0 downstream tasks scheduled from follow-on schedule check
