[2023-07-26 15:48:21,499] {taskinstance.py:1159} INFO - Dependencies all met for <TaskInstance: my_airflow_task.my_task scheduled__2023-07-25T00:00:00+00:00 [queued]>
[2023-07-26 15:48:21,526] {taskinstance.py:1159} INFO - Dependencies all met for <TaskInstance: my_airflow_task.my_task scheduled__2023-07-25T00:00:00+00:00 [queued]>
[2023-07-26 15:48:21,527] {taskinstance.py:1356} INFO - 
--------------------------------------------------------------------------------
[2023-07-26 15:48:21,527] {taskinstance.py:1357} INFO - Starting attempt 1 of 1
[2023-07-26 15:48:21,527] {taskinstance.py:1358} INFO - 
--------------------------------------------------------------------------------
[2023-07-26 15:48:21,551] {taskinstance.py:1377} INFO - Executing <Task(PythonOperator): my_task> on 2023-07-25 00:00:00+00:00
[2023-07-26 15:48:21,558] {standard_task_runner.py:52} INFO - Started process 251 to run task
[2023-07-26 15:48:21,562] {standard_task_runner.py:79} INFO - Running: ['***', 'tasks', 'run', 'my_***_task', 'my_task', 'scheduled__2023-07-25T00:00:00+00:00', '--job-id', '261', '--raw', '--subdir', 'DAGS_FOLDER/read_csv.py', '--cfg-path', '/tmp/tmp_eioubfx', '--error-file', '/tmp/tmpcoiq8_qm']
[2023-07-26 15:48:21,563] {standard_task_runner.py:80} INFO - Job 261: Subtask my_task
[2023-07-26 15:48:21,649] {task_command.py:369} INFO - Running <TaskInstance: my_airflow_task.my_task scheduled__2023-07-25T00:00:00+00:00 [running]> on host c99e0793ee8d
[2023-07-26 15:48:21,818] {taskinstance.py:1571} INFO - Exporting the following env vars:
AIRFLOW_CTX_DAG_OWNER=***
AIRFLOW_CTX_DAG_ID=my_***_task
AIRFLOW_CTX_TASK_ID=my_task
AIRFLOW_CTX_EXECUTION_DATE=2023-07-25T00:00:00+00:00
AIRFLOW_CTX_TRY_NUMBER=1
AIRFLOW_CTX_DAG_RUN_ID=scheduled__2023-07-25T00:00:00+00:00
[2023-07-26 15:48:48,332] {local_task_job.py:84} ERROR - Received SIGTERM. Terminating subprocesses
[2023-07-26 15:48:48,336] {process_utils.py:129} INFO - Sending Signals.SIGTERM to group 251. PIDs of all processes in the group: [251]
[2023-07-26 15:48:48,336] {process_utils.py:80} INFO - Sending the signal Signals.SIGTERM to group 251
