[2023-08-01 05:50:46,606] {taskinstance.py:1159} INFO - Dependencies all met for <TaskInstance: dag_final_project_digitalskola.insert_district_daily manual__2023-08-01T05:50:43.370223+00:00 [queued]>
[2023-08-01 05:50:46,616] {taskinstance.py:1159} INFO - Dependencies all met for <TaskInstance: dag_final_project_digitalskola.insert_district_daily manual__2023-08-01T05:50:43.370223+00:00 [queued]>
[2023-08-01 05:50:46,616] {taskinstance.py:1356} INFO - 
--------------------------------------------------------------------------------
[2023-08-01 05:50:46,617] {taskinstance.py:1357} INFO - Starting attempt 1 of 1
[2023-08-01 05:50:46,617] {taskinstance.py:1358} INFO - 
--------------------------------------------------------------------------------
[2023-08-01 05:50:46,636] {taskinstance.py:1377} INFO - Executing <Task(PythonOperator): insert_district_daily> on 2023-08-01 05:50:43.370223+00:00
[2023-08-01 05:50:46,641] {standard_task_runner.py:52} INFO - Started process 244 to run task
[2023-08-01 05:50:46,643] {standard_task_runner.py:79} INFO - Running: ['***', 'tasks', 'run', 'dag_final_project_digitalskola', 'insert_district_daily', 'manual__2023-08-01T05:50:43.370223+00:00', '--job-id', '380', '--raw', '--subdir', 'DAGS_FOLDER/dag_final_project.py', '--cfg-path', '/tmp/tmp_h1oivxp', '--error-file', '/tmp/tmpb1ej3bjj']
[2023-08-01 05:50:46,644] {standard_task_runner.py:80} INFO - Job 380: Subtask insert_district_daily
[2023-08-01 05:50:46,692] {task_command.py:369} INFO - Running <TaskInstance: dag_final_project_digitalskola.insert_district_daily manual__2023-08-01T05:50:43.370223+00:00 [running]> on host eb85e38e4ef2
[2023-08-01 05:50:46,763] {taskinstance.py:1571} INFO - Exporting the following env vars:
AIRFLOW_CTX_DAG_OWNER=***
AIRFLOW_CTX_DAG_ID=dag_final_project_digitalskola
AIRFLOW_CTX_TASK_ID=insert_district_daily
AIRFLOW_CTX_EXECUTION_DATE=2023-08-01T05:50:43.370223+00:00
AIRFLOW_CTX_TRY_NUMBER=1
AIRFLOW_CTX_DAG_RUN_ID=manual__2023-08-01T05:50:43.370223+00:00
[2023-08-01 05:50:46,776] {logging_mixin.py:115} INFO - connect engine Postgresql
[2023-08-01 05:50:46,809] {logging_mixin.py:115} INFO - connect engine ***
[2023-08-01 05:50:46,830] {logging_mixin.py:115} INFO - connect engine Postgresql
[2023-08-01 05:50:46,840] {logging_mixin.py:115} INFO - connect engine ***
[2023-08-01 05:50:46,890] {logging_mixin.py:115} INFO - insert data dim_Case to dwh postgres success
[2023-08-01 05:50:46,974] {logging_mixin.py:115} INFO - insert data district_daily to dwh postgres success
[2023-08-01 05:50:46,974] {dag_final_project.py:15} INFO - success insert data to fact table
[2023-08-01 05:50:46,974] {python.py:173} INFO - Done. Returned value was: None
[2023-08-01 05:50:46,986] {taskinstance.py:1400} INFO - Marking task as SUCCESS. dag_id=dag_final_project_digitalskola, task_id=insert_district_daily, execution_date=20230801T055043, start_date=20230801T055046, end_date=20230801T055046
[2023-08-01 05:50:47,015] {local_task_job.py:156} INFO - Task exited with return code 0
[2023-08-01 05:50:47,044] {local_task_job.py:273} INFO - 0 downstream tasks scheduled from follow-on schedule check
