[2023-07-23 05:43:14,096] {taskinstance.py:1159} INFO - Dependencies all met for <TaskInstance: my_airflow_task.my_task scheduled__2023-07-21T00:00:00+00:00 [queued]>
[2023-07-23 05:43:14,105] {taskinstance.py:1159} INFO - Dependencies all met for <TaskInstance: my_airflow_task.my_task scheduled__2023-07-21T00:00:00+00:00 [queued]>
[2023-07-23 05:43:14,106] {taskinstance.py:1356} INFO - 
--------------------------------------------------------------------------------
[2023-07-23 05:43:14,106] {taskinstance.py:1357} INFO - Starting attempt 1 of 1
[2023-07-23 05:43:14,106] {taskinstance.py:1358} INFO - 
--------------------------------------------------------------------------------
[2023-07-23 05:43:14,122] {taskinstance.py:1377} INFO - Executing <Task(PythonOperator): my_task> on 2023-07-21 00:00:00+00:00
[2023-07-23 05:43:14,126] {standard_task_runner.py:52} INFO - Started process 238 to run task
[2023-07-23 05:43:14,129] {standard_task_runner.py:79} INFO - Running: ['***', 'tasks', 'run', 'my_***_task', 'my_task', 'scheduled__2023-07-21T00:00:00+00:00', '--job-id', '237', '--raw', '--subdir', 'DAGS_FOLDER/read_csv.py', '--cfg-path', '/tmp/tmpkr_owdf4', '--error-file', '/tmp/tmpwvqjsf48']
[2023-07-23 05:43:14,130] {standard_task_runner.py:80} INFO - Job 237: Subtask my_task
[2023-07-23 05:43:14,185] {task_command.py:369} INFO - Running <TaskInstance: my_airflow_task.my_task scheduled__2023-07-21T00:00:00+00:00 [running]> on host e9a757d06613
[2023-07-23 05:43:14,284] {taskinstance.py:1571} INFO - Exporting the following env vars:
AIRFLOW_CTX_DAG_OWNER=***
AIRFLOW_CTX_DAG_ID=my_***_task
AIRFLOW_CTX_TASK_ID=my_task
AIRFLOW_CTX_EXECUTION_DATE=2023-07-21T00:00:00+00:00
AIRFLOW_CTX_TRY_NUMBER=1
AIRFLOW_CTX_DAG_RUN_ID=scheduled__2023-07-21T00:00:00+00:00
[2023-07-23 05:44:50,389] {local_task_job.py:84} ERROR - Received SIGTERM. Terminating subprocesses
[2023-07-23 05:44:50,393] {process_utils.py:129} INFO - Sending Signals.SIGTERM to group 238. PIDs of all processes in the group: [238]
[2023-07-23 05:44:50,393] {process_utils.py:80} INFO - Sending the signal Signals.SIGTERM to group 238
