[2023-07-11 08:19:21,531] {processor.py:153} INFO - Started process (PID=208) to work on /opt/airflow/dags/sample_dag.py
[2023-07-11 08:19:21,532] {processor.py:641} INFO - Processing file /opt/airflow/dags/sample_dag.py for tasks to queue
[2023-07-11 08:19:21,532] {logging_mixin.py:115} INFO - [2023-07-11 08:19:21,532] {dagbag.py:507} INFO - Filling up the DagBag from /opt/airflow/dags/sample_dag.py
[2023-07-11 08:19:21,539] {processor.py:651} INFO - DAG(s) dict_keys(['first_sample_dag']) retrieved from /opt/airflow/dags/sample_dag.py
[2023-07-11 08:19:21,562] {logging_mixin.py:115} INFO - [2023-07-11 08:19:21,562] {dag.py:2371} INFO - Sync 1 DAGs
[2023-07-11 08:19:21,582] {logging_mixin.py:115} INFO - [2023-07-11 08:19:21,582] {dag.py:2919} INFO - Setting next_dagrun for first_sample_dag to 2023-07-09T23:00:00+00:00, run_after=2023-07-10T23:00:00+00:00
[2023-07-11 08:19:21,593] {processor.py:161} INFO - Processing /opt/airflow/dags/sample_dag.py took 0.064 seconds
[2023-07-11 08:19:51,794] {processor.py:153} INFO - Started process (PID=224) to work on /opt/airflow/dags/sample_dag.py
[2023-07-11 08:19:51,795] {processor.py:641} INFO - Processing file /opt/airflow/dags/sample_dag.py for tasks to queue
[2023-07-11 08:19:51,795] {logging_mixin.py:115} INFO - [2023-07-11 08:19:51,795] {dagbag.py:507} INFO - Filling up the DagBag from /opt/airflow/dags/sample_dag.py
[2023-07-11 08:19:51,801] {processor.py:651} INFO - DAG(s) dict_keys(['first_sample_dag']) retrieved from /opt/airflow/dags/sample_dag.py
[2023-07-11 08:19:51,832] {logging_mixin.py:115} INFO - [2023-07-11 08:19:51,832] {dag.py:2371} INFO - Sync 1 DAGs
[2023-07-11 08:19:51,857] {logging_mixin.py:115} INFO - [2023-07-11 08:19:51,856] {dag.py:2919} INFO - Setting next_dagrun for first_sample_dag to 2023-07-09T23:00:00+00:00, run_after=2023-07-10T23:00:00+00:00
[2023-07-11 08:19:51,866] {processor.py:161} INFO - Processing /opt/airflow/dags/sample_dag.py took 0.074 seconds
[2023-07-11 08:20:22,088] {processor.py:153} INFO - Started process (PID=245) to work on /opt/airflow/dags/sample_dag.py
[2023-07-11 08:20:22,089] {processor.py:641} INFO - Processing file /opt/airflow/dags/sample_dag.py for tasks to queue
[2023-07-11 08:20:22,089] {logging_mixin.py:115} INFO - [2023-07-11 08:20:22,089] {dagbag.py:507} INFO - Filling up the DagBag from /opt/airflow/dags/sample_dag.py
[2023-07-11 08:20:22,096] {processor.py:651} INFO - DAG(s) dict_keys(['first_sample_dag']) retrieved from /opt/airflow/dags/sample_dag.py
[2023-07-11 08:20:22,124] {logging_mixin.py:115} INFO - [2023-07-11 08:20:22,124] {dag.py:2371} INFO - Sync 1 DAGs
[2023-07-11 08:20:22,149] {logging_mixin.py:115} INFO - [2023-07-11 08:20:22,148] {dag.py:2919} INFO - Setting next_dagrun for first_sample_dag to 2023-07-09T23:00:00+00:00, run_after=2023-07-10T23:00:00+00:00
[2023-07-11 08:20:22,159] {processor.py:161} INFO - Processing /opt/airflow/dags/sample_dag.py took 0.074 seconds
[2023-07-11 08:20:52,375] {processor.py:153} INFO - Started process (PID=266) to work on /opt/airflow/dags/sample_dag.py
[2023-07-11 08:20:52,376] {processor.py:641} INFO - Processing file /opt/airflow/dags/sample_dag.py for tasks to queue
[2023-07-11 08:20:52,376] {logging_mixin.py:115} INFO - [2023-07-11 08:20:52,376] {dagbag.py:507} INFO - Filling up the DagBag from /opt/airflow/dags/sample_dag.py
[2023-07-11 08:20:52,383] {processor.py:651} INFO - DAG(s) dict_keys(['first_sample_dag']) retrieved from /opt/airflow/dags/sample_dag.py
[2023-07-11 08:20:52,408] {logging_mixin.py:115} INFO - [2023-07-11 08:20:52,408] {dag.py:2371} INFO - Sync 1 DAGs
[2023-07-11 08:20:52,431] {logging_mixin.py:115} INFO - [2023-07-11 08:20:52,431] {dag.py:2919} INFO - Setting next_dagrun for first_sample_dag to 2023-07-09T23:00:00+00:00, run_after=2023-07-10T23:00:00+00:00
[2023-07-11 08:20:52,439] {processor.py:161} INFO - Processing /opt/airflow/dags/sample_dag.py took 0.067 seconds
[2023-07-11 08:21:22,668] {processor.py:153} INFO - Started process (PID=287) to work on /opt/airflow/dags/sample_dag.py
[2023-07-11 08:21:22,668] {processor.py:641} INFO - Processing file /opt/airflow/dags/sample_dag.py for tasks to queue
[2023-07-11 08:21:22,668] {logging_mixin.py:115} INFO - [2023-07-11 08:21:22,668] {dagbag.py:507} INFO - Filling up the DagBag from /opt/airflow/dags/sample_dag.py
[2023-07-11 08:21:22,674] {processor.py:651} INFO - DAG(s) dict_keys(['first_sample_dag']) retrieved from /opt/airflow/dags/sample_dag.py
[2023-07-11 08:21:22,701] {logging_mixin.py:115} INFO - [2023-07-11 08:21:22,701] {dag.py:2371} INFO - Sync 1 DAGs
[2023-07-11 08:21:22,721] {logging_mixin.py:115} INFO - [2023-07-11 08:21:22,721] {dag.py:2919} INFO - Setting next_dagrun for first_sample_dag to 2023-07-09T23:00:00+00:00, run_after=2023-07-10T23:00:00+00:00
[2023-07-11 08:21:22,732] {processor.py:161} INFO - Processing /opt/airflow/dags/sample_dag.py took 0.067 seconds
[2023-07-11 08:21:52,951] {processor.py:153} INFO - Started process (PID=308) to work on /opt/airflow/dags/sample_dag.py
[2023-07-11 08:21:52,952] {processor.py:641} INFO - Processing file /opt/airflow/dags/sample_dag.py for tasks to queue
[2023-07-11 08:21:52,952] {logging_mixin.py:115} INFO - [2023-07-11 08:21:52,952] {dagbag.py:507} INFO - Filling up the DagBag from /opt/airflow/dags/sample_dag.py
[2023-07-11 08:21:52,961] {processor.py:651} INFO - DAG(s) dict_keys(['first_sample_dag']) retrieved from /opt/airflow/dags/sample_dag.py
[2023-07-11 08:21:52,989] {logging_mixin.py:115} INFO - [2023-07-11 08:21:52,989] {dag.py:2371} INFO - Sync 1 DAGs
[2023-07-11 08:21:53,011] {logging_mixin.py:115} INFO - [2023-07-11 08:21:53,011] {dag.py:2919} INFO - Setting next_dagrun for first_sample_dag to 2023-07-09T23:00:00+00:00, run_after=2023-07-10T23:00:00+00:00
[2023-07-11 08:21:53,021] {processor.py:161} INFO - Processing /opt/airflow/dags/sample_dag.py took 0.072 seconds
[2023-07-11 08:22:23,250] {processor.py:153} INFO - Started process (PID=329) to work on /opt/airflow/dags/sample_dag.py
[2023-07-11 08:22:23,251] {processor.py:641} INFO - Processing file /opt/airflow/dags/sample_dag.py for tasks to queue
[2023-07-11 08:22:23,252] {logging_mixin.py:115} INFO - [2023-07-11 08:22:23,252] {dagbag.py:507} INFO - Filling up the DagBag from /opt/airflow/dags/sample_dag.py
[2023-07-11 08:22:23,258] {processor.py:651} INFO - DAG(s) dict_keys(['first_sample_dag']) retrieved from /opt/airflow/dags/sample_dag.py
[2023-07-11 08:22:23,282] {logging_mixin.py:115} INFO - [2023-07-11 08:22:23,282] {dag.py:2371} INFO - Sync 1 DAGs
[2023-07-11 08:22:23,304] {logging_mixin.py:115} INFO - [2023-07-11 08:22:23,304] {dag.py:2919} INFO - Setting next_dagrun for first_sample_dag to 2023-07-09T23:00:00+00:00, run_after=2023-07-10T23:00:00+00:00
[2023-07-11 08:22:23,314] {processor.py:161} INFO - Processing /opt/airflow/dags/sample_dag.py took 0.066 seconds
[2023-07-11 08:22:53,640] {processor.py:153} INFO - Started process (PID=350) to work on /opt/airflow/dags/sample_dag.py
[2023-07-11 08:22:53,641] {processor.py:641} INFO - Processing file /opt/airflow/dags/sample_dag.py for tasks to queue
[2023-07-11 08:22:53,641] {logging_mixin.py:115} INFO - [2023-07-11 08:22:53,641] {dagbag.py:507} INFO - Filling up the DagBag from /opt/airflow/dags/sample_dag.py
[2023-07-11 08:22:53,651] {processor.py:651} INFO - DAG(s) dict_keys(['first_sample_dag']) retrieved from /opt/airflow/dags/sample_dag.py
[2023-07-11 08:22:53,686] {logging_mixin.py:115} INFO - [2023-07-11 08:22:53,686] {dag.py:2371} INFO - Sync 1 DAGs
[2023-07-11 08:22:53,708] {logging_mixin.py:115} INFO - [2023-07-11 08:22:53,708] {dag.py:2919} INFO - Setting next_dagrun for first_sample_dag to 2023-07-09T23:00:00+00:00, run_after=2023-07-10T23:00:00+00:00
[2023-07-11 08:22:53,720] {processor.py:161} INFO - Processing /opt/airflow/dags/sample_dag.py took 0.082 seconds
[2023-07-11 08:23:23,952] {processor.py:153} INFO - Started process (PID=371) to work on /opt/airflow/dags/sample_dag.py
[2023-07-11 08:23:23,952] {processor.py:641} INFO - Processing file /opt/airflow/dags/sample_dag.py for tasks to queue
[2023-07-11 08:23:23,953] {logging_mixin.py:115} INFO - [2023-07-11 08:23:23,953] {dagbag.py:507} INFO - Filling up the DagBag from /opt/airflow/dags/sample_dag.py
[2023-07-11 08:23:23,958] {processor.py:651} INFO - DAG(s) dict_keys(['first_sample_dag']) retrieved from /opt/airflow/dags/sample_dag.py
[2023-07-11 08:23:23,982] {logging_mixin.py:115} INFO - [2023-07-11 08:23:23,982] {dag.py:2371} INFO - Sync 1 DAGs
[2023-07-11 08:23:24,001] {logging_mixin.py:115} INFO - [2023-07-11 08:23:24,001] {dag.py:2919} INFO - Setting next_dagrun for first_sample_dag to 2023-07-09T23:00:00+00:00, run_after=2023-07-10T23:00:00+00:00
[2023-07-11 08:23:24,011] {processor.py:161} INFO - Processing /opt/airflow/dags/sample_dag.py took 0.062 seconds
[2023-07-11 08:23:54,222] {processor.py:153} INFO - Started process (PID=392) to work on /opt/airflow/dags/sample_dag.py
[2023-07-11 08:23:54,223] {processor.py:641} INFO - Processing file /opt/airflow/dags/sample_dag.py for tasks to queue
[2023-07-11 08:23:54,224] {logging_mixin.py:115} INFO - [2023-07-11 08:23:54,224] {dagbag.py:507} INFO - Filling up the DagBag from /opt/airflow/dags/sample_dag.py
[2023-07-11 08:23:54,232] {processor.py:651} INFO - DAG(s) dict_keys(['first_sample_dag']) retrieved from /opt/airflow/dags/sample_dag.py
[2023-07-11 08:23:54,255] {logging_mixin.py:115} INFO - [2023-07-11 08:23:54,255] {dag.py:2371} INFO - Sync 1 DAGs
[2023-07-11 08:23:54,276] {logging_mixin.py:115} INFO - [2023-07-11 08:23:54,276] {dag.py:2919} INFO - Setting next_dagrun for first_sample_dag to 2023-07-09T23:00:00+00:00, run_after=2023-07-10T23:00:00+00:00
[2023-07-11 08:23:54,288] {processor.py:161} INFO - Processing /opt/airflow/dags/sample_dag.py took 0.069 seconds
