[2023-07-23 05:43:33,734] {taskinstance.py:1159} INFO - Dependencies all met for <TaskInstance: first_sample_dag.print_hello_world manual__2023-07-23T05:43:33.330793+00:00 [queued]>
[2023-07-23 05:43:33,750] {taskinstance.py:1159} INFO - Dependencies all met for <TaskInstance: first_sample_dag.print_hello_world manual__2023-07-23T05:43:33.330793+00:00 [queued]>
[2023-07-23 05:43:33,750] {taskinstance.py:1356} INFO - 
--------------------------------------------------------------------------------
[2023-07-23 05:43:33,750] {taskinstance.py:1357} INFO - Starting attempt 1 of 1
[2023-07-23 05:43:33,750] {taskinstance.py:1358} INFO - 
--------------------------------------------------------------------------------
[2023-07-23 05:43:33,781] {taskinstance.py:1377} INFO - Executing <Task(BashOperator): print_hello_world> on 2023-07-23 05:43:33.330793+00:00
[2023-07-23 05:43:33,788] {standard_task_runner.py:52} INFO - Started process 244 to run task
[2023-07-23 05:43:33,796] {standard_task_runner.py:79} INFO - Running: ['***', 'tasks', 'run', 'first_sample_dag', 'print_hello_world', 'manual__2023-07-23T05:43:33.330793+00:00', '--job-id', '240', '--raw', '--subdir', 'DAGS_FOLDER/sample_dag.py', '--cfg-path', '/tmp/tmpt2yk45_z', '--error-file', '/tmp/tmpyr9xu4sm']
[2023-07-23 05:43:33,797] {standard_task_runner.py:80} INFO - Job 240: Subtask print_hello_world
[2023-07-23 05:43:33,877] {task_command.py:369} INFO - Running <TaskInstance: first_sample_dag.print_hello_world manual__2023-07-23T05:43:33.330793+00:00 [running]> on host e9a757d06613
[2023-07-23 05:43:33,998] {taskinstance.py:1571} INFO - Exporting the following env vars:
AIRFLOW_CTX_DAG_OWNER=***
AIRFLOW_CTX_DAG_ID=first_sample_dag
AIRFLOW_CTX_TASK_ID=print_hello_world
AIRFLOW_CTX_EXECUTION_DATE=2023-07-23T05:43:33.330793+00:00
AIRFLOW_CTX_TRY_NUMBER=1
AIRFLOW_CTX_DAG_RUN_ID=manual__2023-07-23T05:43:33.330793+00:00
[2023-07-23 05:43:34,000] {subprocess.py:62} INFO - Tmp dir root location: 
 /tmp
[2023-07-23 05:43:34,000] {subprocess.py:74} INFO - Running command: ['bash', '-c', 'echo "HelloWorld!"']
[2023-07-23 05:43:34,018] {subprocess.py:85} INFO - Output:
[2023-07-23 05:43:34,021] {subprocess.py:92} INFO - HelloWorld!
[2023-07-23 05:43:34,022] {subprocess.py:96} INFO - Command exited with return code 0
[2023-07-23 05:43:34,062] {taskinstance.py:1400} INFO - Marking task as SUCCESS. dag_id=first_sample_dag, task_id=print_hello_world, execution_date=20230723T054333, start_date=20230723T054333, end_date=20230723T054334
[2023-07-23 05:43:34,086] {local_task_job.py:156} INFO - Task exited with return code 0
[2023-07-23 05:43:34,122] {local_task_job.py:273} INFO - 0 downstream tasks scheduled from follow-on schedule check
