[2023-07-23 05:43:47,519] {taskinstance.py:1159} INFO - Dependencies all met for <TaskInstance: my_airflow_task.my_task manual__2023-07-23T05:43:46.005230+00:00 [queued]>
[2023-07-23 05:43:47,528] {taskinstance.py:1159} INFO - Dependencies all met for <TaskInstance: my_airflow_task.my_task manual__2023-07-23T05:43:46.005230+00:00 [queued]>
[2023-07-23 05:43:47,528] {taskinstance.py:1356} INFO - 
--------------------------------------------------------------------------------
[2023-07-23 05:43:47,528] {taskinstance.py:1357} INFO - Starting attempt 1 of 1
[2023-07-23 05:43:47,528] {taskinstance.py:1358} INFO - 
--------------------------------------------------------------------------------
[2023-07-23 05:43:47,542] {taskinstance.py:1377} INFO - Executing <Task(PythonOperator): my_task> on 2023-07-23 05:43:46.005230+00:00
[2023-07-23 05:43:47,546] {standard_task_runner.py:52} INFO - Started process 278 to run task
[2023-07-23 05:43:47,549] {standard_task_runner.py:79} INFO - Running: ['***', 'tasks', 'run', 'my_***_task', 'my_task', 'manual__2023-07-23T05:43:46.005230+00:00', '--job-id', '242', '--raw', '--subdir', 'DAGS_FOLDER/read_csv.py', '--cfg-path', '/tmp/tmpdra4rcse', '--error-file', '/tmp/tmp1ku4cab7']
[2023-07-23 05:43:47,550] {standard_task_runner.py:80} INFO - Job 242: Subtask my_task
[2023-07-23 05:43:47,608] {task_command.py:369} INFO - Running <TaskInstance: my_airflow_task.my_task manual__2023-07-23T05:43:46.005230+00:00 [running]> on host e9a757d06613
[2023-07-23 05:43:47,695] {taskinstance.py:1571} INFO - Exporting the following env vars:
AIRFLOW_CTX_DAG_OWNER=***
AIRFLOW_CTX_DAG_ID=my_***_task
AIRFLOW_CTX_TASK_ID=my_task
AIRFLOW_CTX_EXECUTION_DATE=2023-07-23T05:43:46.005230+00:00
AIRFLOW_CTX_TRY_NUMBER=1
AIRFLOW_CTX_DAG_RUN_ID=manual__2023-07-23T05:43:46.005230+00:00
[2023-07-23 05:44:50,389] {local_task_job.py:84} ERROR - Received SIGTERM. Terminating subprocesses
[2023-07-23 05:44:50,423] {process_utils.py:129} INFO - Sending Signals.SIGTERM to group 278. PIDs of all processes in the group: [278]
[2023-07-23 05:44:50,424] {process_utils.py:80} INFO - Sending the signal Signals.SIGTERM to group 278
