[2023-07-26 15:48:20,618] {taskinstance.py:1159} INFO - Dependencies all met for <TaskInstance: my_airflow_task.my_task manual__2023-07-23T05:43:46.005230+00:00 [queued]>
[2023-07-26 15:48:20,652] {taskinstance.py:1159} INFO - Dependencies all met for <TaskInstance: my_airflow_task.my_task manual__2023-07-23T05:43:46.005230+00:00 [queued]>
[2023-07-26 15:48:20,652] {taskinstance.py:1356} INFO - 
--------------------------------------------------------------------------------
[2023-07-26 15:48:20,653] {taskinstance.py:1357} INFO - Starting attempt 3 of 1
[2023-07-26 15:48:20,653] {taskinstance.py:1358} INFO - 
--------------------------------------------------------------------------------
[2023-07-26 15:48:20,729] {taskinstance.py:1377} INFO - Executing <Task(PythonOperator): my_task> on 2023-07-23 05:43:46.005230+00:00
[2023-07-26 15:48:20,774] {standard_task_runner.py:52} INFO - Started process 233 to run task
[2023-07-26 15:48:20,782] {standard_task_runner.py:79} INFO - Running: ['***', 'tasks', 'run', 'my_***_task', 'my_task', 'manual__2023-07-23T05:43:46.005230+00:00', '--job-id', '252', '--raw', '--subdir', 'DAGS_FOLDER/read_csv.py', '--cfg-path', '/tmp/tmpqme8d3dm', '--error-file', '/tmp/tmpzwf4_n4f']
[2023-07-26 15:48:20,783] {standard_task_runner.py:80} INFO - Job 252: Subtask my_task
[2023-07-26 15:48:21,090] {task_command.py:369} INFO - Running <TaskInstance: my_airflow_task.my_task manual__2023-07-23T05:43:46.005230+00:00 [running]> on host c99e0793ee8d
[2023-07-26 15:48:21,337] {taskinstance.py:1571} INFO - Exporting the following env vars:
AIRFLOW_CTX_DAG_OWNER=***
AIRFLOW_CTX_DAG_ID=my_***_task
AIRFLOW_CTX_TASK_ID=my_task
AIRFLOW_CTX_EXECUTION_DATE=2023-07-23T05:43:46.005230+00:00
AIRFLOW_CTX_TRY_NUMBER=3
AIRFLOW_CTX_DAG_RUN_ID=manual__2023-07-23T05:43:46.005230+00:00
[2023-07-26 15:48:48,328] {local_task_job.py:84} ERROR - Received SIGTERM. Terminating subprocesses
[2023-07-26 15:48:48,332] {process_utils.py:129} INFO - Sending Signals.SIGTERM to group 233. PIDs of all processes in the group: [233]
[2023-07-26 15:48:48,332] {process_utils.py:80} INFO - Sending the signal Signals.SIGTERM to group 233
