[2023-07-31 14:13:06,554] {taskinstance.py:1159} INFO - Dependencies all met for <TaskInstance: dag_final_project_digitalskola.generate_dim manual__2023-07-31T14:13:04.392406+00:00 [queued]>
[2023-07-31 14:13:06,563] {taskinstance.py:1159} INFO - Dependencies all met for <TaskInstance: dag_final_project_digitalskola.generate_dim manual__2023-07-31T14:13:04.392406+00:00 [queued]>
[2023-07-31 14:13:06,563] {taskinstance.py:1356} INFO - 
--------------------------------------------------------------------------------
[2023-07-31 14:13:06,563] {taskinstance.py:1357} INFO - Starting attempt 1 of 1
[2023-07-31 14:13:06,563] {taskinstance.py:1358} INFO - 
--------------------------------------------------------------------------------
[2023-07-31 14:13:06,583] {taskinstance.py:1377} INFO - Executing <Task(PythonOperator): generate_dim> on 2023-07-31 14:13:04.392406+00:00
[2023-07-31 14:13:06,589] {standard_task_runner.py:52} INFO - Started process 8366 to run task
[2023-07-31 14:13:06,592] {standard_task_runner.py:79} INFO - Running: ['***', 'tasks', 'run', 'dag_final_project_digitalskola', 'generate_dim', 'manual__2023-07-31T14:13:04.392406+00:00', '--job-id', '365', '--raw', '--subdir', 'DAGS_FOLDER/simple_dag_connection.py', '--cfg-path', '/tmp/tmph13ktko8', '--error-file', '/tmp/tmp0dj369o0']
[2023-07-31 14:13:06,593] {standard_task_runner.py:80} INFO - Job 365: Subtask generate_dim
[2023-07-31 14:13:06,642] {task_command.py:369} INFO - Running <TaskInstance: dag_final_project_digitalskola.generate_dim manual__2023-07-31T14:13:04.392406+00:00 [running]> on host ce90898393a2
[2023-07-31 14:13:06,720] {taskinstance.py:1571} INFO - Exporting the following env vars:
AIRFLOW_CTX_DAG_OWNER=***
AIRFLOW_CTX_DAG_ID=dag_final_project_digitalskola
AIRFLOW_CTX_TASK_ID=generate_dim
AIRFLOW_CTX_EXECUTION_DATE=2023-07-31T14:13:04.392406+00:00
AIRFLOW_CTX_TRY_NUMBER=1
AIRFLOW_CTX_DAG_RUN_ID=manual__2023-07-31T14:13:04.392406+00:00
[2023-07-31 14:13:06,733] {logging_mixin.py:115} INFO - connect engine Postgresql
[2023-07-31 14:13:06,767] {logging_mixin.py:115} INFO - connect engine ***
[2023-07-31 14:13:06,818] {insert_data_db.py:42} INFO - insert data dim_province to dwh postgres success
[2023-07-31 14:13:06,831] {logging_mixin.py:115} INFO - connect engine Postgresql
[2023-07-31 14:13:06,843] {logging_mixin.py:115} INFO - connect engine ***
[2023-07-31 14:13:06,885] {insert_data_db.py:52} INFO - insert data dim_district to dwh postgres success
[2023-07-31 14:13:06,899] {logging_mixin.py:115} INFO - connect engine Postgresql
[2023-07-31 14:13:06,910] {logging_mixin.py:115} INFO - connect engine ***
[2023-07-31 14:13:06,965] {insert_data_db.py:70} INFO - insert data dim_Case to dwh postgres success
[2023-07-31 14:13:06,965] {python.py:173} INFO - Done. Returned value was: None
[2023-07-31 14:13:06,977] {taskinstance.py:1400} INFO - Marking task as SUCCESS. dag_id=dag_final_project_digitalskola, task_id=generate_dim, execution_date=20230731T141304, start_date=20230731T141306, end_date=20230731T141306
[2023-07-31 14:13:07,004] {local_task_job.py:156} INFO - Task exited with return code 0
[2023-07-31 14:13:07,046] {local_task_job.py:273} INFO - 2 downstream tasks scheduled from follow-on schedule check
