[2023-08-05 05:56:01,049] {taskinstance.py:1159} INFO - Dependencies all met for <TaskInstance: dag_final_project_digitalskola.insert_province_daily manual__2023-08-05T05:55:57.233758+00:00 [queued]>
[2023-08-05 05:56:01,059] {taskinstance.py:1159} INFO - Dependencies all met for <TaskInstance: dag_final_project_digitalskola.insert_province_daily manual__2023-08-05T05:55:57.233758+00:00 [queued]>
[2023-08-05 05:56:01,059] {taskinstance.py:1356} INFO - 
--------------------------------------------------------------------------------
[2023-08-05 05:56:01,059] {taskinstance.py:1357} INFO - Starting attempt 1 of 1
[2023-08-05 05:56:01,059] {taskinstance.py:1358} INFO - 
--------------------------------------------------------------------------------
[2023-08-05 05:56:01,073] {taskinstance.py:1377} INFO - Executing <Task(PythonOperator): insert_province_daily> on 2023-08-05 05:55:57.233758+00:00
[2023-08-05 05:56:01,077] {standard_task_runner.py:52} INFO - Started process 232 to run task
[2023-08-05 05:56:01,080] {standard_task_runner.py:79} INFO - Running: ['***', 'tasks', 'run', 'dag_final_project_digitalskola', 'insert_province_daily', 'manual__2023-08-05T05:55:57.233758+00:00', '--job-id', '399', '--raw', '--subdir', 'DAGS_FOLDER/dag_final_project.py', '--cfg-path', '/tmp/tmp_uk9oojo', '--error-file', '/tmp/tmpvqf4osuh']
[2023-08-05 05:56:01,081] {standard_task_runner.py:80} INFO - Job 399: Subtask insert_province_daily
[2023-08-05 05:56:01,131] {task_command.py:369} INFO - Running <TaskInstance: dag_final_project_digitalskola.insert_province_daily manual__2023-08-05T05:55:57.233758+00:00 [running]> on host 460dfe4fe160
[2023-08-05 05:56:01,201] {taskinstance.py:1571} INFO - Exporting the following env vars:
AIRFLOW_CTX_DAG_OWNER=***
AIRFLOW_CTX_DAG_ID=dag_final_project_digitalskola
AIRFLOW_CTX_TASK_ID=insert_province_daily
AIRFLOW_CTX_EXECUTION_DATE=2023-08-05T05:55:57.233758+00:00
AIRFLOW_CTX_TRY_NUMBER=1
AIRFLOW_CTX_DAG_RUN_ID=manual__2023-08-05T05:55:57.233758+00:00
[2023-08-05 05:56:01,214] {logging_mixin.py:115} INFO - connect engine Postgresql
[2023-08-05 05:56:01,248] {logging_mixin.py:115} INFO - connect engine ***
[2023-08-05 05:56:01,268] {logging_mixin.py:115} INFO - connect engine Postgresql
[2023-08-05 05:56:01,281] {logging_mixin.py:115} INFO - connect engine ***
[2023-08-05 05:56:01,326] {logging_mixin.py:115} INFO - insert data dim_Case to dwh postgres success
[2023-08-05 05:56:01,374] {logging_mixin.py:115} INFO - insert data province_daily to dwh postgres success
[2023-08-05 05:56:01,374] {dag_final_project.py:19} INFO - success insert data to fact table
[2023-08-05 05:56:01,374] {python.py:173} INFO - Done. Returned value was: None
[2023-08-05 05:56:01,386] {taskinstance.py:1400} INFO - Marking task as SUCCESS. dag_id=dag_final_project_digitalskola, task_id=insert_province_daily, execution_date=20230805T055557, start_date=20230805T055601, end_date=20230805T055601
[2023-08-05 05:56:01,412] {local_task_job.py:156} INFO - Task exited with return code 0
[2023-08-05 05:56:01,443] {local_task_job.py:273} INFO - 0 downstream tasks scheduled from follow-on schedule check
