[2023-07-01 02:56:25,037] {taskinstance.py:1159} INFO - Dependencies all met for <TaskInstance: sample_branch.choose_best_model scheduled__2023-06-30T00:00:00+00:00 [queued]>
[2023-07-01 02:56:25,054] {taskinstance.py:1159} INFO - Dependencies all met for <TaskInstance: sample_branch.choose_best_model scheduled__2023-06-30T00:00:00+00:00 [queued]>
[2023-07-01 02:56:25,054] {taskinstance.py:1356} INFO - 
--------------------------------------------------------------------------------
[2023-07-01 02:56:25,054] {taskinstance.py:1357} INFO - Starting attempt 1 of 1
[2023-07-01 02:56:25,054] {taskinstance.py:1358} INFO - 
--------------------------------------------------------------------------------
[2023-07-01 02:56:25,136] {taskinstance.py:1377} INFO - Executing <Task(BranchPythonOperator): choose_best_model> on 2023-06-30 00:00:00+00:00
[2023-07-01 02:56:25,142] {standard_task_runner.py:52} INFO - Started process 210 to run task
[2023-07-01 02:56:25,146] {standard_task_runner.py:79} INFO - Running: ['***', 'tasks', 'run', 'sample_branch', 'choose_best_model', 'scheduled__2023-06-30T00:00:00+00:00', '--job-id', '15', '--raw', '--subdir', 'DAGS_FOLDER/new_sample_branch.py', '--cfg-path', '/tmp/tmp9z3vwutg', '--error-file', '/tmp/tmpibkoexys']
[2023-07-01 02:56:25,147] {standard_task_runner.py:80} INFO - Job 15: Subtask choose_best_model
[2023-07-01 02:56:25,230] {task_command.py:369} INFO - Running <TaskInstance: sample_branch.choose_best_model scheduled__2023-06-30T00:00:00+00:00 [running]> on host 9f5d1e6d5993
[2023-07-01 02:56:25,366] {taskinstance.py:1571} INFO - Exporting the following env vars:
AIRFLOW_CTX_DAG_OWNER=***
AIRFLOW_CTX_DAG_ID=sample_branch
AIRFLOW_CTX_TASK_ID=choose_best_model
AIRFLOW_CTX_EXECUTION_DATE=2023-06-30T00:00:00+00:00
AIRFLOW_CTX_TRY_NUMBER=1
AIRFLOW_CTX_DAG_RUN_ID=scheduled__2023-06-30T00:00:00+00:00
[2023-07-01 02:56:25,367] {python.py:173} INFO - Done. Returned value was: accurate
[2023-07-01 02:56:25,367] {skipmixin.py:140} INFO - Following branch accurate
[2023-07-01 02:56:25,367] {skipmixin.py:175} INFO - Skipping tasks ['inaccurate']
[2023-07-01 02:56:25,433] {taskinstance.py:1400} INFO - Marking task as SUCCESS. dag_id=sample_branch, task_id=choose_best_model, execution_date=20230630T000000, start_date=20230701T025625, end_date=20230701T025625
[2023-07-01 02:56:25,478] {local_task_job.py:156} INFO - Task exited with return code 0
[2023-07-01 02:56:25,541] {local_task_job.py:273} INFO - 1 downstream tasks scheduled from follow-on schedule check
