[2023-06-24 05:12:57,054] {processor.py:153} INFO - Started process (PID=1744) to work on /opt/airflow/dags/sample_branch.py
[2023-06-24 05:12:57,055] {processor.py:641} INFO - Processing file /opt/airflow/dags/sample_branch.py for tasks to queue
[2023-06-24 05:12:57,055] {logging_mixin.py:115} INFO - [2023-06-24 05:12:57,055] {dagbag.py:507} INFO - Filling up the DagBag from /opt/airflow/dags/sample_branch.py
[2023-06-24 05:12:57,064] {processor.py:651} INFO - DAG(s) dict_keys(['sample_branch']) retrieved from /opt/airflow/dags/sample_branch.py
[2023-06-24 05:12:57,137] {logging_mixin.py:115} INFO - [2023-06-24 05:12:57,137] {manager.py:511} ERROR - Creation of Permission View Error: (psycopg2.errors.UniqueViolation) duplicate key value violates unique constraint "serialized_dag_pkey"
DETAIL:  Key (dag_id)=(sample_branch) already exists.

[SQL: INSERT INTO serialized_dag (dag_id, fileloc, fileloc_hash, data, data_compressed, last_updated, dag_hash) VALUES (%(dag_id)s, %(fileloc)s, %(fileloc_hash)s, %(data)s, %(data_compressed)s, %(last_updated)s, %(dag_hash)s)]
[parameters: {'dag_id': 'sample_branch', 'fileloc': '/opt/airflow/dags/sample_branch.py', 'fileloc_hash': 36948688028015296, 'data': '{"__version": 1, "dag": {"default_args": {"__var": {"start_date": {"__var": 1577836800.0, "__type": "datetime"}}, "__type": "dict"}, "_task_group": { ... (1653 characters truncated) ... : 1577836800.0, "_task_type": "DummyOperator", "_task_module": "airflow.operators.dummy", "_is_empty": true}], "dag_dependencies": [], "params": {}}}', 'data_compressed': None, 'last_updated': datetime.datetime(2023, 6, 24, 5, 12, 57, 76835, tzinfo=Timezone('UTC')), 'dag_hash': '931b0cca1b1e5336b827d6f01fe79820'}]
(Background on this error at: http://sqlalche.me/e/14/gkpj)
[2023-06-24 05:12:57,148] {logging_mixin.py:115} INFO - [2023-06-24 05:12:57,148] {manager.py:511} ERROR - Creation of Permission View Error: (psycopg2.errors.UniqueViolation) duplicate key value violates unique constraint "ab_permission_view_permission_id_view_menu_id_key"
DETAIL:  Key (permission_id, view_menu_id)=(2, 50) already exists.

[SQL: INSERT INTO ab_permission_view (id, permission_id, view_menu_id) VALUES (nextval('ab_permission_view_id_seq'), %(permission_id)s, %(view_menu_id)s) RETURNING ab_permission_view.id]
[parameters: {'permission_id': 2, 'view_menu_id': 50}]
(Background on this error at: http://sqlalche.me/e/14/gkpj)
[2023-06-24 05:12:57,157] {logging_mixin.py:115} INFO - [2023-06-24 05:12:57,157] {manager.py:508} INFO - Created Permission View: can delete on DAG:sample_branch
[2023-06-24 05:12:57,157] {logging_mixin.py:115} INFO - [2023-06-24 05:12:57,157] {dag.py:2371} INFO - Sync 1 DAGs
[2023-06-24 05:12:57,165] {logging_mixin.py:115} INFO - [2023-06-24 05:12:57,165] {dag.py:2390} INFO - Creating ORM DAG for sample_branch
[2023-06-24 05:12:57,180] {logging_mixin.py:115} INFO - [2023-06-24 05:12:57,180] {dag.py:2919} INFO - Setting next_dagrun for sample_branch to 2023-06-23T00:00:00+00:00, run_after=2023-06-24T00:00:00+00:00
[2023-06-24 05:12:57,195] {processor.py:161} INFO - Processing /opt/airflow/dags/sample_branch.py took 0.144 seconds
[2023-06-24 05:13:27,327] {processor.py:153} INFO - Started process (PID=1760) to work on /opt/airflow/dags/sample_branch.py
[2023-06-24 05:13:27,327] {processor.py:641} INFO - Processing file /opt/airflow/dags/sample_branch.py for tasks to queue
[2023-06-24 05:13:27,328] {logging_mixin.py:115} INFO - [2023-06-24 05:13:27,328] {dagbag.py:507} INFO - Filling up the DagBag from /opt/airflow/dags/sample_branch.py
[2023-06-24 05:13:27,340] {processor.py:651} INFO - DAG(s) dict_keys(['sample_branch']) retrieved from /opt/airflow/dags/sample_branch.py
[2023-06-24 05:13:27,419] {logging_mixin.py:115} INFO - [2023-06-24 05:13:27,419] {dag.py:2371} INFO - Sync 1 DAGs
[2023-06-24 05:13:27,448] {logging_mixin.py:115} INFO - [2023-06-24 05:13:27,448] {dag.py:2919} INFO - Setting next_dagrun for sample_branch to 2023-06-24T00:00:00+00:00, run_after=2023-06-25T00:00:00+00:00
[2023-06-24 05:13:27,463] {processor.py:161} INFO - Processing /opt/airflow/dags/sample_branch.py took 0.142 seconds
[2023-06-24 05:13:57,892] {processor.py:153} INFO - Started process (PID=1784) to work on /opt/airflow/dags/sample_branch.py
[2023-06-24 05:13:57,893] {processor.py:641} INFO - Processing file /opt/airflow/dags/sample_branch.py for tasks to queue
[2023-06-24 05:13:57,893] {logging_mixin.py:115} INFO - [2023-06-24 05:13:57,893] {dagbag.py:507} INFO - Filling up the DagBag from /opt/airflow/dags/sample_branch.py
[2023-06-24 05:13:57,903] {processor.py:651} INFO - DAG(s) dict_keys(['sample_branch']) retrieved from /opt/airflow/dags/sample_branch.py
[2023-06-24 05:13:57,927] {logging_mixin.py:115} INFO - [2023-06-24 05:13:57,927] {dag.py:2371} INFO - Sync 1 DAGs
[2023-06-24 05:13:57,951] {logging_mixin.py:115} INFO - [2023-06-24 05:13:57,951] {dag.py:2919} INFO - Setting next_dagrun for sample_branch to 2023-06-24T00:00:00+00:00, run_after=2023-06-25T00:00:00+00:00
[2023-06-24 05:13:57,961] {processor.py:161} INFO - Processing /opt/airflow/dags/sample_branch.py took 0.074 seconds
[2023-06-24 05:14:28,153] {processor.py:153} INFO - Started process (PID=1805) to work on /opt/airflow/dags/sample_branch.py
[2023-06-24 05:14:28,154] {processor.py:641} INFO - Processing file /opt/airflow/dags/sample_branch.py for tasks to queue
[2023-06-24 05:14:28,155] {logging_mixin.py:115} INFO - [2023-06-24 05:14:28,154] {dagbag.py:507} INFO - Filling up the DagBag from /opt/airflow/dags/sample_branch.py
[2023-06-24 05:14:28,167] {processor.py:651} INFO - DAG(s) dict_keys(['sample_branch']) retrieved from /opt/airflow/dags/sample_branch.py
[2023-06-24 05:14:28,234] {logging_mixin.py:115} INFO - [2023-06-24 05:14:28,234] {dag.py:2371} INFO - Sync 1 DAGs
[2023-06-24 05:14:28,254] {logging_mixin.py:115} INFO - [2023-06-24 05:14:28,254] {dag.py:2919} INFO - Setting next_dagrun for sample_branch to 2023-06-24T00:00:00+00:00, run_after=2023-06-25T00:00:00+00:00
[2023-06-24 05:14:28,265] {processor.py:161} INFO - Processing /opt/airflow/dags/sample_branch.py took 0.118 seconds
[2023-06-24 05:14:58,386] {processor.py:153} INFO - Started process (PID=1826) to work on /opt/airflow/dags/sample_branch.py
[2023-06-24 05:14:58,387] {processor.py:641} INFO - Processing file /opt/airflow/dags/sample_branch.py for tasks to queue
[2023-06-24 05:14:58,387] {logging_mixin.py:115} INFO - [2023-06-24 05:14:58,387] {dagbag.py:507} INFO - Filling up the DagBag from /opt/airflow/dags/sample_branch.py
[2023-06-24 05:14:58,399] {processor.py:651} INFO - DAG(s) dict_keys(['sample_branch']) retrieved from /opt/airflow/dags/sample_branch.py
[2023-06-24 05:14:58,421] {logging_mixin.py:115} INFO - [2023-06-24 05:14:58,421] {dag.py:2371} INFO - Sync 1 DAGs
[2023-06-24 05:14:58,447] {logging_mixin.py:115} INFO - [2023-06-24 05:14:58,446] {dag.py:2919} INFO - Setting next_dagrun for sample_branch to 2023-06-24T00:00:00+00:00, run_after=2023-06-25T00:00:00+00:00
[2023-06-24 05:14:58,456] {processor.py:161} INFO - Processing /opt/airflow/dags/sample_branch.py took 0.074 seconds
[2023-06-24 05:15:28,657] {processor.py:153} INFO - Started process (PID=1847) to work on /opt/airflow/dags/sample_branch.py
[2023-06-24 05:15:28,657] {processor.py:641} INFO - Processing file /opt/airflow/dags/sample_branch.py for tasks to queue
[2023-06-24 05:15:28,658] {logging_mixin.py:115} INFO - [2023-06-24 05:15:28,658] {dagbag.py:507} INFO - Filling up the DagBag from /opt/airflow/dags/sample_branch.py
[2023-06-24 05:15:28,672] {processor.py:651} INFO - DAG(s) dict_keys(['sample_branch']) retrieved from /opt/airflow/dags/sample_branch.py
[2023-06-24 05:15:28,744] {logging_mixin.py:115} INFO - [2023-06-24 05:15:28,744] {dag.py:2371} INFO - Sync 1 DAGs
[2023-06-24 05:15:28,765] {logging_mixin.py:115} INFO - [2023-06-24 05:15:28,765] {dag.py:2919} INFO - Setting next_dagrun for sample_branch to 2023-06-24T00:00:00+00:00, run_after=2023-06-25T00:00:00+00:00
[2023-06-24 05:15:28,777] {processor.py:161} INFO - Processing /opt/airflow/dags/sample_branch.py took 0.126 seconds
[2023-06-24 05:15:58,920] {processor.py:153} INFO - Started process (PID=1868) to work on /opt/airflow/dags/sample_branch.py
[2023-06-24 05:15:58,921] {processor.py:641} INFO - Processing file /opt/airflow/dags/sample_branch.py for tasks to queue
[2023-06-24 05:15:58,922] {logging_mixin.py:115} INFO - [2023-06-24 05:15:58,921] {dagbag.py:507} INFO - Filling up the DagBag from /opt/airflow/dags/sample_branch.py
[2023-06-24 05:15:58,935] {processor.py:651} INFO - DAG(s) dict_keys(['sample_branch']) retrieved from /opt/airflow/dags/sample_branch.py
[2023-06-24 05:15:58,959] {logging_mixin.py:115} INFO - [2023-06-24 05:15:58,959] {dag.py:2371} INFO - Sync 1 DAGs
[2023-06-24 05:15:58,983] {logging_mixin.py:115} INFO - [2023-06-24 05:15:58,983] {dag.py:2919} INFO - Setting next_dagrun for sample_branch to 2023-06-24T00:00:00+00:00, run_after=2023-06-25T00:00:00+00:00
[2023-06-24 05:15:58,995] {processor.py:161} INFO - Processing /opt/airflow/dags/sample_branch.py took 0.082 seconds
[2023-06-24 05:16:29,165] {processor.py:153} INFO - Started process (PID=1889) to work on /opt/airflow/dags/sample_branch.py
[2023-06-24 05:16:29,165] {processor.py:641} INFO - Processing file /opt/airflow/dags/sample_branch.py for tasks to queue
[2023-06-24 05:16:29,166] {logging_mixin.py:115} INFO - [2023-06-24 05:16:29,166] {dagbag.py:507} INFO - Filling up the DagBag from /opt/airflow/dags/sample_branch.py
[2023-06-24 05:16:29,178] {processor.py:651} INFO - DAG(s) dict_keys(['sample_branch']) retrieved from /opt/airflow/dags/sample_branch.py
[2023-06-24 05:16:29,251] {logging_mixin.py:115} INFO - [2023-06-24 05:16:29,251] {dag.py:2371} INFO - Sync 1 DAGs
[2023-06-24 05:16:29,273] {logging_mixin.py:115} INFO - [2023-06-24 05:16:29,273] {dag.py:2919} INFO - Setting next_dagrun for sample_branch to 2023-06-24T00:00:00+00:00, run_after=2023-06-25T00:00:00+00:00
[2023-06-24 05:16:29,287] {processor.py:161} INFO - Processing /opt/airflow/dags/sample_branch.py took 0.127 seconds
[2023-06-24 05:16:59,430] {processor.py:153} INFO - Started process (PID=1910) to work on /opt/airflow/dags/sample_branch.py
[2023-06-24 05:16:59,430] {processor.py:641} INFO - Processing file /opt/airflow/dags/sample_branch.py for tasks to queue
[2023-06-24 05:16:59,431] {logging_mixin.py:115} INFO - [2023-06-24 05:16:59,431] {dagbag.py:507} INFO - Filling up the DagBag from /opt/airflow/dags/sample_branch.py
[2023-06-24 05:16:59,442] {processor.py:651} INFO - DAG(s) dict_keys(['sample_branch']) retrieved from /opt/airflow/dags/sample_branch.py
[2023-06-24 05:16:59,465] {logging_mixin.py:115} INFO - [2023-06-24 05:16:59,465] {dag.py:2371} INFO - Sync 1 DAGs
[2023-06-24 05:16:59,487] {logging_mixin.py:115} INFO - [2023-06-24 05:16:59,487] {dag.py:2919} INFO - Setting next_dagrun for sample_branch to 2023-06-24T00:00:00+00:00, run_after=2023-06-25T00:00:00+00:00
[2023-06-24 05:16:59,497] {processor.py:161} INFO - Processing /opt/airflow/dags/sample_branch.py took 0.072 seconds
[2023-06-24 05:17:29,689] {processor.py:153} INFO - Started process (PID=1931) to work on /opt/airflow/dags/sample_branch.py
[2023-06-24 05:17:29,690] {processor.py:641} INFO - Processing file /opt/airflow/dags/sample_branch.py for tasks to queue
[2023-06-24 05:17:29,691] {logging_mixin.py:115} INFO - [2023-06-24 05:17:29,691] {dagbag.py:507} INFO - Filling up the DagBag from /opt/airflow/dags/sample_branch.py
[2023-06-24 05:17:29,702] {processor.py:651} INFO - DAG(s) dict_keys(['sample_branch']) retrieved from /opt/airflow/dags/sample_branch.py
[2023-06-24 05:17:29,771] {logging_mixin.py:115} INFO - [2023-06-24 05:17:29,771] {dag.py:2371} INFO - Sync 1 DAGs
[2023-06-24 05:17:29,792] {logging_mixin.py:115} INFO - [2023-06-24 05:17:29,792] {dag.py:2919} INFO - Setting next_dagrun for sample_branch to 2023-06-24T00:00:00+00:00, run_after=2023-06-25T00:00:00+00:00
[2023-06-24 05:17:29,803] {processor.py:161} INFO - Processing /opt/airflow/dags/sample_branch.py took 0.120 seconds
[2023-06-24 05:17:59,974] {processor.py:153} INFO - Started process (PID=1952) to work on /opt/airflow/dags/sample_branch.py
[2023-06-24 05:17:59,975] {processor.py:641} INFO - Processing file /opt/airflow/dags/sample_branch.py for tasks to queue
[2023-06-24 05:17:59,975] {logging_mixin.py:115} INFO - [2023-06-24 05:17:59,975] {dagbag.py:507} INFO - Filling up the DagBag from /opt/airflow/dags/sample_branch.py
[2023-06-24 05:17:59,986] {processor.py:651} INFO - DAG(s) dict_keys(['sample_branch']) retrieved from /opt/airflow/dags/sample_branch.py
[2023-06-24 05:18:00,014] {logging_mixin.py:115} INFO - [2023-06-24 05:18:00,013] {dag.py:2371} INFO - Sync 1 DAGs
[2023-06-24 05:18:00,045] {logging_mixin.py:115} INFO - [2023-06-24 05:18:00,045] {dag.py:2919} INFO - Setting next_dagrun for sample_branch to 2023-06-24T00:00:00+00:00, run_after=2023-06-25T00:00:00+00:00
[2023-06-24 05:18:00,058] {processor.py:161} INFO - Processing /opt/airflow/dags/sample_branch.py took 0.090 seconds
[2023-06-24 05:18:30,250] {processor.py:153} INFO - Started process (PID=1973) to work on /opt/airflow/dags/sample_branch.py
[2023-06-24 05:18:30,251] {processor.py:641} INFO - Processing file /opt/airflow/dags/sample_branch.py for tasks to queue
[2023-06-24 05:18:30,251] {logging_mixin.py:115} INFO - [2023-06-24 05:18:30,251] {dagbag.py:507} INFO - Filling up the DagBag from /opt/airflow/dags/sample_branch.py
[2023-06-24 05:18:30,261] {processor.py:651} INFO - DAG(s) dict_keys(['sample_branch']) retrieved from /opt/airflow/dags/sample_branch.py
[2023-06-24 05:18:30,324] {logging_mixin.py:115} INFO - [2023-06-24 05:18:30,324] {dag.py:2371} INFO - Sync 1 DAGs
[2023-06-24 05:18:30,344] {logging_mixin.py:115} INFO - [2023-06-24 05:18:30,344] {dag.py:2919} INFO - Setting next_dagrun for sample_branch to 2023-06-24T00:00:00+00:00, run_after=2023-06-25T00:00:00+00:00
[2023-06-24 05:18:30,355] {processor.py:161} INFO - Processing /opt/airflow/dags/sample_branch.py took 0.112 seconds
[2023-06-24 05:19:00,495] {processor.py:153} INFO - Started process (PID=1994) to work on /opt/airflow/dags/sample_branch.py
[2023-06-24 05:19:00,495] {processor.py:641} INFO - Processing file /opt/airflow/dags/sample_branch.py for tasks to queue
[2023-06-24 05:19:00,496] {logging_mixin.py:115} INFO - [2023-06-24 05:19:00,496] {dagbag.py:507} INFO - Filling up the DagBag from /opt/airflow/dags/sample_branch.py
[2023-06-24 05:19:00,506] {processor.py:651} INFO - DAG(s) dict_keys(['sample_branch']) retrieved from /opt/airflow/dags/sample_branch.py
[2023-06-24 05:19:00,537] {logging_mixin.py:115} INFO - [2023-06-24 05:19:00,537] {dag.py:2371} INFO - Sync 1 DAGs
[2023-06-24 05:19:00,570] {logging_mixin.py:115} INFO - [2023-06-24 05:19:00,570] {dag.py:2919} INFO - Setting next_dagrun for sample_branch to 2023-06-24T00:00:00+00:00, run_after=2023-06-25T00:00:00+00:00
[2023-06-24 05:19:00,581] {processor.py:161} INFO - Processing /opt/airflow/dags/sample_branch.py took 0.092 seconds
[2023-06-24 05:19:30,761] {processor.py:153} INFO - Started process (PID=2015) to work on /opt/airflow/dags/sample_branch.py
[2023-06-24 05:19:30,762] {processor.py:641} INFO - Processing file /opt/airflow/dags/sample_branch.py for tasks to queue
[2023-06-24 05:19:30,763] {logging_mixin.py:115} INFO - [2023-06-24 05:19:30,763] {dagbag.py:507} INFO - Filling up the DagBag from /opt/airflow/dags/sample_branch.py
[2023-06-24 05:19:30,772] {processor.py:651} INFO - DAG(s) dict_keys(['sample_branch']) retrieved from /opt/airflow/dags/sample_branch.py
[2023-06-24 05:19:30,838] {logging_mixin.py:115} INFO - [2023-06-24 05:19:30,838] {dag.py:2371} INFO - Sync 1 DAGs
[2023-06-24 05:19:30,858] {logging_mixin.py:115} INFO - [2023-06-24 05:19:30,858] {dag.py:2919} INFO - Setting next_dagrun for sample_branch to 2023-06-24T00:00:00+00:00, run_after=2023-06-25T00:00:00+00:00
[2023-06-24 05:19:30,869] {processor.py:161} INFO - Processing /opt/airflow/dags/sample_branch.py took 0.114 seconds
[2023-06-24 05:20:01,010] {processor.py:153} INFO - Started process (PID=2036) to work on /opt/airflow/dags/sample_branch.py
[2023-06-24 05:20:01,011] {processor.py:641} INFO - Processing file /opt/airflow/dags/sample_branch.py for tasks to queue
[2023-06-24 05:20:01,012] {logging_mixin.py:115} INFO - [2023-06-24 05:20:01,011] {dagbag.py:507} INFO - Filling up the DagBag from /opt/airflow/dags/sample_branch.py
[2023-06-24 05:20:01,021] {processor.py:651} INFO - DAG(s) dict_keys(['sample_branch']) retrieved from /opt/airflow/dags/sample_branch.py
[2023-06-24 05:20:01,044] {logging_mixin.py:115} INFO - [2023-06-24 05:20:01,044] {dag.py:2371} INFO - Sync 1 DAGs
[2023-06-24 05:20:01,068] {logging_mixin.py:115} INFO - [2023-06-24 05:20:01,068] {dag.py:2919} INFO - Setting next_dagrun for sample_branch to 2023-06-24T00:00:00+00:00, run_after=2023-06-25T00:00:00+00:00
[2023-06-24 05:20:01,078] {processor.py:161} INFO - Processing /opt/airflow/dags/sample_branch.py took 0.072 seconds
[2023-06-24 05:20:31,275] {processor.py:153} INFO - Started process (PID=2057) to work on /opt/airflow/dags/sample_branch.py
[2023-06-24 05:20:31,275] {processor.py:641} INFO - Processing file /opt/airflow/dags/sample_branch.py for tasks to queue
[2023-06-24 05:20:31,276] {logging_mixin.py:115} INFO - [2023-06-24 05:20:31,276] {dagbag.py:507} INFO - Filling up the DagBag from /opt/airflow/dags/sample_branch.py
[2023-06-24 05:20:31,288] {processor.py:651} INFO - DAG(s) dict_keys(['sample_branch']) retrieved from /opt/airflow/dags/sample_branch.py
[2023-06-24 05:20:31,355] {logging_mixin.py:115} INFO - [2023-06-24 05:20:31,355] {dag.py:2371} INFO - Sync 1 DAGs
[2023-06-24 05:20:31,375] {logging_mixin.py:115} INFO - [2023-06-24 05:20:31,375] {dag.py:2919} INFO - Setting next_dagrun for sample_branch to 2023-06-24T00:00:00+00:00, run_after=2023-06-25T00:00:00+00:00
[2023-06-24 05:20:31,387] {processor.py:161} INFO - Processing /opt/airflow/dags/sample_branch.py took 0.119 seconds
[2023-06-24 05:21:01,520] {processor.py:153} INFO - Started process (PID=2078) to work on /opt/airflow/dags/sample_branch.py
[2023-06-24 05:21:01,520] {processor.py:641} INFO - Processing file /opt/airflow/dags/sample_branch.py for tasks to queue
[2023-06-24 05:21:01,521] {logging_mixin.py:115} INFO - [2023-06-24 05:21:01,521] {dagbag.py:507} INFO - Filling up the DagBag from /opt/airflow/dags/sample_branch.py
[2023-06-24 05:21:01,529] {processor.py:651} INFO - DAG(s) dict_keys(['sample_branch']) retrieved from /opt/airflow/dags/sample_branch.py
[2023-06-24 05:21:01,553] {logging_mixin.py:115} INFO - [2023-06-24 05:21:01,552] {dag.py:2371} INFO - Sync 1 DAGs
[2023-06-24 05:21:01,574] {logging_mixin.py:115} INFO - [2023-06-24 05:21:01,574] {dag.py:2919} INFO - Setting next_dagrun for sample_branch to 2023-06-24T00:00:00+00:00, run_after=2023-06-25T00:00:00+00:00
[2023-06-24 05:21:01,589] {processor.py:161} INFO - Processing /opt/airflow/dags/sample_branch.py took 0.074 seconds
[2023-06-24 05:21:31,773] {processor.py:153} INFO - Started process (PID=2099) to work on /opt/airflow/dags/sample_branch.py
[2023-06-24 05:21:31,773] {processor.py:641} INFO - Processing file /opt/airflow/dags/sample_branch.py for tasks to queue
[2023-06-24 05:21:31,774] {logging_mixin.py:115} INFO - [2023-06-24 05:21:31,774] {dagbag.py:507} INFO - Filling up the DagBag from /opt/airflow/dags/sample_branch.py
[2023-06-24 05:21:31,784] {processor.py:651} INFO - DAG(s) dict_keys(['sample_branch']) retrieved from /opt/airflow/dags/sample_branch.py
[2023-06-24 05:21:31,849] {logging_mixin.py:115} INFO - [2023-06-24 05:21:31,849] {dag.py:2371} INFO - Sync 1 DAGs
[2023-06-24 05:21:31,869] {logging_mixin.py:115} INFO - [2023-06-24 05:21:31,869] {dag.py:2919} INFO - Setting next_dagrun for sample_branch to 2023-06-24T00:00:00+00:00, run_after=2023-06-25T00:00:00+00:00
[2023-06-24 05:21:31,884] {processor.py:161} INFO - Processing /opt/airflow/dags/sample_branch.py took 0.117 seconds
[2023-06-24 05:22:02,014] {processor.py:153} INFO - Started process (PID=2120) to work on /opt/airflow/dags/sample_branch.py
[2023-06-24 05:22:02,014] {processor.py:641} INFO - Processing file /opt/airflow/dags/sample_branch.py for tasks to queue
[2023-06-24 05:22:02,015] {logging_mixin.py:115} INFO - [2023-06-24 05:22:02,015] {dagbag.py:507} INFO - Filling up the DagBag from /opt/airflow/dags/sample_branch.py
[2023-06-24 05:22:02,025] {processor.py:651} INFO - DAG(s) dict_keys(['sample_branch']) retrieved from /opt/airflow/dags/sample_branch.py
[2023-06-24 05:22:02,048] {logging_mixin.py:115} INFO - [2023-06-24 05:22:02,048] {dag.py:2371} INFO - Sync 1 DAGs
[2023-06-24 05:22:02,072] {logging_mixin.py:115} INFO - [2023-06-24 05:22:02,072] {dag.py:2919} INFO - Setting next_dagrun for sample_branch to 2023-06-24T00:00:00+00:00, run_after=2023-06-25T00:00:00+00:00
[2023-06-24 05:22:02,085] {processor.py:161} INFO - Processing /opt/airflow/dags/sample_branch.py took 0.078 seconds
[2023-06-24 05:22:32,268] {processor.py:153} INFO - Started process (PID=2141) to work on /opt/airflow/dags/sample_branch.py
[2023-06-24 05:22:32,269] {processor.py:641} INFO - Processing file /opt/airflow/dags/sample_branch.py for tasks to queue
[2023-06-24 05:22:32,270] {logging_mixin.py:115} INFO - [2023-06-24 05:22:32,270] {dagbag.py:507} INFO - Filling up the DagBag from /opt/airflow/dags/sample_branch.py
[2023-06-24 05:22:32,280] {processor.py:651} INFO - DAG(s) dict_keys(['sample_branch']) retrieved from /opt/airflow/dags/sample_branch.py
[2023-06-24 05:22:32,356] {logging_mixin.py:115} INFO - [2023-06-24 05:22:32,356] {dag.py:2371} INFO - Sync 1 DAGs
[2023-06-24 05:22:32,376] {logging_mixin.py:115} INFO - [2023-06-24 05:22:32,375] {dag.py:2919} INFO - Setting next_dagrun for sample_branch to 2023-06-24T00:00:00+00:00, run_after=2023-06-25T00:00:00+00:00
[2023-06-24 05:22:32,392] {processor.py:161} INFO - Processing /opt/airflow/dags/sample_branch.py took 0.130 seconds
[2023-06-24 05:23:02,572] {processor.py:153} INFO - Started process (PID=2162) to work on /opt/airflow/dags/sample_branch.py
[2023-06-24 05:23:02,573] {processor.py:641} INFO - Processing file /opt/airflow/dags/sample_branch.py for tasks to queue
[2023-06-24 05:23:02,574] {logging_mixin.py:115} INFO - [2023-06-24 05:23:02,574] {dagbag.py:507} INFO - Filling up the DagBag from /opt/airflow/dags/sample_branch.py
[2023-06-24 05:23:02,585] {processor.py:651} INFO - DAG(s) dict_keys(['sample_branch']) retrieved from /opt/airflow/dags/sample_branch.py
[2023-06-24 05:23:02,610] {logging_mixin.py:115} INFO - [2023-06-24 05:23:02,610] {dag.py:2371} INFO - Sync 1 DAGs
[2023-06-24 05:23:02,633] {logging_mixin.py:115} INFO - [2023-06-24 05:23:02,633] {dag.py:2919} INFO - Setting next_dagrun for sample_branch to 2023-06-24T00:00:00+00:00, run_after=2023-06-25T00:00:00+00:00
[2023-06-24 05:23:02,642] {processor.py:161} INFO - Processing /opt/airflow/dags/sample_branch.py took 0.075 seconds
[2023-06-24 05:23:32,806] {processor.py:153} INFO - Started process (PID=2183) to work on /opt/airflow/dags/sample_branch.py
[2023-06-24 05:23:32,807] {processor.py:641} INFO - Processing file /opt/airflow/dags/sample_branch.py for tasks to queue
[2023-06-24 05:23:32,808] {logging_mixin.py:115} INFO - [2023-06-24 05:23:32,808] {dagbag.py:507} INFO - Filling up the DagBag from /opt/airflow/dags/sample_branch.py
[2023-06-24 05:23:32,820] {processor.py:651} INFO - DAG(s) dict_keys(['sample_branch']) retrieved from /opt/airflow/dags/sample_branch.py
[2023-06-24 05:23:32,888] {logging_mixin.py:115} INFO - [2023-06-24 05:23:32,888] {dag.py:2371} INFO - Sync 1 DAGs
[2023-06-24 05:23:32,912] {logging_mixin.py:115} INFO - [2023-06-24 05:23:32,912] {dag.py:2919} INFO - Setting next_dagrun for sample_branch to 2023-06-24T00:00:00+00:00, run_after=2023-06-25T00:00:00+00:00
[2023-06-24 05:23:32,924] {processor.py:161} INFO - Processing /opt/airflow/dags/sample_branch.py took 0.122 seconds
[2023-06-24 05:24:03,056] {processor.py:153} INFO - Started process (PID=2204) to work on /opt/airflow/dags/sample_branch.py
[2023-06-24 05:24:03,056] {processor.py:641} INFO - Processing file /opt/airflow/dags/sample_branch.py for tasks to queue
[2023-06-24 05:24:03,057] {logging_mixin.py:115} INFO - [2023-06-24 05:24:03,057] {dagbag.py:507} INFO - Filling up the DagBag from /opt/airflow/dags/sample_branch.py
[2023-06-24 05:24:03,068] {processor.py:651} INFO - DAG(s) dict_keys(['sample_branch']) retrieved from /opt/airflow/dags/sample_branch.py
[2023-06-24 05:24:03,094] {logging_mixin.py:115} INFO - [2023-06-24 05:24:03,094] {dag.py:2371} INFO - Sync 1 DAGs
[2023-06-24 05:24:03,116] {logging_mixin.py:115} INFO - [2023-06-24 05:24:03,116] {dag.py:2919} INFO - Setting next_dagrun for sample_branch to 2023-06-24T00:00:00+00:00, run_after=2023-06-25T00:00:00+00:00
[2023-06-24 05:24:03,129] {processor.py:161} INFO - Processing /opt/airflow/dags/sample_branch.py took 0.077 seconds
[2023-06-24 05:24:33,278] {processor.py:153} INFO - Started process (PID=2225) to work on /opt/airflow/dags/sample_branch.py
[2023-06-24 05:24:33,278] {processor.py:641} INFO - Processing file /opt/airflow/dags/sample_branch.py for tasks to queue
[2023-06-24 05:24:33,279] {logging_mixin.py:115} INFO - [2023-06-24 05:24:33,279] {dagbag.py:507} INFO - Filling up the DagBag from /opt/airflow/dags/sample_branch.py
[2023-06-24 05:24:33,291] {processor.py:651} INFO - DAG(s) dict_keys(['sample_branch']) retrieved from /opt/airflow/dags/sample_branch.py
[2023-06-24 05:24:33,357] {logging_mixin.py:115} INFO - [2023-06-24 05:24:33,357] {dag.py:2371} INFO - Sync 1 DAGs
[2023-06-24 05:24:33,379] {logging_mixin.py:115} INFO - [2023-06-24 05:24:33,379] {dag.py:2919} INFO - Setting next_dagrun for sample_branch to 2023-06-24T00:00:00+00:00, run_after=2023-06-25T00:00:00+00:00
[2023-06-24 05:24:33,391] {processor.py:161} INFO - Processing /opt/airflow/dags/sample_branch.py took 0.117 seconds
[2023-06-24 05:25:03,581] {processor.py:153} INFO - Started process (PID=2246) to work on /opt/airflow/dags/sample_branch.py
[2023-06-24 05:25:03,581] {processor.py:641} INFO - Processing file /opt/airflow/dags/sample_branch.py for tasks to queue
[2023-06-24 05:25:03,583] {logging_mixin.py:115} INFO - [2023-06-24 05:25:03,583] {dagbag.py:507} INFO - Filling up the DagBag from /opt/airflow/dags/sample_branch.py
[2023-06-24 05:25:03,594] {processor.py:651} INFO - DAG(s) dict_keys(['sample_branch']) retrieved from /opt/airflow/dags/sample_branch.py
[2023-06-24 05:25:03,619] {logging_mixin.py:115} INFO - [2023-06-24 05:25:03,619] {dag.py:2371} INFO - Sync 1 DAGs
[2023-06-24 05:25:03,644] {logging_mixin.py:115} INFO - [2023-06-24 05:25:03,644] {dag.py:2919} INFO - Setting next_dagrun for sample_branch to 2023-06-24T00:00:00+00:00, run_after=2023-06-25T00:00:00+00:00
[2023-06-24 05:25:03,656] {processor.py:161} INFO - Processing /opt/airflow/dags/sample_branch.py took 0.080 seconds
[2023-06-24 05:25:33,898] {processor.py:153} INFO - Started process (PID=2267) to work on /opt/airflow/dags/sample_branch.py
[2023-06-24 05:25:33,898] {processor.py:641} INFO - Processing file /opt/airflow/dags/sample_branch.py for tasks to queue
[2023-06-24 05:25:33,899] {logging_mixin.py:115} INFO - [2023-06-24 05:25:33,899] {dagbag.py:507} INFO - Filling up the DagBag from /opt/airflow/dags/sample_branch.py
[2023-06-24 05:25:33,912] {processor.py:651} INFO - DAG(s) dict_keys(['sample_branch']) retrieved from /opt/airflow/dags/sample_branch.py
[2023-06-24 05:25:34,009] {logging_mixin.py:115} INFO - [2023-06-24 05:25:34,009] {dag.py:2371} INFO - Sync 1 DAGs
[2023-06-24 05:25:34,038] {logging_mixin.py:115} INFO - [2023-06-24 05:25:34,038] {dag.py:2919} INFO - Setting next_dagrun for sample_branch to 2023-06-24T00:00:00+00:00, run_after=2023-06-25T00:00:00+00:00
[2023-06-24 05:25:34,051] {processor.py:161} INFO - Processing /opt/airflow/dags/sample_branch.py took 0.157 seconds
[2023-06-24 05:26:04,224] {processor.py:153} INFO - Started process (PID=2288) to work on /opt/airflow/dags/sample_branch.py
[2023-06-24 05:26:04,225] {processor.py:641} INFO - Processing file /opt/airflow/dags/sample_branch.py for tasks to queue
[2023-06-24 05:26:04,225] {logging_mixin.py:115} INFO - [2023-06-24 05:26:04,225] {dagbag.py:507} INFO - Filling up the DagBag from /opt/airflow/dags/sample_branch.py
[2023-06-24 05:26:04,235] {processor.py:651} INFO - DAG(s) dict_keys(['sample_branch']) retrieved from /opt/airflow/dags/sample_branch.py
[2023-06-24 05:26:04,260] {logging_mixin.py:115} INFO - [2023-06-24 05:26:04,260] {dag.py:2371} INFO - Sync 1 DAGs
[2023-06-24 05:26:04,283] {logging_mixin.py:115} INFO - [2023-06-24 05:26:04,283] {dag.py:2919} INFO - Setting next_dagrun for sample_branch to 2023-06-24T00:00:00+00:00, run_after=2023-06-25T00:00:00+00:00
[2023-06-24 05:26:04,294] {processor.py:161} INFO - Processing /opt/airflow/dags/sample_branch.py took 0.074 seconds
[2023-06-24 05:26:34,539] {processor.py:153} INFO - Started process (PID=2309) to work on /opt/airflow/dags/sample_branch.py
[2023-06-24 05:26:34,540] {processor.py:641} INFO - Processing file /opt/airflow/dags/sample_branch.py for tasks to queue
[2023-06-24 05:26:34,541] {logging_mixin.py:115} INFO - [2023-06-24 05:26:34,540] {dagbag.py:507} INFO - Filling up the DagBag from /opt/airflow/dags/sample_branch.py
[2023-06-24 05:26:34,554] {processor.py:651} INFO - DAG(s) dict_keys(['sample_branch']) retrieved from /opt/airflow/dags/sample_branch.py
[2023-06-24 05:26:34,643] {logging_mixin.py:115} INFO - [2023-06-24 05:26:34,643] {dag.py:2371} INFO - Sync 1 DAGs
[2023-06-24 05:26:34,665] {logging_mixin.py:115} INFO - [2023-06-24 05:26:34,665] {dag.py:2919} INFO - Setting next_dagrun for sample_branch to 2023-06-24T00:00:00+00:00, run_after=2023-06-25T00:00:00+00:00
[2023-06-24 05:26:34,677] {processor.py:161} INFO - Processing /opt/airflow/dags/sample_branch.py took 0.143 seconds
[2023-06-24 05:27:04,831] {processor.py:153} INFO - Started process (PID=2330) to work on /opt/airflow/dags/sample_branch.py
[2023-06-24 05:27:04,832] {processor.py:641} INFO - Processing file /opt/airflow/dags/sample_branch.py for tasks to queue
[2023-06-24 05:27:04,833] {logging_mixin.py:115} INFO - [2023-06-24 05:27:04,832] {dagbag.py:507} INFO - Filling up the DagBag from /opt/airflow/dags/sample_branch.py
[2023-06-24 05:27:04,847] {processor.py:651} INFO - DAG(s) dict_keys(['sample_branch']) retrieved from /opt/airflow/dags/sample_branch.py
[2023-06-24 05:27:04,873] {logging_mixin.py:115} INFO - [2023-06-24 05:27:04,873] {dag.py:2371} INFO - Sync 1 DAGs
[2023-06-24 05:27:04,897] {logging_mixin.py:115} INFO - [2023-06-24 05:27:04,897] {dag.py:2919} INFO - Setting next_dagrun for sample_branch to 2023-06-24T00:00:00+00:00, run_after=2023-06-25T00:00:00+00:00
[2023-06-24 05:27:04,909] {processor.py:161} INFO - Processing /opt/airflow/dags/sample_branch.py took 0.084 seconds
[2023-06-24 05:27:35,168] {processor.py:153} INFO - Started process (PID=2351) to work on /opt/airflow/dags/sample_branch.py
[2023-06-24 05:27:35,169] {processor.py:641} INFO - Processing file /opt/airflow/dags/sample_branch.py for tasks to queue
[2023-06-24 05:27:35,170] {logging_mixin.py:115} INFO - [2023-06-24 05:27:35,170] {dagbag.py:507} INFO - Filling up the DagBag from /opt/airflow/dags/sample_branch.py
[2023-06-24 05:27:35,179] {processor.py:651} INFO - DAG(s) dict_keys(['sample_branch']) retrieved from /opt/airflow/dags/sample_branch.py
[2023-06-24 05:27:35,260] {logging_mixin.py:115} INFO - [2023-06-24 05:27:35,260] {dag.py:2371} INFO - Sync 1 DAGs
[2023-06-24 05:27:35,284] {logging_mixin.py:115} INFO - [2023-06-24 05:27:35,284] {dag.py:2919} INFO - Setting next_dagrun for sample_branch to 2023-06-24T00:00:00+00:00, run_after=2023-06-25T00:00:00+00:00
[2023-06-24 05:27:35,296] {processor.py:161} INFO - Processing /opt/airflow/dags/sample_branch.py took 0.132 seconds
[2023-06-24 05:28:05,426] {processor.py:153} INFO - Started process (PID=2372) to work on /opt/airflow/dags/sample_branch.py
[2023-06-24 05:28:05,427] {processor.py:641} INFO - Processing file /opt/airflow/dags/sample_branch.py for tasks to queue
[2023-06-24 05:28:05,427] {logging_mixin.py:115} INFO - [2023-06-24 05:28:05,427] {dagbag.py:507} INFO - Filling up the DagBag from /opt/airflow/dags/sample_branch.py
[2023-06-24 05:28:05,436] {processor.py:651} INFO - DAG(s) dict_keys(['sample_branch']) retrieved from /opt/airflow/dags/sample_branch.py
[2023-06-24 05:28:05,463] {logging_mixin.py:115} INFO - [2023-06-24 05:28:05,462] {dag.py:2371} INFO - Sync 1 DAGs
[2023-06-24 05:28:05,487] {logging_mixin.py:115} INFO - [2023-06-24 05:28:05,487] {dag.py:2919} INFO - Setting next_dagrun for sample_branch to 2023-06-24T00:00:00+00:00, run_after=2023-06-25T00:00:00+00:00
[2023-06-24 05:28:05,498] {processor.py:161} INFO - Processing /opt/airflow/dags/sample_branch.py took 0.074 seconds
[2023-06-24 05:28:35,681] {processor.py:153} INFO - Started process (PID=2393) to work on /opt/airflow/dags/sample_branch.py
[2023-06-24 05:28:35,681] {processor.py:641} INFO - Processing file /opt/airflow/dags/sample_branch.py for tasks to queue
[2023-06-24 05:28:35,682] {logging_mixin.py:115} INFO - [2023-06-24 05:28:35,682] {dagbag.py:507} INFO - Filling up the DagBag from /opt/airflow/dags/sample_branch.py
[2023-06-24 05:28:35,692] {processor.py:651} INFO - DAG(s) dict_keys(['sample_branch']) retrieved from /opt/airflow/dags/sample_branch.py
[2023-06-24 05:28:35,785] {logging_mixin.py:115} INFO - [2023-06-24 05:28:35,785] {dag.py:2371} INFO - Sync 1 DAGs
[2023-06-24 05:28:35,812] {logging_mixin.py:115} INFO - [2023-06-24 05:28:35,812] {dag.py:2919} INFO - Setting next_dagrun for sample_branch to 2023-06-24T00:00:00+00:00, run_after=2023-06-25T00:00:00+00:00
[2023-06-24 05:28:35,825] {processor.py:161} INFO - Processing /opt/airflow/dags/sample_branch.py took 0.148 seconds
[2023-06-24 05:29:05,926] {processor.py:153} INFO - Started process (PID=2414) to work on /opt/airflow/dags/sample_branch.py
[2023-06-24 05:29:05,927] {processor.py:641} INFO - Processing file /opt/airflow/dags/sample_branch.py for tasks to queue
[2023-06-24 05:29:05,927] {logging_mixin.py:115} INFO - [2023-06-24 05:29:05,927] {dagbag.py:507} INFO - Filling up the DagBag from /opt/airflow/dags/sample_branch.py
[2023-06-24 05:29:05,936] {processor.py:651} INFO - DAG(s) dict_keys(['sample_branch']) retrieved from /opt/airflow/dags/sample_branch.py
[2023-06-24 05:29:05,963] {logging_mixin.py:115} INFO - [2023-06-24 05:29:05,963] {dag.py:2371} INFO - Sync 1 DAGs
[2023-06-24 05:29:05,989] {logging_mixin.py:115} INFO - [2023-06-24 05:29:05,989] {dag.py:2919} INFO - Setting next_dagrun for sample_branch to 2023-06-24T00:00:00+00:00, run_after=2023-06-25T00:00:00+00:00
[2023-06-24 05:29:06,000] {processor.py:161} INFO - Processing /opt/airflow/dags/sample_branch.py took 0.076 seconds
[2023-06-24 05:29:36,100] {processor.py:153} INFO - Started process (PID=2429) to work on /opt/airflow/dags/sample_branch.py
[2023-06-24 05:29:36,101] {processor.py:641} INFO - Processing file /opt/airflow/dags/sample_branch.py for tasks to queue
[2023-06-24 05:29:36,102] {logging_mixin.py:115} INFO - [2023-06-24 05:29:36,102] {dagbag.py:507} INFO - Filling up the DagBag from /opt/airflow/dags/sample_branch.py
[2023-06-24 05:29:36,111] {processor.py:651} INFO - DAG(s) dict_keys(['sample_branch']) retrieved from /opt/airflow/dags/sample_branch.py
[2023-06-24 05:29:36,183] {logging_mixin.py:115} INFO - [2023-06-24 05:29:36,183] {dag.py:2371} INFO - Sync 1 DAGs
[2023-06-24 05:29:36,208] {logging_mixin.py:115} INFO - [2023-06-24 05:29:36,208] {dag.py:2919} INFO - Setting next_dagrun for sample_branch to 2023-06-24T00:00:00+00:00, run_after=2023-06-25T00:00:00+00:00
[2023-06-24 05:29:36,222] {processor.py:161} INFO - Processing /opt/airflow/dags/sample_branch.py took 0.124 seconds
[2023-06-24 05:30:06,309] {processor.py:153} INFO - Started process (PID=2450) to work on /opt/airflow/dags/sample_branch.py
[2023-06-24 05:30:06,310] {processor.py:641} INFO - Processing file /opt/airflow/dags/sample_branch.py for tasks to queue
[2023-06-24 05:30:06,310] {logging_mixin.py:115} INFO - [2023-06-24 05:30:06,310] {dagbag.py:507} INFO - Filling up the DagBag from /opt/airflow/dags/sample_branch.py
[2023-06-24 05:30:06,319] {processor.py:651} INFO - DAG(s) dict_keys(['sample_branch']) retrieved from /opt/airflow/dags/sample_branch.py
[2023-06-24 05:30:06,344] {logging_mixin.py:115} INFO - [2023-06-24 05:30:06,344] {dag.py:2371} INFO - Sync 1 DAGs
[2023-06-24 05:30:06,366] {logging_mixin.py:115} INFO - [2023-06-24 05:30:06,365] {dag.py:2919} INFO - Setting next_dagrun for sample_branch to 2023-06-24T00:00:00+00:00, run_after=2023-06-25T00:00:00+00:00
[2023-06-24 05:30:06,378] {processor.py:161} INFO - Processing /opt/airflow/dags/sample_branch.py took 0.072 seconds
[2023-06-24 05:30:36,549] {processor.py:153} INFO - Started process (PID=2471) to work on /opt/airflow/dags/sample_branch.py
[2023-06-24 05:30:36,550] {processor.py:641} INFO - Processing file /opt/airflow/dags/sample_branch.py for tasks to queue
[2023-06-24 05:30:36,551] {logging_mixin.py:115} INFO - [2023-06-24 05:30:36,551] {dagbag.py:507} INFO - Filling up the DagBag from /opt/airflow/dags/sample_branch.py
[2023-06-24 05:30:36,563] {processor.py:651} INFO - DAG(s) dict_keys(['sample_branch']) retrieved from /opt/airflow/dags/sample_branch.py
[2023-06-24 05:30:36,636] {logging_mixin.py:115} INFO - [2023-06-24 05:30:36,636] {dag.py:2371} INFO - Sync 1 DAGs
[2023-06-24 05:30:36,657] {logging_mixin.py:115} INFO - [2023-06-24 05:30:36,657] {dag.py:2919} INFO - Setting next_dagrun for sample_branch to 2023-06-24T00:00:00+00:00, run_after=2023-06-25T00:00:00+00:00
[2023-06-24 05:30:36,668] {processor.py:161} INFO - Processing /opt/airflow/dags/sample_branch.py took 0.125 seconds
[2023-06-24 05:31:06,805] {processor.py:153} INFO - Started process (PID=2492) to work on /opt/airflow/dags/sample_branch.py
[2023-06-24 05:31:06,806] {processor.py:641} INFO - Processing file /opt/airflow/dags/sample_branch.py for tasks to queue
[2023-06-24 05:31:06,806] {logging_mixin.py:115} INFO - [2023-06-24 05:31:06,806] {dagbag.py:507} INFO - Filling up the DagBag from /opt/airflow/dags/sample_branch.py
[2023-06-24 05:31:06,816] {processor.py:651} INFO - DAG(s) dict_keys(['sample_branch']) retrieved from /opt/airflow/dags/sample_branch.py
[2023-06-24 05:31:06,841] {logging_mixin.py:115} INFO - [2023-06-24 05:31:06,841] {dag.py:2371} INFO - Sync 1 DAGs
[2023-06-24 05:31:06,864] {logging_mixin.py:115} INFO - [2023-06-24 05:31:06,863] {dag.py:2919} INFO - Setting next_dagrun for sample_branch to 2023-06-24T00:00:00+00:00, run_after=2023-06-25T00:00:00+00:00
[2023-06-24 05:31:06,875] {processor.py:161} INFO - Processing /opt/airflow/dags/sample_branch.py took 0.074 seconds
[2023-06-24 05:31:37,052] {processor.py:153} INFO - Started process (PID=2513) to work on /opt/airflow/dags/sample_branch.py
[2023-06-24 05:31:37,053] {processor.py:641} INFO - Processing file /opt/airflow/dags/sample_branch.py for tasks to queue
[2023-06-24 05:31:37,054] {logging_mixin.py:115} INFO - [2023-06-24 05:31:37,053] {dagbag.py:507} INFO - Filling up the DagBag from /opt/airflow/dags/sample_branch.py
[2023-06-24 05:31:37,063] {processor.py:651} INFO - DAG(s) dict_keys(['sample_branch']) retrieved from /opt/airflow/dags/sample_branch.py
[2023-06-24 05:31:37,154] {logging_mixin.py:115} INFO - [2023-06-24 05:31:37,154] {dag.py:2371} INFO - Sync 1 DAGs
[2023-06-24 05:31:37,175] {logging_mixin.py:115} INFO - [2023-06-24 05:31:37,175] {dag.py:2919} INFO - Setting next_dagrun for sample_branch to 2023-06-24T00:00:00+00:00, run_after=2023-06-25T00:00:00+00:00
[2023-06-24 05:31:37,189] {processor.py:161} INFO - Processing /opt/airflow/dags/sample_branch.py took 0.141 seconds
[2023-06-24 05:32:07,337] {processor.py:153} INFO - Started process (PID=2534) to work on /opt/airflow/dags/sample_branch.py
[2023-06-24 05:32:07,337] {processor.py:641} INFO - Processing file /opt/airflow/dags/sample_branch.py for tasks to queue
[2023-06-24 05:32:07,338] {logging_mixin.py:115} INFO - [2023-06-24 05:32:07,338] {dagbag.py:507} INFO - Filling up the DagBag from /opt/airflow/dags/sample_branch.py
[2023-06-24 05:32:07,348] {processor.py:651} INFO - DAG(s) dict_keys(['sample_branch']) retrieved from /opt/airflow/dags/sample_branch.py
[2023-06-24 05:32:07,377] {logging_mixin.py:115} INFO - [2023-06-24 05:32:07,376] {dag.py:2371} INFO - Sync 1 DAGs
[2023-06-24 05:32:07,413] {logging_mixin.py:115} INFO - [2023-06-24 05:32:07,413] {dag.py:2919} INFO - Setting next_dagrun for sample_branch to 2023-06-24T00:00:00+00:00, run_after=2023-06-25T00:00:00+00:00
[2023-06-24 05:32:07,429] {processor.py:161} INFO - Processing /opt/airflow/dags/sample_branch.py took 0.096 seconds
[2023-06-24 05:32:37,615] {processor.py:153} INFO - Started process (PID=2555) to work on /opt/airflow/dags/sample_branch.py
[2023-06-24 05:32:37,615] {processor.py:641} INFO - Processing file /opt/airflow/dags/sample_branch.py for tasks to queue
[2023-06-24 05:32:37,616] {logging_mixin.py:115} INFO - [2023-06-24 05:32:37,616] {dagbag.py:507} INFO - Filling up the DagBag from /opt/airflow/dags/sample_branch.py
[2023-06-24 05:32:37,625] {processor.py:651} INFO - DAG(s) dict_keys(['sample_branch']) retrieved from /opt/airflow/dags/sample_branch.py
[2023-06-24 05:32:37,706] {logging_mixin.py:115} INFO - [2023-06-24 05:32:37,706] {dag.py:2371} INFO - Sync 1 DAGs
[2023-06-24 05:32:37,731] {logging_mixin.py:115} INFO - [2023-06-24 05:32:37,731] {dag.py:2919} INFO - Setting next_dagrun for sample_branch to 2023-06-24T00:00:00+00:00, run_after=2023-06-25T00:00:00+00:00
[2023-06-24 05:32:37,744] {processor.py:161} INFO - Processing /opt/airflow/dags/sample_branch.py took 0.132 seconds
[2023-06-24 05:33:07,916] {processor.py:153} INFO - Started process (PID=2576) to work on /opt/airflow/dags/sample_branch.py
[2023-06-24 05:33:07,916] {processor.py:641} INFO - Processing file /opt/airflow/dags/sample_branch.py for tasks to queue
[2023-06-24 05:33:07,917] {logging_mixin.py:115} INFO - [2023-06-24 05:33:07,917] {dagbag.py:507} INFO - Filling up the DagBag from /opt/airflow/dags/sample_branch.py
[2023-06-24 05:33:07,927] {processor.py:651} INFO - DAG(s) dict_keys(['sample_branch']) retrieved from /opt/airflow/dags/sample_branch.py
[2023-06-24 05:33:07,952] {logging_mixin.py:115} INFO - [2023-06-24 05:33:07,952] {dag.py:2371} INFO - Sync 1 DAGs
[2023-06-24 05:33:07,979] {logging_mixin.py:115} INFO - [2023-06-24 05:33:07,979] {dag.py:2919} INFO - Setting next_dagrun for sample_branch to 2023-06-24T00:00:00+00:00, run_after=2023-06-25T00:00:00+00:00
[2023-06-24 05:33:07,993] {processor.py:161} INFO - Processing /opt/airflow/dags/sample_branch.py took 0.082 seconds
[2023-06-24 05:33:38,160] {processor.py:153} INFO - Started process (PID=2597) to work on /opt/airflow/dags/sample_branch.py
[2023-06-24 05:33:38,161] {processor.py:641} INFO - Processing file /opt/airflow/dags/sample_branch.py for tasks to queue
[2023-06-24 05:33:38,161] {logging_mixin.py:115} INFO - [2023-06-24 05:33:38,161] {dagbag.py:507} INFO - Filling up the DagBag from /opt/airflow/dags/sample_branch.py
[2023-06-24 05:33:38,171] {processor.py:651} INFO - DAG(s) dict_keys(['sample_branch']) retrieved from /opt/airflow/dags/sample_branch.py
[2023-06-24 05:33:38,243] {logging_mixin.py:115} INFO - [2023-06-24 05:33:38,243] {dag.py:2371} INFO - Sync 1 DAGs
[2023-06-24 05:33:38,265] {logging_mixin.py:115} INFO - [2023-06-24 05:33:38,265] {dag.py:2919} INFO - Setting next_dagrun for sample_branch to 2023-06-24T00:00:00+00:00, run_after=2023-06-25T00:00:00+00:00
[2023-06-24 05:33:38,278] {processor.py:161} INFO - Processing /opt/airflow/dags/sample_branch.py took 0.120 seconds
[2023-06-24 05:34:08,411] {processor.py:153} INFO - Started process (PID=2618) to work on /opt/airflow/dags/sample_branch.py
[2023-06-24 05:34:08,412] {processor.py:641} INFO - Processing file /opt/airflow/dags/sample_branch.py for tasks to queue
[2023-06-24 05:34:08,413] {logging_mixin.py:115} INFO - [2023-06-24 05:34:08,412] {dagbag.py:507} INFO - Filling up the DagBag from /opt/airflow/dags/sample_branch.py
[2023-06-24 05:34:08,422] {processor.py:651} INFO - DAG(s) dict_keys(['sample_branch']) retrieved from /opt/airflow/dags/sample_branch.py
[2023-06-24 05:34:08,445] {logging_mixin.py:115} INFO - [2023-06-24 05:34:08,445] {dag.py:2371} INFO - Sync 1 DAGs
[2023-06-24 05:34:08,472] {logging_mixin.py:115} INFO - [2023-06-24 05:34:08,472] {dag.py:2919} INFO - Setting next_dagrun for sample_branch to 2023-06-24T00:00:00+00:00, run_after=2023-06-25T00:00:00+00:00
[2023-06-24 05:34:08,483] {processor.py:161} INFO - Processing /opt/airflow/dags/sample_branch.py took 0.077 seconds
[2023-06-24 05:34:38,638] {processor.py:153} INFO - Started process (PID=2639) to work on /opt/airflow/dags/sample_branch.py
[2023-06-24 05:34:38,639] {processor.py:641} INFO - Processing file /opt/airflow/dags/sample_branch.py for tasks to queue
[2023-06-24 05:34:38,639] {logging_mixin.py:115} INFO - [2023-06-24 05:34:38,639] {dagbag.py:507} INFO - Filling up the DagBag from /opt/airflow/dags/sample_branch.py
[2023-06-24 05:34:38,648] {processor.py:651} INFO - DAG(s) dict_keys(['sample_branch']) retrieved from /opt/airflow/dags/sample_branch.py
[2023-06-24 05:34:38,709] {logging_mixin.py:115} INFO - [2023-06-24 05:34:38,709] {dag.py:2371} INFO - Sync 1 DAGs
[2023-06-24 05:34:38,728] {logging_mixin.py:115} INFO - [2023-06-24 05:34:38,728] {dag.py:2919} INFO - Setting next_dagrun for sample_branch to 2023-06-24T00:00:00+00:00, run_after=2023-06-25T00:00:00+00:00
[2023-06-24 05:34:38,739] {processor.py:161} INFO - Processing /opt/airflow/dags/sample_branch.py took 0.103 seconds
