[2023-08-05 05:55:59,824] {taskinstance.py:1159} INFO - Dependencies all met for <TaskInstance: dag_final_project_digitalskola.generate_dim manual__2023-08-05T05:55:57.233758+00:00 [queued]>
[2023-08-05 05:55:59,832] {taskinstance.py:1159} INFO - Dependencies all met for <TaskInstance: dag_final_project_digitalskola.generate_dim manual__2023-08-05T05:55:57.233758+00:00 [queued]>
[2023-08-05 05:55:59,832] {taskinstance.py:1356} INFO - 
--------------------------------------------------------------------------------
[2023-08-05 05:55:59,832] {taskinstance.py:1357} INFO - Starting attempt 1 of 1
[2023-08-05 05:55:59,832] {taskinstance.py:1358} INFO - 
--------------------------------------------------------------------------------
[2023-08-05 05:55:59,843] {taskinstance.py:1377} INFO - Executing <Task(PythonOperator): generate_dim> on 2023-08-05 05:55:57.233758+00:00
[2023-08-05 05:55:59,851] {standard_task_runner.py:52} INFO - Started process 226 to run task
[2023-08-05 05:55:59,856] {standard_task_runner.py:79} INFO - Running: ['***', 'tasks', 'run', 'dag_final_project_digitalskola', 'generate_dim', 'manual__2023-08-05T05:55:57.233758+00:00', '--job-id', '397', '--raw', '--subdir', 'DAGS_FOLDER/dag_final_project.py', '--cfg-path', '/tmp/tmpulku3icy', '--error-file', '/tmp/tmpvlopa6p1']
[2023-08-05 05:55:59,857] {standard_task_runner.py:80} INFO - Job 397: Subtask generate_dim
[2023-08-05 05:55:59,908] {task_command.py:369} INFO - Running <TaskInstance: dag_final_project_digitalskola.generate_dim manual__2023-08-05T05:55:57.233758+00:00 [running]> on host 460dfe4fe160
[2023-08-05 05:55:59,974] {taskinstance.py:1571} INFO - Exporting the following env vars:
AIRFLOW_CTX_DAG_OWNER=***
AIRFLOW_CTX_DAG_ID=dag_final_project_digitalskola
AIRFLOW_CTX_TASK_ID=generate_dim
AIRFLOW_CTX_EXECUTION_DATE=2023-08-05T05:55:57.233758+00:00
AIRFLOW_CTX_TRY_NUMBER=1
AIRFLOW_CTX_DAG_RUN_ID=manual__2023-08-05T05:55:57.233758+00:00
[2023-08-05 05:55:59,998] {logging_mixin.py:115} INFO - connect engine Postgresql
[2023-08-05 05:56:00,031] {logging_mixin.py:115} INFO - connect engine ***
[2023-08-05 05:56:00,083] {insert_data_db.py:42} INFO - insert data dim_province to dwh postgres success
[2023-08-05 05:56:00,095] {logging_mixin.py:115} INFO - connect engine Postgresql
[2023-08-05 05:56:00,106] {logging_mixin.py:115} INFO - connect engine ***
[2023-08-05 05:56:00,146] {insert_data_db.py:52} INFO - insert data dim_district to dwh postgres success
[2023-08-05 05:56:00,157] {logging_mixin.py:115} INFO - connect engine Postgresql
[2023-08-05 05:56:00,168] {logging_mixin.py:115} INFO - connect engine ***
[2023-08-05 05:56:00,211] {logging_mixin.py:115} INFO - insert data dim_Case to dwh postgres success
[2023-08-05 05:56:00,211] {dag_final_project.py:11} INFO - success insert data to dimention table
[2023-08-05 05:56:00,211] {python.py:173} INFO - Done. Returned value was: None
[2023-08-05 05:56:00,223] {taskinstance.py:1400} INFO - Marking task as SUCCESS. dag_id=dag_final_project_digitalskola, task_id=generate_dim, execution_date=20230805T055557, start_date=20230805T055559, end_date=20230805T055600
[2023-08-05 05:56:00,268] {local_task_job.py:156} INFO - Task exited with return code 0
[2023-08-05 05:56:00,310] {local_task_job.py:273} INFO - 2 downstream tasks scheduled from follow-on schedule check
