[2023-08-01 07:12:15,949] {taskinstance.py:1159} INFO - Dependencies all met for <TaskInstance: dag_final_project_digitalskola.generate_dim manual__2023-08-01T07:12:12.460277+00:00 [queued]>
[2023-08-01 07:12:15,958] {taskinstance.py:1159} INFO - Dependencies all met for <TaskInstance: dag_final_project_digitalskola.generate_dim manual__2023-08-01T07:12:12.460277+00:00 [queued]>
[2023-08-01 07:12:15,958] {taskinstance.py:1356} INFO - 
--------------------------------------------------------------------------------
[2023-08-01 07:12:15,959] {taskinstance.py:1357} INFO - Starting attempt 1 of 1
[2023-08-01 07:12:15,959] {taskinstance.py:1358} INFO - 
--------------------------------------------------------------------------------
[2023-08-01 07:12:15,972] {taskinstance.py:1377} INFO - Executing <Task(PythonOperator): generate_dim> on 2023-08-01 07:12:12.460277+00:00
[2023-08-01 07:12:15,977] {standard_task_runner.py:52} INFO - Started process 233 to run task
[2023-08-01 07:12:15,980] {standard_task_runner.py:79} INFO - Running: ['***', 'tasks', 'run', 'dag_final_project_digitalskola', 'generate_dim', 'manual__2023-08-01T07:12:12.460277+00:00', '--job-id', '384', '--raw', '--subdir', 'DAGS_FOLDER/dag_final_project.py', '--cfg-path', '/tmp/tmp5s5trg07', '--error-file', '/tmp/tmp7hfd5lkm']
[2023-08-01 07:12:15,980] {standard_task_runner.py:80} INFO - Job 384: Subtask generate_dim
[2023-08-01 07:12:16,031] {task_command.py:369} INFO - Running <TaskInstance: dag_final_project_digitalskola.generate_dim manual__2023-08-01T07:12:12.460277+00:00 [running]> on host f6362345675d
[2023-08-01 07:12:16,104] {taskinstance.py:1571} INFO - Exporting the following env vars:
AIRFLOW_CTX_DAG_OWNER=***
AIRFLOW_CTX_DAG_ID=dag_final_project_digitalskola
AIRFLOW_CTX_TASK_ID=generate_dim
AIRFLOW_CTX_EXECUTION_DATE=2023-08-01T07:12:12.460277+00:00
AIRFLOW_CTX_TRY_NUMBER=1
AIRFLOW_CTX_DAG_RUN_ID=manual__2023-08-01T07:12:12.460277+00:00
[2023-08-01 07:12:16,120] {logging_mixin.py:115} INFO - connect engine Postgresql
[2023-08-01 07:12:16,156] {logging_mixin.py:115} INFO - connect engine ***
[2023-08-01 07:12:16,206] {insert_data_db.py:42} INFO - insert data dim_province to dwh postgres success
[2023-08-01 07:12:16,218] {logging_mixin.py:115} INFO - connect engine Postgresql
[2023-08-01 07:12:16,230] {logging_mixin.py:115} INFO - connect engine ***
[2023-08-01 07:12:16,275] {insert_data_db.py:52} INFO - insert data dim_district to dwh postgres success
[2023-08-01 07:12:16,288] {logging_mixin.py:115} INFO - connect engine Postgresql
[2023-08-01 07:12:16,298] {logging_mixin.py:115} INFO - connect engine ***
[2023-08-01 07:12:16,345] {logging_mixin.py:115} INFO - insert data dim_Case to dwh postgres success
[2023-08-01 07:12:16,345] {dag_final_project.py:11} INFO - success insert data to dimention table
[2023-08-01 07:12:16,345] {python.py:173} INFO - Done. Returned value was: None
[2023-08-01 07:12:16,359] {taskinstance.py:1400} INFO - Marking task as SUCCESS. dag_id=dag_final_project_digitalskola, task_id=generate_dim, execution_date=20230801T071212, start_date=20230801T071215, end_date=20230801T071216
[2023-08-01 07:12:16,392] {local_task_job.py:156} INFO - Task exited with return code 0
[2023-08-01 07:12:16,441] {local_task_job.py:273} INFO - 2 downstream tasks scheduled from follow-on schedule check
