[2023-07-23 05:43:33,741] {taskinstance.py:1159} INFO - Dependencies all met for <TaskInstance: first_sample_dag.print_hello_world manual__2023-07-23T05:43:33.388659+00:00 [queued]>
[2023-07-23 05:43:33,755] {taskinstance.py:1159} INFO - Dependencies all met for <TaskInstance: first_sample_dag.print_hello_world manual__2023-07-23T05:43:33.388659+00:00 [queued]>
[2023-07-23 05:43:33,756] {taskinstance.py:1356} INFO - 
--------------------------------------------------------------------------------
[2023-07-23 05:43:33,756] {taskinstance.py:1357} INFO - Starting attempt 1 of 1
[2023-07-23 05:43:33,756] {taskinstance.py:1358} INFO - 
--------------------------------------------------------------------------------
[2023-07-23 05:43:33,782] {taskinstance.py:1377} INFO - Executing <Task(BashOperator): print_hello_world> on 2023-07-23 05:43:33.388659+00:00
[2023-07-23 05:43:33,791] {standard_task_runner.py:52} INFO - Started process 245 to run task
[2023-07-23 05:43:33,794] {standard_task_runner.py:79} INFO - Running: ['***', 'tasks', 'run', 'first_sample_dag', 'print_hello_world', 'manual__2023-07-23T05:43:33.388659+00:00', '--job-id', '241', '--raw', '--subdir', 'DAGS_FOLDER/sample_dag.py', '--cfg-path', '/tmp/tmphi56ta83', '--error-file', '/tmp/tmp2wbhjgn7']
[2023-07-23 05:43:33,795] {standard_task_runner.py:80} INFO - Job 241: Subtask print_hello_world
[2023-07-23 05:43:33,877] {task_command.py:369} INFO - Running <TaskInstance: first_sample_dag.print_hello_world manual__2023-07-23T05:43:33.388659+00:00 [running]> on host e9a757d06613
[2023-07-23 05:43:34,008] {taskinstance.py:1571} INFO - Exporting the following env vars:
AIRFLOW_CTX_DAG_OWNER=***
AIRFLOW_CTX_DAG_ID=first_sample_dag
AIRFLOW_CTX_TASK_ID=print_hello_world
AIRFLOW_CTX_EXECUTION_DATE=2023-07-23T05:43:33.388659+00:00
AIRFLOW_CTX_TRY_NUMBER=1
AIRFLOW_CTX_DAG_RUN_ID=manual__2023-07-23T05:43:33.388659+00:00
[2023-07-23 05:43:34,009] {subprocess.py:62} INFO - Tmp dir root location: 
 /tmp
[2023-07-23 05:43:34,010] {subprocess.py:74} INFO - Running command: ['bash', '-c', 'echo "HelloWorld!"']
[2023-07-23 05:43:34,025] {subprocess.py:85} INFO - Output:
[2023-07-23 05:43:34,027] {subprocess.py:92} INFO - HelloWorld!
[2023-07-23 05:43:34,028] {subprocess.py:96} INFO - Command exited with return code 0
[2023-07-23 05:43:34,066] {taskinstance.py:1400} INFO - Marking task as SUCCESS. dag_id=first_sample_dag, task_id=print_hello_world, execution_date=20230723T054333, start_date=20230723T054333, end_date=20230723T054334
[2023-07-23 05:43:34,090] {local_task_job.py:156} INFO - Task exited with return code 0
[2023-07-23 05:43:34,129] {local_task_job.py:273} INFO - 0 downstream tasks scheduled from follow-on schedule check
