[2023-07-23 05:43:33,732] {taskinstance.py:1159} INFO - Dependencies all met for <TaskInstance: first_sample_dag.print_hello_world scheduled__2023-07-21T23:00:00+00:00 [queued]>
[2023-07-23 05:43:33,749] {taskinstance.py:1159} INFO - Dependencies all met for <TaskInstance: first_sample_dag.print_hello_world scheduled__2023-07-21T23:00:00+00:00 [queued]>
[2023-07-23 05:43:33,749] {taskinstance.py:1356} INFO - 
--------------------------------------------------------------------------------
[2023-07-23 05:43:33,749] {taskinstance.py:1357} INFO - Starting attempt 1 of 1
[2023-07-23 05:43:33,749] {taskinstance.py:1358} INFO - 
--------------------------------------------------------------------------------
[2023-07-23 05:43:33,777] {taskinstance.py:1377} INFO - Executing <Task(BashOperator): print_hello_world> on 2023-07-21 23:00:00+00:00
[2023-07-23 05:43:33,783] {standard_task_runner.py:52} INFO - Started process 243 to run task
[2023-07-23 05:43:33,789] {standard_task_runner.py:79} INFO - Running: ['***', 'tasks', 'run', 'first_sample_dag', 'print_hello_world', 'scheduled__2023-07-21T23:00:00+00:00', '--job-id', '239', '--raw', '--subdir', 'DAGS_FOLDER/sample_dag.py', '--cfg-path', '/tmp/tmpq9rx796s', '--error-file', '/tmp/tmpm1f61u_7']
[2023-07-23 05:43:33,791] {standard_task_runner.py:80} INFO - Job 239: Subtask print_hello_world
[2023-07-23 05:43:33,870] {task_command.py:369} INFO - Running <TaskInstance: first_sample_dag.print_hello_world scheduled__2023-07-21T23:00:00+00:00 [running]> on host e9a757d06613
[2023-07-23 05:43:34,010] {taskinstance.py:1571} INFO - Exporting the following env vars:
AIRFLOW_CTX_DAG_OWNER=***
AIRFLOW_CTX_DAG_ID=first_sample_dag
AIRFLOW_CTX_TASK_ID=print_hello_world
AIRFLOW_CTX_EXECUTION_DATE=2023-07-21T23:00:00+00:00
AIRFLOW_CTX_TRY_NUMBER=1
AIRFLOW_CTX_DAG_RUN_ID=scheduled__2023-07-21T23:00:00+00:00
[2023-07-23 05:43:34,011] {subprocess.py:62} INFO - Tmp dir root location: 
 /tmp
[2023-07-23 05:43:34,012] {subprocess.py:74} INFO - Running command: ['bash', '-c', 'echo "HelloWorld!"']
[2023-07-23 05:43:34,025] {subprocess.py:85} INFO - Output:
[2023-07-23 05:43:34,028] {subprocess.py:92} INFO - HelloWorld!
[2023-07-23 05:43:34,028] {subprocess.py:96} INFO - Command exited with return code 0
[2023-07-23 05:43:34,066] {taskinstance.py:1400} INFO - Marking task as SUCCESS. dag_id=first_sample_dag, task_id=print_hello_world, execution_date=20230721T230000, start_date=20230723T054333, end_date=20230723T054334
[2023-07-23 05:43:34,123] {local_task_job.py:156} INFO - Task exited with return code 0
[2023-07-23 05:43:34,159] {local_task_job.py:273} INFO - 0 downstream tasks scheduled from follow-on schedule check
