[2023-08-02 06:31:13,776] {processor.py:153} INFO - Started process (PID=187) to work on /opt/airflow/dags/dag_final_project.py
[2023-08-02 06:31:13,777] {processor.py:641} INFO - Processing file /opt/airflow/dags/dag_final_project.py for tasks to queue
[2023-08-02 06:31:13,778] {logging_mixin.py:115} INFO - [2023-08-02 06:31:13,777] {dagbag.py:507} INFO - Filling up the DagBag from /opt/airflow/dags/dag_final_project.py
[2023-08-02 06:31:14,258] {processor.py:651} INFO - DAG(s) dict_keys(['dag_final_project_digitalskola']) retrieved from /opt/airflow/dags/dag_final_project.py
[2023-08-02 06:31:14,269] {logging_mixin.py:115} INFO - [2023-08-02 06:31:14,268] {dag.py:2371} INFO - Sync 1 DAGs
[2023-08-02 06:31:14,288] {logging_mixin.py:115} INFO - [2023-08-02 06:31:14,288] {dag.py:2919} INFO - Setting next_dagrun for dag_final_project_digitalskola to 2023-08-02T00:00:00+00:00, run_after=2023-08-03T00:00:00+00:00
[2023-08-02 06:31:14,297] {processor.py:161} INFO - Processing /opt/airflow/dags/dag_final_project.py took 0.524 seconds
[2023-08-02 06:31:44,962] {processor.py:153} INFO - Started process (PID=224) to work on /opt/airflow/dags/dag_final_project.py
[2023-08-02 06:31:44,963] {processor.py:641} INFO - Processing file /opt/airflow/dags/dag_final_project.py for tasks to queue
[2023-08-02 06:31:44,964] {logging_mixin.py:115} INFO - [2023-08-02 06:31:44,964] {dagbag.py:507} INFO - Filling up the DagBag from /opt/airflow/dags/dag_final_project.py
[2023-08-02 06:31:45,388] {processor.py:651} INFO - DAG(s) dict_keys(['dag_final_project_digitalskola']) retrieved from /opt/airflow/dags/dag_final_project.py
[2023-08-02 06:31:45,408] {logging_mixin.py:115} INFO - [2023-08-02 06:31:45,408] {dag.py:2371} INFO - Sync 1 DAGs
[2023-08-02 06:31:45,430] {logging_mixin.py:115} INFO - [2023-08-02 06:31:45,430] {dag.py:2919} INFO - Setting next_dagrun for dag_final_project_digitalskola to 2023-08-02T00:00:00+00:00, run_after=2023-08-03T00:00:00+00:00
[2023-08-02 06:31:45,443] {processor.py:161} INFO - Processing /opt/airflow/dags/dag_final_project.py took 0.485 seconds
[2023-08-02 06:32:15,899] {processor.py:153} INFO - Started process (PID=257) to work on /opt/airflow/dags/dag_final_project.py
[2023-08-02 06:32:15,900] {processor.py:641} INFO - Processing file /opt/airflow/dags/dag_final_project.py for tasks to queue
[2023-08-02 06:32:15,900] {logging_mixin.py:115} INFO - [2023-08-02 06:32:15,900] {dagbag.py:507} INFO - Filling up the DagBag from /opt/airflow/dags/dag_final_project.py
[2023-08-02 06:32:16,291] {processor.py:651} INFO - DAG(s) dict_keys(['dag_final_project_digitalskola']) retrieved from /opt/airflow/dags/dag_final_project.py
[2023-08-02 06:32:16,305] {logging_mixin.py:115} INFO - [2023-08-02 06:32:16,305] {dag.py:2371} INFO - Sync 1 DAGs
[2023-08-02 06:32:16,330] {logging_mixin.py:115} INFO - [2023-08-02 06:32:16,330] {dag.py:2919} INFO - Setting next_dagrun for dag_final_project_digitalskola to 2023-08-02T00:00:00+00:00, run_after=2023-08-03T00:00:00+00:00
[2023-08-02 06:32:16,339] {processor.py:161} INFO - Processing /opt/airflow/dags/dag_final_project.py took 0.443 seconds
[2023-08-02 06:32:46,638] {processor.py:153} INFO - Started process (PID=290) to work on /opt/airflow/dags/dag_final_project.py
[2023-08-02 06:32:46,638] {processor.py:641} INFO - Processing file /opt/airflow/dags/dag_final_project.py for tasks to queue
[2023-08-02 06:32:46,639] {logging_mixin.py:115} INFO - [2023-08-02 06:32:46,639] {dagbag.py:507} INFO - Filling up the DagBag from /opt/airflow/dags/dag_final_project.py
[2023-08-02 06:32:46,972] {processor.py:651} INFO - DAG(s) dict_keys(['dag_final_project_digitalskola']) retrieved from /opt/airflow/dags/dag_final_project.py
[2023-08-02 06:32:46,983] {logging_mixin.py:115} INFO - [2023-08-02 06:32:46,982] {dag.py:2371} INFO - Sync 1 DAGs
[2023-08-02 06:32:47,004] {logging_mixin.py:115} INFO - [2023-08-02 06:32:47,003] {dag.py:2919} INFO - Setting next_dagrun for dag_final_project_digitalskola to 2023-08-02T00:00:00+00:00, run_after=2023-08-03T00:00:00+00:00
[2023-08-02 06:32:47,012] {processor.py:161} INFO - Processing /opt/airflow/dags/dag_final_project.py took 0.379 seconds
[2023-08-02 06:33:17,348] {processor.py:153} INFO - Started process (PID=323) to work on /opt/airflow/dags/dag_final_project.py
[2023-08-02 06:33:17,349] {processor.py:641} INFO - Processing file /opt/airflow/dags/dag_final_project.py for tasks to queue
[2023-08-02 06:33:17,350] {logging_mixin.py:115} INFO - [2023-08-02 06:33:17,350] {dagbag.py:507} INFO - Filling up the DagBag from /opt/airflow/dags/dag_final_project.py
[2023-08-02 06:33:17,732] {processor.py:651} INFO - DAG(s) dict_keys(['dag_final_project_digitalskola']) retrieved from /opt/airflow/dags/dag_final_project.py
[2023-08-02 06:33:17,742] {logging_mixin.py:115} INFO - [2023-08-02 06:33:17,741] {dag.py:2371} INFO - Sync 1 DAGs
[2023-08-02 06:33:17,761] {logging_mixin.py:115} INFO - [2023-08-02 06:33:17,761] {dag.py:2919} INFO - Setting next_dagrun for dag_final_project_digitalskola to 2023-08-02T00:00:00+00:00, run_after=2023-08-03T00:00:00+00:00
[2023-08-02 06:33:17,770] {processor.py:161} INFO - Processing /opt/airflow/dags/dag_final_project.py took 0.429 seconds
[2023-08-02 06:33:48,058] {processor.py:153} INFO - Started process (PID=356) to work on /opt/airflow/dags/dag_final_project.py
[2023-08-02 06:33:48,059] {processor.py:641} INFO - Processing file /opt/airflow/dags/dag_final_project.py for tasks to queue
[2023-08-02 06:33:48,060] {logging_mixin.py:115} INFO - [2023-08-02 06:33:48,060] {dagbag.py:507} INFO - Filling up the DagBag from /opt/airflow/dags/dag_final_project.py
[2023-08-02 06:33:48,408] {processor.py:651} INFO - DAG(s) dict_keys(['dag_final_project_digitalskola']) retrieved from /opt/airflow/dags/dag_final_project.py
[2023-08-02 06:33:48,418] {logging_mixin.py:115} INFO - [2023-08-02 06:33:48,417] {dag.py:2371} INFO - Sync 1 DAGs
[2023-08-02 06:33:48,440] {logging_mixin.py:115} INFO - [2023-08-02 06:33:48,440] {dag.py:2919} INFO - Setting next_dagrun for dag_final_project_digitalskola to 2023-08-02T00:00:00+00:00, run_after=2023-08-03T00:00:00+00:00
[2023-08-02 06:33:48,448] {processor.py:161} INFO - Processing /opt/airflow/dags/dag_final_project.py took 0.394 seconds
[2023-08-02 06:34:18,750] {processor.py:153} INFO - Started process (PID=389) to work on /opt/airflow/dags/dag_final_project.py
[2023-08-02 06:34:18,751] {processor.py:641} INFO - Processing file /opt/airflow/dags/dag_final_project.py for tasks to queue
[2023-08-02 06:34:18,751] {logging_mixin.py:115} INFO - [2023-08-02 06:34:18,751] {dagbag.py:507} INFO - Filling up the DagBag from /opt/airflow/dags/dag_final_project.py
[2023-08-02 06:34:19,095] {processor.py:651} INFO - DAG(s) dict_keys(['dag_final_project_digitalskola']) retrieved from /opt/airflow/dags/dag_final_project.py
[2023-08-02 06:34:19,108] {logging_mixin.py:115} INFO - [2023-08-02 06:34:19,108] {dag.py:2371} INFO - Sync 1 DAGs
[2023-08-02 06:34:19,127] {logging_mixin.py:115} INFO - [2023-08-02 06:34:19,127] {dag.py:2919} INFO - Setting next_dagrun for dag_final_project_digitalskola to 2023-08-02T00:00:00+00:00, run_after=2023-08-03T00:00:00+00:00
[2023-08-02 06:34:19,137] {processor.py:161} INFO - Processing /opt/airflow/dags/dag_final_project.py took 0.392 seconds
[2023-08-02 06:34:49,474] {processor.py:153} INFO - Started process (PID=422) to work on /opt/airflow/dags/dag_final_project.py
[2023-08-02 06:34:49,474] {processor.py:641} INFO - Processing file /opt/airflow/dags/dag_final_project.py for tasks to queue
[2023-08-02 06:34:49,475] {logging_mixin.py:115} INFO - [2023-08-02 06:34:49,475] {dagbag.py:507} INFO - Filling up the DagBag from /opt/airflow/dags/dag_final_project.py
[2023-08-02 06:34:49,820] {processor.py:651} INFO - DAG(s) dict_keys(['dag_final_project_digitalskola']) retrieved from /opt/airflow/dags/dag_final_project.py
[2023-08-02 06:34:49,831] {logging_mixin.py:115} INFO - [2023-08-02 06:34:49,831] {dag.py:2371} INFO - Sync 1 DAGs
[2023-08-02 06:34:49,852] {logging_mixin.py:115} INFO - [2023-08-02 06:34:49,852] {dag.py:2919} INFO - Setting next_dagrun for dag_final_project_digitalskola to 2023-08-02T00:00:00+00:00, run_after=2023-08-03T00:00:00+00:00
[2023-08-02 06:34:49,861] {processor.py:161} INFO - Processing /opt/airflow/dags/dag_final_project.py took 0.390 seconds
[2023-08-02 06:35:20,202] {processor.py:153} INFO - Started process (PID=455) to work on /opt/airflow/dags/dag_final_project.py
[2023-08-02 06:35:20,203] {processor.py:641} INFO - Processing file /opt/airflow/dags/dag_final_project.py for tasks to queue
[2023-08-02 06:35:20,205] {logging_mixin.py:115} INFO - [2023-08-02 06:35:20,204] {dagbag.py:507} INFO - Filling up the DagBag from /opt/airflow/dags/dag_final_project.py
[2023-08-02 06:35:20,558] {processor.py:651} INFO - DAG(s) dict_keys(['dag_final_project_digitalskola']) retrieved from /opt/airflow/dags/dag_final_project.py
[2023-08-02 06:35:20,568] {logging_mixin.py:115} INFO - [2023-08-02 06:35:20,568] {dag.py:2371} INFO - Sync 1 DAGs
[2023-08-02 06:35:20,589] {logging_mixin.py:115} INFO - [2023-08-02 06:35:20,589] {dag.py:2919} INFO - Setting next_dagrun for dag_final_project_digitalskola to 2023-08-02T00:00:00+00:00, run_after=2023-08-03T00:00:00+00:00
[2023-08-02 06:35:20,598] {processor.py:161} INFO - Processing /opt/airflow/dags/dag_final_project.py took 0.403 seconds
[2023-08-02 06:35:50,884] {processor.py:153} INFO - Started process (PID=488) to work on /opt/airflow/dags/dag_final_project.py
[2023-08-02 06:35:50,885] {processor.py:641} INFO - Processing file /opt/airflow/dags/dag_final_project.py for tasks to queue
[2023-08-02 06:35:50,886] {logging_mixin.py:115} INFO - [2023-08-02 06:35:50,886] {dagbag.py:507} INFO - Filling up the DagBag from /opt/airflow/dags/dag_final_project.py
[2023-08-02 06:35:51,223] {processor.py:651} INFO - DAG(s) dict_keys(['dag_final_project_digitalskola']) retrieved from /opt/airflow/dags/dag_final_project.py
[2023-08-02 06:35:51,235] {logging_mixin.py:115} INFO - [2023-08-02 06:35:51,234] {dag.py:2371} INFO - Sync 1 DAGs
[2023-08-02 06:35:51,254] {logging_mixin.py:115} INFO - [2023-08-02 06:35:51,254] {dag.py:2919} INFO - Setting next_dagrun for dag_final_project_digitalskola to 2023-08-02T00:00:00+00:00, run_after=2023-08-03T00:00:00+00:00
[2023-08-02 06:35:51,265] {processor.py:161} INFO - Processing /opt/airflow/dags/dag_final_project.py took 0.387 seconds
[2023-08-02 06:36:21,575] {processor.py:153} INFO - Started process (PID=521) to work on /opt/airflow/dags/dag_final_project.py
[2023-08-02 06:36:21,576] {processor.py:641} INFO - Processing file /opt/airflow/dags/dag_final_project.py for tasks to queue
[2023-08-02 06:36:21,577] {logging_mixin.py:115} INFO - [2023-08-02 06:36:21,577] {dagbag.py:507} INFO - Filling up the DagBag from /opt/airflow/dags/dag_final_project.py
[2023-08-02 06:36:21,919] {processor.py:651} INFO - DAG(s) dict_keys(['dag_final_project_digitalskola']) retrieved from /opt/airflow/dags/dag_final_project.py
[2023-08-02 06:36:21,930] {logging_mixin.py:115} INFO - [2023-08-02 06:36:21,929] {dag.py:2371} INFO - Sync 1 DAGs
[2023-08-02 06:36:21,951] {logging_mixin.py:115} INFO - [2023-08-02 06:36:21,951] {dag.py:2919} INFO - Setting next_dagrun for dag_final_project_digitalskola to 2023-08-02T00:00:00+00:00, run_after=2023-08-03T00:00:00+00:00
[2023-08-02 06:36:21,960] {processor.py:161} INFO - Processing /opt/airflow/dags/dag_final_project.py took 0.393 seconds
[2023-08-02 06:36:52,255] {processor.py:153} INFO - Started process (PID=554) to work on /opt/airflow/dags/dag_final_project.py
[2023-08-02 06:36:52,256] {processor.py:641} INFO - Processing file /opt/airflow/dags/dag_final_project.py for tasks to queue
[2023-08-02 06:36:52,257] {logging_mixin.py:115} INFO - [2023-08-02 06:36:52,257] {dagbag.py:507} INFO - Filling up the DagBag from /opt/airflow/dags/dag_final_project.py
[2023-08-02 06:36:52,571] {processor.py:651} INFO - DAG(s) dict_keys(['dag_final_project_digitalskola']) retrieved from /opt/airflow/dags/dag_final_project.py
[2023-08-02 06:36:52,581] {logging_mixin.py:115} INFO - [2023-08-02 06:36:52,581] {dag.py:2371} INFO - Sync 1 DAGs
[2023-08-02 06:36:52,599] {logging_mixin.py:115} INFO - [2023-08-02 06:36:52,599] {dag.py:2919} INFO - Setting next_dagrun for dag_final_project_digitalskola to 2023-08-02T00:00:00+00:00, run_after=2023-08-03T00:00:00+00:00
[2023-08-02 06:36:52,609] {processor.py:161} INFO - Processing /opt/airflow/dags/dag_final_project.py took 0.363 seconds
[2023-08-02 06:37:22,962] {processor.py:153} INFO - Started process (PID=587) to work on /opt/airflow/dags/dag_final_project.py
[2023-08-02 06:37:22,963] {processor.py:641} INFO - Processing file /opt/airflow/dags/dag_final_project.py for tasks to queue
[2023-08-02 06:37:22,965] {logging_mixin.py:115} INFO - [2023-08-02 06:37:22,965] {dagbag.py:507} INFO - Filling up the DagBag from /opt/airflow/dags/dag_final_project.py
[2023-08-02 06:37:23,286] {processor.py:651} INFO - DAG(s) dict_keys(['dag_final_project_digitalskola']) retrieved from /opt/airflow/dags/dag_final_project.py
[2023-08-02 06:37:23,296] {logging_mixin.py:115} INFO - [2023-08-02 06:37:23,296] {dag.py:2371} INFO - Sync 1 DAGs
[2023-08-02 06:37:23,314] {logging_mixin.py:115} INFO - [2023-08-02 06:37:23,314] {dag.py:2919} INFO - Setting next_dagrun for dag_final_project_digitalskola to 2023-08-02T00:00:00+00:00, run_after=2023-08-03T00:00:00+00:00
[2023-08-02 06:37:23,324] {processor.py:161} INFO - Processing /opt/airflow/dags/dag_final_project.py took 0.372 seconds
[2023-08-02 06:37:53,623] {processor.py:153} INFO - Started process (PID=620) to work on /opt/airflow/dags/dag_final_project.py
[2023-08-02 06:37:53,624] {processor.py:641} INFO - Processing file /opt/airflow/dags/dag_final_project.py for tasks to queue
[2023-08-02 06:37:53,625] {logging_mixin.py:115} INFO - [2023-08-02 06:37:53,625] {dagbag.py:507} INFO - Filling up the DagBag from /opt/airflow/dags/dag_final_project.py
[2023-08-02 06:37:53,987] {processor.py:651} INFO - DAG(s) dict_keys(['dag_final_project_digitalskola']) retrieved from /opt/airflow/dags/dag_final_project.py
[2023-08-02 06:37:54,001] {logging_mixin.py:115} INFO - [2023-08-02 06:37:54,000] {dag.py:2371} INFO - Sync 1 DAGs
[2023-08-02 06:37:54,025] {logging_mixin.py:115} INFO - [2023-08-02 06:37:54,025] {dag.py:2919} INFO - Setting next_dagrun for dag_final_project_digitalskola to 2023-08-02T00:00:00+00:00, run_after=2023-08-03T00:00:00+00:00
[2023-08-02 06:37:54,036] {processor.py:161} INFO - Processing /opt/airflow/dags/dag_final_project.py took 0.420 seconds
[2023-08-02 06:38:24,380] {processor.py:153} INFO - Started process (PID=653) to work on /opt/airflow/dags/dag_final_project.py
[2023-08-02 06:38:24,381] {processor.py:641} INFO - Processing file /opt/airflow/dags/dag_final_project.py for tasks to queue
[2023-08-02 06:38:24,382] {logging_mixin.py:115} INFO - [2023-08-02 06:38:24,382] {dagbag.py:507} INFO - Filling up the DagBag from /opt/airflow/dags/dag_final_project.py
[2023-08-02 06:38:24,730] {processor.py:651} INFO - DAG(s) dict_keys(['dag_final_project_digitalskola']) retrieved from /opt/airflow/dags/dag_final_project.py
[2023-08-02 06:38:24,745] {logging_mixin.py:115} INFO - [2023-08-02 06:38:24,745] {dag.py:2371} INFO - Sync 1 DAGs
[2023-08-02 06:38:24,774] {logging_mixin.py:115} INFO - [2023-08-02 06:38:24,774] {dag.py:2919} INFO - Setting next_dagrun for dag_final_project_digitalskola to 2023-08-02T00:00:00+00:00, run_after=2023-08-03T00:00:00+00:00
[2023-08-02 06:38:24,785] {processor.py:161} INFO - Processing /opt/airflow/dags/dag_final_project.py took 0.410 seconds
[2023-08-02 06:38:55,116] {processor.py:153} INFO - Started process (PID=686) to work on /opt/airflow/dags/dag_final_project.py
[2023-08-02 06:38:55,117] {processor.py:641} INFO - Processing file /opt/airflow/dags/dag_final_project.py for tasks to queue
[2023-08-02 06:38:55,118] {logging_mixin.py:115} INFO - [2023-08-02 06:38:55,118] {dagbag.py:507} INFO - Filling up the DagBag from /opt/airflow/dags/dag_final_project.py
[2023-08-02 06:38:55,475] {processor.py:651} INFO - DAG(s) dict_keys(['dag_final_project_digitalskola']) retrieved from /opt/airflow/dags/dag_final_project.py
[2023-08-02 06:38:55,489] {logging_mixin.py:115} INFO - [2023-08-02 06:38:55,489] {dag.py:2371} INFO - Sync 1 DAGs
[2023-08-02 06:38:55,509] {logging_mixin.py:115} INFO - [2023-08-02 06:38:55,509] {dag.py:2919} INFO - Setting next_dagrun for dag_final_project_digitalskola to 2023-08-02T00:00:00+00:00, run_after=2023-08-03T00:00:00+00:00
[2023-08-02 06:38:55,520] {processor.py:161} INFO - Processing /opt/airflow/dags/dag_final_project.py took 0.410 seconds
[2023-08-02 06:39:25,867] {processor.py:153} INFO - Started process (PID=719) to work on /opt/airflow/dags/dag_final_project.py
[2023-08-02 06:39:25,869] {processor.py:641} INFO - Processing file /opt/airflow/dags/dag_final_project.py for tasks to queue
[2023-08-02 06:39:25,870] {logging_mixin.py:115} INFO - [2023-08-02 06:39:25,870] {dagbag.py:507} INFO - Filling up the DagBag from /opt/airflow/dags/dag_final_project.py
[2023-08-02 06:39:26,211] {processor.py:651} INFO - DAG(s) dict_keys(['dag_final_project_digitalskola']) retrieved from /opt/airflow/dags/dag_final_project.py
[2023-08-02 06:39:26,221] {logging_mixin.py:115} INFO - [2023-08-02 06:39:26,221] {dag.py:2371} INFO - Sync 1 DAGs
[2023-08-02 06:39:26,241] {logging_mixin.py:115} INFO - [2023-08-02 06:39:26,241] {dag.py:2919} INFO - Setting next_dagrun for dag_final_project_digitalskola to 2023-08-02T00:00:00+00:00, run_after=2023-08-03T00:00:00+00:00
[2023-08-02 06:39:26,254] {processor.py:161} INFO - Processing /opt/airflow/dags/dag_final_project.py took 0.395 seconds
[2023-08-02 06:39:56,556] {processor.py:153} INFO - Started process (PID=752) to work on /opt/airflow/dags/dag_final_project.py
[2023-08-02 06:39:56,557] {processor.py:641} INFO - Processing file /opt/airflow/dags/dag_final_project.py for tasks to queue
[2023-08-02 06:39:56,558] {logging_mixin.py:115} INFO - [2023-08-02 06:39:56,558] {dagbag.py:507} INFO - Filling up the DagBag from /opt/airflow/dags/dag_final_project.py
[2023-08-02 06:39:56,956] {processor.py:651} INFO - DAG(s) dict_keys(['dag_final_project_digitalskola']) retrieved from /opt/airflow/dags/dag_final_project.py
[2023-08-02 06:39:56,971] {logging_mixin.py:115} INFO - [2023-08-02 06:39:56,970] {dag.py:2371} INFO - Sync 1 DAGs
[2023-08-02 06:39:56,993] {logging_mixin.py:115} INFO - [2023-08-02 06:39:56,992] {dag.py:2919} INFO - Setting next_dagrun for dag_final_project_digitalskola to 2023-08-02T00:00:00+00:00, run_after=2023-08-03T00:00:00+00:00
[2023-08-02 06:39:57,002] {processor.py:161} INFO - Processing /opt/airflow/dags/dag_final_project.py took 0.452 seconds
[2023-08-02 06:40:27,315] {processor.py:153} INFO - Started process (PID=785) to work on /opt/airflow/dags/dag_final_project.py
[2023-08-02 06:40:27,316] {processor.py:641} INFO - Processing file /opt/airflow/dags/dag_final_project.py for tasks to queue
[2023-08-02 06:40:27,317] {logging_mixin.py:115} INFO - [2023-08-02 06:40:27,317] {dagbag.py:507} INFO - Filling up the DagBag from /opt/airflow/dags/dag_final_project.py
[2023-08-02 06:40:27,657] {processor.py:651} INFO - DAG(s) dict_keys(['dag_final_project_digitalskola']) retrieved from /opt/airflow/dags/dag_final_project.py
[2023-08-02 06:40:27,669] {logging_mixin.py:115} INFO - [2023-08-02 06:40:27,669] {dag.py:2371} INFO - Sync 1 DAGs
[2023-08-02 06:40:27,692] {logging_mixin.py:115} INFO - [2023-08-02 06:40:27,692] {dag.py:2919} INFO - Setting next_dagrun for dag_final_project_digitalskola to 2023-08-02T00:00:00+00:00, run_after=2023-08-03T00:00:00+00:00
[2023-08-02 06:40:27,702] {processor.py:161} INFO - Processing /opt/airflow/dags/dag_final_project.py took 0.394 seconds
[2023-08-02 06:40:57,990] {processor.py:153} INFO - Started process (PID=818) to work on /opt/airflow/dags/dag_final_project.py
[2023-08-02 06:40:57,990] {processor.py:641} INFO - Processing file /opt/airflow/dags/dag_final_project.py for tasks to queue
[2023-08-02 06:40:57,991] {logging_mixin.py:115} INFO - [2023-08-02 06:40:57,991] {dagbag.py:507} INFO - Filling up the DagBag from /opt/airflow/dags/dag_final_project.py
[2023-08-02 06:40:58,356] {processor.py:651} INFO - DAG(s) dict_keys(['dag_final_project_digitalskola']) retrieved from /opt/airflow/dags/dag_final_project.py
[2023-08-02 06:40:58,367] {logging_mixin.py:115} INFO - [2023-08-02 06:40:58,366] {dag.py:2371} INFO - Sync 1 DAGs
[2023-08-02 06:40:58,389] {logging_mixin.py:115} INFO - [2023-08-02 06:40:58,389] {dag.py:2919} INFO - Setting next_dagrun for dag_final_project_digitalskola to 2023-08-02T00:00:00+00:00, run_after=2023-08-03T00:00:00+00:00
[2023-08-02 06:40:58,400] {processor.py:161} INFO - Processing /opt/airflow/dags/dag_final_project.py took 0.415 seconds
[2023-08-02 06:41:28,708] {processor.py:153} INFO - Started process (PID=851) to work on /opt/airflow/dags/dag_final_project.py
[2023-08-02 06:41:28,709] {processor.py:641} INFO - Processing file /opt/airflow/dags/dag_final_project.py for tasks to queue
[2023-08-02 06:41:28,710] {logging_mixin.py:115} INFO - [2023-08-02 06:41:28,710] {dagbag.py:507} INFO - Filling up the DagBag from /opt/airflow/dags/dag_final_project.py
[2023-08-02 06:41:29,061] {processor.py:651} INFO - DAG(s) dict_keys(['dag_final_project_digitalskola']) retrieved from /opt/airflow/dags/dag_final_project.py
[2023-08-02 06:41:29,071] {logging_mixin.py:115} INFO - [2023-08-02 06:41:29,070] {dag.py:2371} INFO - Sync 1 DAGs
[2023-08-02 06:41:29,089] {logging_mixin.py:115} INFO - [2023-08-02 06:41:29,088] {dag.py:2919} INFO - Setting next_dagrun for dag_final_project_digitalskola to 2023-08-02T00:00:00+00:00, run_after=2023-08-03T00:00:00+00:00
[2023-08-02 06:41:29,098] {processor.py:161} INFO - Processing /opt/airflow/dags/dag_final_project.py took 0.396 seconds
[2023-08-02 06:41:59,462] {processor.py:153} INFO - Started process (PID=884) to work on /opt/airflow/dags/dag_final_project.py
[2023-08-02 06:41:59,463] {processor.py:641} INFO - Processing file /opt/airflow/dags/dag_final_project.py for tasks to queue
[2023-08-02 06:41:59,465] {logging_mixin.py:115} INFO - [2023-08-02 06:41:59,464] {dagbag.py:507} INFO - Filling up the DagBag from /opt/airflow/dags/dag_final_project.py
[2023-08-02 06:41:59,823] {processor.py:651} INFO - DAG(s) dict_keys(['dag_final_project_digitalskola']) retrieved from /opt/airflow/dags/dag_final_project.py
[2023-08-02 06:41:59,834] {logging_mixin.py:115} INFO - [2023-08-02 06:41:59,833] {dag.py:2371} INFO - Sync 1 DAGs
[2023-08-02 06:41:59,856] {logging_mixin.py:115} INFO - [2023-08-02 06:41:59,856] {dag.py:2919} INFO - Setting next_dagrun for dag_final_project_digitalskola to 2023-08-02T00:00:00+00:00, run_after=2023-08-03T00:00:00+00:00
[2023-08-02 06:41:59,866] {processor.py:161} INFO - Processing /opt/airflow/dags/dag_final_project.py took 0.414 seconds
[2023-08-02 06:42:30,194] {processor.py:153} INFO - Started process (PID=917) to work on /opt/airflow/dags/dag_final_project.py
[2023-08-02 06:42:30,195] {processor.py:641} INFO - Processing file /opt/airflow/dags/dag_final_project.py for tasks to queue
[2023-08-02 06:42:30,196] {logging_mixin.py:115} INFO - [2023-08-02 06:42:30,196] {dagbag.py:507} INFO - Filling up the DagBag from /opt/airflow/dags/dag_final_project.py
[2023-08-02 06:42:30,544] {processor.py:651} INFO - DAG(s) dict_keys(['dag_final_project_digitalskola']) retrieved from /opt/airflow/dags/dag_final_project.py
[2023-08-02 06:42:30,555] {logging_mixin.py:115} INFO - [2023-08-02 06:42:30,554] {dag.py:2371} INFO - Sync 1 DAGs
[2023-08-02 06:42:30,574] {logging_mixin.py:115} INFO - [2023-08-02 06:42:30,573] {dag.py:2919} INFO - Setting next_dagrun for dag_final_project_digitalskola to 2023-08-02T00:00:00+00:00, run_after=2023-08-03T00:00:00+00:00
[2023-08-02 06:42:30,583] {processor.py:161} INFO - Processing /opt/airflow/dags/dag_final_project.py took 0.395 seconds
[2023-08-02 06:43:00,866] {processor.py:153} INFO - Started process (PID=950) to work on /opt/airflow/dags/dag_final_project.py
[2023-08-02 06:43:00,867] {processor.py:641} INFO - Processing file /opt/airflow/dags/dag_final_project.py for tasks to queue
[2023-08-02 06:43:00,868] {logging_mixin.py:115} INFO - [2023-08-02 06:43:00,868] {dagbag.py:507} INFO - Filling up the DagBag from /opt/airflow/dags/dag_final_project.py
[2023-08-02 06:43:01,230] {processor.py:651} INFO - DAG(s) dict_keys(['dag_final_project_digitalskola']) retrieved from /opt/airflow/dags/dag_final_project.py
[2023-08-02 06:43:01,248] {logging_mixin.py:115} INFO - [2023-08-02 06:43:01,247] {dag.py:2371} INFO - Sync 1 DAGs
[2023-08-02 06:43:01,279] {logging_mixin.py:115} INFO - [2023-08-02 06:43:01,279] {dag.py:2919} INFO - Setting next_dagrun for dag_final_project_digitalskola to 2023-08-02T00:00:00+00:00, run_after=2023-08-03T00:00:00+00:00
[2023-08-02 06:43:01,293] {processor.py:161} INFO - Processing /opt/airflow/dags/dag_final_project.py took 0.431 seconds
[2023-08-02 06:43:31,592] {processor.py:153} INFO - Started process (PID=983) to work on /opt/airflow/dags/dag_final_project.py
[2023-08-02 06:43:31,592] {processor.py:641} INFO - Processing file /opt/airflow/dags/dag_final_project.py for tasks to queue
[2023-08-02 06:43:31,593] {logging_mixin.py:115} INFO - [2023-08-02 06:43:31,593] {dagbag.py:507} INFO - Filling up the DagBag from /opt/airflow/dags/dag_final_project.py
[2023-08-02 06:43:31,942] {processor.py:651} INFO - DAG(s) dict_keys(['dag_final_project_digitalskola']) retrieved from /opt/airflow/dags/dag_final_project.py
[2023-08-02 06:43:31,953] {logging_mixin.py:115} INFO - [2023-08-02 06:43:31,952] {dag.py:2371} INFO - Sync 1 DAGs
[2023-08-02 06:43:31,972] {logging_mixin.py:115} INFO - [2023-08-02 06:43:31,972] {dag.py:2919} INFO - Setting next_dagrun for dag_final_project_digitalskola to 2023-08-02T00:00:00+00:00, run_after=2023-08-03T00:00:00+00:00
[2023-08-02 06:43:31,981] {processor.py:161} INFO - Processing /opt/airflow/dags/dag_final_project.py took 0.393 seconds
[2023-08-02 06:44:02,342] {processor.py:153} INFO - Started process (PID=1016) to work on /opt/airflow/dags/dag_final_project.py
[2023-08-02 06:44:02,343] {processor.py:641} INFO - Processing file /opt/airflow/dags/dag_final_project.py for tasks to queue
[2023-08-02 06:44:02,344] {logging_mixin.py:115} INFO - [2023-08-02 06:44:02,343] {dagbag.py:507} INFO - Filling up the DagBag from /opt/airflow/dags/dag_final_project.py
[2023-08-02 06:44:02,678] {processor.py:651} INFO - DAG(s) dict_keys(['dag_final_project_digitalskola']) retrieved from /opt/airflow/dags/dag_final_project.py
[2023-08-02 06:44:02,689] {logging_mixin.py:115} INFO - [2023-08-02 06:44:02,688] {dag.py:2371} INFO - Sync 1 DAGs
[2023-08-02 06:44:02,708] {logging_mixin.py:115} INFO - [2023-08-02 06:44:02,707] {dag.py:2919} INFO - Setting next_dagrun for dag_final_project_digitalskola to 2023-08-02T00:00:00+00:00, run_after=2023-08-03T00:00:00+00:00
[2023-08-02 06:44:02,721] {processor.py:161} INFO - Processing /opt/airflow/dags/dag_final_project.py took 0.386 seconds
[2023-08-02 06:44:33,043] {processor.py:153} INFO - Started process (PID=1049) to work on /opt/airflow/dags/dag_final_project.py
[2023-08-02 06:44:33,044] {processor.py:641} INFO - Processing file /opt/airflow/dags/dag_final_project.py for tasks to queue
[2023-08-02 06:44:33,044] {logging_mixin.py:115} INFO - [2023-08-02 06:44:33,044] {dagbag.py:507} INFO - Filling up the DagBag from /opt/airflow/dags/dag_final_project.py
[2023-08-02 06:44:33,383] {processor.py:651} INFO - DAG(s) dict_keys(['dag_final_project_digitalskola']) retrieved from /opt/airflow/dags/dag_final_project.py
[2023-08-02 06:44:33,394] {logging_mixin.py:115} INFO - [2023-08-02 06:44:33,394] {dag.py:2371} INFO - Sync 1 DAGs
[2023-08-02 06:44:33,416] {logging_mixin.py:115} INFO - [2023-08-02 06:44:33,416] {dag.py:2919} INFO - Setting next_dagrun for dag_final_project_digitalskola to 2023-08-02T00:00:00+00:00, run_after=2023-08-03T00:00:00+00:00
[2023-08-02 06:44:33,425] {processor.py:161} INFO - Processing /opt/airflow/dags/dag_final_project.py took 0.388 seconds
[2023-08-02 06:45:03,723] {processor.py:153} INFO - Started process (PID=1082) to work on /opt/airflow/dags/dag_final_project.py
[2023-08-02 06:45:03,725] {processor.py:641} INFO - Processing file /opt/airflow/dags/dag_final_project.py for tasks to queue
[2023-08-02 06:45:03,726] {logging_mixin.py:115} INFO - [2023-08-02 06:45:03,726] {dagbag.py:507} INFO - Filling up the DagBag from /opt/airflow/dags/dag_final_project.py
[2023-08-02 06:45:04,066] {processor.py:651} INFO - DAG(s) dict_keys(['dag_final_project_digitalskola']) retrieved from /opt/airflow/dags/dag_final_project.py
[2023-08-02 06:45:04,079] {logging_mixin.py:115} INFO - [2023-08-02 06:45:04,079] {dag.py:2371} INFO - Sync 1 DAGs
[2023-08-02 06:45:04,098] {logging_mixin.py:115} INFO - [2023-08-02 06:45:04,098] {dag.py:2919} INFO - Setting next_dagrun for dag_final_project_digitalskola to 2023-08-02T00:00:00+00:00, run_after=2023-08-03T00:00:00+00:00
[2023-08-02 06:45:04,108] {processor.py:161} INFO - Processing /opt/airflow/dags/dag_final_project.py took 0.391 seconds
[2023-08-02 06:45:34,419] {processor.py:153} INFO - Started process (PID=1115) to work on /opt/airflow/dags/dag_final_project.py
[2023-08-02 06:45:34,420] {processor.py:641} INFO - Processing file /opt/airflow/dags/dag_final_project.py for tasks to queue
[2023-08-02 06:45:34,421] {logging_mixin.py:115} INFO - [2023-08-02 06:45:34,421] {dagbag.py:507} INFO - Filling up the DagBag from /opt/airflow/dags/dag_final_project.py
[2023-08-02 06:45:34,785] {processor.py:651} INFO - DAG(s) dict_keys(['dag_final_project_digitalskola']) retrieved from /opt/airflow/dags/dag_final_project.py
[2023-08-02 06:45:34,798] {logging_mixin.py:115} INFO - [2023-08-02 06:45:34,798] {dag.py:2371} INFO - Sync 1 DAGs
[2023-08-02 06:45:34,821] {logging_mixin.py:115} INFO - [2023-08-02 06:45:34,821] {dag.py:2919} INFO - Setting next_dagrun for dag_final_project_digitalskola to 2023-08-02T00:00:00+00:00, run_after=2023-08-03T00:00:00+00:00
[2023-08-02 06:45:34,831] {processor.py:161} INFO - Processing /opt/airflow/dags/dag_final_project.py took 0.420 seconds
[2023-08-02 06:46:05,136] {processor.py:153} INFO - Started process (PID=1148) to work on /opt/airflow/dags/dag_final_project.py
[2023-08-02 06:46:05,138] {processor.py:641} INFO - Processing file /opt/airflow/dags/dag_final_project.py for tasks to queue
[2023-08-02 06:46:05,139] {logging_mixin.py:115} INFO - [2023-08-02 06:46:05,138] {dagbag.py:507} INFO - Filling up the DagBag from /opt/airflow/dags/dag_final_project.py
[2023-08-02 06:46:05,480] {processor.py:651} INFO - DAG(s) dict_keys(['dag_final_project_digitalskola']) retrieved from /opt/airflow/dags/dag_final_project.py
[2023-08-02 06:46:05,492] {logging_mixin.py:115} INFO - [2023-08-02 06:46:05,492] {dag.py:2371} INFO - Sync 1 DAGs
[2023-08-02 06:46:05,511] {logging_mixin.py:115} INFO - [2023-08-02 06:46:05,511] {dag.py:2919} INFO - Setting next_dagrun for dag_final_project_digitalskola to 2023-08-02T00:00:00+00:00, run_after=2023-08-03T00:00:00+00:00
[2023-08-02 06:46:05,521] {processor.py:161} INFO - Processing /opt/airflow/dags/dag_final_project.py took 0.391 seconds
[2023-08-02 06:46:35,837] {processor.py:153} INFO - Started process (PID=1181) to work on /opt/airflow/dags/dag_final_project.py
[2023-08-02 06:46:35,838] {processor.py:641} INFO - Processing file /opt/airflow/dags/dag_final_project.py for tasks to queue
[2023-08-02 06:46:35,839] {logging_mixin.py:115} INFO - [2023-08-02 06:46:35,839] {dagbag.py:507} INFO - Filling up the DagBag from /opt/airflow/dags/dag_final_project.py
[2023-08-02 06:46:36,197] {processor.py:651} INFO - DAG(s) dict_keys(['dag_final_project_digitalskola']) retrieved from /opt/airflow/dags/dag_final_project.py
[2023-08-02 06:46:36,208] {logging_mixin.py:115} INFO - [2023-08-02 06:46:36,208] {dag.py:2371} INFO - Sync 1 DAGs
[2023-08-02 06:46:36,229] {logging_mixin.py:115} INFO - [2023-08-02 06:46:36,229] {dag.py:2919} INFO - Setting next_dagrun for dag_final_project_digitalskola to 2023-08-02T00:00:00+00:00, run_after=2023-08-03T00:00:00+00:00
[2023-08-02 06:46:36,240] {processor.py:161} INFO - Processing /opt/airflow/dags/dag_final_project.py took 0.414 seconds
[2023-08-02 06:47:06,603] {processor.py:153} INFO - Started process (PID=1214) to work on /opt/airflow/dags/dag_final_project.py
[2023-08-02 06:47:06,604] {processor.py:641} INFO - Processing file /opt/airflow/dags/dag_final_project.py for tasks to queue
[2023-08-02 06:47:06,605] {logging_mixin.py:115} INFO - [2023-08-02 06:47:06,604] {dagbag.py:507} INFO - Filling up the DagBag from /opt/airflow/dags/dag_final_project.py
[2023-08-02 06:47:06,946] {processor.py:651} INFO - DAG(s) dict_keys(['dag_final_project_digitalskola']) retrieved from /opt/airflow/dags/dag_final_project.py
[2023-08-02 06:47:06,957] {logging_mixin.py:115} INFO - [2023-08-02 06:47:06,956] {dag.py:2371} INFO - Sync 1 DAGs
[2023-08-02 06:47:06,976] {logging_mixin.py:115} INFO - [2023-08-02 06:47:06,976] {dag.py:2919} INFO - Setting next_dagrun for dag_final_project_digitalskola to 2023-08-02T00:00:00+00:00, run_after=2023-08-03T00:00:00+00:00
[2023-08-02 06:47:06,987] {processor.py:161} INFO - Processing /opt/airflow/dags/dag_final_project.py took 0.393 seconds
[2023-08-02 06:47:37,290] {processor.py:153} INFO - Started process (PID=1247) to work on /opt/airflow/dags/dag_final_project.py
[2023-08-02 06:47:37,291] {processor.py:641} INFO - Processing file /opt/airflow/dags/dag_final_project.py for tasks to queue
[2023-08-02 06:47:37,292] {logging_mixin.py:115} INFO - [2023-08-02 06:47:37,292] {dagbag.py:507} INFO - Filling up the DagBag from /opt/airflow/dags/dag_final_project.py
[2023-08-02 06:47:37,636] {processor.py:651} INFO - DAG(s) dict_keys(['dag_final_project_digitalskola']) retrieved from /opt/airflow/dags/dag_final_project.py
[2023-08-02 06:47:37,650] {logging_mixin.py:115} INFO - [2023-08-02 06:47:37,649] {dag.py:2371} INFO - Sync 1 DAGs
[2023-08-02 06:47:37,671] {logging_mixin.py:115} INFO - [2023-08-02 06:47:37,671] {dag.py:2919} INFO - Setting next_dagrun for dag_final_project_digitalskola to 2023-08-02T00:00:00+00:00, run_after=2023-08-03T00:00:00+00:00
[2023-08-02 06:47:37,682] {processor.py:161} INFO - Processing /opt/airflow/dags/dag_final_project.py took 0.398 seconds
[2023-08-02 06:48:08,042] {processor.py:153} INFO - Started process (PID=1280) to work on /opt/airflow/dags/dag_final_project.py
[2023-08-02 06:48:08,043] {processor.py:641} INFO - Processing file /opt/airflow/dags/dag_final_project.py for tasks to queue
[2023-08-02 06:48:08,044] {logging_mixin.py:115} INFO - [2023-08-02 06:48:08,044] {dagbag.py:507} INFO - Filling up the DagBag from /opt/airflow/dags/dag_final_project.py
[2023-08-02 06:48:08,398] {processor.py:651} INFO - DAG(s) dict_keys(['dag_final_project_digitalskola']) retrieved from /opt/airflow/dags/dag_final_project.py
[2023-08-02 06:48:08,410] {logging_mixin.py:115} INFO - [2023-08-02 06:48:08,409] {dag.py:2371} INFO - Sync 1 DAGs
[2023-08-02 06:48:08,431] {logging_mixin.py:115} INFO - [2023-08-02 06:48:08,431] {dag.py:2919} INFO - Setting next_dagrun for dag_final_project_digitalskola to 2023-08-02T00:00:00+00:00, run_after=2023-08-03T00:00:00+00:00
[2023-08-02 06:48:08,441] {processor.py:161} INFO - Processing /opt/airflow/dags/dag_final_project.py took 0.409 seconds
[2023-08-02 06:48:38,757] {processor.py:153} INFO - Started process (PID=1313) to work on /opt/airflow/dags/dag_final_project.py
[2023-08-02 06:48:38,758] {processor.py:641} INFO - Processing file /opt/airflow/dags/dag_final_project.py for tasks to queue
[2023-08-02 06:48:38,759] {logging_mixin.py:115} INFO - [2023-08-02 06:48:38,758] {dagbag.py:507} INFO - Filling up the DagBag from /opt/airflow/dags/dag_final_project.py
[2023-08-02 06:48:39,100] {processor.py:651} INFO - DAG(s) dict_keys(['dag_final_project_digitalskola']) retrieved from /opt/airflow/dags/dag_final_project.py
[2023-08-02 06:48:39,111] {logging_mixin.py:115} INFO - [2023-08-02 06:48:39,111] {dag.py:2371} INFO - Sync 1 DAGs
[2023-08-02 06:48:39,131] {logging_mixin.py:115} INFO - [2023-08-02 06:48:39,131] {dag.py:2919} INFO - Setting next_dagrun for dag_final_project_digitalskola to 2023-08-02T00:00:00+00:00, run_after=2023-08-03T00:00:00+00:00
[2023-08-02 06:48:39,142] {processor.py:161} INFO - Processing /opt/airflow/dags/dag_final_project.py took 0.396 seconds
[2023-08-02 06:49:09,457] {processor.py:153} INFO - Started process (PID=1346) to work on /opt/airflow/dags/dag_final_project.py
[2023-08-02 06:49:09,459] {processor.py:641} INFO - Processing file /opt/airflow/dags/dag_final_project.py for tasks to queue
[2023-08-02 06:49:09,460] {logging_mixin.py:115} INFO - [2023-08-02 06:49:09,460] {dagbag.py:507} INFO - Filling up the DagBag from /opt/airflow/dags/dag_final_project.py
[2023-08-02 06:49:09,821] {processor.py:651} INFO - DAG(s) dict_keys(['dag_final_project_digitalskola']) retrieved from /opt/airflow/dags/dag_final_project.py
[2023-08-02 06:49:09,834] {logging_mixin.py:115} INFO - [2023-08-02 06:49:09,834] {dag.py:2371} INFO - Sync 1 DAGs
[2023-08-02 06:49:09,855] {logging_mixin.py:115} INFO - [2023-08-02 06:49:09,855] {dag.py:2919} INFO - Setting next_dagrun for dag_final_project_digitalskola to 2023-08-02T00:00:00+00:00, run_after=2023-08-03T00:00:00+00:00
[2023-08-02 06:49:09,864] {processor.py:161} INFO - Processing /opt/airflow/dags/dag_final_project.py took 0.422 seconds
[2023-08-02 06:49:40,215] {processor.py:153} INFO - Started process (PID=1379) to work on /opt/airflow/dags/dag_final_project.py
[2023-08-02 06:49:40,215] {processor.py:641} INFO - Processing file /opt/airflow/dags/dag_final_project.py for tasks to queue
[2023-08-02 06:49:40,216] {logging_mixin.py:115} INFO - [2023-08-02 06:49:40,216] {dagbag.py:507} INFO - Filling up the DagBag from /opt/airflow/dags/dag_final_project.py
[2023-08-02 06:49:40,564] {processor.py:651} INFO - DAG(s) dict_keys(['dag_final_project_digitalskola']) retrieved from /opt/airflow/dags/dag_final_project.py
[2023-08-02 06:49:40,575] {logging_mixin.py:115} INFO - [2023-08-02 06:49:40,574] {dag.py:2371} INFO - Sync 1 DAGs
[2023-08-02 06:49:40,596] {logging_mixin.py:115} INFO - [2023-08-02 06:49:40,595] {dag.py:2919} INFO - Setting next_dagrun for dag_final_project_digitalskola to 2023-08-02T00:00:00+00:00, run_after=2023-08-03T00:00:00+00:00
[2023-08-02 06:49:40,605] {processor.py:161} INFO - Processing /opt/airflow/dags/dag_final_project.py took 0.403 seconds
[2023-08-02 06:50:10,926] {processor.py:153} INFO - Started process (PID=1412) to work on /opt/airflow/dags/dag_final_project.py
[2023-08-02 06:50:10,927] {processor.py:641} INFO - Processing file /opt/airflow/dags/dag_final_project.py for tasks to queue
[2023-08-02 06:50:10,927] {logging_mixin.py:115} INFO - [2023-08-02 06:50:10,927] {dagbag.py:507} INFO - Filling up the DagBag from /opt/airflow/dags/dag_final_project.py
[2023-08-02 06:50:11,287] {processor.py:651} INFO - DAG(s) dict_keys(['dag_final_project_digitalskola']) retrieved from /opt/airflow/dags/dag_final_project.py
[2023-08-02 06:50:11,296] {logging_mixin.py:115} INFO - [2023-08-02 06:50:11,296] {dag.py:2371} INFO - Sync 1 DAGs
[2023-08-02 06:50:11,320] {logging_mixin.py:115} INFO - [2023-08-02 06:50:11,320] {dag.py:2919} INFO - Setting next_dagrun for dag_final_project_digitalskola to 2023-08-02T00:00:00+00:00, run_after=2023-08-03T00:00:00+00:00
[2023-08-02 06:50:11,329] {processor.py:161} INFO - Processing /opt/airflow/dags/dag_final_project.py took 0.419 seconds
[2023-08-02 06:50:41,671] {processor.py:153} INFO - Started process (PID=1445) to work on /opt/airflow/dags/dag_final_project.py
[2023-08-02 06:50:41,672] {processor.py:641} INFO - Processing file /opt/airflow/dags/dag_final_project.py for tasks to queue
[2023-08-02 06:50:41,673] {logging_mixin.py:115} INFO - [2023-08-02 06:50:41,673] {dagbag.py:507} INFO - Filling up the DagBag from /opt/airflow/dags/dag_final_project.py
[2023-08-02 06:50:42,050] {processor.py:651} INFO - DAG(s) dict_keys(['dag_final_project_digitalskola']) retrieved from /opt/airflow/dags/dag_final_project.py
[2023-08-02 06:50:42,062] {logging_mixin.py:115} INFO - [2023-08-02 06:50:42,062] {dag.py:2371} INFO - Sync 1 DAGs
[2023-08-02 06:50:42,084] {logging_mixin.py:115} INFO - [2023-08-02 06:50:42,083] {dag.py:2919} INFO - Setting next_dagrun for dag_final_project_digitalskola to 2023-08-02T00:00:00+00:00, run_after=2023-08-03T00:00:00+00:00
[2023-08-02 06:50:42,094] {processor.py:161} INFO - Processing /opt/airflow/dags/dag_final_project.py took 0.433 seconds
[2023-08-02 06:51:12,382] {processor.py:153} INFO - Started process (PID=1478) to work on /opt/airflow/dags/dag_final_project.py
[2023-08-02 06:51:12,383] {processor.py:641} INFO - Processing file /opt/airflow/dags/dag_final_project.py for tasks to queue
[2023-08-02 06:51:12,384] {logging_mixin.py:115} INFO - [2023-08-02 06:51:12,384] {dagbag.py:507} INFO - Filling up the DagBag from /opt/airflow/dags/dag_final_project.py
[2023-08-02 06:51:12,720] {processor.py:651} INFO - DAG(s) dict_keys(['dag_final_project_digitalskola']) retrieved from /opt/airflow/dags/dag_final_project.py
[2023-08-02 06:51:12,731] {logging_mixin.py:115} INFO - [2023-08-02 06:51:12,730] {dag.py:2371} INFO - Sync 1 DAGs
[2023-08-02 06:51:12,753] {logging_mixin.py:115} INFO - [2023-08-02 06:51:12,753] {dag.py:2919} INFO - Setting next_dagrun for dag_final_project_digitalskola to 2023-08-02T00:00:00+00:00, run_after=2023-08-03T00:00:00+00:00
[2023-08-02 06:51:12,763] {processor.py:161} INFO - Processing /opt/airflow/dags/dag_final_project.py took 0.391 seconds
[2023-08-02 06:51:43,076] {processor.py:153} INFO - Started process (PID=1511) to work on /opt/airflow/dags/dag_final_project.py
[2023-08-02 06:51:43,078] {processor.py:641} INFO - Processing file /opt/airflow/dags/dag_final_project.py for tasks to queue
[2023-08-02 06:51:43,079] {logging_mixin.py:115} INFO - [2023-08-02 06:51:43,079] {dagbag.py:507} INFO - Filling up the DagBag from /opt/airflow/dags/dag_final_project.py
[2023-08-02 06:51:43,518] {processor.py:651} INFO - DAG(s) dict_keys(['dag_final_project_digitalskola']) retrieved from /opt/airflow/dags/dag_final_project.py
[2023-08-02 06:51:43,528] {logging_mixin.py:115} INFO - [2023-08-02 06:51:43,528] {dag.py:2371} INFO - Sync 1 DAGs
[2023-08-02 06:51:43,547] {logging_mixin.py:115} INFO - [2023-08-02 06:51:43,547] {dag.py:2919} INFO - Setting next_dagrun for dag_final_project_digitalskola to 2023-08-02T00:00:00+00:00, run_after=2023-08-03T00:00:00+00:00
[2023-08-02 06:51:43,557] {processor.py:161} INFO - Processing /opt/airflow/dags/dag_final_project.py took 0.487 seconds
[2023-08-02 06:52:13,841] {processor.py:153} INFO - Started process (PID=1544) to work on /opt/airflow/dags/dag_final_project.py
[2023-08-02 06:52:13,842] {processor.py:641} INFO - Processing file /opt/airflow/dags/dag_final_project.py for tasks to queue
[2023-08-02 06:52:13,843] {logging_mixin.py:115} INFO - [2023-08-02 06:52:13,843] {dagbag.py:507} INFO - Filling up the DagBag from /opt/airflow/dags/dag_final_project.py
[2023-08-02 06:52:14,212] {processor.py:651} INFO - DAG(s) dict_keys(['dag_final_project_digitalskola']) retrieved from /opt/airflow/dags/dag_final_project.py
[2023-08-02 06:52:14,223] {logging_mixin.py:115} INFO - [2023-08-02 06:52:14,222] {dag.py:2371} INFO - Sync 1 DAGs
[2023-08-02 06:52:14,244] {logging_mixin.py:115} INFO - [2023-08-02 06:52:14,244] {dag.py:2919} INFO - Setting next_dagrun for dag_final_project_digitalskola to 2023-08-02T00:00:00+00:00, run_after=2023-08-03T00:00:00+00:00
[2023-08-02 06:52:14,255] {processor.py:161} INFO - Processing /opt/airflow/dags/dag_final_project.py took 0.420 seconds
[2023-08-02 06:52:44,560] {processor.py:153} INFO - Started process (PID=1577) to work on /opt/airflow/dags/dag_final_project.py
[2023-08-02 06:52:44,561] {processor.py:641} INFO - Processing file /opt/airflow/dags/dag_final_project.py for tasks to queue
[2023-08-02 06:52:44,561] {logging_mixin.py:115} INFO - [2023-08-02 06:52:44,561] {dagbag.py:507} INFO - Filling up the DagBag from /opt/airflow/dags/dag_final_project.py
[2023-08-02 06:52:44,865] {processor.py:651} INFO - DAG(s) dict_keys(['dag_final_project_digitalskola']) retrieved from /opt/airflow/dags/dag_final_project.py
[2023-08-02 06:52:44,875] {logging_mixin.py:115} INFO - [2023-08-02 06:52:44,875] {dag.py:2371} INFO - Sync 1 DAGs
[2023-08-02 06:52:44,893] {logging_mixin.py:115} INFO - [2023-08-02 06:52:44,893] {dag.py:2919} INFO - Setting next_dagrun for dag_final_project_digitalskola to 2023-08-02T00:00:00+00:00, run_after=2023-08-03T00:00:00+00:00
[2023-08-02 06:52:44,903] {processor.py:161} INFO - Processing /opt/airflow/dags/dag_final_project.py took 0.345 seconds
[2023-08-02 06:53:15,201] {processor.py:153} INFO - Started process (PID=1610) to work on /opt/airflow/dags/dag_final_project.py
[2023-08-02 06:53:15,201] {processor.py:641} INFO - Processing file /opt/airflow/dags/dag_final_project.py for tasks to queue
[2023-08-02 06:53:15,202] {logging_mixin.py:115} INFO - [2023-08-02 06:53:15,202] {dagbag.py:507} INFO - Filling up the DagBag from /opt/airflow/dags/dag_final_project.py
[2023-08-02 06:53:15,539] {processor.py:651} INFO - DAG(s) dict_keys(['dag_final_project_digitalskola']) retrieved from /opt/airflow/dags/dag_final_project.py
[2023-08-02 06:53:15,551] {logging_mixin.py:115} INFO - [2023-08-02 06:53:15,550] {dag.py:2371} INFO - Sync 1 DAGs
[2023-08-02 06:53:15,570] {logging_mixin.py:115} INFO - [2023-08-02 06:53:15,570] {dag.py:2919} INFO - Setting next_dagrun for dag_final_project_digitalskola to 2023-08-02T00:00:00+00:00, run_after=2023-08-03T00:00:00+00:00
[2023-08-02 06:53:15,580] {processor.py:161} INFO - Processing /opt/airflow/dags/dag_final_project.py took 0.387 seconds
[2023-08-02 06:53:45,904] {processor.py:153} INFO - Started process (PID=1643) to work on /opt/airflow/dags/dag_final_project.py
[2023-08-02 06:53:45,905] {processor.py:641} INFO - Processing file /opt/airflow/dags/dag_final_project.py for tasks to queue
[2023-08-02 06:53:45,906] {logging_mixin.py:115} INFO - [2023-08-02 06:53:45,906] {dagbag.py:507} INFO - Filling up the DagBag from /opt/airflow/dags/dag_final_project.py
[2023-08-02 06:53:46,282] {processor.py:651} INFO - DAG(s) dict_keys(['dag_final_project_digitalskola']) retrieved from /opt/airflow/dags/dag_final_project.py
[2023-08-02 06:53:46,295] {logging_mixin.py:115} INFO - [2023-08-02 06:53:46,295] {dag.py:2371} INFO - Sync 1 DAGs
[2023-08-02 06:53:46,320] {logging_mixin.py:115} INFO - [2023-08-02 06:53:46,320] {dag.py:2919} INFO - Setting next_dagrun for dag_final_project_digitalskola to 2023-08-02T00:00:00+00:00, run_after=2023-08-03T00:00:00+00:00
[2023-08-02 06:53:46,331] {processor.py:161} INFO - Processing /opt/airflow/dags/dag_final_project.py took 0.430 seconds
[2023-08-02 06:54:16,614] {processor.py:153} INFO - Started process (PID=1676) to work on /opt/airflow/dags/dag_final_project.py
[2023-08-02 06:54:16,615] {processor.py:641} INFO - Processing file /opt/airflow/dags/dag_final_project.py for tasks to queue
[2023-08-02 06:54:16,616] {logging_mixin.py:115} INFO - [2023-08-02 06:54:16,615] {dagbag.py:507} INFO - Filling up the DagBag from /opt/airflow/dags/dag_final_project.py
[2023-08-02 06:54:16,968] {processor.py:651} INFO - DAG(s) dict_keys(['dag_final_project_digitalskola']) retrieved from /opt/airflow/dags/dag_final_project.py
[2023-08-02 06:54:16,978] {logging_mixin.py:115} INFO - [2023-08-02 06:54:16,977] {dag.py:2371} INFO - Sync 1 DAGs
[2023-08-02 06:54:17,008] {logging_mixin.py:115} INFO - [2023-08-02 06:54:17,008] {dag.py:2919} INFO - Setting next_dagrun for dag_final_project_digitalskola to 2023-08-02T00:00:00+00:00, run_after=2023-08-03T00:00:00+00:00
[2023-08-02 06:54:17,020] {processor.py:161} INFO - Processing /opt/airflow/dags/dag_final_project.py took 0.411 seconds
[2023-08-02 06:54:47,335] {processor.py:153} INFO - Started process (PID=1709) to work on /opt/airflow/dags/dag_final_project.py
[2023-08-02 06:54:47,336] {processor.py:641} INFO - Processing file /opt/airflow/dags/dag_final_project.py for tasks to queue
[2023-08-02 06:54:47,337] {logging_mixin.py:115} INFO - [2023-08-02 06:54:47,337] {dagbag.py:507} INFO - Filling up the DagBag from /opt/airflow/dags/dag_final_project.py
[2023-08-02 06:54:47,717] {processor.py:651} INFO - DAG(s) dict_keys(['dag_final_project_digitalskola']) retrieved from /opt/airflow/dags/dag_final_project.py
[2023-08-02 06:54:47,728] {logging_mixin.py:115} INFO - [2023-08-02 06:54:47,728] {dag.py:2371} INFO - Sync 1 DAGs
[2023-08-02 06:54:47,746] {logging_mixin.py:115} INFO - [2023-08-02 06:54:47,746] {dag.py:2919} INFO - Setting next_dagrun for dag_final_project_digitalskola to 2023-08-02T00:00:00+00:00, run_after=2023-08-03T00:00:00+00:00
[2023-08-02 06:54:47,756] {processor.py:161} INFO - Processing /opt/airflow/dags/dag_final_project.py took 0.427 seconds
[2023-08-02 06:55:18,053] {processor.py:153} INFO - Started process (PID=1742) to work on /opt/airflow/dags/dag_final_project.py
[2023-08-02 06:55:18,054] {processor.py:641} INFO - Processing file /opt/airflow/dags/dag_final_project.py for tasks to queue
[2023-08-02 06:55:18,054] {logging_mixin.py:115} INFO - [2023-08-02 06:55:18,054] {dagbag.py:507} INFO - Filling up the DagBag from /opt/airflow/dags/dag_final_project.py
[2023-08-02 06:55:18,404] {processor.py:651} INFO - DAG(s) dict_keys(['dag_final_project_digitalskola']) retrieved from /opt/airflow/dags/dag_final_project.py
[2023-08-02 06:55:18,414] {logging_mixin.py:115} INFO - [2023-08-02 06:55:18,414] {dag.py:2371} INFO - Sync 1 DAGs
[2023-08-02 06:55:18,435] {logging_mixin.py:115} INFO - [2023-08-02 06:55:18,434] {dag.py:2919} INFO - Setting next_dagrun for dag_final_project_digitalskola to 2023-08-02T00:00:00+00:00, run_after=2023-08-03T00:00:00+00:00
[2023-08-02 06:55:18,443] {processor.py:161} INFO - Processing /opt/airflow/dags/dag_final_project.py took 0.394 seconds
[2023-08-02 06:55:48,743] {processor.py:153} INFO - Started process (PID=1775) to work on /opt/airflow/dags/dag_final_project.py
[2023-08-02 06:55:48,744] {processor.py:641} INFO - Processing file /opt/airflow/dags/dag_final_project.py for tasks to queue
[2023-08-02 06:55:48,744] {logging_mixin.py:115} INFO - [2023-08-02 06:55:48,744] {dagbag.py:507} INFO - Filling up the DagBag from /opt/airflow/dags/dag_final_project.py
[2023-08-02 06:55:49,055] {processor.py:651} INFO - DAG(s) dict_keys(['dag_final_project_digitalskola']) retrieved from /opt/airflow/dags/dag_final_project.py
[2023-08-02 06:55:49,071] {logging_mixin.py:115} INFO - [2023-08-02 06:55:49,071] {dag.py:2371} INFO - Sync 1 DAGs
[2023-08-02 06:55:49,103] {logging_mixin.py:115} INFO - [2023-08-02 06:55:49,103] {dag.py:2919} INFO - Setting next_dagrun for dag_final_project_digitalskola to 2023-08-02T00:00:00+00:00, run_after=2023-08-03T00:00:00+00:00
[2023-08-02 06:55:49,111] {processor.py:161} INFO - Processing /opt/airflow/dags/dag_final_project.py took 0.371 seconds
[2023-08-02 06:56:19,431] {processor.py:153} INFO - Started process (PID=1808) to work on /opt/airflow/dags/dag_final_project.py
[2023-08-02 06:56:19,432] {processor.py:641} INFO - Processing file /opt/airflow/dags/dag_final_project.py for tasks to queue
[2023-08-02 06:56:19,433] {logging_mixin.py:115} INFO - [2023-08-02 06:56:19,432] {dagbag.py:507} INFO - Filling up the DagBag from /opt/airflow/dags/dag_final_project.py
[2023-08-02 06:56:19,875] {processor.py:651} INFO - DAG(s) dict_keys(['dag_final_project_digitalskola']) retrieved from /opt/airflow/dags/dag_final_project.py
[2023-08-02 06:56:19,890] {logging_mixin.py:115} INFO - [2023-08-02 06:56:19,890] {dag.py:2371} INFO - Sync 1 DAGs
[2023-08-02 06:56:19,909] {logging_mixin.py:115} INFO - [2023-08-02 06:56:19,909] {dag.py:2919} INFO - Setting next_dagrun for dag_final_project_digitalskola to 2023-08-02T00:00:00+00:00, run_after=2023-08-03T00:00:00+00:00
[2023-08-02 06:56:19,920] {processor.py:161} INFO - Processing /opt/airflow/dags/dag_final_project.py took 0.497 seconds
[2023-08-02 06:56:50,201] {processor.py:153} INFO - Started process (PID=1841) to work on /opt/airflow/dags/dag_final_project.py
[2023-08-02 06:56:50,201] {processor.py:641} INFO - Processing file /opt/airflow/dags/dag_final_project.py for tasks to queue
[2023-08-02 06:56:50,202] {logging_mixin.py:115} INFO - [2023-08-02 06:56:50,202] {dagbag.py:507} INFO - Filling up the DagBag from /opt/airflow/dags/dag_final_project.py
[2023-08-02 06:56:50,559] {processor.py:651} INFO - DAG(s) dict_keys(['dag_final_project_digitalskola']) retrieved from /opt/airflow/dags/dag_final_project.py
[2023-08-02 06:56:50,575] {logging_mixin.py:115} INFO - [2023-08-02 06:56:50,575] {dag.py:2371} INFO - Sync 1 DAGs
[2023-08-02 06:56:50,594] {logging_mixin.py:115} INFO - [2023-08-02 06:56:50,594] {dag.py:2919} INFO - Setting next_dagrun for dag_final_project_digitalskola to 2023-08-02T00:00:00+00:00, run_after=2023-08-03T00:00:00+00:00
[2023-08-02 06:56:50,604] {processor.py:161} INFO - Processing /opt/airflow/dags/dag_final_project.py took 0.406 seconds
[2023-08-02 06:57:20,931] {processor.py:153} INFO - Started process (PID=1874) to work on /opt/airflow/dags/dag_final_project.py
[2023-08-02 06:57:20,933] {processor.py:641} INFO - Processing file /opt/airflow/dags/dag_final_project.py for tasks to queue
[2023-08-02 06:57:20,935] {logging_mixin.py:115} INFO - [2023-08-02 06:57:20,935] {dagbag.py:507} INFO - Filling up the DagBag from /opt/airflow/dags/dag_final_project.py
[2023-08-02 06:57:21,254] {processor.py:651} INFO - DAG(s) dict_keys(['dag_final_project_digitalskola']) retrieved from /opt/airflow/dags/dag_final_project.py
[2023-08-02 06:57:21,264] {logging_mixin.py:115} INFO - [2023-08-02 06:57:21,264] {dag.py:2371} INFO - Sync 1 DAGs
[2023-08-02 06:57:21,290] {logging_mixin.py:115} INFO - [2023-08-02 06:57:21,290] {dag.py:2919} INFO - Setting next_dagrun for dag_final_project_digitalskola to 2023-08-02T00:00:00+00:00, run_after=2023-08-03T00:00:00+00:00
[2023-08-02 06:57:21,301] {processor.py:161} INFO - Processing /opt/airflow/dags/dag_final_project.py took 0.380 seconds
[2023-08-02 06:57:51,602] {processor.py:153} INFO - Started process (PID=1907) to work on /opt/airflow/dags/dag_final_project.py
[2023-08-02 06:57:51,603] {processor.py:641} INFO - Processing file /opt/airflow/dags/dag_final_project.py for tasks to queue
[2023-08-02 06:57:51,605] {logging_mixin.py:115} INFO - [2023-08-02 06:57:51,604] {dagbag.py:507} INFO - Filling up the DagBag from /opt/airflow/dags/dag_final_project.py
[2023-08-02 06:57:51,968] {processor.py:651} INFO - DAG(s) dict_keys(['dag_final_project_digitalskola']) retrieved from /opt/airflow/dags/dag_final_project.py
[2023-08-02 06:57:51,982] {logging_mixin.py:115} INFO - [2023-08-02 06:57:51,982] {dag.py:2371} INFO - Sync 1 DAGs
[2023-08-02 06:57:52,007] {logging_mixin.py:115} INFO - [2023-08-02 06:57:52,007] {dag.py:2919} INFO - Setting next_dagrun for dag_final_project_digitalskola to 2023-08-02T00:00:00+00:00, run_after=2023-08-03T00:00:00+00:00
[2023-08-02 06:57:52,018] {processor.py:161} INFO - Processing /opt/airflow/dags/dag_final_project.py took 0.426 seconds
[2023-08-02 06:58:22,315] {processor.py:153} INFO - Started process (PID=1940) to work on /opt/airflow/dags/dag_final_project.py
[2023-08-02 06:58:22,316] {processor.py:641} INFO - Processing file /opt/airflow/dags/dag_final_project.py for tasks to queue
[2023-08-02 06:58:22,318] {logging_mixin.py:115} INFO - [2023-08-02 06:58:22,317] {dagbag.py:507} INFO - Filling up the DagBag from /opt/airflow/dags/dag_final_project.py
[2023-08-02 06:58:22,656] {processor.py:651} INFO - DAG(s) dict_keys(['dag_final_project_digitalskola']) retrieved from /opt/airflow/dags/dag_final_project.py
[2023-08-02 06:58:22,667] {logging_mixin.py:115} INFO - [2023-08-02 06:58:22,667] {dag.py:2371} INFO - Sync 1 DAGs
[2023-08-02 06:58:22,687] {logging_mixin.py:115} INFO - [2023-08-02 06:58:22,687] {dag.py:2919} INFO - Setting next_dagrun for dag_final_project_digitalskola to 2023-08-02T00:00:00+00:00, run_after=2023-08-03T00:00:00+00:00
[2023-08-02 06:58:22,697] {processor.py:161} INFO - Processing /opt/airflow/dags/dag_final_project.py took 0.388 seconds
[2023-08-02 06:58:53,002] {processor.py:153} INFO - Started process (PID=1973) to work on /opt/airflow/dags/dag_final_project.py
[2023-08-02 06:58:53,003] {processor.py:641} INFO - Processing file /opt/airflow/dags/dag_final_project.py for tasks to queue
[2023-08-02 06:58:53,004] {logging_mixin.py:115} INFO - [2023-08-02 06:58:53,004] {dagbag.py:507} INFO - Filling up the DagBag from /opt/airflow/dags/dag_final_project.py
[2023-08-02 06:58:53,327] {processor.py:651} INFO - DAG(s) dict_keys(['dag_final_project_digitalskola']) retrieved from /opt/airflow/dags/dag_final_project.py
[2023-08-02 06:58:53,336] {logging_mixin.py:115} INFO - [2023-08-02 06:58:53,336] {dag.py:2371} INFO - Sync 1 DAGs
[2023-08-02 06:58:53,354] {logging_mixin.py:115} INFO - [2023-08-02 06:58:53,354] {dag.py:2919} INFO - Setting next_dagrun for dag_final_project_digitalskola to 2023-08-02T00:00:00+00:00, run_after=2023-08-03T00:00:00+00:00
[2023-08-02 06:58:53,365] {processor.py:161} INFO - Processing /opt/airflow/dags/dag_final_project.py took 0.369 seconds
[2023-08-02 06:59:23,701] {processor.py:153} INFO - Started process (PID=2006) to work on /opt/airflow/dags/dag_final_project.py
[2023-08-02 06:59:23,703] {processor.py:641} INFO - Processing file /opt/airflow/dags/dag_final_project.py for tasks to queue
[2023-08-02 06:59:23,705] {logging_mixin.py:115} INFO - [2023-08-02 06:59:23,704] {dagbag.py:507} INFO - Filling up the DagBag from /opt/airflow/dags/dag_final_project.py
[2023-08-02 06:59:24,025] {processor.py:651} INFO - DAG(s) dict_keys(['dag_final_project_digitalskola']) retrieved from /opt/airflow/dags/dag_final_project.py
[2023-08-02 06:59:24,035] {logging_mixin.py:115} INFO - [2023-08-02 06:59:24,035] {dag.py:2371} INFO - Sync 1 DAGs
[2023-08-02 06:59:24,056] {logging_mixin.py:115} INFO - [2023-08-02 06:59:24,056] {dag.py:2919} INFO - Setting next_dagrun for dag_final_project_digitalskola to 2023-08-02T00:00:00+00:00, run_after=2023-08-03T00:00:00+00:00
[2023-08-02 06:59:24,070] {processor.py:161} INFO - Processing /opt/airflow/dags/dag_final_project.py took 0.378 seconds
[2023-08-02 06:59:54,341] {processor.py:153} INFO - Started process (PID=2039) to work on /opt/airflow/dags/dag_final_project.py
[2023-08-02 06:59:54,341] {processor.py:641} INFO - Processing file /opt/airflow/dags/dag_final_project.py for tasks to queue
[2023-08-02 06:59:54,342] {logging_mixin.py:115} INFO - [2023-08-02 06:59:54,342] {dagbag.py:507} INFO - Filling up the DagBag from /opt/airflow/dags/dag_final_project.py
[2023-08-02 06:59:54,666] {processor.py:651} INFO - DAG(s) dict_keys(['dag_final_project_digitalskola']) retrieved from /opt/airflow/dags/dag_final_project.py
[2023-08-02 06:59:54,676] {logging_mixin.py:115} INFO - [2023-08-02 06:59:54,676] {dag.py:2371} INFO - Sync 1 DAGs
[2023-08-02 06:59:54,695] {logging_mixin.py:115} INFO - [2023-08-02 06:59:54,694] {dag.py:2919} INFO - Setting next_dagrun for dag_final_project_digitalskola to 2023-08-02T00:00:00+00:00, run_after=2023-08-03T00:00:00+00:00
[2023-08-02 06:59:54,703] {processor.py:161} INFO - Processing /opt/airflow/dags/dag_final_project.py took 0.366 seconds
[2023-08-02 07:00:51,771] {processor.py:153} INFO - Started process (PID=194) to work on /opt/airflow/dags/dag_final_project.py
[2023-08-02 07:00:51,772] {processor.py:641} INFO - Processing file /opt/airflow/dags/dag_final_project.py for tasks to queue
[2023-08-02 07:00:51,772] {logging_mixin.py:115} INFO - [2023-08-02 07:00:51,772] {dagbag.py:507} INFO - Filling up the DagBag from /opt/airflow/dags/dag_final_project.py
[2023-08-02 07:00:52,099] {processor.py:651} INFO - DAG(s) dict_keys(['dag_final_project_digitalskola']) retrieved from /opt/airflow/dags/dag_final_project.py
[2023-08-02 07:00:52,113] {logging_mixin.py:115} INFO - [2023-08-02 07:00:52,113] {dag.py:2371} INFO - Sync 1 DAGs
[2023-08-02 07:00:52,133] {logging_mixin.py:115} INFO - [2023-08-02 07:00:52,133] {dag.py:2919} INFO - Setting next_dagrun for dag_final_project_digitalskola to 2023-08-02T00:00:00+00:00, run_after=2023-08-03T00:00:00+00:00
[2023-08-02 07:00:52,143] {processor.py:161} INFO - Processing /opt/airflow/dags/dag_final_project.py took 0.374 seconds
[2023-08-02 07:01:22,602] {processor.py:153} INFO - Started process (PID=228) to work on /opt/airflow/dags/dag_final_project.py
[2023-08-02 07:01:22,603] {processor.py:641} INFO - Processing file /opt/airflow/dags/dag_final_project.py for tasks to queue
[2023-08-02 07:01:22,604] {logging_mixin.py:115} INFO - [2023-08-02 07:01:22,604] {dagbag.py:507} INFO - Filling up the DagBag from /opt/airflow/dags/dag_final_project.py
[2023-08-02 07:01:22,907] {processor.py:651} INFO - DAG(s) dict_keys(['dag_final_project_digitalskola']) retrieved from /opt/airflow/dags/dag_final_project.py
[2023-08-02 07:01:22,916] {logging_mixin.py:115} INFO - [2023-08-02 07:01:22,915] {dag.py:2371} INFO - Sync 1 DAGs
[2023-08-02 07:01:22,932] {logging_mixin.py:115} INFO - [2023-08-02 07:01:22,932] {dag.py:2919} INFO - Setting next_dagrun for dag_final_project_digitalskola to 2023-08-02T00:00:00+00:00, run_after=2023-08-03T00:00:00+00:00
[2023-08-02 07:01:22,940] {processor.py:161} INFO - Processing /opt/airflow/dags/dag_final_project.py took 0.343 seconds
[2023-08-02 07:01:53,097] {processor.py:153} INFO - Started process (PID=234) to work on /opt/airflow/dags/dag_final_project.py
[2023-08-02 07:01:53,099] {processor.py:641} INFO - Processing file /opt/airflow/dags/dag_final_project.py for tasks to queue
[2023-08-02 07:01:53,100] {logging_mixin.py:115} INFO - [2023-08-02 07:01:53,100] {dagbag.py:507} INFO - Filling up the DagBag from /opt/airflow/dags/dag_final_project.py
[2023-08-02 07:01:53,418] {processor.py:651} INFO - DAG(s) dict_keys(['dag_final_project_digitalskola']) retrieved from /opt/airflow/dags/dag_final_project.py
[2023-08-02 07:01:53,427] {logging_mixin.py:115} INFO - [2023-08-02 07:01:53,427] {dag.py:2371} INFO - Sync 1 DAGs
[2023-08-02 07:01:53,443] {logging_mixin.py:115} INFO - [2023-08-02 07:01:53,443] {dag.py:2919} INFO - Setting next_dagrun for dag_final_project_digitalskola to 2023-08-02T00:00:00+00:00, run_after=2023-08-03T00:00:00+00:00
[2023-08-02 07:01:53,452] {processor.py:161} INFO - Processing /opt/airflow/dags/dag_final_project.py took 0.364 seconds
[2023-08-02 07:02:23,588] {processor.py:153} INFO - Started process (PID=240) to work on /opt/airflow/dags/dag_final_project.py
[2023-08-02 07:02:23,589] {processor.py:641} INFO - Processing file /opt/airflow/dags/dag_final_project.py for tasks to queue
[2023-08-02 07:02:23,589] {logging_mixin.py:115} INFO - [2023-08-02 07:02:23,589] {dagbag.py:507} INFO - Filling up the DagBag from /opt/airflow/dags/dag_final_project.py
[2023-08-02 07:02:23,879] {processor.py:651} INFO - DAG(s) dict_keys(['dag_final_project_digitalskola']) retrieved from /opt/airflow/dags/dag_final_project.py
[2023-08-02 07:02:23,888] {logging_mixin.py:115} INFO - [2023-08-02 07:02:23,888] {dag.py:2371} INFO - Sync 1 DAGs
[2023-08-02 07:02:23,905] {logging_mixin.py:115} INFO - [2023-08-02 07:02:23,905] {dag.py:2919} INFO - Setting next_dagrun for dag_final_project_digitalskola to 2023-08-02T00:00:00+00:00, run_after=2023-08-03T00:00:00+00:00
[2023-08-02 07:02:23,913] {processor.py:161} INFO - Processing /opt/airflow/dags/dag_final_project.py took 0.327 seconds
[2023-08-02 07:02:54,064] {processor.py:153} INFO - Started process (PID=246) to work on /opt/airflow/dags/dag_final_project.py
[2023-08-02 07:02:54,065] {processor.py:641} INFO - Processing file /opt/airflow/dags/dag_final_project.py for tasks to queue
[2023-08-02 07:02:54,066] {logging_mixin.py:115} INFO - [2023-08-02 07:02:54,066] {dagbag.py:507} INFO - Filling up the DagBag from /opt/airflow/dags/dag_final_project.py
[2023-08-02 07:02:54,396] {processor.py:651} INFO - DAG(s) dict_keys(['dag_final_project_digitalskola']) retrieved from /opt/airflow/dags/dag_final_project.py
[2023-08-02 07:02:54,405] {logging_mixin.py:115} INFO - [2023-08-02 07:02:54,405] {dag.py:2371} INFO - Sync 1 DAGs
[2023-08-02 07:02:54,423] {logging_mixin.py:115} INFO - [2023-08-02 07:02:54,422] {dag.py:2919} INFO - Setting next_dagrun for dag_final_project_digitalskola to 2023-08-02T00:00:00+00:00, run_after=2023-08-03T00:00:00+00:00
[2023-08-02 07:02:54,431] {processor.py:161} INFO - Processing /opt/airflow/dags/dag_final_project.py took 0.377 seconds
[2023-08-02 07:03:24,586] {processor.py:153} INFO - Started process (PID=252) to work on /opt/airflow/dags/dag_final_project.py
[2023-08-02 07:03:24,588] {processor.py:641} INFO - Processing file /opt/airflow/dags/dag_final_project.py for tasks to queue
[2023-08-02 07:03:24,589] {logging_mixin.py:115} INFO - [2023-08-02 07:03:24,589] {dagbag.py:507} INFO - Filling up the DagBag from /opt/airflow/dags/dag_final_project.py
[2023-08-02 07:03:24,937] {processor.py:651} INFO - DAG(s) dict_keys(['dag_final_project_digitalskola']) retrieved from /opt/airflow/dags/dag_final_project.py
[2023-08-02 07:03:24,948] {logging_mixin.py:115} INFO - [2023-08-02 07:03:24,947] {dag.py:2371} INFO - Sync 1 DAGs
[2023-08-02 07:03:24,967] {logging_mixin.py:115} INFO - [2023-08-02 07:03:24,967] {dag.py:2919} INFO - Setting next_dagrun for dag_final_project_digitalskola to 2023-08-02T00:00:00+00:00, run_after=2023-08-03T00:00:00+00:00
[2023-08-02 07:03:24,975] {processor.py:161} INFO - Processing /opt/airflow/dags/dag_final_project.py took 0.397 seconds
[2023-08-02 07:03:55,146] {processor.py:153} INFO - Started process (PID=258) to work on /opt/airflow/dags/dag_final_project.py
[2023-08-02 07:03:55,147] {processor.py:641} INFO - Processing file /opt/airflow/dags/dag_final_project.py for tasks to queue
[2023-08-02 07:03:55,149] {logging_mixin.py:115} INFO - [2023-08-02 07:03:55,149] {dagbag.py:507} INFO - Filling up the DagBag from /opt/airflow/dags/dag_final_project.py
[2023-08-02 07:03:55,455] {processor.py:651} INFO - DAG(s) dict_keys(['dag_final_project_digitalskola']) retrieved from /opt/airflow/dags/dag_final_project.py
[2023-08-02 07:03:55,463] {logging_mixin.py:115} INFO - [2023-08-02 07:03:55,463] {dag.py:2371} INFO - Sync 1 DAGs
[2023-08-02 07:03:55,480] {logging_mixin.py:115} INFO - [2023-08-02 07:03:55,480] {dag.py:2919} INFO - Setting next_dagrun for dag_final_project_digitalskola to 2023-08-02T00:00:00+00:00, run_after=2023-08-03T00:00:00+00:00
[2023-08-02 07:03:55,488] {processor.py:161} INFO - Processing /opt/airflow/dags/dag_final_project.py took 0.352 seconds
[2023-08-02 07:04:25,649] {processor.py:153} INFO - Started process (PID=264) to work on /opt/airflow/dags/dag_final_project.py
[2023-08-02 07:04:25,651] {processor.py:641} INFO - Processing file /opt/airflow/dags/dag_final_project.py for tasks to queue
[2023-08-02 07:04:25,654] {logging_mixin.py:115} INFO - [2023-08-02 07:04:25,653] {dagbag.py:507} INFO - Filling up the DagBag from /opt/airflow/dags/dag_final_project.py
[2023-08-02 07:04:26,086] {processor.py:651} INFO - DAG(s) dict_keys(['dag_final_project_digitalskola']) retrieved from /opt/airflow/dags/dag_final_project.py
[2023-08-02 07:04:26,098] {logging_mixin.py:115} INFO - [2023-08-02 07:04:26,098] {dag.py:2371} INFO - Sync 1 DAGs
[2023-08-02 07:04:26,124] {logging_mixin.py:115} INFO - [2023-08-02 07:04:26,123] {dag.py:2919} INFO - Setting next_dagrun for dag_final_project_digitalskola to 2023-08-02T00:00:00+00:00, run_after=2023-08-03T00:00:00+00:00
[2023-08-02 07:04:26,133] {processor.py:161} INFO - Processing /opt/airflow/dags/dag_final_project.py took 0.496 seconds
[2023-08-02 07:04:56,257] {processor.py:153} INFO - Started process (PID=270) to work on /opt/airflow/dags/dag_final_project.py
[2023-08-02 07:04:56,258] {processor.py:641} INFO - Processing file /opt/airflow/dags/dag_final_project.py for tasks to queue
[2023-08-02 07:04:56,259] {logging_mixin.py:115} INFO - [2023-08-02 07:04:56,259] {dagbag.py:507} INFO - Filling up the DagBag from /opt/airflow/dags/dag_final_project.py
[2023-08-02 07:04:56,664] {processor.py:651} INFO - DAG(s) dict_keys(['dag_final_project_digitalskola']) retrieved from /opt/airflow/dags/dag_final_project.py
[2023-08-02 07:04:56,677] {logging_mixin.py:115} INFO - [2023-08-02 07:04:56,677] {dag.py:2371} INFO - Sync 1 DAGs
[2023-08-02 07:04:56,698] {logging_mixin.py:115} INFO - [2023-08-02 07:04:56,698] {dag.py:2919} INFO - Setting next_dagrun for dag_final_project_digitalskola to 2023-08-02T00:00:00+00:00, run_after=2023-08-03T00:00:00+00:00
[2023-08-02 07:04:56,710] {processor.py:161} INFO - Processing /opt/airflow/dags/dag_final_project.py took 0.456 seconds
[2023-08-02 07:05:26,824] {processor.py:153} INFO - Started process (PID=276) to work on /opt/airflow/dags/dag_final_project.py
[2023-08-02 07:05:26,825] {processor.py:641} INFO - Processing file /opt/airflow/dags/dag_final_project.py for tasks to queue
[2023-08-02 07:05:26,826] {logging_mixin.py:115} INFO - [2023-08-02 07:05:26,826] {dagbag.py:507} INFO - Filling up the DagBag from /opt/airflow/dags/dag_final_project.py
[2023-08-02 07:05:27,181] {processor.py:651} INFO - DAG(s) dict_keys(['dag_final_project_digitalskola']) retrieved from /opt/airflow/dags/dag_final_project.py
[2023-08-02 07:05:27,191] {logging_mixin.py:115} INFO - [2023-08-02 07:05:27,191] {dag.py:2371} INFO - Sync 1 DAGs
[2023-08-02 07:05:27,214] {logging_mixin.py:115} INFO - [2023-08-02 07:05:27,213] {dag.py:2919} INFO - Setting next_dagrun for dag_final_project_digitalskola to 2023-08-02T00:00:00+00:00, run_after=2023-08-03T00:00:00+00:00
[2023-08-02 07:05:27,225] {processor.py:161} INFO - Processing /opt/airflow/dags/dag_final_project.py took 0.406 seconds
[2023-08-02 07:05:57,330] {processor.py:153} INFO - Started process (PID=282) to work on /opt/airflow/dags/dag_final_project.py
[2023-08-02 07:05:57,330] {processor.py:641} INFO - Processing file /opt/airflow/dags/dag_final_project.py for tasks to queue
[2023-08-02 07:05:57,331] {logging_mixin.py:115} INFO - [2023-08-02 07:05:57,331] {dagbag.py:507} INFO - Filling up the DagBag from /opt/airflow/dags/dag_final_project.py
[2023-08-02 07:05:57,708] {processor.py:651} INFO - DAG(s) dict_keys(['dag_final_project_digitalskola']) retrieved from /opt/airflow/dags/dag_final_project.py
[2023-08-02 07:05:57,719] {logging_mixin.py:115} INFO - [2023-08-02 07:05:57,719] {dag.py:2371} INFO - Sync 1 DAGs
[2023-08-02 07:05:57,739] {logging_mixin.py:115} INFO - [2023-08-02 07:05:57,739] {dag.py:2919} INFO - Setting next_dagrun for dag_final_project_digitalskola to 2023-08-02T00:00:00+00:00, run_after=2023-08-03T00:00:00+00:00
[2023-08-02 07:05:57,752] {processor.py:161} INFO - Processing /opt/airflow/dags/dag_final_project.py took 0.427 seconds
[2023-08-02 07:06:27,868] {processor.py:153} INFO - Started process (PID=288) to work on /opt/airflow/dags/dag_final_project.py
[2023-08-02 07:06:27,869] {processor.py:641} INFO - Processing file /opt/airflow/dags/dag_final_project.py for tasks to queue
[2023-08-02 07:06:27,869] {logging_mixin.py:115} INFO - [2023-08-02 07:06:27,869] {dagbag.py:507} INFO - Filling up the DagBag from /opt/airflow/dags/dag_final_project.py
[2023-08-02 07:06:28,163] {processor.py:651} INFO - DAG(s) dict_keys(['dag_final_project_digitalskola']) retrieved from /opt/airflow/dags/dag_final_project.py
[2023-08-02 07:06:28,172] {logging_mixin.py:115} INFO - [2023-08-02 07:06:28,172] {dag.py:2371} INFO - Sync 1 DAGs
[2023-08-02 07:06:28,191] {logging_mixin.py:115} INFO - [2023-08-02 07:06:28,191] {dag.py:2919} INFO - Setting next_dagrun for dag_final_project_digitalskola to 2023-08-02T00:00:00+00:00, run_after=2023-08-03T00:00:00+00:00
[2023-08-02 07:06:28,199] {processor.py:161} INFO - Processing /opt/airflow/dags/dag_final_project.py took 0.336 seconds
[2023-08-02 07:06:58,290] {processor.py:153} INFO - Started process (PID=294) to work on /opt/airflow/dags/dag_final_project.py
[2023-08-02 07:06:58,291] {processor.py:641} INFO - Processing file /opt/airflow/dags/dag_final_project.py for tasks to queue
[2023-08-02 07:06:58,292] {logging_mixin.py:115} INFO - [2023-08-02 07:06:58,292] {dagbag.py:507} INFO - Filling up the DagBag from /opt/airflow/dags/dag_final_project.py
[2023-08-02 07:06:58,698] {processor.py:651} INFO - DAG(s) dict_keys(['dag_final_project_digitalskola']) retrieved from /opt/airflow/dags/dag_final_project.py
[2023-08-02 07:06:58,711] {logging_mixin.py:115} INFO - [2023-08-02 07:06:58,710] {dag.py:2371} INFO - Sync 1 DAGs
[2023-08-02 07:06:58,732] {logging_mixin.py:115} INFO - [2023-08-02 07:06:58,731] {dag.py:2919} INFO - Setting next_dagrun for dag_final_project_digitalskola to 2023-08-02T00:00:00+00:00, run_after=2023-08-03T00:00:00+00:00
[2023-08-02 07:06:58,741] {processor.py:161} INFO - Processing /opt/airflow/dags/dag_final_project.py took 0.455 seconds
[2023-08-02 07:07:28,857] {processor.py:153} INFO - Started process (PID=300) to work on /opt/airflow/dags/dag_final_project.py
[2023-08-02 07:07:28,859] {processor.py:641} INFO - Processing file /opt/airflow/dags/dag_final_project.py for tasks to queue
[2023-08-02 07:07:28,860] {logging_mixin.py:115} INFO - [2023-08-02 07:07:28,860] {dagbag.py:507} INFO - Filling up the DagBag from /opt/airflow/dags/dag_final_project.py
[2023-08-02 07:07:29,227] {processor.py:651} INFO - DAG(s) dict_keys(['dag_final_project_digitalskola']) retrieved from /opt/airflow/dags/dag_final_project.py
[2023-08-02 07:07:29,238] {logging_mixin.py:115} INFO - [2023-08-02 07:07:29,237] {dag.py:2371} INFO - Sync 1 DAGs
[2023-08-02 07:07:29,264] {logging_mixin.py:115} INFO - [2023-08-02 07:07:29,264] {dag.py:2919} INFO - Setting next_dagrun for dag_final_project_digitalskola to 2023-08-02T00:00:00+00:00, run_after=2023-08-03T00:00:00+00:00
[2023-08-02 07:07:29,276] {processor.py:161} INFO - Processing /opt/airflow/dags/dag_final_project.py took 0.429 seconds
[2023-08-02 07:07:59,371] {processor.py:153} INFO - Started process (PID=306) to work on /opt/airflow/dags/dag_final_project.py
[2023-08-02 07:07:59,371] {processor.py:641} INFO - Processing file /opt/airflow/dags/dag_final_project.py for tasks to queue
[2023-08-02 07:07:59,372] {logging_mixin.py:115} INFO - [2023-08-02 07:07:59,372] {dagbag.py:507} INFO - Filling up the DagBag from /opt/airflow/dags/dag_final_project.py
[2023-08-02 07:07:59,771] {processor.py:651} INFO - DAG(s) dict_keys(['dag_final_project_digitalskola']) retrieved from /opt/airflow/dags/dag_final_project.py
[2023-08-02 07:07:59,783] {logging_mixin.py:115} INFO - [2023-08-02 07:07:59,782] {dag.py:2371} INFO - Sync 1 DAGs
[2023-08-02 07:07:59,801] {logging_mixin.py:115} INFO - [2023-08-02 07:07:59,801] {dag.py:2919} INFO - Setting next_dagrun for dag_final_project_digitalskola to 2023-08-02T00:00:00+00:00, run_after=2023-08-03T00:00:00+00:00
[2023-08-02 07:07:59,811] {processor.py:161} INFO - Processing /opt/airflow/dags/dag_final_project.py took 0.444 seconds
[2023-08-02 07:08:29,922] {processor.py:153} INFO - Started process (PID=312) to work on /opt/airflow/dags/dag_final_project.py
[2023-08-02 07:08:29,924] {processor.py:641} INFO - Processing file /opt/airflow/dags/dag_final_project.py for tasks to queue
[2023-08-02 07:08:29,926] {logging_mixin.py:115} INFO - [2023-08-02 07:08:29,925] {dagbag.py:507} INFO - Filling up the DagBag from /opt/airflow/dags/dag_final_project.py
[2023-08-02 07:08:30,230] {processor.py:651} INFO - DAG(s) dict_keys(['dag_final_project_digitalskola']) retrieved from /opt/airflow/dags/dag_final_project.py
[2023-08-02 07:08:30,239] {logging_mixin.py:115} INFO - [2023-08-02 07:08:30,239] {dag.py:2371} INFO - Sync 1 DAGs
[2023-08-02 07:08:30,255] {logging_mixin.py:115} INFO - [2023-08-02 07:08:30,255] {dag.py:2919} INFO - Setting next_dagrun for dag_final_project_digitalskola to 2023-08-02T00:00:00+00:00, run_after=2023-08-03T00:00:00+00:00
[2023-08-02 07:08:30,262] {processor.py:161} INFO - Processing /opt/airflow/dags/dag_final_project.py took 0.350 seconds
[2023-08-02 07:09:00,350] {processor.py:153} INFO - Started process (PID=318) to work on /opt/airflow/dags/dag_final_project.py
[2023-08-02 07:09:00,351] {processor.py:641} INFO - Processing file /opt/airflow/dags/dag_final_project.py for tasks to queue
[2023-08-02 07:09:00,351] {logging_mixin.py:115} INFO - [2023-08-02 07:09:00,351] {dagbag.py:507} INFO - Filling up the DagBag from /opt/airflow/dags/dag_final_project.py
[2023-08-02 07:09:00,635] {processor.py:651} INFO - DAG(s) dict_keys(['dag_final_project_digitalskola']) retrieved from /opt/airflow/dags/dag_final_project.py
[2023-08-02 07:09:00,644] {logging_mixin.py:115} INFO - [2023-08-02 07:09:00,644] {dag.py:2371} INFO - Sync 1 DAGs
[2023-08-02 07:09:00,660] {logging_mixin.py:115} INFO - [2023-08-02 07:09:00,660] {dag.py:2919} INFO - Setting next_dagrun for dag_final_project_digitalskola to 2023-08-02T00:00:00+00:00, run_after=2023-08-03T00:00:00+00:00
[2023-08-02 07:09:00,667] {processor.py:161} INFO - Processing /opt/airflow/dags/dag_final_project.py took 0.320 seconds
[2023-08-02 07:09:30,773] {processor.py:153} INFO - Started process (PID=324) to work on /opt/airflow/dags/dag_final_project.py
[2023-08-02 07:09:30,774] {processor.py:641} INFO - Processing file /opt/airflow/dags/dag_final_project.py for tasks to queue
[2023-08-02 07:09:30,775] {logging_mixin.py:115} INFO - [2023-08-02 07:09:30,775] {dagbag.py:507} INFO - Filling up the DagBag from /opt/airflow/dags/dag_final_project.py
[2023-08-02 07:09:31,076] {processor.py:651} INFO - DAG(s) dict_keys(['dag_final_project_digitalskola']) retrieved from /opt/airflow/dags/dag_final_project.py
[2023-08-02 07:09:31,085] {logging_mixin.py:115} INFO - [2023-08-02 07:09:31,085] {dag.py:2371} INFO - Sync 1 DAGs
[2023-08-02 07:09:31,102] {logging_mixin.py:115} INFO - [2023-08-02 07:09:31,101] {dag.py:2919} INFO - Setting next_dagrun for dag_final_project_digitalskola to 2023-08-02T00:00:00+00:00, run_after=2023-08-03T00:00:00+00:00
[2023-08-02 07:09:31,109] {processor.py:161} INFO - Processing /opt/airflow/dags/dag_final_project.py took 0.341 seconds
[2023-08-02 07:10:01,224] {processor.py:153} INFO - Started process (PID=330) to work on /opt/airflow/dags/dag_final_project.py
[2023-08-02 07:10:01,225] {processor.py:641} INFO - Processing file /opt/airflow/dags/dag_final_project.py for tasks to queue
[2023-08-02 07:10:01,227] {logging_mixin.py:115} INFO - [2023-08-02 07:10:01,226] {dagbag.py:507} INFO - Filling up the DagBag from /opt/airflow/dags/dag_final_project.py
[2023-08-02 07:10:01,542] {processor.py:651} INFO - DAG(s) dict_keys(['dag_final_project_digitalskola']) retrieved from /opt/airflow/dags/dag_final_project.py
[2023-08-02 07:10:01,553] {logging_mixin.py:115} INFO - [2023-08-02 07:10:01,553] {dag.py:2371} INFO - Sync 1 DAGs
[2023-08-02 07:10:01,571] {logging_mixin.py:115} INFO - [2023-08-02 07:10:01,571] {dag.py:2919} INFO - Setting next_dagrun for dag_final_project_digitalskola to 2023-08-02T00:00:00+00:00, run_after=2023-08-03T00:00:00+00:00
[2023-08-02 07:10:01,581] {processor.py:161} INFO - Processing /opt/airflow/dags/dag_final_project.py took 0.367 seconds
[2023-08-02 07:10:31,677] {processor.py:153} INFO - Started process (PID=336) to work on /opt/airflow/dags/dag_final_project.py
[2023-08-02 07:10:31,677] {processor.py:641} INFO - Processing file /opt/airflow/dags/dag_final_project.py for tasks to queue
[2023-08-02 07:10:31,678] {logging_mixin.py:115} INFO - [2023-08-02 07:10:31,678] {dagbag.py:507} INFO - Filling up the DagBag from /opt/airflow/dags/dag_final_project.py
[2023-08-02 07:10:31,984] {processor.py:651} INFO - DAG(s) dict_keys(['dag_final_project_digitalskola']) retrieved from /opt/airflow/dags/dag_final_project.py
[2023-08-02 07:10:31,994] {logging_mixin.py:115} INFO - [2023-08-02 07:10:31,994] {dag.py:2371} INFO - Sync 1 DAGs
[2023-08-02 07:10:32,013] {logging_mixin.py:115} INFO - [2023-08-02 07:10:32,013] {dag.py:2919} INFO - Setting next_dagrun for dag_final_project_digitalskola to 2023-08-02T00:00:00+00:00, run_after=2023-08-03T00:00:00+00:00
[2023-08-02 07:10:32,021] {processor.py:161} INFO - Processing /opt/airflow/dags/dag_final_project.py took 0.346 seconds
[2023-08-02 07:11:02,166] {processor.py:153} INFO - Started process (PID=342) to work on /opt/airflow/dags/dag_final_project.py
[2023-08-02 07:11:02,167] {processor.py:641} INFO - Processing file /opt/airflow/dags/dag_final_project.py for tasks to queue
[2023-08-02 07:11:02,168] {logging_mixin.py:115} INFO - [2023-08-02 07:11:02,168] {dagbag.py:507} INFO - Filling up the DagBag from /opt/airflow/dags/dag_final_project.py
[2023-08-02 07:11:02,557] {processor.py:651} INFO - DAG(s) dict_keys(['dag_final_project_digitalskola']) retrieved from /opt/airflow/dags/dag_final_project.py
[2023-08-02 07:11:02,571] {logging_mixin.py:115} INFO - [2023-08-02 07:11:02,571] {dag.py:2371} INFO - Sync 1 DAGs
[2023-08-02 07:11:02,600] {logging_mixin.py:115} INFO - [2023-08-02 07:11:02,600] {dag.py:2919} INFO - Setting next_dagrun for dag_final_project_digitalskola to 2023-08-02T00:00:00+00:00, run_after=2023-08-03T00:00:00+00:00
[2023-08-02 07:11:02,610] {processor.py:161} INFO - Processing /opt/airflow/dags/dag_final_project.py took 0.452 seconds
[2023-08-02 07:11:32,704] {processor.py:153} INFO - Started process (PID=348) to work on /opt/airflow/dags/dag_final_project.py
[2023-08-02 07:11:32,705] {processor.py:641} INFO - Processing file /opt/airflow/dags/dag_final_project.py for tasks to queue
[2023-08-02 07:11:32,706] {logging_mixin.py:115} INFO - [2023-08-02 07:11:32,705] {dagbag.py:507} INFO - Filling up the DagBag from /opt/airflow/dags/dag_final_project.py
[2023-08-02 07:11:33,014] {processor.py:651} INFO - DAG(s) dict_keys(['dag_final_project_digitalskola']) retrieved from /opt/airflow/dags/dag_final_project.py
[2023-08-02 07:11:33,023] {logging_mixin.py:115} INFO - [2023-08-02 07:11:33,022] {dag.py:2371} INFO - Sync 1 DAGs
[2023-08-02 07:11:33,039] {logging_mixin.py:115} INFO - [2023-08-02 07:11:33,039] {dag.py:2919} INFO - Setting next_dagrun for dag_final_project_digitalskola to 2023-08-02T00:00:00+00:00, run_after=2023-08-03T00:00:00+00:00
[2023-08-02 07:11:33,046] {processor.py:161} INFO - Processing /opt/airflow/dags/dag_final_project.py took 0.344 seconds
[2023-08-02 07:12:03,138] {processor.py:153} INFO - Started process (PID=354) to work on /opt/airflow/dags/dag_final_project.py
[2023-08-02 07:12:03,139] {processor.py:641} INFO - Processing file /opt/airflow/dags/dag_final_project.py for tasks to queue
[2023-08-02 07:12:03,140] {logging_mixin.py:115} INFO - [2023-08-02 07:12:03,140] {dagbag.py:507} INFO - Filling up the DagBag from /opt/airflow/dags/dag_final_project.py
[2023-08-02 07:12:03,502] {processor.py:651} INFO - DAG(s) dict_keys(['dag_final_project_digitalskola']) retrieved from /opt/airflow/dags/dag_final_project.py
[2023-08-02 07:12:03,512] {logging_mixin.py:115} INFO - [2023-08-02 07:12:03,512] {dag.py:2371} INFO - Sync 1 DAGs
[2023-08-02 07:12:03,532] {logging_mixin.py:115} INFO - [2023-08-02 07:12:03,532] {dag.py:2919} INFO - Setting next_dagrun for dag_final_project_digitalskola to 2023-08-02T00:00:00+00:00, run_after=2023-08-03T00:00:00+00:00
[2023-08-02 07:12:03,541] {processor.py:161} INFO - Processing /opt/airflow/dags/dag_final_project.py took 0.406 seconds
[2023-08-02 07:12:33,649] {processor.py:153} INFO - Started process (PID=360) to work on /opt/airflow/dags/dag_final_project.py
[2023-08-02 07:12:33,651] {processor.py:641} INFO - Processing file /opt/airflow/dags/dag_final_project.py for tasks to queue
[2023-08-02 07:12:33,652] {logging_mixin.py:115} INFO - [2023-08-02 07:12:33,652] {dagbag.py:507} INFO - Filling up the DagBag from /opt/airflow/dags/dag_final_project.py
[2023-08-02 07:12:34,047] {processor.py:651} INFO - DAG(s) dict_keys(['dag_final_project_digitalskola']) retrieved from /opt/airflow/dags/dag_final_project.py
[2023-08-02 07:12:34,058] {logging_mixin.py:115} INFO - [2023-08-02 07:12:34,058] {dag.py:2371} INFO - Sync 1 DAGs
[2023-08-02 07:12:34,077] {logging_mixin.py:115} INFO - [2023-08-02 07:12:34,076] {dag.py:2919} INFO - Setting next_dagrun for dag_final_project_digitalskola to 2023-08-02T00:00:00+00:00, run_after=2023-08-03T00:00:00+00:00
[2023-08-02 07:12:34,084] {processor.py:161} INFO - Processing /opt/airflow/dags/dag_final_project.py took 0.445 seconds
[2023-08-02 07:13:04,208] {processor.py:153} INFO - Started process (PID=366) to work on /opt/airflow/dags/dag_final_project.py
[2023-08-02 07:13:04,210] {processor.py:641} INFO - Processing file /opt/airflow/dags/dag_final_project.py for tasks to queue
[2023-08-02 07:13:04,212] {logging_mixin.py:115} INFO - [2023-08-02 07:13:04,211] {dagbag.py:507} INFO - Filling up the DagBag from /opt/airflow/dags/dag_final_project.py
[2023-08-02 07:13:04,517] {processor.py:651} INFO - DAG(s) dict_keys(['dag_final_project_digitalskola']) retrieved from /opt/airflow/dags/dag_final_project.py
[2023-08-02 07:13:04,527] {logging_mixin.py:115} INFO - [2023-08-02 07:13:04,526] {dag.py:2371} INFO - Sync 1 DAGs
[2023-08-02 07:13:04,543] {logging_mixin.py:115} INFO - [2023-08-02 07:13:04,543] {dag.py:2919} INFO - Setting next_dagrun for dag_final_project_digitalskola to 2023-08-02T00:00:00+00:00, run_after=2023-08-03T00:00:00+00:00
[2023-08-02 07:13:04,551] {processor.py:161} INFO - Processing /opt/airflow/dags/dag_final_project.py took 0.353 seconds
[2023-08-02 07:13:34,665] {processor.py:153} INFO - Started process (PID=372) to work on /opt/airflow/dags/dag_final_project.py
[2023-08-02 07:13:34,666] {processor.py:641} INFO - Processing file /opt/airflow/dags/dag_final_project.py for tasks to queue
[2023-08-02 07:13:34,666] {logging_mixin.py:115} INFO - [2023-08-02 07:13:34,666] {dagbag.py:507} INFO - Filling up the DagBag from /opt/airflow/dags/dag_final_project.py
[2023-08-02 07:13:35,018] {processor.py:651} INFO - DAG(s) dict_keys(['dag_final_project_digitalskola']) retrieved from /opt/airflow/dags/dag_final_project.py
[2023-08-02 07:13:35,031] {logging_mixin.py:115} INFO - [2023-08-02 07:13:35,030] {dag.py:2371} INFO - Sync 1 DAGs
[2023-08-02 07:13:35,052] {logging_mixin.py:115} INFO - [2023-08-02 07:13:35,051] {dag.py:2919} INFO - Setting next_dagrun for dag_final_project_digitalskola to 2023-08-02T00:00:00+00:00, run_after=2023-08-03T00:00:00+00:00
[2023-08-02 07:13:35,059] {processor.py:161} INFO - Processing /opt/airflow/dags/dag_final_project.py took 0.403 seconds
[2023-08-02 07:14:05,152] {processor.py:153} INFO - Started process (PID=378) to work on /opt/airflow/dags/dag_final_project.py
[2023-08-02 07:14:05,153] {processor.py:641} INFO - Processing file /opt/airflow/dags/dag_final_project.py for tasks to queue
[2023-08-02 07:14:05,153] {logging_mixin.py:115} INFO - [2023-08-02 07:14:05,153] {dagbag.py:507} INFO - Filling up the DagBag from /opt/airflow/dags/dag_final_project.py
[2023-08-02 07:14:05,520] {processor.py:651} INFO - DAG(s) dict_keys(['dag_final_project_digitalskola']) retrieved from /opt/airflow/dags/dag_final_project.py
[2023-08-02 07:14:05,536] {logging_mixin.py:115} INFO - [2023-08-02 07:14:05,535] {dag.py:2371} INFO - Sync 1 DAGs
[2023-08-02 07:14:05,559] {logging_mixin.py:115} INFO - [2023-08-02 07:14:05,558] {dag.py:2919} INFO - Setting next_dagrun for dag_final_project_digitalskola to 2023-08-02T00:00:00+00:00, run_after=2023-08-03T00:00:00+00:00
[2023-08-02 07:14:05,567] {processor.py:161} INFO - Processing /opt/airflow/dags/dag_final_project.py took 0.419 seconds
[2023-08-02 07:14:35,656] {processor.py:153} INFO - Started process (PID=384) to work on /opt/airflow/dags/dag_final_project.py
[2023-08-02 07:14:35,657] {processor.py:641} INFO - Processing file /opt/airflow/dags/dag_final_project.py for tasks to queue
[2023-08-02 07:14:35,657] {logging_mixin.py:115} INFO - [2023-08-02 07:14:35,657] {dagbag.py:507} INFO - Filling up the DagBag from /opt/airflow/dags/dag_final_project.py
[2023-08-02 07:14:35,989] {processor.py:651} INFO - DAG(s) dict_keys(['dag_final_project_digitalskola']) retrieved from /opt/airflow/dags/dag_final_project.py
[2023-08-02 07:14:36,000] {logging_mixin.py:115} INFO - [2023-08-02 07:14:36,000] {dag.py:2371} INFO - Sync 1 DAGs
[2023-08-02 07:14:36,019] {logging_mixin.py:115} INFO - [2023-08-02 07:14:36,019] {dag.py:2919} INFO - Setting next_dagrun for dag_final_project_digitalskola to 2023-08-02T00:00:00+00:00, run_after=2023-08-03T00:00:00+00:00
[2023-08-02 07:14:36,028] {processor.py:161} INFO - Processing /opt/airflow/dags/dag_final_project.py took 0.375 seconds
[2023-08-02 07:15:06,128] {processor.py:153} INFO - Started process (PID=390) to work on /opt/airflow/dags/dag_final_project.py
[2023-08-02 07:15:06,129] {processor.py:641} INFO - Processing file /opt/airflow/dags/dag_final_project.py for tasks to queue
[2023-08-02 07:15:06,129] {logging_mixin.py:115} INFO - [2023-08-02 07:15:06,129] {dagbag.py:507} INFO - Filling up the DagBag from /opt/airflow/dags/dag_final_project.py
[2023-08-02 07:15:06,439] {processor.py:651} INFO - DAG(s) dict_keys(['dag_final_project_digitalskola']) retrieved from /opt/airflow/dags/dag_final_project.py
[2023-08-02 07:15:06,448] {logging_mixin.py:115} INFO - [2023-08-02 07:15:06,448] {dag.py:2371} INFO - Sync 1 DAGs
[2023-08-02 07:15:06,464] {logging_mixin.py:115} INFO - [2023-08-02 07:15:06,464] {dag.py:2919} INFO - Setting next_dagrun for dag_final_project_digitalskola to 2023-08-02T00:00:00+00:00, run_after=2023-08-03T00:00:00+00:00
[2023-08-02 07:15:06,471] {processor.py:161} INFO - Processing /opt/airflow/dags/dag_final_project.py took 0.346 seconds
