[2023-08-02 06:31:14,324] {processor.py:153} INFO - Started process (PID=202) to work on /opt/airflow/dags/sample_connection.py
[2023-08-02 06:31:14,325] {processor.py:641} INFO - Processing file /opt/airflow/dags/sample_connection.py for tasks to queue
[2023-08-02 06:31:14,325] {logging_mixin.py:115} INFO - [2023-08-02 06:31:14,325] {dagbag.py:507} INFO - Filling up the DagBag from /opt/airflow/dags/sample_connection.py
[2023-08-02 06:31:14,656] {processor.py:651} INFO - DAG(s) dict_keys(['sample_connection']) retrieved from /opt/airflow/dags/sample_connection.py
[2023-08-02 06:31:14,674] {logging_mixin.py:115} INFO - [2023-08-02 06:31:14,673] {dag.py:2371} INFO - Sync 1 DAGs
[2023-08-02 06:31:14,694] {logging_mixin.py:115} INFO - [2023-08-02 06:31:14,694] {dag.py:2919} INFO - Setting next_dagrun for sample_connection to 2023-07-31T23:00:00+00:00, run_after=2023-08-01T23:00:00+00:00
[2023-08-02 06:31:14,704] {processor.py:161} INFO - Processing /opt/airflow/dags/sample_connection.py took 0.383 seconds
[2023-08-02 06:31:45,458] {processor.py:153} INFO - Started process (PID=236) to work on /opt/airflow/dags/sample_connection.py
[2023-08-02 06:31:45,459] {processor.py:641} INFO - Processing file /opt/airflow/dags/sample_connection.py for tasks to queue
[2023-08-02 06:31:45,459] {logging_mixin.py:115} INFO - [2023-08-02 06:31:45,459] {dagbag.py:507} INFO - Filling up the DagBag from /opt/airflow/dags/sample_connection.py
[2023-08-02 06:31:45,870] {processor.py:651} INFO - DAG(s) dict_keys(['sample_connection']) retrieved from /opt/airflow/dags/sample_connection.py
[2023-08-02 06:31:45,888] {logging_mixin.py:115} INFO - [2023-08-02 06:31:45,888] {dag.py:2371} INFO - Sync 1 DAGs
[2023-08-02 06:31:45,913] {logging_mixin.py:115} INFO - [2023-08-02 06:31:45,912] {dag.py:2919} INFO - Setting next_dagrun for sample_connection to 2023-07-31T23:00:00+00:00, run_after=2023-08-01T23:00:00+00:00
[2023-08-02 06:31:45,928] {processor.py:161} INFO - Processing /opt/airflow/dags/sample_connection.py took 0.473 seconds
[2023-08-02 06:32:16,519] {processor.py:153} INFO - Started process (PID=282) to work on /opt/airflow/dags/sample_connection.py
[2023-08-02 06:32:16,519] {processor.py:641} INFO - Processing file /opt/airflow/dags/sample_connection.py for tasks to queue
[2023-08-02 06:32:16,520] {logging_mixin.py:115} INFO - [2023-08-02 06:32:16,519] {dagbag.py:507} INFO - Filling up the DagBag from /opt/airflow/dags/sample_connection.py
[2023-08-02 06:32:16,886] {processor.py:651} INFO - DAG(s) dict_keys(['sample_connection']) retrieved from /opt/airflow/dags/sample_connection.py
[2023-08-02 06:32:16,906] {logging_mixin.py:115} INFO - [2023-08-02 06:32:16,906] {dag.py:2371} INFO - Sync 1 DAGs
[2023-08-02 06:32:16,930] {logging_mixin.py:115} INFO - [2023-08-02 06:32:16,930] {dag.py:2919} INFO - Setting next_dagrun for sample_connection to 2023-07-31T23:00:00+00:00, run_after=2023-08-01T23:00:00+00:00
[2023-08-02 06:32:16,940] {processor.py:161} INFO - Processing /opt/airflow/dags/sample_connection.py took 0.424 seconds
[2023-08-02 06:32:47,234] {processor.py:153} INFO - Started process (PID=317) to work on /opt/airflow/dags/sample_connection.py
[2023-08-02 06:32:47,234] {processor.py:641} INFO - Processing file /opt/airflow/dags/sample_connection.py for tasks to queue
[2023-08-02 06:32:47,235] {logging_mixin.py:115} INFO - [2023-08-02 06:32:47,235] {dagbag.py:507} INFO - Filling up the DagBag from /opt/airflow/dags/sample_connection.py
[2023-08-02 06:32:47,578] {processor.py:651} INFO - DAG(s) dict_keys(['sample_connection']) retrieved from /opt/airflow/dags/sample_connection.py
[2023-08-02 06:32:47,594] {logging_mixin.py:115} INFO - [2023-08-02 06:32:47,593] {dag.py:2371} INFO - Sync 1 DAGs
[2023-08-02 06:32:47,611] {logging_mixin.py:115} INFO - [2023-08-02 06:32:47,611] {dag.py:2919} INFO - Setting next_dagrun for sample_connection to 2023-07-31T23:00:00+00:00, run_after=2023-08-01T23:00:00+00:00
[2023-08-02 06:32:47,620] {processor.py:161} INFO - Processing /opt/airflow/dags/sample_connection.py took 0.389 seconds
[2023-08-02 06:33:17,927] {processor.py:153} INFO - Started process (PID=348) to work on /opt/airflow/dags/sample_connection.py
[2023-08-02 06:33:17,928] {processor.py:641} INFO - Processing file /opt/airflow/dags/sample_connection.py for tasks to queue
[2023-08-02 06:33:17,928] {logging_mixin.py:115} INFO - [2023-08-02 06:33:17,928] {dagbag.py:507} INFO - Filling up the DagBag from /opt/airflow/dags/sample_connection.py
[2023-08-02 06:33:18,305] {processor.py:651} INFO - DAG(s) dict_keys(['sample_connection']) retrieved from /opt/airflow/dags/sample_connection.py
[2023-08-02 06:33:18,321] {logging_mixin.py:115} INFO - [2023-08-02 06:33:18,320] {dag.py:2371} INFO - Sync 1 DAGs
[2023-08-02 06:33:18,343] {logging_mixin.py:115} INFO - [2023-08-02 06:33:18,343] {dag.py:2919} INFO - Setting next_dagrun for sample_connection to 2023-07-31T23:00:00+00:00, run_after=2023-08-01T23:00:00+00:00
[2023-08-02 06:33:18,353] {processor.py:161} INFO - Processing /opt/airflow/dags/sample_connection.py took 0.429 seconds
[2023-08-02 06:33:48,589] {processor.py:153} INFO - Started process (PID=381) to work on /opt/airflow/dags/sample_connection.py
[2023-08-02 06:33:48,590] {processor.py:641} INFO - Processing file /opt/airflow/dags/sample_connection.py for tasks to queue
[2023-08-02 06:33:48,590] {logging_mixin.py:115} INFO - [2023-08-02 06:33:48,590] {dagbag.py:507} INFO - Filling up the DagBag from /opt/airflow/dags/sample_connection.py
[2023-08-02 06:33:48,921] {processor.py:651} INFO - DAG(s) dict_keys(['sample_connection']) retrieved from /opt/airflow/dags/sample_connection.py
[2023-08-02 06:33:48,938] {logging_mixin.py:115} INFO - [2023-08-02 06:33:48,938] {dag.py:2371} INFO - Sync 1 DAGs
[2023-08-02 06:33:48,959] {logging_mixin.py:115} INFO - [2023-08-02 06:33:48,958] {dag.py:2919} INFO - Setting next_dagrun for sample_connection to 2023-07-31T23:00:00+00:00, run_after=2023-08-01T23:00:00+00:00
[2023-08-02 06:33:48,967] {processor.py:161} INFO - Processing /opt/airflow/dags/sample_connection.py took 0.380 seconds
[2023-08-02 06:34:19,343] {processor.py:153} INFO - Started process (PID=414) to work on /opt/airflow/dags/sample_connection.py
[2023-08-02 06:34:19,344] {processor.py:641} INFO - Processing file /opt/airflow/dags/sample_connection.py for tasks to queue
[2023-08-02 06:34:19,345] {logging_mixin.py:115} INFO - [2023-08-02 06:34:19,345] {dagbag.py:507} INFO - Filling up the DagBag from /opt/airflow/dags/sample_connection.py
[2023-08-02 06:34:19,676] {processor.py:651} INFO - DAG(s) dict_keys(['sample_connection']) retrieved from /opt/airflow/dags/sample_connection.py
[2023-08-02 06:34:19,693] {logging_mixin.py:115} INFO - [2023-08-02 06:34:19,693] {dag.py:2371} INFO - Sync 1 DAGs
[2023-08-02 06:34:19,714] {logging_mixin.py:115} INFO - [2023-08-02 06:34:19,714] {dag.py:2919} INFO - Setting next_dagrun for sample_connection to 2023-07-31T23:00:00+00:00, run_after=2023-08-01T23:00:00+00:00
[2023-08-02 06:34:19,723] {processor.py:161} INFO - Processing /opt/airflow/dags/sample_connection.py took 0.383 seconds
[2023-08-02 06:34:50,085] {processor.py:153} INFO - Started process (PID=447) to work on /opt/airflow/dags/sample_connection.py
[2023-08-02 06:34:50,085] {processor.py:641} INFO - Processing file /opt/airflow/dags/sample_connection.py for tasks to queue
[2023-08-02 06:34:50,086] {logging_mixin.py:115} INFO - [2023-08-02 06:34:50,086] {dagbag.py:507} INFO - Filling up the DagBag from /opt/airflow/dags/sample_connection.py
[2023-08-02 06:34:50,426] {processor.py:651} INFO - DAG(s) dict_keys(['sample_connection']) retrieved from /opt/airflow/dags/sample_connection.py
[2023-08-02 06:34:50,443] {logging_mixin.py:115} INFO - [2023-08-02 06:34:50,443] {dag.py:2371} INFO - Sync 1 DAGs
[2023-08-02 06:34:50,465] {logging_mixin.py:115} INFO - [2023-08-02 06:34:50,465] {dag.py:2919} INFO - Setting next_dagrun for sample_connection to 2023-07-31T23:00:00+00:00, run_after=2023-08-01T23:00:00+00:00
[2023-08-02 06:34:50,480] {processor.py:161} INFO - Processing /opt/airflow/dags/sample_connection.py took 0.397 seconds
[2023-08-02 06:35:20,752] {processor.py:153} INFO - Started process (PID=480) to work on /opt/airflow/dags/sample_connection.py
[2023-08-02 06:35:20,754] {processor.py:641} INFO - Processing file /opt/airflow/dags/sample_connection.py for tasks to queue
[2023-08-02 06:35:20,754] {logging_mixin.py:115} INFO - [2023-08-02 06:35:20,754] {dagbag.py:507} INFO - Filling up the DagBag from /opt/airflow/dags/sample_connection.py
[2023-08-02 06:35:21,066] {processor.py:651} INFO - DAG(s) dict_keys(['sample_connection']) retrieved from /opt/airflow/dags/sample_connection.py
[2023-08-02 06:35:21,082] {logging_mixin.py:115} INFO - [2023-08-02 06:35:21,082] {dag.py:2371} INFO - Sync 1 DAGs
[2023-08-02 06:35:21,101] {logging_mixin.py:115} INFO - [2023-08-02 06:35:21,101] {dag.py:2919} INFO - Setting next_dagrun for sample_connection to 2023-07-31T23:00:00+00:00, run_after=2023-08-01T23:00:00+00:00
[2023-08-02 06:35:21,110] {processor.py:161} INFO - Processing /opt/airflow/dags/sample_connection.py took 0.360 seconds
[2023-08-02 06:35:51,414] {processor.py:153} INFO - Started process (PID=513) to work on /opt/airflow/dags/sample_connection.py
[2023-08-02 06:35:51,414] {processor.py:641} INFO - Processing file /opt/airflow/dags/sample_connection.py for tasks to queue
[2023-08-02 06:35:51,415] {logging_mixin.py:115} INFO - [2023-08-02 06:35:51,415] {dagbag.py:507} INFO - Filling up the DagBag from /opt/airflow/dags/sample_connection.py
[2023-08-02 06:35:51,716] {processor.py:651} INFO - DAG(s) dict_keys(['sample_connection']) retrieved from /opt/airflow/dags/sample_connection.py
[2023-08-02 06:35:51,733] {logging_mixin.py:115} INFO - [2023-08-02 06:35:51,732] {dag.py:2371} INFO - Sync 1 DAGs
[2023-08-02 06:35:51,750] {logging_mixin.py:115} INFO - [2023-08-02 06:35:51,750] {dag.py:2919} INFO - Setting next_dagrun for sample_connection to 2023-07-31T23:00:00+00:00, run_after=2023-08-01T23:00:00+00:00
[2023-08-02 06:35:51,760] {processor.py:161} INFO - Processing /opt/airflow/dags/sample_connection.py took 0.349 seconds
[2023-08-02 06:36:22,118] {processor.py:153} INFO - Started process (PID=546) to work on /opt/airflow/dags/sample_connection.py
[2023-08-02 06:36:22,119] {processor.py:641} INFO - Processing file /opt/airflow/dags/sample_connection.py for tasks to queue
[2023-08-02 06:36:22,119] {logging_mixin.py:115} INFO - [2023-08-02 06:36:22,119] {dagbag.py:507} INFO - Filling up the DagBag from /opt/airflow/dags/sample_connection.py
[2023-08-02 06:36:22,422] {processor.py:651} INFO - DAG(s) dict_keys(['sample_connection']) retrieved from /opt/airflow/dags/sample_connection.py
[2023-08-02 06:36:22,439] {logging_mixin.py:115} INFO - [2023-08-02 06:36:22,439] {dag.py:2371} INFO - Sync 1 DAGs
[2023-08-02 06:36:22,456] {logging_mixin.py:115} INFO - [2023-08-02 06:36:22,456] {dag.py:2919} INFO - Setting next_dagrun for sample_connection to 2023-07-31T23:00:00+00:00, run_after=2023-08-01T23:00:00+00:00
[2023-08-02 06:36:22,467] {processor.py:161} INFO - Processing /opt/airflow/dags/sample_connection.py took 0.352 seconds
[2023-08-02 06:36:52,820] {processor.py:153} INFO - Started process (PID=579) to work on /opt/airflow/dags/sample_connection.py
[2023-08-02 06:36:52,821] {processor.py:641} INFO - Processing file /opt/airflow/dags/sample_connection.py for tasks to queue
[2023-08-02 06:36:52,821] {logging_mixin.py:115} INFO - [2023-08-02 06:36:52,821] {dagbag.py:507} INFO - Filling up the DagBag from /opt/airflow/dags/sample_connection.py
[2023-08-02 06:36:53,096] {processor.py:651} INFO - DAG(s) dict_keys(['sample_connection']) retrieved from /opt/airflow/dags/sample_connection.py
[2023-08-02 06:36:53,112] {logging_mixin.py:115} INFO - [2023-08-02 06:36:53,112] {dag.py:2371} INFO - Sync 1 DAGs
[2023-08-02 06:36:53,129] {logging_mixin.py:115} INFO - [2023-08-02 06:36:53,129] {dag.py:2919} INFO - Setting next_dagrun for sample_connection to 2023-07-31T23:00:00+00:00, run_after=2023-08-01T23:00:00+00:00
[2023-08-02 06:36:53,137] {processor.py:161} INFO - Processing /opt/airflow/dags/sample_connection.py took 0.321 seconds
[2023-08-02 06:37:23,470] {processor.py:153} INFO - Started process (PID=612) to work on /opt/airflow/dags/sample_connection.py
[2023-08-02 06:37:23,471] {processor.py:641} INFO - Processing file /opt/airflow/dags/sample_connection.py for tasks to queue
[2023-08-02 06:37:23,472] {logging_mixin.py:115} INFO - [2023-08-02 06:37:23,472] {dagbag.py:507} INFO - Filling up the DagBag from /opt/airflow/dags/sample_connection.py
[2023-08-02 06:37:23,770] {processor.py:651} INFO - DAG(s) dict_keys(['sample_connection']) retrieved from /opt/airflow/dags/sample_connection.py
[2023-08-02 06:37:23,785] {logging_mixin.py:115} INFO - [2023-08-02 06:37:23,785] {dag.py:2371} INFO - Sync 1 DAGs
[2023-08-02 06:37:23,802] {logging_mixin.py:115} INFO - [2023-08-02 06:37:23,802] {dag.py:2919} INFO - Setting next_dagrun for sample_connection to 2023-07-31T23:00:00+00:00, run_after=2023-08-01T23:00:00+00:00
[2023-08-02 06:37:23,811] {processor.py:161} INFO - Processing /opt/airflow/dags/sample_connection.py took 0.343 seconds
[2023-08-02 06:37:54,253] {processor.py:153} INFO - Started process (PID=645) to work on /opt/airflow/dags/sample_connection.py
[2023-08-02 06:37:54,253] {processor.py:641} INFO - Processing file /opt/airflow/dags/sample_connection.py for tasks to queue
[2023-08-02 06:37:54,254] {logging_mixin.py:115} INFO - [2023-08-02 06:37:54,254] {dagbag.py:507} INFO - Filling up the DagBag from /opt/airflow/dags/sample_connection.py
[2023-08-02 06:37:54,566] {processor.py:651} INFO - DAG(s) dict_keys(['sample_connection']) retrieved from /opt/airflow/dags/sample_connection.py
[2023-08-02 06:37:54,581] {logging_mixin.py:115} INFO - [2023-08-02 06:37:54,581] {dag.py:2371} INFO - Sync 1 DAGs
[2023-08-02 06:37:54,599] {logging_mixin.py:115} INFO - [2023-08-02 06:37:54,599] {dag.py:2919} INFO - Setting next_dagrun for sample_connection to 2023-07-31T23:00:00+00:00, run_after=2023-08-01T23:00:00+00:00
[2023-08-02 06:37:54,610] {processor.py:161} INFO - Processing /opt/airflow/dags/sample_connection.py took 0.360 seconds
[2023-08-02 06:38:24,978] {processor.py:153} INFO - Started process (PID=678) to work on /opt/airflow/dags/sample_connection.py
[2023-08-02 06:38:24,979] {processor.py:641} INFO - Processing file /opt/airflow/dags/sample_connection.py for tasks to queue
[2023-08-02 06:38:24,979] {logging_mixin.py:115} INFO - [2023-08-02 06:38:24,979] {dagbag.py:507} INFO - Filling up the DagBag from /opt/airflow/dags/sample_connection.py
[2023-08-02 06:38:25,290] {processor.py:651} INFO - DAG(s) dict_keys(['sample_connection']) retrieved from /opt/airflow/dags/sample_connection.py
[2023-08-02 06:38:25,307] {logging_mixin.py:115} INFO - [2023-08-02 06:38:25,306] {dag.py:2371} INFO - Sync 1 DAGs
[2023-08-02 06:38:25,326] {logging_mixin.py:115} INFO - [2023-08-02 06:38:25,326] {dag.py:2919} INFO - Setting next_dagrun for sample_connection to 2023-07-31T23:00:00+00:00, run_after=2023-08-01T23:00:00+00:00
[2023-08-02 06:38:25,335] {processor.py:161} INFO - Processing /opt/airflow/dags/sample_connection.py took 0.360 seconds
[2023-08-02 06:38:55,691] {processor.py:153} INFO - Started process (PID=711) to work on /opt/airflow/dags/sample_connection.py
[2023-08-02 06:38:55,692] {processor.py:641} INFO - Processing file /opt/airflow/dags/sample_connection.py for tasks to queue
[2023-08-02 06:38:55,692] {logging_mixin.py:115} INFO - [2023-08-02 06:38:55,692] {dagbag.py:507} INFO - Filling up the DagBag from /opt/airflow/dags/sample_connection.py
[2023-08-02 06:38:56,025] {processor.py:651} INFO - DAG(s) dict_keys(['sample_connection']) retrieved from /opt/airflow/dags/sample_connection.py
[2023-08-02 06:38:56,043] {logging_mixin.py:115} INFO - [2023-08-02 06:38:56,043] {dag.py:2371} INFO - Sync 1 DAGs
[2023-08-02 06:38:56,070] {logging_mixin.py:115} INFO - [2023-08-02 06:38:56,069] {dag.py:2919} INFO - Setting next_dagrun for sample_connection to 2023-07-31T23:00:00+00:00, run_after=2023-08-01T23:00:00+00:00
[2023-08-02 06:38:56,080] {processor.py:161} INFO - Processing /opt/airflow/dags/sample_connection.py took 0.392 seconds
[2023-08-02 06:39:26,418] {processor.py:153} INFO - Started process (PID=744) to work on /opt/airflow/dags/sample_connection.py
[2023-08-02 06:39:26,419] {processor.py:641} INFO - Processing file /opt/airflow/dags/sample_connection.py for tasks to queue
[2023-08-02 06:39:26,419] {logging_mixin.py:115} INFO - [2023-08-02 06:39:26,419] {dagbag.py:507} INFO - Filling up the DagBag from /opt/airflow/dags/sample_connection.py
[2023-08-02 06:39:26,714] {processor.py:651} INFO - DAG(s) dict_keys(['sample_connection']) retrieved from /opt/airflow/dags/sample_connection.py
[2023-08-02 06:39:26,731] {logging_mixin.py:115} INFO - [2023-08-02 06:39:26,730] {dag.py:2371} INFO - Sync 1 DAGs
[2023-08-02 06:39:26,749] {logging_mixin.py:115} INFO - [2023-08-02 06:39:26,749] {dag.py:2919} INFO - Setting next_dagrun for sample_connection to 2023-07-31T23:00:00+00:00, run_after=2023-08-01T23:00:00+00:00
[2023-08-02 06:39:26,757] {processor.py:161} INFO - Processing /opt/airflow/dags/sample_connection.py took 0.343 seconds
[2023-08-02 06:39:57,138] {processor.py:153} INFO - Started process (PID=777) to work on /opt/airflow/dags/sample_connection.py
[2023-08-02 06:39:57,139] {processor.py:641} INFO - Processing file /opt/airflow/dags/sample_connection.py for tasks to queue
[2023-08-02 06:39:57,139] {logging_mixin.py:115} INFO - [2023-08-02 06:39:57,139] {dagbag.py:507} INFO - Filling up the DagBag from /opt/airflow/dags/sample_connection.py
[2023-08-02 06:39:57,427] {processor.py:651} INFO - DAG(s) dict_keys(['sample_connection']) retrieved from /opt/airflow/dags/sample_connection.py
[2023-08-02 06:39:57,441] {logging_mixin.py:115} INFO - [2023-08-02 06:39:57,441] {dag.py:2371} INFO - Sync 1 DAGs
[2023-08-02 06:39:57,457] {logging_mixin.py:115} INFO - [2023-08-02 06:39:57,457] {dag.py:2919} INFO - Setting next_dagrun for sample_connection to 2023-07-31T23:00:00+00:00, run_after=2023-08-01T23:00:00+00:00
[2023-08-02 06:39:57,465] {processor.py:161} INFO - Processing /opt/airflow/dags/sample_connection.py took 0.330 seconds
[2023-08-02 06:40:27,862] {processor.py:153} INFO - Started process (PID=810) to work on /opt/airflow/dags/sample_connection.py
[2023-08-02 06:40:27,863] {processor.py:641} INFO - Processing file /opt/airflow/dags/sample_connection.py for tasks to queue
[2023-08-02 06:40:27,863] {logging_mixin.py:115} INFO - [2023-08-02 06:40:27,863] {dagbag.py:507} INFO - Filling up the DagBag from /opt/airflow/dags/sample_connection.py
[2023-08-02 06:40:28,174] {processor.py:651} INFO - DAG(s) dict_keys(['sample_connection']) retrieved from /opt/airflow/dags/sample_connection.py
[2023-08-02 06:40:28,190] {logging_mixin.py:115} INFO - [2023-08-02 06:40:28,190] {dag.py:2371} INFO - Sync 1 DAGs
[2023-08-02 06:40:28,210] {logging_mixin.py:115} INFO - [2023-08-02 06:40:28,210] {dag.py:2919} INFO - Setting next_dagrun for sample_connection to 2023-07-31T23:00:00+00:00, run_after=2023-08-01T23:00:00+00:00
[2023-08-02 06:40:28,219] {processor.py:161} INFO - Processing /opt/airflow/dags/sample_connection.py took 0.360 seconds
[2023-08-02 06:40:58,544] {processor.py:153} INFO - Started process (PID=843) to work on /opt/airflow/dags/sample_connection.py
[2023-08-02 06:40:58,545] {processor.py:641} INFO - Processing file /opt/airflow/dags/sample_connection.py for tasks to queue
[2023-08-02 06:40:58,546] {logging_mixin.py:115} INFO - [2023-08-02 06:40:58,546] {dagbag.py:507} INFO - Filling up the DagBag from /opt/airflow/dags/sample_connection.py
[2023-08-02 06:40:58,877] {processor.py:651} INFO - DAG(s) dict_keys(['sample_connection']) retrieved from /opt/airflow/dags/sample_connection.py
[2023-08-02 06:40:58,894] {logging_mixin.py:115} INFO - [2023-08-02 06:40:58,893] {dag.py:2371} INFO - Sync 1 DAGs
[2023-08-02 06:40:58,914] {logging_mixin.py:115} INFO - [2023-08-02 06:40:58,914] {dag.py:2919} INFO - Setting next_dagrun for sample_connection to 2023-07-31T23:00:00+00:00, run_after=2023-08-01T23:00:00+00:00
[2023-08-02 06:40:58,925] {processor.py:161} INFO - Processing /opt/airflow/dags/sample_connection.py took 0.383 seconds
[2023-08-02 06:41:29,297] {processor.py:153} INFO - Started process (PID=876) to work on /opt/airflow/dags/sample_connection.py
[2023-08-02 06:41:29,298] {processor.py:641} INFO - Processing file /opt/airflow/dags/sample_connection.py for tasks to queue
[2023-08-02 06:41:29,298] {logging_mixin.py:115} INFO - [2023-08-02 06:41:29,298] {dagbag.py:507} INFO - Filling up the DagBag from /opt/airflow/dags/sample_connection.py
[2023-08-02 06:41:29,604] {processor.py:651} INFO - DAG(s) dict_keys(['sample_connection']) retrieved from /opt/airflow/dags/sample_connection.py
[2023-08-02 06:41:29,622] {logging_mixin.py:115} INFO - [2023-08-02 06:41:29,621] {dag.py:2371} INFO - Sync 1 DAGs
[2023-08-02 06:41:29,639] {logging_mixin.py:115} INFO - [2023-08-02 06:41:29,639] {dag.py:2919} INFO - Setting next_dagrun for sample_connection to 2023-07-31T23:00:00+00:00, run_after=2023-08-01T23:00:00+00:00
[2023-08-02 06:41:29,650] {processor.py:161} INFO - Processing /opt/airflow/dags/sample_connection.py took 0.356 seconds
[2023-08-02 06:42:00,030] {processor.py:153} INFO - Started process (PID=909) to work on /opt/airflow/dags/sample_connection.py
[2023-08-02 06:42:00,031] {processor.py:641} INFO - Processing file /opt/airflow/dags/sample_connection.py for tasks to queue
[2023-08-02 06:42:00,031] {logging_mixin.py:115} INFO - [2023-08-02 06:42:00,031] {dagbag.py:507} INFO - Filling up the DagBag from /opt/airflow/dags/sample_connection.py
[2023-08-02 06:42:00,348] {processor.py:651} INFO - DAG(s) dict_keys(['sample_connection']) retrieved from /opt/airflow/dags/sample_connection.py
[2023-08-02 06:42:00,364] {logging_mixin.py:115} INFO - [2023-08-02 06:42:00,364] {dag.py:2371} INFO - Sync 1 DAGs
[2023-08-02 06:42:00,387] {logging_mixin.py:115} INFO - [2023-08-02 06:42:00,387] {dag.py:2919} INFO - Setting next_dagrun for sample_connection to 2023-07-31T23:00:00+00:00, run_after=2023-08-01T23:00:00+00:00
[2023-08-02 06:42:00,397] {processor.py:161} INFO - Processing /opt/airflow/dags/sample_connection.py took 0.370 seconds
[2023-08-02 06:42:30,737] {processor.py:153} INFO - Started process (PID=942) to work on /opt/airflow/dags/sample_connection.py
[2023-08-02 06:42:30,737] {processor.py:641} INFO - Processing file /opt/airflow/dags/sample_connection.py for tasks to queue
[2023-08-02 06:42:30,738] {logging_mixin.py:115} INFO - [2023-08-02 06:42:30,738] {dagbag.py:507} INFO - Filling up the DagBag from /opt/airflow/dags/sample_connection.py
[2023-08-02 06:42:31,036] {processor.py:651} INFO - DAG(s) dict_keys(['sample_connection']) retrieved from /opt/airflow/dags/sample_connection.py
[2023-08-02 06:42:31,053] {logging_mixin.py:115} INFO - [2023-08-02 06:42:31,053] {dag.py:2371} INFO - Sync 1 DAGs
[2023-08-02 06:42:31,071] {logging_mixin.py:115} INFO - [2023-08-02 06:42:31,071] {dag.py:2919} INFO - Setting next_dagrun for sample_connection to 2023-07-31T23:00:00+00:00, run_after=2023-08-01T23:00:00+00:00
[2023-08-02 06:42:31,080] {processor.py:161} INFO - Processing /opt/airflow/dags/sample_connection.py took 0.346 seconds
[2023-08-02 06:43:01,453] {processor.py:153} INFO - Started process (PID=975) to work on /opt/airflow/dags/sample_connection.py
[2023-08-02 06:43:01,454] {processor.py:641} INFO - Processing file /opt/airflow/dags/sample_connection.py for tasks to queue
[2023-08-02 06:43:01,454] {logging_mixin.py:115} INFO - [2023-08-02 06:43:01,454] {dagbag.py:507} INFO - Filling up the DagBag from /opt/airflow/dags/sample_connection.py
[2023-08-02 06:43:01,756] {processor.py:651} INFO - DAG(s) dict_keys(['sample_connection']) retrieved from /opt/airflow/dags/sample_connection.py
[2023-08-02 06:43:01,773] {logging_mixin.py:115} INFO - [2023-08-02 06:43:01,773] {dag.py:2371} INFO - Sync 1 DAGs
[2023-08-02 06:43:01,792] {logging_mixin.py:115} INFO - [2023-08-02 06:43:01,792] {dag.py:2919} INFO - Setting next_dagrun for sample_connection to 2023-07-31T23:00:00+00:00, run_after=2023-08-01T23:00:00+00:00
[2023-08-02 06:43:01,801] {processor.py:161} INFO - Processing /opt/airflow/dags/sample_connection.py took 0.350 seconds
[2023-08-02 06:43:32,178] {processor.py:153} INFO - Started process (PID=1008) to work on /opt/airflow/dags/sample_connection.py
[2023-08-02 06:43:32,179] {processor.py:641} INFO - Processing file /opt/airflow/dags/sample_connection.py for tasks to queue
[2023-08-02 06:43:32,179] {logging_mixin.py:115} INFO - [2023-08-02 06:43:32,179] {dagbag.py:507} INFO - Filling up the DagBag from /opt/airflow/dags/sample_connection.py
[2023-08-02 06:43:32,490] {processor.py:651} INFO - DAG(s) dict_keys(['sample_connection']) retrieved from /opt/airflow/dags/sample_connection.py
[2023-08-02 06:43:32,507] {logging_mixin.py:115} INFO - [2023-08-02 06:43:32,507] {dag.py:2371} INFO - Sync 1 DAGs
[2023-08-02 06:43:32,527] {logging_mixin.py:115} INFO - [2023-08-02 06:43:32,527] {dag.py:2919} INFO - Setting next_dagrun for sample_connection to 2023-07-31T23:00:00+00:00, run_after=2023-08-01T23:00:00+00:00
[2023-08-02 06:43:32,536] {processor.py:161} INFO - Processing /opt/airflow/dags/sample_connection.py took 0.361 seconds
[2023-08-02 06:44:02,857] {processor.py:153} INFO - Started process (PID=1041) to work on /opt/airflow/dags/sample_connection.py
[2023-08-02 06:44:02,857] {processor.py:641} INFO - Processing file /opt/airflow/dags/sample_connection.py for tasks to queue
[2023-08-02 06:44:02,858] {logging_mixin.py:115} INFO - [2023-08-02 06:44:02,858] {dagbag.py:507} INFO - Filling up the DagBag from /opt/airflow/dags/sample_connection.py
[2023-08-02 06:44:03,167] {processor.py:651} INFO - DAG(s) dict_keys(['sample_connection']) retrieved from /opt/airflow/dags/sample_connection.py
[2023-08-02 06:44:03,185] {logging_mixin.py:115} INFO - [2023-08-02 06:44:03,184] {dag.py:2371} INFO - Sync 1 DAGs
[2023-08-02 06:44:03,203] {logging_mixin.py:115} INFO - [2023-08-02 06:44:03,203] {dag.py:2919} INFO - Setting next_dagrun for sample_connection to 2023-07-31T23:00:00+00:00, run_after=2023-08-01T23:00:00+00:00
[2023-08-02 06:44:03,211] {processor.py:161} INFO - Processing /opt/airflow/dags/sample_connection.py took 0.357 seconds
[2023-08-02 06:44:33,579] {processor.py:153} INFO - Started process (PID=1074) to work on /opt/airflow/dags/sample_connection.py
[2023-08-02 06:44:33,579] {processor.py:641} INFO - Processing file /opt/airflow/dags/sample_connection.py for tasks to queue
[2023-08-02 06:44:33,579] {logging_mixin.py:115} INFO - [2023-08-02 06:44:33,579] {dagbag.py:507} INFO - Filling up the DagBag from /opt/airflow/dags/sample_connection.py
[2023-08-02 06:44:33,891] {processor.py:651} INFO - DAG(s) dict_keys(['sample_connection']) retrieved from /opt/airflow/dags/sample_connection.py
[2023-08-02 06:44:33,908] {logging_mixin.py:115} INFO - [2023-08-02 06:44:33,907] {dag.py:2371} INFO - Sync 1 DAGs
[2023-08-02 06:44:33,926] {logging_mixin.py:115} INFO - [2023-08-02 06:44:33,926] {dag.py:2919} INFO - Setting next_dagrun for sample_connection to 2023-07-31T23:00:00+00:00, run_after=2023-08-01T23:00:00+00:00
[2023-08-02 06:44:33,936] {processor.py:161} INFO - Processing /opt/airflow/dags/sample_connection.py took 0.360 seconds
[2023-08-02 06:45:04,254] {processor.py:153} INFO - Started process (PID=1107) to work on /opt/airflow/dags/sample_connection.py
[2023-08-02 06:45:04,254] {processor.py:641} INFO - Processing file /opt/airflow/dags/sample_connection.py for tasks to queue
[2023-08-02 06:45:04,255] {logging_mixin.py:115} INFO - [2023-08-02 06:45:04,255] {dagbag.py:507} INFO - Filling up the DagBag from /opt/airflow/dags/sample_connection.py
[2023-08-02 06:45:04,561] {processor.py:651} INFO - DAG(s) dict_keys(['sample_connection']) retrieved from /opt/airflow/dags/sample_connection.py
[2023-08-02 06:45:04,577] {logging_mixin.py:115} INFO - [2023-08-02 06:45:04,577] {dag.py:2371} INFO - Sync 1 DAGs
[2023-08-02 06:45:04,596] {logging_mixin.py:115} INFO - [2023-08-02 06:45:04,596] {dag.py:2919} INFO - Setting next_dagrun for sample_connection to 2023-07-31T23:00:00+00:00, run_after=2023-08-01T23:00:00+00:00
[2023-08-02 06:45:04,605] {processor.py:161} INFO - Processing /opt/airflow/dags/sample_connection.py took 0.353 seconds
[2023-08-02 06:45:35,010] {processor.py:153} INFO - Started process (PID=1140) to work on /opt/airflow/dags/sample_connection.py
[2023-08-02 06:45:35,011] {processor.py:641} INFO - Processing file /opt/airflow/dags/sample_connection.py for tasks to queue
[2023-08-02 06:45:35,011] {logging_mixin.py:115} INFO - [2023-08-02 06:45:35,011] {dagbag.py:507} INFO - Filling up the DagBag from /opt/airflow/dags/sample_connection.py
[2023-08-02 06:45:35,354] {processor.py:651} INFO - DAG(s) dict_keys(['sample_connection']) retrieved from /opt/airflow/dags/sample_connection.py
[2023-08-02 06:45:35,371] {logging_mixin.py:115} INFO - [2023-08-02 06:45:35,371] {dag.py:2371} INFO - Sync 1 DAGs
[2023-08-02 06:45:35,389] {logging_mixin.py:115} INFO - [2023-08-02 06:45:35,389] {dag.py:2919} INFO - Setting next_dagrun for sample_connection to 2023-07-31T23:00:00+00:00, run_after=2023-08-01T23:00:00+00:00
[2023-08-02 06:45:35,398] {processor.py:161} INFO - Processing /opt/airflow/dags/sample_connection.py took 0.391 seconds
[2023-08-02 06:46:05,668] {processor.py:153} INFO - Started process (PID=1173) to work on /opt/airflow/dags/sample_connection.py
[2023-08-02 06:46:05,669] {processor.py:641} INFO - Processing file /opt/airflow/dags/sample_connection.py for tasks to queue
[2023-08-02 06:46:05,669] {logging_mixin.py:115} INFO - [2023-08-02 06:46:05,669] {dagbag.py:507} INFO - Filling up the DagBag from /opt/airflow/dags/sample_connection.py
[2023-08-02 06:46:05,974] {processor.py:651} INFO - DAG(s) dict_keys(['sample_connection']) retrieved from /opt/airflow/dags/sample_connection.py
[2023-08-02 06:46:05,991] {logging_mixin.py:115} INFO - [2023-08-02 06:46:05,991] {dag.py:2371} INFO - Sync 1 DAGs
[2023-08-02 06:46:06,009] {logging_mixin.py:115} INFO - [2023-08-02 06:46:06,009] {dag.py:2919} INFO - Setting next_dagrun for sample_connection to 2023-07-31T23:00:00+00:00, run_after=2023-08-01T23:00:00+00:00
[2023-08-02 06:46:06,018] {processor.py:161} INFO - Processing /opt/airflow/dags/sample_connection.py took 0.352 seconds
[2023-08-02 06:46:36,449] {processor.py:153} INFO - Started process (PID=1206) to work on /opt/airflow/dags/sample_connection.py
[2023-08-02 06:46:36,449] {processor.py:641} INFO - Processing file /opt/airflow/dags/sample_connection.py for tasks to queue
[2023-08-02 06:46:36,450] {logging_mixin.py:115} INFO - [2023-08-02 06:46:36,450] {dagbag.py:507} INFO - Filling up the DagBag from /opt/airflow/dags/sample_connection.py
[2023-08-02 06:46:36,773] {processor.py:651} INFO - DAG(s) dict_keys(['sample_connection']) retrieved from /opt/airflow/dags/sample_connection.py
[2023-08-02 06:46:36,789] {logging_mixin.py:115} INFO - [2023-08-02 06:46:36,789] {dag.py:2371} INFO - Sync 1 DAGs
[2023-08-02 06:46:36,807] {logging_mixin.py:115} INFO - [2023-08-02 06:46:36,807] {dag.py:2919} INFO - Setting next_dagrun for sample_connection to 2023-07-31T23:00:00+00:00, run_after=2023-08-01T23:00:00+00:00
[2023-08-02 06:46:36,816] {processor.py:161} INFO - Processing /opt/airflow/dags/sample_connection.py took 0.372 seconds
[2023-08-02 06:47:07,141] {processor.py:153} INFO - Started process (PID=1239) to work on /opt/airflow/dags/sample_connection.py
[2023-08-02 06:47:07,142] {processor.py:641} INFO - Processing file /opt/airflow/dags/sample_connection.py for tasks to queue
[2023-08-02 06:47:07,142] {logging_mixin.py:115} INFO - [2023-08-02 06:47:07,142] {dagbag.py:507} INFO - Filling up the DagBag from /opt/airflow/dags/sample_connection.py
[2023-08-02 06:47:07,452] {processor.py:651} INFO - DAG(s) dict_keys(['sample_connection']) retrieved from /opt/airflow/dags/sample_connection.py
[2023-08-02 06:47:07,469] {logging_mixin.py:115} INFO - [2023-08-02 06:47:07,468] {dag.py:2371} INFO - Sync 1 DAGs
[2023-08-02 06:47:07,487] {logging_mixin.py:115} INFO - [2023-08-02 06:47:07,487] {dag.py:2919} INFO - Setting next_dagrun for sample_connection to 2023-07-31T23:00:00+00:00, run_after=2023-08-01T23:00:00+00:00
[2023-08-02 06:47:07,496] {processor.py:161} INFO - Processing /opt/airflow/dags/sample_connection.py took 0.359 seconds
[2023-08-02 06:47:37,882] {processor.py:153} INFO - Started process (PID=1272) to work on /opt/airflow/dags/sample_connection.py
[2023-08-02 06:47:37,883] {processor.py:641} INFO - Processing file /opt/airflow/dags/sample_connection.py for tasks to queue
[2023-08-02 06:47:37,883] {logging_mixin.py:115} INFO - [2023-08-02 06:47:37,883] {dagbag.py:507} INFO - Filling up the DagBag from /opt/airflow/dags/sample_connection.py
[2023-08-02 06:47:38,232] {processor.py:651} INFO - DAG(s) dict_keys(['sample_connection']) retrieved from /opt/airflow/dags/sample_connection.py
[2023-08-02 06:47:38,249] {logging_mixin.py:115} INFO - [2023-08-02 06:47:38,248] {dag.py:2371} INFO - Sync 1 DAGs
[2023-08-02 06:47:38,268] {logging_mixin.py:115} INFO - [2023-08-02 06:47:38,268] {dag.py:2919} INFO - Setting next_dagrun for sample_connection to 2023-07-31T23:00:00+00:00, run_after=2023-08-01T23:00:00+00:00
[2023-08-02 06:47:38,277] {processor.py:161} INFO - Processing /opt/airflow/dags/sample_connection.py took 0.403 seconds
[2023-08-02 06:48:08,589] {processor.py:153} INFO - Started process (PID=1305) to work on /opt/airflow/dags/sample_connection.py
[2023-08-02 06:48:08,589] {processor.py:641} INFO - Processing file /opt/airflow/dags/sample_connection.py for tasks to queue
[2023-08-02 06:48:08,590] {logging_mixin.py:115} INFO - [2023-08-02 06:48:08,590] {dagbag.py:507} INFO - Filling up the DagBag from /opt/airflow/dags/sample_connection.py
[2023-08-02 06:48:08,900] {processor.py:651} INFO - DAG(s) dict_keys(['sample_connection']) retrieved from /opt/airflow/dags/sample_connection.py
[2023-08-02 06:48:08,917] {logging_mixin.py:115} INFO - [2023-08-02 06:48:08,916] {dag.py:2371} INFO - Sync 1 DAGs
[2023-08-02 06:48:08,936] {logging_mixin.py:115} INFO - [2023-08-02 06:48:08,936] {dag.py:2919} INFO - Setting next_dagrun for sample_connection to 2023-07-31T23:00:00+00:00, run_after=2023-08-01T23:00:00+00:00
[2023-08-02 06:48:08,945] {processor.py:161} INFO - Processing /opt/airflow/dags/sample_connection.py took 0.362 seconds
[2023-08-02 06:48:39,303] {processor.py:153} INFO - Started process (PID=1338) to work on /opt/airflow/dags/sample_connection.py
[2023-08-02 06:48:39,304] {processor.py:641} INFO - Processing file /opt/airflow/dags/sample_connection.py for tasks to queue
[2023-08-02 06:48:39,304] {logging_mixin.py:115} INFO - [2023-08-02 06:48:39,304] {dagbag.py:507} INFO - Filling up the DagBag from /opt/airflow/dags/sample_connection.py
[2023-08-02 06:48:39,616] {processor.py:651} INFO - DAG(s) dict_keys(['sample_connection']) retrieved from /opt/airflow/dags/sample_connection.py
[2023-08-02 06:48:39,633] {logging_mixin.py:115} INFO - [2023-08-02 06:48:39,633] {dag.py:2371} INFO - Sync 1 DAGs
[2023-08-02 06:48:39,653] {logging_mixin.py:115} INFO - [2023-08-02 06:48:39,653] {dag.py:2919} INFO - Setting next_dagrun for sample_connection to 2023-07-31T23:00:00+00:00, run_after=2023-08-01T23:00:00+00:00
[2023-08-02 06:48:39,670] {processor.py:161} INFO - Processing /opt/airflow/dags/sample_connection.py took 0.373 seconds
[2023-08-02 06:49:10,030] {processor.py:153} INFO - Started process (PID=1371) to work on /opt/airflow/dags/sample_connection.py
[2023-08-02 06:49:10,031] {processor.py:641} INFO - Processing file /opt/airflow/dags/sample_connection.py for tasks to queue
[2023-08-02 06:49:10,031] {logging_mixin.py:115} INFO - [2023-08-02 06:49:10,031] {dagbag.py:507} INFO - Filling up the DagBag from /opt/airflow/dags/sample_connection.py
[2023-08-02 06:49:10,369] {processor.py:651} INFO - DAG(s) dict_keys(['sample_connection']) retrieved from /opt/airflow/dags/sample_connection.py
[2023-08-02 06:49:10,386] {logging_mixin.py:115} INFO - [2023-08-02 06:49:10,386] {dag.py:2371} INFO - Sync 1 DAGs
[2023-08-02 06:49:10,406] {logging_mixin.py:115} INFO - [2023-08-02 06:49:10,406] {dag.py:2919} INFO - Setting next_dagrun for sample_connection to 2023-07-31T23:00:00+00:00, run_after=2023-08-01T23:00:00+00:00
[2023-08-02 06:49:10,416] {processor.py:161} INFO - Processing /opt/airflow/dags/sample_connection.py took 0.391 seconds
[2023-08-02 06:49:40,795] {processor.py:153} INFO - Started process (PID=1404) to work on /opt/airflow/dags/sample_connection.py
[2023-08-02 06:49:40,796] {processor.py:641} INFO - Processing file /opt/airflow/dags/sample_connection.py for tasks to queue
[2023-08-02 06:49:40,796] {logging_mixin.py:115} INFO - [2023-08-02 06:49:40,796] {dagbag.py:507} INFO - Filling up the DagBag from /opt/airflow/dags/sample_connection.py
[2023-08-02 06:49:41,123] {processor.py:651} INFO - DAG(s) dict_keys(['sample_connection']) retrieved from /opt/airflow/dags/sample_connection.py
[2023-08-02 06:49:41,141] {logging_mixin.py:115} INFO - [2023-08-02 06:49:41,140] {dag.py:2371} INFO - Sync 1 DAGs
[2023-08-02 06:49:41,162] {logging_mixin.py:115} INFO - [2023-08-02 06:49:41,161] {dag.py:2919} INFO - Setting next_dagrun for sample_connection to 2023-07-31T23:00:00+00:00, run_after=2023-08-01T23:00:00+00:00
[2023-08-02 06:49:41,170] {processor.py:161} INFO - Processing /opt/airflow/dags/sample_connection.py took 0.382 seconds
[2023-08-02 06:50:11,490] {processor.py:153} INFO - Started process (PID=1437) to work on /opt/airflow/dags/sample_connection.py
[2023-08-02 06:50:11,491] {processor.py:641} INFO - Processing file /opt/airflow/dags/sample_connection.py for tasks to queue
[2023-08-02 06:50:11,492] {logging_mixin.py:115} INFO - [2023-08-02 06:50:11,492] {dagbag.py:507} INFO - Filling up the DagBag from /opt/airflow/dags/sample_connection.py
[2023-08-02 06:50:11,820] {processor.py:651} INFO - DAG(s) dict_keys(['sample_connection']) retrieved from /opt/airflow/dags/sample_connection.py
[2023-08-02 06:50:11,838] {logging_mixin.py:115} INFO - [2023-08-02 06:50:11,837] {dag.py:2371} INFO - Sync 1 DAGs
[2023-08-02 06:50:11,857] {logging_mixin.py:115} INFO - [2023-08-02 06:50:11,857] {dag.py:2919} INFO - Setting next_dagrun for sample_connection to 2023-07-31T23:00:00+00:00, run_after=2023-08-01T23:00:00+00:00
[2023-08-02 06:50:11,865] {processor.py:161} INFO - Processing /opt/airflow/dags/sample_connection.py took 0.381 seconds
[2023-08-02 06:50:42,256] {processor.py:153} INFO - Started process (PID=1470) to work on /opt/airflow/dags/sample_connection.py
[2023-08-02 06:50:42,257] {processor.py:641} INFO - Processing file /opt/airflow/dags/sample_connection.py for tasks to queue
[2023-08-02 06:50:42,258] {logging_mixin.py:115} INFO - [2023-08-02 06:50:42,258] {dagbag.py:507} INFO - Filling up the DagBag from /opt/airflow/dags/sample_connection.py
[2023-08-02 06:50:42,568] {processor.py:651} INFO - DAG(s) dict_keys(['sample_connection']) retrieved from /opt/airflow/dags/sample_connection.py
[2023-08-02 06:50:42,584] {logging_mixin.py:115} INFO - [2023-08-02 06:50:42,584] {dag.py:2371} INFO - Sync 1 DAGs
[2023-08-02 06:50:42,607] {logging_mixin.py:115} INFO - [2023-08-02 06:50:42,606] {dag.py:2919} INFO - Setting next_dagrun for sample_connection to 2023-07-31T23:00:00+00:00, run_after=2023-08-01T23:00:00+00:00
[2023-08-02 06:50:42,615] {processor.py:161} INFO - Processing /opt/airflow/dags/sample_connection.py took 0.366 seconds
[2023-08-02 06:51:12,934] {processor.py:153} INFO - Started process (PID=1503) to work on /opt/airflow/dags/sample_connection.py
[2023-08-02 06:51:12,934] {processor.py:641} INFO - Processing file /opt/airflow/dags/sample_connection.py for tasks to queue
[2023-08-02 06:51:12,935] {logging_mixin.py:115} INFO - [2023-08-02 06:51:12,935] {dagbag.py:507} INFO - Filling up the DagBag from /opt/airflow/dags/sample_connection.py
[2023-08-02 06:51:13,239] {processor.py:651} INFO - DAG(s) dict_keys(['sample_connection']) retrieved from /opt/airflow/dags/sample_connection.py
[2023-08-02 06:51:13,255] {logging_mixin.py:115} INFO - [2023-08-02 06:51:13,255] {dag.py:2371} INFO - Sync 1 DAGs
[2023-08-02 06:51:13,276] {logging_mixin.py:115} INFO - [2023-08-02 06:51:13,276] {dag.py:2919} INFO - Setting next_dagrun for sample_connection to 2023-07-31T23:00:00+00:00, run_after=2023-08-01T23:00:00+00:00
[2023-08-02 06:51:13,286] {processor.py:161} INFO - Processing /opt/airflow/dags/sample_connection.py took 0.357 seconds
[2023-08-02 06:51:43,707] {processor.py:153} INFO - Started process (PID=1536) to work on /opt/airflow/dags/sample_connection.py
[2023-08-02 06:51:43,708] {processor.py:641} INFO - Processing file /opt/airflow/dags/sample_connection.py for tasks to queue
[2023-08-02 06:51:43,708] {logging_mixin.py:115} INFO - [2023-08-02 06:51:43,708] {dagbag.py:507} INFO - Filling up the DagBag from /opt/airflow/dags/sample_connection.py
[2023-08-02 06:51:44,044] {processor.py:651} INFO - DAG(s) dict_keys(['sample_connection']) retrieved from /opt/airflow/dags/sample_connection.py
[2023-08-02 06:51:44,060] {logging_mixin.py:115} INFO - [2023-08-02 06:51:44,060] {dag.py:2371} INFO - Sync 1 DAGs
[2023-08-02 06:51:44,082] {logging_mixin.py:115} INFO - [2023-08-02 06:51:44,082] {dag.py:2919} INFO - Setting next_dagrun for sample_connection to 2023-07-31T23:00:00+00:00, run_after=2023-08-01T23:00:00+00:00
[2023-08-02 06:51:44,093] {processor.py:161} INFO - Processing /opt/airflow/dags/sample_connection.py took 0.389 seconds
[2023-08-02 06:52:14,403] {processor.py:153} INFO - Started process (PID=1569) to work on /opt/airflow/dags/sample_connection.py
[2023-08-02 06:52:14,404] {processor.py:641} INFO - Processing file /opt/airflow/dags/sample_connection.py for tasks to queue
[2023-08-02 06:52:14,404] {logging_mixin.py:115} INFO - [2023-08-02 06:52:14,404] {dagbag.py:507} INFO - Filling up the DagBag from /opt/airflow/dags/sample_connection.py
[2023-08-02 06:52:14,711] {processor.py:651} INFO - DAG(s) dict_keys(['sample_connection']) retrieved from /opt/airflow/dags/sample_connection.py
[2023-08-02 06:52:14,727] {logging_mixin.py:115} INFO - [2023-08-02 06:52:14,727] {dag.py:2371} INFO - Sync 1 DAGs
[2023-08-02 06:52:14,745] {logging_mixin.py:115} INFO - [2023-08-02 06:52:14,745] {dag.py:2919} INFO - Setting next_dagrun for sample_connection to 2023-07-31T23:00:00+00:00, run_after=2023-08-01T23:00:00+00:00
[2023-08-02 06:52:14,756] {processor.py:161} INFO - Processing /opt/airflow/dags/sample_connection.py took 0.356 seconds
[2023-08-02 06:52:45,069] {processor.py:153} INFO - Started process (PID=1602) to work on /opt/airflow/dags/sample_connection.py
[2023-08-02 06:52:45,069] {processor.py:641} INFO - Processing file /opt/airflow/dags/sample_connection.py for tasks to queue
[2023-08-02 06:52:45,070] {logging_mixin.py:115} INFO - [2023-08-02 06:52:45,070] {dagbag.py:507} INFO - Filling up the DagBag from /opt/airflow/dags/sample_connection.py
[2023-08-02 06:52:45,408] {processor.py:651} INFO - DAG(s) dict_keys(['sample_connection']) retrieved from /opt/airflow/dags/sample_connection.py
[2023-08-02 06:52:45,425] {logging_mixin.py:115} INFO - [2023-08-02 06:52:45,425] {dag.py:2371} INFO - Sync 1 DAGs
[2023-08-02 06:52:45,445] {logging_mixin.py:115} INFO - [2023-08-02 06:52:45,444] {dag.py:2919} INFO - Setting next_dagrun for sample_connection to 2023-07-31T23:00:00+00:00, run_after=2023-08-01T23:00:00+00:00
[2023-08-02 06:52:45,454] {processor.py:161} INFO - Processing /opt/airflow/dags/sample_connection.py took 0.388 seconds
[2023-08-02 06:53:15,799] {processor.py:153} INFO - Started process (PID=1637) to work on /opt/airflow/dags/sample_connection.py
[2023-08-02 06:53:15,800] {processor.py:641} INFO - Processing file /opt/airflow/dags/sample_connection.py for tasks to queue
[2023-08-02 06:53:15,800] {logging_mixin.py:115} INFO - [2023-08-02 06:53:15,800] {dagbag.py:507} INFO - Filling up the DagBag from /opt/airflow/dags/sample_connection.py
[2023-08-02 06:53:16,107] {processor.py:651} INFO - DAG(s) dict_keys(['sample_connection']) retrieved from /opt/airflow/dags/sample_connection.py
[2023-08-02 06:53:16,125] {logging_mixin.py:115} INFO - [2023-08-02 06:53:16,125] {dag.py:2371} INFO - Sync 1 DAGs
[2023-08-02 06:53:16,144] {logging_mixin.py:115} INFO - [2023-08-02 06:53:16,144] {dag.py:2919} INFO - Setting next_dagrun for sample_connection to 2023-07-31T23:00:00+00:00, run_after=2023-08-01T23:00:00+00:00
[2023-08-02 06:53:16,153] {processor.py:161} INFO - Processing /opt/airflow/dags/sample_connection.py took 0.356 seconds
[2023-08-02 06:53:46,484] {processor.py:153} INFO - Started process (PID=1668) to work on /opt/airflow/dags/sample_connection.py
[2023-08-02 06:53:46,485] {processor.py:641} INFO - Processing file /opt/airflow/dags/sample_connection.py for tasks to queue
[2023-08-02 06:53:46,485] {logging_mixin.py:115} INFO - [2023-08-02 06:53:46,485] {dagbag.py:507} INFO - Filling up the DagBag from /opt/airflow/dags/sample_connection.py
[2023-08-02 06:53:46,797] {processor.py:651} INFO - DAG(s) dict_keys(['sample_connection']) retrieved from /opt/airflow/dags/sample_connection.py
[2023-08-02 06:53:46,813] {logging_mixin.py:115} INFO - [2023-08-02 06:53:46,813] {dag.py:2371} INFO - Sync 1 DAGs
[2023-08-02 06:53:46,832] {logging_mixin.py:115} INFO - [2023-08-02 06:53:46,832] {dag.py:2919} INFO - Setting next_dagrun for sample_connection to 2023-07-31T23:00:00+00:00, run_after=2023-08-01T23:00:00+00:00
[2023-08-02 06:53:46,842] {processor.py:161} INFO - Processing /opt/airflow/dags/sample_connection.py took 0.360 seconds
[2023-08-02 06:54:17,165] {processor.py:153} INFO - Started process (PID=1701) to work on /opt/airflow/dags/sample_connection.py
[2023-08-02 06:54:17,165] {processor.py:641} INFO - Processing file /opt/airflow/dags/sample_connection.py for tasks to queue
[2023-08-02 06:54:17,166] {logging_mixin.py:115} INFO - [2023-08-02 06:54:17,166] {dagbag.py:507} INFO - Filling up the DagBag from /opt/airflow/dags/sample_connection.py
[2023-08-02 06:54:17,487] {processor.py:651} INFO - DAG(s) dict_keys(['sample_connection']) retrieved from /opt/airflow/dags/sample_connection.py
[2023-08-02 06:54:17,504] {logging_mixin.py:115} INFO - [2023-08-02 06:54:17,503] {dag.py:2371} INFO - Sync 1 DAGs
[2023-08-02 06:54:17,523] {logging_mixin.py:115} INFO - [2023-08-02 06:54:17,523] {dag.py:2919} INFO - Setting next_dagrun for sample_connection to 2023-07-31T23:00:00+00:00, run_after=2023-08-01T23:00:00+00:00
[2023-08-02 06:54:17,534] {processor.py:161} INFO - Processing /opt/airflow/dags/sample_connection.py took 0.372 seconds
[2023-08-02 06:54:47,944] {processor.py:153} INFO - Started process (PID=1734) to work on /opt/airflow/dags/sample_connection.py
[2023-08-02 06:54:47,945] {processor.py:641} INFO - Processing file /opt/airflow/dags/sample_connection.py for tasks to queue
[2023-08-02 06:54:47,946] {logging_mixin.py:115} INFO - [2023-08-02 06:54:47,946] {dagbag.py:507} INFO - Filling up the DagBag from /opt/airflow/dags/sample_connection.py
[2023-08-02 06:54:48,285] {processor.py:651} INFO - DAG(s) dict_keys(['sample_connection']) retrieved from /opt/airflow/dags/sample_connection.py
[2023-08-02 06:54:48,303] {logging_mixin.py:115} INFO - [2023-08-02 06:54:48,303] {dag.py:2371} INFO - Sync 1 DAGs
[2023-08-02 06:54:48,326] {logging_mixin.py:115} INFO - [2023-08-02 06:54:48,326] {dag.py:2919} INFO - Setting next_dagrun for sample_connection to 2023-07-31T23:00:00+00:00, run_after=2023-08-01T23:00:00+00:00
[2023-08-02 06:54:48,336] {processor.py:161} INFO - Processing /opt/airflow/dags/sample_connection.py took 0.395 seconds
[2023-08-02 06:55:18,599] {processor.py:153} INFO - Started process (PID=1767) to work on /opt/airflow/dags/sample_connection.py
[2023-08-02 06:55:18,600] {processor.py:641} INFO - Processing file /opt/airflow/dags/sample_connection.py for tasks to queue
[2023-08-02 06:55:18,600] {logging_mixin.py:115} INFO - [2023-08-02 06:55:18,600] {dagbag.py:507} INFO - Filling up the DagBag from /opt/airflow/dags/sample_connection.py
[2023-08-02 06:55:18,933] {processor.py:651} INFO - DAG(s) dict_keys(['sample_connection']) retrieved from /opt/airflow/dags/sample_connection.py
[2023-08-02 06:55:18,954] {logging_mixin.py:115} INFO - [2023-08-02 06:55:18,953] {dag.py:2371} INFO - Sync 1 DAGs
[2023-08-02 06:55:18,972] {logging_mixin.py:115} INFO - [2023-08-02 06:55:18,972] {dag.py:2919} INFO - Setting next_dagrun for sample_connection to 2023-07-31T23:00:00+00:00, run_after=2023-08-01T23:00:00+00:00
[2023-08-02 06:55:18,981] {processor.py:161} INFO - Processing /opt/airflow/dags/sample_connection.py took 0.384 seconds
[2023-08-02 06:55:49,264] {processor.py:153} INFO - Started process (PID=1800) to work on /opt/airflow/dags/sample_connection.py
[2023-08-02 06:55:49,264] {processor.py:641} INFO - Processing file /opt/airflow/dags/sample_connection.py for tasks to queue
[2023-08-02 06:55:49,264] {logging_mixin.py:115} INFO - [2023-08-02 06:55:49,264] {dagbag.py:507} INFO - Filling up the DagBag from /opt/airflow/dags/sample_connection.py
[2023-08-02 06:55:49,536] {processor.py:651} INFO - DAG(s) dict_keys(['sample_connection']) retrieved from /opt/airflow/dags/sample_connection.py
[2023-08-02 06:55:49,551] {logging_mixin.py:115} INFO - [2023-08-02 06:55:49,550] {dag.py:2371} INFO - Sync 1 DAGs
[2023-08-02 06:55:49,568] {logging_mixin.py:115} INFO - [2023-08-02 06:55:49,568] {dag.py:2919} INFO - Setting next_dagrun for sample_connection to 2023-07-31T23:00:00+00:00, run_after=2023-08-01T23:00:00+00:00
[2023-08-02 06:55:49,576] {processor.py:161} INFO - Processing /opt/airflow/dags/sample_connection.py took 0.315 seconds
[2023-08-02 06:56:20,061] {processor.py:153} INFO - Started process (PID=1833) to work on /opt/airflow/dags/sample_connection.py
[2023-08-02 06:56:20,061] {processor.py:641} INFO - Processing file /opt/airflow/dags/sample_connection.py for tasks to queue
[2023-08-02 06:56:20,062] {logging_mixin.py:115} INFO - [2023-08-02 06:56:20,062] {dagbag.py:507} INFO - Filling up the DagBag from /opt/airflow/dags/sample_connection.py
[2023-08-02 06:56:20,353] {processor.py:651} INFO - DAG(s) dict_keys(['sample_connection']) retrieved from /opt/airflow/dags/sample_connection.py
[2023-08-02 06:56:20,369] {logging_mixin.py:115} INFO - [2023-08-02 06:56:20,369] {dag.py:2371} INFO - Sync 1 DAGs
[2023-08-02 06:56:20,387] {logging_mixin.py:115} INFO - [2023-08-02 06:56:20,387] {dag.py:2919} INFO - Setting next_dagrun for sample_connection to 2023-07-31T23:00:00+00:00, run_after=2023-08-01T23:00:00+00:00
[2023-08-02 06:56:20,396] {processor.py:161} INFO - Processing /opt/airflow/dags/sample_connection.py took 0.338 seconds
[2023-08-02 06:56:50,779] {processor.py:153} INFO - Started process (PID=1866) to work on /opt/airflow/dags/sample_connection.py
[2023-08-02 06:56:50,780] {processor.py:641} INFO - Processing file /opt/airflow/dags/sample_connection.py for tasks to queue
[2023-08-02 06:56:50,780] {logging_mixin.py:115} INFO - [2023-08-02 06:56:50,780] {dagbag.py:507} INFO - Filling up the DagBag from /opt/airflow/dags/sample_connection.py
[2023-08-02 06:56:51,109] {processor.py:651} INFO - DAG(s) dict_keys(['sample_connection']) retrieved from /opt/airflow/dags/sample_connection.py
[2023-08-02 06:56:51,124] {logging_mixin.py:115} INFO - [2023-08-02 06:56:51,123] {dag.py:2371} INFO - Sync 1 DAGs
[2023-08-02 06:56:51,141] {logging_mixin.py:115} INFO - [2023-08-02 06:56:51,141] {dag.py:2919} INFO - Setting next_dagrun for sample_connection to 2023-07-31T23:00:00+00:00, run_after=2023-08-01T23:00:00+00:00
[2023-08-02 06:56:51,149] {processor.py:161} INFO - Processing /opt/airflow/dags/sample_connection.py took 0.373 seconds
[2023-08-02 06:57:21,445] {processor.py:153} INFO - Started process (PID=1899) to work on /opt/airflow/dags/sample_connection.py
[2023-08-02 06:57:21,446] {processor.py:641} INFO - Processing file /opt/airflow/dags/sample_connection.py for tasks to queue
[2023-08-02 06:57:21,447] {logging_mixin.py:115} INFO - [2023-08-02 06:57:21,446] {dagbag.py:507} INFO - Filling up the DagBag from /opt/airflow/dags/sample_connection.py
[2023-08-02 06:57:21,742] {processor.py:651} INFO - DAG(s) dict_keys(['sample_connection']) retrieved from /opt/airflow/dags/sample_connection.py
[2023-08-02 06:57:21,759] {logging_mixin.py:115} INFO - [2023-08-02 06:57:21,758] {dag.py:2371} INFO - Sync 1 DAGs
[2023-08-02 06:57:21,777] {logging_mixin.py:115} INFO - [2023-08-02 06:57:21,777] {dag.py:2919} INFO - Setting next_dagrun for sample_connection to 2023-07-31T23:00:00+00:00, run_after=2023-08-01T23:00:00+00:00
[2023-08-02 06:57:21,788] {processor.py:161} INFO - Processing /opt/airflow/dags/sample_connection.py took 0.345 seconds
[2023-08-02 06:57:52,179] {processor.py:153} INFO - Started process (PID=1932) to work on /opt/airflow/dags/sample_connection.py
[2023-08-02 06:57:52,179] {processor.py:641} INFO - Processing file /opt/airflow/dags/sample_connection.py for tasks to queue
[2023-08-02 06:57:52,180] {logging_mixin.py:115} INFO - [2023-08-02 06:57:52,180] {dagbag.py:507} INFO - Filling up the DagBag from /opt/airflow/dags/sample_connection.py
[2023-08-02 06:57:52,468] {processor.py:651} INFO - DAG(s) dict_keys(['sample_connection']) retrieved from /opt/airflow/dags/sample_connection.py
[2023-08-02 06:57:52,487] {logging_mixin.py:115} INFO - [2023-08-02 06:57:52,487] {dag.py:2371} INFO - Sync 1 DAGs
[2023-08-02 06:57:52,512] {logging_mixin.py:115} INFO - [2023-08-02 06:57:52,512] {dag.py:2919} INFO - Setting next_dagrun for sample_connection to 2023-07-31T23:00:00+00:00, run_after=2023-08-01T23:00:00+00:00
[2023-08-02 06:57:52,520] {processor.py:161} INFO - Processing /opt/airflow/dags/sample_connection.py took 0.344 seconds
[2023-08-02 06:58:22,846] {processor.py:153} INFO - Started process (PID=1965) to work on /opt/airflow/dags/sample_connection.py
[2023-08-02 06:58:22,846] {processor.py:641} INFO - Processing file /opt/airflow/dags/sample_connection.py for tasks to queue
[2023-08-02 06:58:22,847] {logging_mixin.py:115} INFO - [2023-08-02 06:58:22,847] {dagbag.py:507} INFO - Filling up the DagBag from /opt/airflow/dags/sample_connection.py
[2023-08-02 06:58:23,152] {processor.py:651} INFO - DAG(s) dict_keys(['sample_connection']) retrieved from /opt/airflow/dags/sample_connection.py
[2023-08-02 06:58:23,168] {logging_mixin.py:115} INFO - [2023-08-02 06:58:23,168] {dag.py:2371} INFO - Sync 1 DAGs
[2023-08-02 06:58:23,189] {logging_mixin.py:115} INFO - [2023-08-02 06:58:23,188] {dag.py:2919} INFO - Setting next_dagrun for sample_connection to 2023-07-31T23:00:00+00:00, run_after=2023-08-01T23:00:00+00:00
[2023-08-02 06:58:23,198] {processor.py:161} INFO - Processing /opt/airflow/dags/sample_connection.py took 0.355 seconds
[2023-08-02 06:58:53,542] {processor.py:153} INFO - Started process (PID=1998) to work on /opt/airflow/dags/sample_connection.py
[2023-08-02 06:58:53,543] {processor.py:641} INFO - Processing file /opt/airflow/dags/sample_connection.py for tasks to queue
[2023-08-02 06:58:53,543] {logging_mixin.py:115} INFO - [2023-08-02 06:58:53,543] {dagbag.py:507} INFO - Filling up the DagBag from /opt/airflow/dags/sample_connection.py
[2023-08-02 06:58:53,836] {processor.py:651} INFO - DAG(s) dict_keys(['sample_connection']) retrieved from /opt/airflow/dags/sample_connection.py
[2023-08-02 06:58:53,851] {logging_mixin.py:115} INFO - [2023-08-02 06:58:53,851] {dag.py:2371} INFO - Sync 1 DAGs
[2023-08-02 06:58:53,868] {logging_mixin.py:115} INFO - [2023-08-02 06:58:53,867] {dag.py:2919} INFO - Setting next_dagrun for sample_connection to 2023-07-31T23:00:00+00:00, run_after=2023-08-01T23:00:00+00:00
[2023-08-02 06:58:53,876] {processor.py:161} INFO - Processing /opt/airflow/dags/sample_connection.py took 0.337 seconds
[2023-08-02 06:59:24,205] {processor.py:153} INFO - Started process (PID=2031) to work on /opt/airflow/dags/sample_connection.py
[2023-08-02 06:59:24,205] {processor.py:641} INFO - Processing file /opt/airflow/dags/sample_connection.py for tasks to queue
[2023-08-02 06:59:24,206] {logging_mixin.py:115} INFO - [2023-08-02 06:59:24,206] {dagbag.py:507} INFO - Filling up the DagBag from /opt/airflow/dags/sample_connection.py
[2023-08-02 06:59:24,507] {processor.py:651} INFO - DAG(s) dict_keys(['sample_connection']) retrieved from /opt/airflow/dags/sample_connection.py
[2023-08-02 06:59:24,524] {logging_mixin.py:115} INFO - [2023-08-02 06:59:24,523] {dag.py:2371} INFO - Sync 1 DAGs
[2023-08-02 06:59:24,541] {logging_mixin.py:115} INFO - [2023-08-02 06:59:24,541] {dag.py:2919} INFO - Setting next_dagrun for sample_connection to 2023-07-31T23:00:00+00:00, run_after=2023-08-01T23:00:00+00:00
[2023-08-02 06:59:24,551] {processor.py:161} INFO - Processing /opt/airflow/dags/sample_connection.py took 0.350 seconds
[2023-08-02 06:59:54,852] {processor.py:153} INFO - Started process (PID=2064) to work on /opt/airflow/dags/sample_connection.py
[2023-08-02 06:59:54,853] {processor.py:641} INFO - Processing file /opt/airflow/dags/sample_connection.py for tasks to queue
[2023-08-02 06:59:54,853] {logging_mixin.py:115} INFO - [2023-08-02 06:59:54,853] {dagbag.py:507} INFO - Filling up the DagBag from /opt/airflow/dags/sample_connection.py
[2023-08-02 06:59:55,138] {processor.py:651} INFO - DAG(s) dict_keys(['sample_connection']) retrieved from /opt/airflow/dags/sample_connection.py
[2023-08-02 06:59:55,153] {logging_mixin.py:115} INFO - [2023-08-02 06:59:55,153] {dag.py:2371} INFO - Sync 1 DAGs
[2023-08-02 06:59:55,169] {logging_mixin.py:115} INFO - [2023-08-02 06:59:55,169] {dag.py:2919} INFO - Setting next_dagrun for sample_connection to 2023-07-31T23:00:00+00:00, run_after=2023-08-01T23:00:00+00:00
[2023-08-02 06:59:55,177] {processor.py:161} INFO - Processing /opt/airflow/dags/sample_connection.py took 0.327 seconds
[2023-08-02 07:00:52,162] {processor.py:153} INFO - Started process (PID=207) to work on /opt/airflow/dags/sample_connection.py
[2023-08-02 07:00:52,163] {processor.py:641} INFO - Processing file /opt/airflow/dags/sample_connection.py for tasks to queue
[2023-08-02 07:00:52,163] {logging_mixin.py:115} INFO - [2023-08-02 07:00:52,163] {dagbag.py:507} INFO - Filling up the DagBag from /opt/airflow/dags/sample_connection.py
[2023-08-02 07:00:52,489] {processor.py:651} INFO - DAG(s) dict_keys(['sample_connection']) retrieved from /opt/airflow/dags/sample_connection.py
[2023-08-02 07:00:52,515] {logging_mixin.py:115} INFO - [2023-08-02 07:00:52,515] {dag.py:2371} INFO - Sync 1 DAGs
[2023-08-02 07:00:52,546] {logging_mixin.py:115} INFO - [2023-08-02 07:00:52,545] {dag.py:2919} INFO - Setting next_dagrun for sample_connection to 2023-07-31T23:00:00+00:00, run_after=2023-08-01T23:00:00+00:00
[2023-08-02 07:00:52,556] {processor.py:161} INFO - Processing /opt/airflow/dags/sample_connection.py took 0.396 seconds
