[2023-08-02 06:31:14,822] {processor.py:153} INFO - Started process (PID=217) to work on /opt/airflow/dags/sample_dag.py
[2023-08-02 06:31:14,823] {processor.py:641} INFO - Processing file /opt/airflow/dags/sample_dag.py for tasks to queue
[2023-08-02 06:31:14,823] {logging_mixin.py:115} INFO - [2023-08-02 06:31:14,823] {dagbag.py:507} INFO - Filling up the DagBag from /opt/airflow/dags/sample_dag.py
[2023-08-02 06:31:14,832] {processor.py:651} INFO - DAG(s) dict_keys(['first_sample_dag']) retrieved from /opt/airflow/dags/sample_dag.py
[2023-08-02 06:31:14,858] {logging_mixin.py:115} INFO - [2023-08-02 06:31:14,858] {dag.py:2371} INFO - Sync 1 DAGs
[2023-08-02 06:31:14,881] {logging_mixin.py:115} INFO - [2023-08-02 06:31:14,880] {dag.py:2919} INFO - Setting next_dagrun for first_sample_dag to 2023-07-31T23:00:00+00:00, run_after=2023-08-01T23:00:00+00:00
[2023-08-02 06:31:14,898] {processor.py:161} INFO - Processing /opt/airflow/dags/sample_dag.py took 0.079 seconds
[2023-08-02 06:31:45,683] {processor.py:153} INFO - Started process (PID=250) to work on /opt/airflow/dags/sample_dag.py
[2023-08-02 06:31:45,684] {processor.py:641} INFO - Processing file /opt/airflow/dags/sample_dag.py for tasks to queue
[2023-08-02 06:31:45,684] {logging_mixin.py:115} INFO - [2023-08-02 06:31:45,684] {dagbag.py:507} INFO - Filling up the DagBag from /opt/airflow/dags/sample_dag.py
[2023-08-02 06:31:45,695] {processor.py:651} INFO - DAG(s) dict_keys(['first_sample_dag']) retrieved from /opt/airflow/dags/sample_dag.py
[2023-08-02 06:31:45,731] {logging_mixin.py:115} INFO - [2023-08-02 06:31:45,731] {dag.py:2371} INFO - Sync 1 DAGs
[2023-08-02 06:31:45,765] {logging_mixin.py:115} INFO - [2023-08-02 06:31:45,765] {dag.py:2919} INFO - Setting next_dagrun for first_sample_dag to 2023-07-31T23:00:00+00:00, run_after=2023-08-01T23:00:00+00:00
[2023-08-02 06:31:45,776] {processor.py:161} INFO - Processing /opt/airflow/dags/sample_dag.py took 0.097 seconds
[2023-08-02 06:32:16,436] {processor.py:153} INFO - Started process (PID=277) to work on /opt/airflow/dags/sample_dag.py
[2023-08-02 06:32:16,437] {processor.py:641} INFO - Processing file /opt/airflow/dags/sample_dag.py for tasks to queue
[2023-08-02 06:32:16,437] {logging_mixin.py:115} INFO - [2023-08-02 06:32:16,437] {dagbag.py:507} INFO - Filling up the DagBag from /opt/airflow/dags/sample_dag.py
[2023-08-02 06:32:16,447] {processor.py:651} INFO - DAG(s) dict_keys(['first_sample_dag']) retrieved from /opt/airflow/dags/sample_dag.py
[2023-08-02 06:32:16,473] {logging_mixin.py:115} INFO - [2023-08-02 06:32:16,473] {dag.py:2371} INFO - Sync 1 DAGs
[2023-08-02 06:32:16,508] {logging_mixin.py:115} INFO - [2023-08-02 06:32:16,508] {dag.py:2919} INFO - Setting next_dagrun for first_sample_dag to 2023-07-31T23:00:00+00:00, run_after=2023-08-01T23:00:00+00:00
[2023-08-02 06:32:16,520] {processor.py:161} INFO - Processing /opt/airflow/dags/sample_dag.py took 0.088 seconds
[2023-08-02 06:32:47,158] {processor.py:153} INFO - Started process (PID=310) to work on /opt/airflow/dags/sample_dag.py
[2023-08-02 06:32:47,158] {processor.py:641} INFO - Processing file /opt/airflow/dags/sample_dag.py for tasks to queue
[2023-08-02 06:32:47,159] {logging_mixin.py:115} INFO - [2023-08-02 06:32:47,159] {dagbag.py:507} INFO - Filling up the DagBag from /opt/airflow/dags/sample_dag.py
[2023-08-02 06:32:47,164] {processor.py:651} INFO - DAG(s) dict_keys(['first_sample_dag']) retrieved from /opt/airflow/dags/sample_dag.py
[2023-08-02 06:32:47,189] {logging_mixin.py:115} INFO - [2023-08-02 06:32:47,189] {dag.py:2371} INFO - Sync 1 DAGs
[2023-08-02 06:32:47,212] {logging_mixin.py:115} INFO - [2023-08-02 06:32:47,212] {dag.py:2919} INFO - Setting next_dagrun for first_sample_dag to 2023-07-31T23:00:00+00:00, run_after=2023-08-01T23:00:00+00:00
[2023-08-02 06:32:47,223] {processor.py:161} INFO - Processing /opt/airflow/dags/sample_dag.py took 0.068 seconds
[2023-08-02 06:33:17,875] {processor.py:153} INFO - Started process (PID=343) to work on /opt/airflow/dags/sample_dag.py
[2023-08-02 06:33:17,876] {processor.py:641} INFO - Processing file /opt/airflow/dags/sample_dag.py for tasks to queue
[2023-08-02 06:33:17,876] {logging_mixin.py:115} INFO - [2023-08-02 06:33:17,876] {dagbag.py:507} INFO - Filling up the DagBag from /opt/airflow/dags/sample_dag.py
[2023-08-02 06:33:17,882] {processor.py:651} INFO - DAG(s) dict_keys(['first_sample_dag']) retrieved from /opt/airflow/dags/sample_dag.py
[2023-08-02 06:33:17,907] {logging_mixin.py:115} INFO - [2023-08-02 06:33:17,906] {dag.py:2371} INFO - Sync 1 DAGs
[2023-08-02 06:33:17,937] {logging_mixin.py:115} INFO - [2023-08-02 06:33:17,937] {dag.py:2919} INFO - Setting next_dagrun for first_sample_dag to 2023-07-31T23:00:00+00:00, run_after=2023-08-01T23:00:00+00:00
[2023-08-02 06:33:17,952] {processor.py:161} INFO - Processing /opt/airflow/dags/sample_dag.py took 0.080 seconds
[2023-08-02 06:33:48,553] {processor.py:153} INFO - Started process (PID=376) to work on /opt/airflow/dags/sample_dag.py
[2023-08-02 06:33:48,553] {processor.py:641} INFO - Processing file /opt/airflow/dags/sample_dag.py for tasks to queue
[2023-08-02 06:33:48,554] {logging_mixin.py:115} INFO - [2023-08-02 06:33:48,554] {dagbag.py:507} INFO - Filling up the DagBag from /opt/airflow/dags/sample_dag.py
[2023-08-02 06:33:48,560] {processor.py:651} INFO - DAG(s) dict_keys(['first_sample_dag']) retrieved from /opt/airflow/dags/sample_dag.py
[2023-08-02 06:33:48,587] {logging_mixin.py:115} INFO - [2023-08-02 06:33:48,587] {dag.py:2371} INFO - Sync 1 DAGs
[2023-08-02 06:33:48,607] {logging_mixin.py:115} INFO - [2023-08-02 06:33:48,607] {dag.py:2919} INFO - Setting next_dagrun for first_sample_dag to 2023-07-31T23:00:00+00:00, run_after=2023-08-01T23:00:00+00:00
[2023-08-02 06:33:48,617] {processor.py:161} INFO - Processing /opt/airflow/dags/sample_dag.py took 0.067 seconds
[2023-08-02 06:34:19,252] {processor.py:153} INFO - Started process (PID=409) to work on /opt/airflow/dags/sample_dag.py
[2023-08-02 06:34:19,252] {processor.py:641} INFO - Processing file /opt/airflow/dags/sample_dag.py for tasks to queue
[2023-08-02 06:34:19,253] {logging_mixin.py:115} INFO - [2023-08-02 06:34:19,253] {dagbag.py:507} INFO - Filling up the DagBag from /opt/airflow/dags/sample_dag.py
[2023-08-02 06:34:19,259] {processor.py:651} INFO - DAG(s) dict_keys(['first_sample_dag']) retrieved from /opt/airflow/dags/sample_dag.py
[2023-08-02 06:34:19,285] {logging_mixin.py:115} INFO - [2023-08-02 06:34:19,284] {dag.py:2371} INFO - Sync 1 DAGs
[2023-08-02 06:34:19,307] {logging_mixin.py:115} INFO - [2023-08-02 06:34:19,307] {dag.py:2919} INFO - Setting next_dagrun for first_sample_dag to 2023-07-31T23:00:00+00:00, run_after=2023-08-01T23:00:00+00:00
[2023-08-02 06:34:19,320] {processor.py:161} INFO - Processing /opt/airflow/dags/sample_dag.py took 0.072 seconds
[2023-08-02 06:34:50,007] {processor.py:153} INFO - Started process (PID=442) to work on /opt/airflow/dags/sample_dag.py
[2023-08-02 06:34:50,007] {processor.py:641} INFO - Processing file /opt/airflow/dags/sample_dag.py for tasks to queue
[2023-08-02 06:34:50,008] {logging_mixin.py:115} INFO - [2023-08-02 06:34:50,008] {dagbag.py:507} INFO - Filling up the DagBag from /opt/airflow/dags/sample_dag.py
[2023-08-02 06:34:50,014] {processor.py:651} INFO - DAG(s) dict_keys(['first_sample_dag']) retrieved from /opt/airflow/dags/sample_dag.py
[2023-08-02 06:34:50,044] {logging_mixin.py:115} INFO - [2023-08-02 06:34:50,044] {dag.py:2371} INFO - Sync 1 DAGs
[2023-08-02 06:34:50,067] {logging_mixin.py:115} INFO - [2023-08-02 06:34:50,067] {dag.py:2919} INFO - Setting next_dagrun for first_sample_dag to 2023-07-31T23:00:00+00:00, run_after=2023-08-01T23:00:00+00:00
[2023-08-02 06:34:50,077] {processor.py:161} INFO - Processing /opt/airflow/dags/sample_dag.py took 0.073 seconds
[2023-08-02 06:35:20,688] {processor.py:153} INFO - Started process (PID=475) to work on /opt/airflow/dags/sample_dag.py
[2023-08-02 06:35:20,689] {processor.py:641} INFO - Processing file /opt/airflow/dags/sample_dag.py for tasks to queue
[2023-08-02 06:35:20,689] {logging_mixin.py:115} INFO - [2023-08-02 06:35:20,689] {dagbag.py:507} INFO - Filling up the DagBag from /opt/airflow/dags/sample_dag.py
[2023-08-02 06:35:20,696] {processor.py:651} INFO - DAG(s) dict_keys(['first_sample_dag']) retrieved from /opt/airflow/dags/sample_dag.py
[2023-08-02 06:35:20,723] {logging_mixin.py:115} INFO - [2023-08-02 06:35:20,723] {dag.py:2371} INFO - Sync 1 DAGs
[2023-08-02 06:35:20,747] {logging_mixin.py:115} INFO - [2023-08-02 06:35:20,747] {dag.py:2919} INFO - Setting next_dagrun for first_sample_dag to 2023-07-31T23:00:00+00:00, run_after=2023-08-01T23:00:00+00:00
[2023-08-02 06:35:20,757] {processor.py:161} INFO - Processing /opt/airflow/dags/sample_dag.py took 0.071 seconds
[2023-08-02 06:35:51,373] {processor.py:153} INFO - Started process (PID=508) to work on /opt/airflow/dags/sample_dag.py
[2023-08-02 06:35:51,374] {processor.py:641} INFO - Processing file /opt/airflow/dags/sample_dag.py for tasks to queue
[2023-08-02 06:35:51,374] {logging_mixin.py:115} INFO - [2023-08-02 06:35:51,374] {dagbag.py:507} INFO - Filling up the DagBag from /opt/airflow/dags/sample_dag.py
[2023-08-02 06:35:51,381] {processor.py:651} INFO - DAG(s) dict_keys(['first_sample_dag']) retrieved from /opt/airflow/dags/sample_dag.py
[2023-08-02 06:35:51,405] {logging_mixin.py:115} INFO - [2023-08-02 06:35:51,405] {dag.py:2371} INFO - Sync 1 DAGs
[2023-08-02 06:35:51,429] {logging_mixin.py:115} INFO - [2023-08-02 06:35:51,429] {dag.py:2919} INFO - Setting next_dagrun for first_sample_dag to 2023-07-31T23:00:00+00:00, run_after=2023-08-01T23:00:00+00:00
[2023-08-02 06:35:51,439] {processor.py:161} INFO - Processing /opt/airflow/dags/sample_dag.py took 0.068 seconds
[2023-08-02 06:36:22,065] {processor.py:153} INFO - Started process (PID=541) to work on /opt/airflow/dags/sample_dag.py
[2023-08-02 06:36:22,065] {processor.py:641} INFO - Processing file /opt/airflow/dags/sample_dag.py for tasks to queue
[2023-08-02 06:36:22,066] {logging_mixin.py:115} INFO - [2023-08-02 06:36:22,066] {dagbag.py:507} INFO - Filling up the DagBag from /opt/airflow/dags/sample_dag.py
[2023-08-02 06:36:22,072] {processor.py:651} INFO - DAG(s) dict_keys(['first_sample_dag']) retrieved from /opt/airflow/dags/sample_dag.py
[2023-08-02 06:36:22,095] {logging_mixin.py:115} INFO - [2023-08-02 06:36:22,095] {dag.py:2371} INFO - Sync 1 DAGs
[2023-08-02 06:36:22,120] {logging_mixin.py:115} INFO - [2023-08-02 06:36:22,120] {dag.py:2919} INFO - Setting next_dagrun for first_sample_dag to 2023-07-31T23:00:00+00:00, run_after=2023-08-01T23:00:00+00:00
[2023-08-02 06:36:22,130] {processor.py:161} INFO - Processing /opt/airflow/dags/sample_dag.py took 0.069 seconds
[2023-08-02 06:36:52,752] {processor.py:153} INFO - Started process (PID=574) to work on /opt/airflow/dags/sample_dag.py
[2023-08-02 06:36:52,753] {processor.py:641} INFO - Processing file /opt/airflow/dags/sample_dag.py for tasks to queue
[2023-08-02 06:36:52,753] {logging_mixin.py:115} INFO - [2023-08-02 06:36:52,753] {dagbag.py:507} INFO - Filling up the DagBag from /opt/airflow/dags/sample_dag.py
[2023-08-02 06:36:52,758] {processor.py:651} INFO - DAG(s) dict_keys(['first_sample_dag']) retrieved from /opt/airflow/dags/sample_dag.py
[2023-08-02 06:36:52,781] {logging_mixin.py:115} INFO - [2023-08-02 06:36:52,781] {dag.py:2371} INFO - Sync 1 DAGs
[2023-08-02 06:36:52,804] {logging_mixin.py:115} INFO - [2023-08-02 06:36:52,804] {dag.py:2919} INFO - Setting next_dagrun for first_sample_dag to 2023-07-31T23:00:00+00:00, run_after=2023-08-01T23:00:00+00:00
[2023-08-02 06:36:52,817] {processor.py:161} INFO - Processing /opt/airflow/dags/sample_dag.py took 0.067 seconds
[2023-08-02 06:37:23,424] {processor.py:153} INFO - Started process (PID=607) to work on /opt/airflow/dags/sample_dag.py
[2023-08-02 06:37:23,425] {processor.py:641} INFO - Processing file /opt/airflow/dags/sample_dag.py for tasks to queue
[2023-08-02 06:37:23,425] {logging_mixin.py:115} INFO - [2023-08-02 06:37:23,425] {dagbag.py:507} INFO - Filling up the DagBag from /opt/airflow/dags/sample_dag.py
[2023-08-02 06:37:23,431] {processor.py:651} INFO - DAG(s) dict_keys(['first_sample_dag']) retrieved from /opt/airflow/dags/sample_dag.py
[2023-08-02 06:37:23,456] {logging_mixin.py:115} INFO - [2023-08-02 06:37:23,456] {dag.py:2371} INFO - Sync 1 DAGs
[2023-08-02 06:37:23,479] {logging_mixin.py:115} INFO - [2023-08-02 06:37:23,479] {dag.py:2919} INFO - Setting next_dagrun for first_sample_dag to 2023-07-31T23:00:00+00:00, run_after=2023-08-01T23:00:00+00:00
[2023-08-02 06:37:23,488] {processor.py:161} INFO - Processing /opt/airflow/dags/sample_dag.py took 0.067 seconds
[2023-08-02 06:37:54,178] {processor.py:153} INFO - Started process (PID=640) to work on /opt/airflow/dags/sample_dag.py
[2023-08-02 06:37:54,178] {processor.py:641} INFO - Processing file /opt/airflow/dags/sample_dag.py for tasks to queue
[2023-08-02 06:37:54,179] {logging_mixin.py:115} INFO - [2023-08-02 06:37:54,179] {dagbag.py:507} INFO - Filling up the DagBag from /opt/airflow/dags/sample_dag.py
[2023-08-02 06:37:54,185] {processor.py:651} INFO - DAG(s) dict_keys(['first_sample_dag']) retrieved from /opt/airflow/dags/sample_dag.py
[2023-08-02 06:37:54,210] {logging_mixin.py:115} INFO - [2023-08-02 06:37:54,210] {dag.py:2371} INFO - Sync 1 DAGs
[2023-08-02 06:37:54,235] {logging_mixin.py:115} INFO - [2023-08-02 06:37:54,234] {dag.py:2919} INFO - Setting next_dagrun for first_sample_dag to 2023-07-31T23:00:00+00:00, run_after=2023-08-01T23:00:00+00:00
[2023-08-02 06:37:54,244] {processor.py:161} INFO - Processing /opt/airflow/dags/sample_dag.py took 0.069 seconds
[2023-08-02 06:38:24,891] {processor.py:153} INFO - Started process (PID=673) to work on /opt/airflow/dags/sample_dag.py
[2023-08-02 06:38:24,891] {processor.py:641} INFO - Processing file /opt/airflow/dags/sample_dag.py for tasks to queue
[2023-08-02 06:38:24,892] {logging_mixin.py:115} INFO - [2023-08-02 06:38:24,892] {dagbag.py:507} INFO - Filling up the DagBag from /opt/airflow/dags/sample_dag.py
[2023-08-02 06:38:24,898] {processor.py:651} INFO - DAG(s) dict_keys(['first_sample_dag']) retrieved from /opt/airflow/dags/sample_dag.py
[2023-08-02 06:38:24,925] {logging_mixin.py:115} INFO - [2023-08-02 06:38:24,925] {dag.py:2371} INFO - Sync 1 DAGs
[2023-08-02 06:38:24,949] {logging_mixin.py:115} INFO - [2023-08-02 06:38:24,949] {dag.py:2919} INFO - Setting next_dagrun for first_sample_dag to 2023-07-31T23:00:00+00:00, run_after=2023-08-01T23:00:00+00:00
[2023-08-02 06:38:24,958] {processor.py:161} INFO - Processing /opt/airflow/dags/sample_dag.py took 0.069 seconds
[2023-08-02 06:38:55,655] {processor.py:153} INFO - Started process (PID=706) to work on /opt/airflow/dags/sample_dag.py
[2023-08-02 06:38:55,656] {processor.py:641} INFO - Processing file /opt/airflow/dags/sample_dag.py for tasks to queue
[2023-08-02 06:38:55,656] {logging_mixin.py:115} INFO - [2023-08-02 06:38:55,656] {dagbag.py:507} INFO - Filling up the DagBag from /opt/airflow/dags/sample_dag.py
[2023-08-02 06:38:55,662] {processor.py:651} INFO - DAG(s) dict_keys(['first_sample_dag']) retrieved from /opt/airflow/dags/sample_dag.py
[2023-08-02 06:38:55,690] {logging_mixin.py:115} INFO - [2023-08-02 06:38:55,690] {dag.py:2371} INFO - Sync 1 DAGs
[2023-08-02 06:38:55,713] {logging_mixin.py:115} INFO - [2023-08-02 06:38:55,713] {dag.py:2919} INFO - Setting next_dagrun for first_sample_dag to 2023-07-31T23:00:00+00:00, run_after=2023-08-01T23:00:00+00:00
[2023-08-02 06:38:55,727] {processor.py:161} INFO - Processing /opt/airflow/dags/sample_dag.py took 0.074 seconds
[2023-08-02 06:39:26,362] {processor.py:153} INFO - Started process (PID=739) to work on /opt/airflow/dags/sample_dag.py
[2023-08-02 06:39:26,363] {processor.py:641} INFO - Processing file /opt/airflow/dags/sample_dag.py for tasks to queue
[2023-08-02 06:39:26,363] {logging_mixin.py:115} INFO - [2023-08-02 06:39:26,363] {dagbag.py:507} INFO - Filling up the DagBag from /opt/airflow/dags/sample_dag.py
[2023-08-02 06:39:26,369] {processor.py:651} INFO - DAG(s) dict_keys(['first_sample_dag']) retrieved from /opt/airflow/dags/sample_dag.py
[2023-08-02 06:39:26,396] {logging_mixin.py:115} INFO - [2023-08-02 06:39:26,396] {dag.py:2371} INFO - Sync 1 DAGs
[2023-08-02 06:39:26,419] {logging_mixin.py:115} INFO - [2023-08-02 06:39:26,419] {dag.py:2919} INFO - Setting next_dagrun for first_sample_dag to 2023-07-31T23:00:00+00:00, run_after=2023-08-01T23:00:00+00:00
[2023-08-02 06:39:26,430] {processor.py:161} INFO - Processing /opt/airflow/dags/sample_dag.py took 0.070 seconds
[2023-08-02 06:39:57,113] {processor.py:153} INFO - Started process (PID=772) to work on /opt/airflow/dags/sample_dag.py
[2023-08-02 06:39:57,114] {processor.py:641} INFO - Processing file /opt/airflow/dags/sample_dag.py for tasks to queue
[2023-08-02 06:39:57,114] {logging_mixin.py:115} INFO - [2023-08-02 06:39:57,114] {dagbag.py:507} INFO - Filling up the DagBag from /opt/airflow/dags/sample_dag.py
[2023-08-02 06:39:57,121] {processor.py:651} INFO - DAG(s) dict_keys(['first_sample_dag']) retrieved from /opt/airflow/dags/sample_dag.py
[2023-08-02 06:39:57,144] {logging_mixin.py:115} INFO - [2023-08-02 06:39:57,144] {dag.py:2371} INFO - Sync 1 DAGs
[2023-08-02 06:39:57,170] {logging_mixin.py:115} INFO - [2023-08-02 06:39:57,170] {dag.py:2919} INFO - Setting next_dagrun for first_sample_dag to 2023-07-31T23:00:00+00:00, run_after=2023-08-01T23:00:00+00:00
[2023-08-02 06:39:57,180] {processor.py:161} INFO - Processing /opt/airflow/dags/sample_dag.py took 0.069 seconds
[2023-08-02 06:40:27,806] {processor.py:153} INFO - Started process (PID=805) to work on /opt/airflow/dags/sample_dag.py
[2023-08-02 06:40:27,807] {processor.py:641} INFO - Processing file /opt/airflow/dags/sample_dag.py for tasks to queue
[2023-08-02 06:40:27,807] {logging_mixin.py:115} INFO - [2023-08-02 06:40:27,807] {dagbag.py:507} INFO - Filling up the DagBag from /opt/airflow/dags/sample_dag.py
[2023-08-02 06:40:27,813] {processor.py:651} INFO - DAG(s) dict_keys(['first_sample_dag']) retrieved from /opt/airflow/dags/sample_dag.py
[2023-08-02 06:40:27,839] {logging_mixin.py:115} INFO - [2023-08-02 06:40:27,839] {dag.py:2371} INFO - Sync 1 DAGs
[2023-08-02 06:40:27,865] {logging_mixin.py:115} INFO - [2023-08-02 06:40:27,864] {dag.py:2919} INFO - Setting next_dagrun for first_sample_dag to 2023-07-31T23:00:00+00:00, run_after=2023-08-01T23:00:00+00:00
[2023-08-02 06:40:27,875] {processor.py:161} INFO - Processing /opt/airflow/dags/sample_dag.py took 0.071 seconds
[2023-08-02 06:40:58,514] {processor.py:153} INFO - Started process (PID=838) to work on /opt/airflow/dags/sample_dag.py
[2023-08-02 06:40:58,515] {processor.py:641} INFO - Processing file /opt/airflow/dags/sample_dag.py for tasks to queue
[2023-08-02 06:40:58,515] {logging_mixin.py:115} INFO - [2023-08-02 06:40:58,515] {dagbag.py:507} INFO - Filling up the DagBag from /opt/airflow/dags/sample_dag.py
[2023-08-02 06:40:58,522] {processor.py:651} INFO - DAG(s) dict_keys(['first_sample_dag']) retrieved from /opt/airflow/dags/sample_dag.py
[2023-08-02 06:40:58,550] {logging_mixin.py:115} INFO - [2023-08-02 06:40:58,550] {dag.py:2371} INFO - Sync 1 DAGs
[2023-08-02 06:40:58,572] {logging_mixin.py:115} INFO - [2023-08-02 06:40:58,572] {dag.py:2919} INFO - Setting next_dagrun for first_sample_dag to 2023-07-31T23:00:00+00:00, run_after=2023-08-01T23:00:00+00:00
[2023-08-02 06:40:58,583] {processor.py:161} INFO - Processing /opt/airflow/dags/sample_dag.py took 0.072 seconds
[2023-08-02 06:41:29,207] {processor.py:153} INFO - Started process (PID=871) to work on /opt/airflow/dags/sample_dag.py
[2023-08-02 06:41:29,207] {processor.py:641} INFO - Processing file /opt/airflow/dags/sample_dag.py for tasks to queue
[2023-08-02 06:41:29,208] {logging_mixin.py:115} INFO - [2023-08-02 06:41:29,208] {dagbag.py:507} INFO - Filling up the DagBag from /opt/airflow/dags/sample_dag.py
[2023-08-02 06:41:29,217] {processor.py:651} INFO - DAG(s) dict_keys(['first_sample_dag']) retrieved from /opt/airflow/dags/sample_dag.py
[2023-08-02 06:41:29,238] {logging_mixin.py:115} INFO - [2023-08-02 06:41:29,238] {dag.py:2371} INFO - Sync 1 DAGs
[2023-08-02 06:41:29,265] {logging_mixin.py:115} INFO - [2023-08-02 06:41:29,265] {dag.py:2919} INFO - Setting next_dagrun for first_sample_dag to 2023-07-31T23:00:00+00:00, run_after=2023-08-01T23:00:00+00:00
[2023-08-02 06:41:29,275] {processor.py:161} INFO - Processing /opt/airflow/dags/sample_dag.py took 0.071 seconds
[2023-08-02 06:41:59,999] {processor.py:153} INFO - Started process (PID=904) to work on /opt/airflow/dags/sample_dag.py
[2023-08-02 06:41:59,999] {processor.py:641} INFO - Processing file /opt/airflow/dags/sample_dag.py for tasks to queue
[2023-08-02 06:42:00,000] {logging_mixin.py:115} INFO - [2023-08-02 06:42:00,000] {dagbag.py:507} INFO - Filling up the DagBag from /opt/airflow/dags/sample_dag.py
[2023-08-02 06:42:00,011] {processor.py:651} INFO - DAG(s) dict_keys(['first_sample_dag']) retrieved from /opt/airflow/dags/sample_dag.py
[2023-08-02 06:42:00,036] {logging_mixin.py:115} INFO - [2023-08-02 06:42:00,036] {dag.py:2371} INFO - Sync 1 DAGs
[2023-08-02 06:42:00,059] {logging_mixin.py:115} INFO - [2023-08-02 06:42:00,059] {dag.py:2919} INFO - Setting next_dagrun for first_sample_dag to 2023-07-31T23:00:00+00:00, run_after=2023-08-01T23:00:00+00:00
[2023-08-02 06:42:00,068] {processor.py:161} INFO - Processing /opt/airflow/dags/sample_dag.py took 0.072 seconds
[2023-08-02 06:42:30,687] {processor.py:153} INFO - Started process (PID=937) to work on /opt/airflow/dags/sample_dag.py
[2023-08-02 06:42:30,687] {processor.py:641} INFO - Processing file /opt/airflow/dags/sample_dag.py for tasks to queue
[2023-08-02 06:42:30,688] {logging_mixin.py:115} INFO - [2023-08-02 06:42:30,688] {dagbag.py:507} INFO - Filling up the DagBag from /opt/airflow/dags/sample_dag.py
[2023-08-02 06:42:30,697] {processor.py:651} INFO - DAG(s) dict_keys(['first_sample_dag']) retrieved from /opt/airflow/dags/sample_dag.py
[2023-08-02 06:42:30,720] {logging_mixin.py:115} INFO - [2023-08-02 06:42:30,720] {dag.py:2371} INFO - Sync 1 DAGs
[2023-08-02 06:42:30,741] {logging_mixin.py:115} INFO - [2023-08-02 06:42:30,741] {dag.py:2919} INFO - Setting next_dagrun for first_sample_dag to 2023-07-31T23:00:00+00:00, run_after=2023-08-01T23:00:00+00:00
[2023-08-02 06:42:30,751] {processor.py:161} INFO - Processing /opt/airflow/dags/sample_dag.py took 0.066 seconds
[2023-08-02 06:43:01,409] {processor.py:153} INFO - Started process (PID=970) to work on /opt/airflow/dags/sample_dag.py
[2023-08-02 06:43:01,410] {processor.py:641} INFO - Processing file /opt/airflow/dags/sample_dag.py for tasks to queue
[2023-08-02 06:43:01,410] {logging_mixin.py:115} INFO - [2023-08-02 06:43:01,410] {dagbag.py:507} INFO - Filling up the DagBag from /opt/airflow/dags/sample_dag.py
[2023-08-02 06:43:01,421] {processor.py:651} INFO - DAG(s) dict_keys(['first_sample_dag']) retrieved from /opt/airflow/dags/sample_dag.py
[2023-08-02 06:43:01,447] {logging_mixin.py:115} INFO - [2023-08-02 06:43:01,447] {dag.py:2371} INFO - Sync 1 DAGs
[2023-08-02 06:43:01,469] {logging_mixin.py:115} INFO - [2023-08-02 06:43:01,468] {dag.py:2919} INFO - Setting next_dagrun for first_sample_dag to 2023-07-31T23:00:00+00:00, run_after=2023-08-01T23:00:00+00:00
[2023-08-02 06:43:01,478] {processor.py:161} INFO - Processing /opt/airflow/dags/sample_dag.py took 0.072 seconds
[2023-08-02 06:43:32,093] {processor.py:153} INFO - Started process (PID=1003) to work on /opt/airflow/dags/sample_dag.py
[2023-08-02 06:43:32,093] {processor.py:641} INFO - Processing file /opt/airflow/dags/sample_dag.py for tasks to queue
[2023-08-02 06:43:32,094] {logging_mixin.py:115} INFO - [2023-08-02 06:43:32,094] {dagbag.py:507} INFO - Filling up the DagBag from /opt/airflow/dags/sample_dag.py
[2023-08-02 06:43:32,103] {processor.py:651} INFO - DAG(s) dict_keys(['first_sample_dag']) retrieved from /opt/airflow/dags/sample_dag.py
[2023-08-02 06:43:32,126] {logging_mixin.py:115} INFO - [2023-08-02 06:43:32,126] {dag.py:2371} INFO - Sync 1 DAGs
[2023-08-02 06:43:32,147] {logging_mixin.py:115} INFO - [2023-08-02 06:43:32,147] {dag.py:2919} INFO - Setting next_dagrun for first_sample_dag to 2023-07-31T23:00:00+00:00, run_after=2023-08-01T23:00:00+00:00
[2023-08-02 06:43:32,156] {processor.py:161} INFO - Processing /opt/airflow/dags/sample_dag.py took 0.067 seconds
[2023-08-02 06:44:02,834] {processor.py:153} INFO - Started process (PID=1036) to work on /opt/airflow/dags/sample_dag.py
[2023-08-02 06:44:02,834] {processor.py:641} INFO - Processing file /opt/airflow/dags/sample_dag.py for tasks to queue
[2023-08-02 06:44:02,835] {logging_mixin.py:115} INFO - [2023-08-02 06:44:02,835] {dagbag.py:507} INFO - Filling up the DagBag from /opt/airflow/dags/sample_dag.py
[2023-08-02 06:44:02,844] {processor.py:651} INFO - DAG(s) dict_keys(['first_sample_dag']) retrieved from /opt/airflow/dags/sample_dag.py
[2023-08-02 06:44:02,867] {logging_mixin.py:115} INFO - [2023-08-02 06:44:02,867] {dag.py:2371} INFO - Sync 1 DAGs
[2023-08-02 06:44:02,890] {logging_mixin.py:115} INFO - [2023-08-02 06:44:02,890] {dag.py:2919} INFO - Setting next_dagrun for first_sample_dag to 2023-07-31T23:00:00+00:00, run_after=2023-08-01T23:00:00+00:00
[2023-08-02 06:44:02,900] {processor.py:161} INFO - Processing /opt/airflow/dags/sample_dag.py took 0.070 seconds
[2023-08-02 06:44:33,530] {processor.py:153} INFO - Started process (PID=1069) to work on /opt/airflow/dags/sample_dag.py
[2023-08-02 06:44:33,531] {processor.py:641} INFO - Processing file /opt/airflow/dags/sample_dag.py for tasks to queue
[2023-08-02 06:44:33,531] {logging_mixin.py:115} INFO - [2023-08-02 06:44:33,531] {dagbag.py:507} INFO - Filling up the DagBag from /opt/airflow/dags/sample_dag.py
[2023-08-02 06:44:33,540] {processor.py:651} INFO - DAG(s) dict_keys(['first_sample_dag']) retrieved from /opt/airflow/dags/sample_dag.py
[2023-08-02 06:44:33,564] {logging_mixin.py:115} INFO - [2023-08-02 06:44:33,564] {dag.py:2371} INFO - Sync 1 DAGs
[2023-08-02 06:44:33,586] {logging_mixin.py:115} INFO - [2023-08-02 06:44:33,586] {dag.py:2919} INFO - Setting next_dagrun for first_sample_dag to 2023-07-31T23:00:00+00:00, run_after=2023-08-01T23:00:00+00:00
[2023-08-02 06:44:33,595] {processor.py:161} INFO - Processing /opt/airflow/dags/sample_dag.py took 0.068 seconds
[2023-08-02 06:45:04,220] {processor.py:153} INFO - Started process (PID=1102) to work on /opt/airflow/dags/sample_dag.py
[2023-08-02 06:45:04,221] {processor.py:641} INFO - Processing file /opt/airflow/dags/sample_dag.py for tasks to queue
[2023-08-02 06:45:04,221] {logging_mixin.py:115} INFO - [2023-08-02 06:45:04,221] {dagbag.py:507} INFO - Filling up the DagBag from /opt/airflow/dags/sample_dag.py
[2023-08-02 06:45:04,230] {processor.py:651} INFO - DAG(s) dict_keys(['first_sample_dag']) retrieved from /opt/airflow/dags/sample_dag.py
[2023-08-02 06:45:04,251] {logging_mixin.py:115} INFO - [2023-08-02 06:45:04,251] {dag.py:2371} INFO - Sync 1 DAGs
[2023-08-02 06:45:04,273] {logging_mixin.py:115} INFO - [2023-08-02 06:45:04,273] {dag.py:2919} INFO - Setting next_dagrun for first_sample_dag to 2023-07-31T23:00:00+00:00, run_after=2023-08-01T23:00:00+00:00
[2023-08-02 06:45:04,283] {processor.py:161} INFO - Processing /opt/airflow/dags/sample_dag.py took 0.065 seconds
[2023-08-02 06:45:34,942] {processor.py:153} INFO - Started process (PID=1135) to work on /opt/airflow/dags/sample_dag.py
[2023-08-02 06:45:34,943] {processor.py:641} INFO - Processing file /opt/airflow/dags/sample_dag.py for tasks to queue
[2023-08-02 06:45:34,943] {logging_mixin.py:115} INFO - [2023-08-02 06:45:34,943] {dagbag.py:507} INFO - Filling up the DagBag from /opt/airflow/dags/sample_dag.py
[2023-08-02 06:45:34,953] {processor.py:651} INFO - DAG(s) dict_keys(['first_sample_dag']) retrieved from /opt/airflow/dags/sample_dag.py
[2023-08-02 06:45:34,977] {logging_mixin.py:115} INFO - [2023-08-02 06:45:34,977] {dag.py:2371} INFO - Sync 1 DAGs
[2023-08-02 06:45:35,000] {logging_mixin.py:115} INFO - [2023-08-02 06:45:35,000] {dag.py:2919} INFO - Setting next_dagrun for first_sample_dag to 2023-07-31T23:00:00+00:00, run_after=2023-08-01T23:00:00+00:00
[2023-08-02 06:45:35,012] {processor.py:161} INFO - Processing /opt/airflow/dags/sample_dag.py took 0.073 seconds
[2023-08-02 06:46:05,630] {processor.py:153} INFO - Started process (PID=1168) to work on /opt/airflow/dags/sample_dag.py
[2023-08-02 06:46:05,631] {processor.py:641} INFO - Processing file /opt/airflow/dags/sample_dag.py for tasks to queue
[2023-08-02 06:46:05,631] {logging_mixin.py:115} INFO - [2023-08-02 06:46:05,631] {dagbag.py:507} INFO - Filling up the DagBag from /opt/airflow/dags/sample_dag.py
[2023-08-02 06:46:05,642] {processor.py:651} INFO - DAG(s) dict_keys(['first_sample_dag']) retrieved from /opt/airflow/dags/sample_dag.py
[2023-08-02 06:46:05,668] {logging_mixin.py:115} INFO - [2023-08-02 06:46:05,667] {dag.py:2371} INFO - Sync 1 DAGs
[2023-08-02 06:46:05,689] {logging_mixin.py:115} INFO - [2023-08-02 06:46:05,689] {dag.py:2919} INFO - Setting next_dagrun for first_sample_dag to 2023-07-31T23:00:00+00:00, run_after=2023-08-01T23:00:00+00:00
[2023-08-02 06:46:05,698] {processor.py:161} INFO - Processing /opt/airflow/dags/sample_dag.py took 0.071 seconds
[2023-08-02 06:46:36,350] {processor.py:153} INFO - Started process (PID=1201) to work on /opt/airflow/dags/sample_dag.py
[2023-08-02 06:46:36,351] {processor.py:641} INFO - Processing file /opt/airflow/dags/sample_dag.py for tasks to queue
[2023-08-02 06:46:36,351] {logging_mixin.py:115} INFO - [2023-08-02 06:46:36,351] {dagbag.py:507} INFO - Filling up the DagBag from /opt/airflow/dags/sample_dag.py
[2023-08-02 06:46:36,358] {processor.py:651} INFO - DAG(s) dict_keys(['first_sample_dag']) retrieved from /opt/airflow/dags/sample_dag.py
[2023-08-02 06:46:36,384] {logging_mixin.py:115} INFO - [2023-08-02 06:46:36,383] {dag.py:2371} INFO - Sync 1 DAGs
[2023-08-02 06:46:36,411] {logging_mixin.py:115} INFO - [2023-08-02 06:46:36,411] {dag.py:2919} INFO - Setting next_dagrun for first_sample_dag to 2023-07-31T23:00:00+00:00, run_after=2023-08-01T23:00:00+00:00
[2023-08-02 06:46:36,424] {processor.py:161} INFO - Processing /opt/airflow/dags/sample_dag.py took 0.080 seconds
[2023-08-02 06:47:07,103] {processor.py:153} INFO - Started process (PID=1234) to work on /opt/airflow/dags/sample_dag.py
[2023-08-02 06:47:07,104] {processor.py:641} INFO - Processing file /opt/airflow/dags/sample_dag.py for tasks to queue
[2023-08-02 06:47:07,104] {logging_mixin.py:115} INFO - [2023-08-02 06:47:07,104] {dagbag.py:507} INFO - Filling up the DagBag from /opt/airflow/dags/sample_dag.py
[2023-08-02 06:47:07,110] {processor.py:651} INFO - DAG(s) dict_keys(['first_sample_dag']) retrieved from /opt/airflow/dags/sample_dag.py
[2023-08-02 06:47:07,131] {logging_mixin.py:115} INFO - [2023-08-02 06:47:07,131] {dag.py:2371} INFO - Sync 1 DAGs
[2023-08-02 06:47:07,156] {logging_mixin.py:115} INFO - [2023-08-02 06:47:07,156] {dag.py:2919} INFO - Setting next_dagrun for first_sample_dag to 2023-07-31T23:00:00+00:00, run_after=2023-08-01T23:00:00+00:00
[2023-08-02 06:47:07,167] {processor.py:161} INFO - Processing /opt/airflow/dags/sample_dag.py took 0.068 seconds
[2023-08-02 06:47:37,797] {processor.py:153} INFO - Started process (PID=1267) to work on /opt/airflow/dags/sample_dag.py
[2023-08-02 06:47:37,798] {processor.py:641} INFO - Processing file /opt/airflow/dags/sample_dag.py for tasks to queue
[2023-08-02 06:47:37,798] {logging_mixin.py:115} INFO - [2023-08-02 06:47:37,798] {dagbag.py:507} INFO - Filling up the DagBag from /opt/airflow/dags/sample_dag.py
[2023-08-02 06:47:37,803] {processor.py:651} INFO - DAG(s) dict_keys(['first_sample_dag']) retrieved from /opt/airflow/dags/sample_dag.py
[2023-08-02 06:47:37,826] {logging_mixin.py:115} INFO - [2023-08-02 06:47:37,826] {dag.py:2371} INFO - Sync 1 DAGs
[2023-08-02 06:47:37,848] {logging_mixin.py:115} INFO - [2023-08-02 06:47:37,848] {dag.py:2919} INFO - Setting next_dagrun for first_sample_dag to 2023-07-31T23:00:00+00:00, run_after=2023-08-01T23:00:00+00:00
[2023-08-02 06:47:37,857] {processor.py:161} INFO - Processing /opt/airflow/dags/sample_dag.py took 0.065 seconds
[2023-08-02 06:48:08,553] {processor.py:153} INFO - Started process (PID=1300) to work on /opt/airflow/dags/sample_dag.py
[2023-08-02 06:48:08,553] {processor.py:641} INFO - Processing file /opt/airflow/dags/sample_dag.py for tasks to queue
[2023-08-02 06:48:08,554] {logging_mixin.py:115} INFO - [2023-08-02 06:48:08,554] {dagbag.py:507} INFO - Filling up the DagBag from /opt/airflow/dags/sample_dag.py
[2023-08-02 06:48:08,561] {processor.py:651} INFO - DAG(s) dict_keys(['first_sample_dag']) retrieved from /opt/airflow/dags/sample_dag.py
[2023-08-02 06:48:08,585] {logging_mixin.py:115} INFO - [2023-08-02 06:48:08,585] {dag.py:2371} INFO - Sync 1 DAGs
[2023-08-02 06:48:08,608] {logging_mixin.py:115} INFO - [2023-08-02 06:48:08,608] {dag.py:2919} INFO - Setting next_dagrun for first_sample_dag to 2023-07-31T23:00:00+00:00, run_after=2023-08-01T23:00:00+00:00
[2023-08-02 06:48:08,617] {processor.py:161} INFO - Processing /opt/airflow/dags/sample_dag.py took 0.070 seconds
[2023-08-02 06:48:39,259] {processor.py:153} INFO - Started process (PID=1333) to work on /opt/airflow/dags/sample_dag.py
[2023-08-02 06:48:39,260] {processor.py:641} INFO - Processing file /opt/airflow/dags/sample_dag.py for tasks to queue
[2023-08-02 06:48:39,260] {logging_mixin.py:115} INFO - [2023-08-02 06:48:39,260] {dagbag.py:507} INFO - Filling up the DagBag from /opt/airflow/dags/sample_dag.py
[2023-08-02 06:48:39,266] {processor.py:651} INFO - DAG(s) dict_keys(['first_sample_dag']) retrieved from /opt/airflow/dags/sample_dag.py
[2023-08-02 06:48:39,291] {logging_mixin.py:115} INFO - [2023-08-02 06:48:39,291] {dag.py:2371} INFO - Sync 1 DAGs
[2023-08-02 06:48:39,316] {logging_mixin.py:115} INFO - [2023-08-02 06:48:39,316] {dag.py:2919} INFO - Setting next_dagrun for first_sample_dag to 2023-07-31T23:00:00+00:00, run_after=2023-08-01T23:00:00+00:00
[2023-08-02 06:48:39,328] {processor.py:161} INFO - Processing /opt/airflow/dags/sample_dag.py took 0.074 seconds
[2023-08-02 06:49:09,999] {processor.py:153} INFO - Started process (PID=1366) to work on /opt/airflow/dags/sample_dag.py
[2023-08-02 06:49:10,000] {processor.py:641} INFO - Processing file /opt/airflow/dags/sample_dag.py for tasks to queue
[2023-08-02 06:49:10,000] {logging_mixin.py:115} INFO - [2023-08-02 06:49:10,000] {dagbag.py:507} INFO - Filling up the DagBag from /opt/airflow/dags/sample_dag.py
[2023-08-02 06:49:10,007] {processor.py:651} INFO - DAG(s) dict_keys(['first_sample_dag']) retrieved from /opt/airflow/dags/sample_dag.py
[2023-08-02 06:49:10,030] {logging_mixin.py:115} INFO - [2023-08-02 06:49:10,030] {dag.py:2371} INFO - Sync 1 DAGs
[2023-08-02 06:49:10,056] {logging_mixin.py:115} INFO - [2023-08-02 06:49:10,056] {dag.py:2919} INFO - Setting next_dagrun for first_sample_dag to 2023-07-31T23:00:00+00:00, run_after=2023-08-01T23:00:00+00:00
[2023-08-02 06:49:10,066] {processor.py:161} INFO - Processing /opt/airflow/dags/sample_dag.py took 0.073 seconds
[2023-08-02 06:49:40,732] {processor.py:153} INFO - Started process (PID=1399) to work on /opt/airflow/dags/sample_dag.py
[2023-08-02 06:49:40,733] {processor.py:641} INFO - Processing file /opt/airflow/dags/sample_dag.py for tasks to queue
[2023-08-02 06:49:40,733] {logging_mixin.py:115} INFO - [2023-08-02 06:49:40,733] {dagbag.py:507} INFO - Filling up the DagBag from /opt/airflow/dags/sample_dag.py
[2023-08-02 06:49:40,739] {processor.py:651} INFO - DAG(s) dict_keys(['first_sample_dag']) retrieved from /opt/airflow/dags/sample_dag.py
[2023-08-02 06:49:40,763] {logging_mixin.py:115} INFO - [2023-08-02 06:49:40,762] {dag.py:2371} INFO - Sync 1 DAGs
[2023-08-02 06:49:40,785] {logging_mixin.py:115} INFO - [2023-08-02 06:49:40,785] {dag.py:2919} INFO - Setting next_dagrun for first_sample_dag to 2023-07-31T23:00:00+00:00, run_after=2023-08-01T23:00:00+00:00
[2023-08-02 06:49:40,796] {processor.py:161} INFO - Processing /opt/airflow/dags/sample_dag.py took 0.069 seconds
[2023-08-02 06:50:11,446] {processor.py:153} INFO - Started process (PID=1432) to work on /opt/airflow/dags/sample_dag.py
[2023-08-02 06:50:11,446] {processor.py:641} INFO - Processing file /opt/airflow/dags/sample_dag.py for tasks to queue
[2023-08-02 06:50:11,447] {logging_mixin.py:115} INFO - [2023-08-02 06:50:11,447] {dagbag.py:507} INFO - Filling up the DagBag from /opt/airflow/dags/sample_dag.py
[2023-08-02 06:50:11,452] {processor.py:651} INFO - DAG(s) dict_keys(['first_sample_dag']) retrieved from /opt/airflow/dags/sample_dag.py
[2023-08-02 06:50:11,483] {logging_mixin.py:115} INFO - [2023-08-02 06:50:11,482] {dag.py:2371} INFO - Sync 1 DAGs
[2023-08-02 06:50:11,518] {logging_mixin.py:115} INFO - [2023-08-02 06:50:11,517] {dag.py:2919} INFO - Setting next_dagrun for first_sample_dag to 2023-07-31T23:00:00+00:00, run_after=2023-08-01T23:00:00+00:00
[2023-08-02 06:50:11,528] {processor.py:161} INFO - Processing /opt/airflow/dags/sample_dag.py took 0.088 seconds
[2023-08-02 06:50:42,182] {processor.py:153} INFO - Started process (PID=1465) to work on /opt/airflow/dags/sample_dag.py
[2023-08-02 06:50:42,183] {processor.py:641} INFO - Processing file /opt/airflow/dags/sample_dag.py for tasks to queue
[2023-08-02 06:50:42,184] {logging_mixin.py:115} INFO - [2023-08-02 06:50:42,184] {dagbag.py:507} INFO - Filling up the DagBag from /opt/airflow/dags/sample_dag.py
[2023-08-02 06:50:42,191] {processor.py:651} INFO - DAG(s) dict_keys(['first_sample_dag']) retrieved from /opt/airflow/dags/sample_dag.py
[2023-08-02 06:50:42,215] {logging_mixin.py:115} INFO - [2023-08-02 06:50:42,215] {dag.py:2371} INFO - Sync 1 DAGs
[2023-08-02 06:50:42,243] {logging_mixin.py:115} INFO - [2023-08-02 06:50:42,243] {dag.py:2919} INFO - Setting next_dagrun for first_sample_dag to 2023-07-31T23:00:00+00:00, run_after=2023-08-01T23:00:00+00:00
[2023-08-02 06:50:42,256] {processor.py:161} INFO - Processing /opt/airflow/dags/sample_dag.py took 0.079 seconds
[2023-08-02 06:51:12,890] {processor.py:153} INFO - Started process (PID=1498) to work on /opt/airflow/dags/sample_dag.py
[2023-08-02 06:51:12,890] {processor.py:641} INFO - Processing file /opt/airflow/dags/sample_dag.py for tasks to queue
[2023-08-02 06:51:12,891] {logging_mixin.py:115} INFO - [2023-08-02 06:51:12,891] {dagbag.py:507} INFO - Filling up the DagBag from /opt/airflow/dags/sample_dag.py
[2023-08-02 06:51:12,896] {processor.py:651} INFO - DAG(s) dict_keys(['first_sample_dag']) retrieved from /opt/airflow/dags/sample_dag.py
[2023-08-02 06:51:12,921] {logging_mixin.py:115} INFO - [2023-08-02 06:51:12,921] {dag.py:2371} INFO - Sync 1 DAGs
[2023-08-02 06:51:12,943] {logging_mixin.py:115} INFO - [2023-08-02 06:51:12,943] {dag.py:2919} INFO - Setting next_dagrun for first_sample_dag to 2023-07-31T23:00:00+00:00, run_after=2023-08-01T23:00:00+00:00
[2023-08-02 06:51:12,953] {processor.py:161} INFO - Processing /opt/airflow/dags/sample_dag.py took 0.070 seconds
[2023-08-02 06:51:43,650] {processor.py:153} INFO - Started process (PID=1531) to work on /opt/airflow/dags/sample_dag.py
[2023-08-02 06:51:43,651] {processor.py:641} INFO - Processing file /opt/airflow/dags/sample_dag.py for tasks to queue
[2023-08-02 06:51:43,652] {logging_mixin.py:115} INFO - [2023-08-02 06:51:43,651] {dagbag.py:507} INFO - Filling up the DagBag from /opt/airflow/dags/sample_dag.py
[2023-08-02 06:51:43,658] {processor.py:651} INFO - DAG(s) dict_keys(['first_sample_dag']) retrieved from /opt/airflow/dags/sample_dag.py
[2023-08-02 06:51:43,682] {logging_mixin.py:115} INFO - [2023-08-02 06:51:43,682] {dag.py:2371} INFO - Sync 1 DAGs
[2023-08-02 06:51:43,712] {logging_mixin.py:115} INFO - [2023-08-02 06:51:43,712] {dag.py:2919} INFO - Setting next_dagrun for first_sample_dag to 2023-07-31T23:00:00+00:00, run_after=2023-08-01T23:00:00+00:00
[2023-08-02 06:51:43,722] {processor.py:161} INFO - Processing /opt/airflow/dags/sample_dag.py took 0.074 seconds
[2023-08-02 06:52:14,365] {processor.py:153} INFO - Started process (PID=1564) to work on /opt/airflow/dags/sample_dag.py
[2023-08-02 06:52:14,366] {processor.py:641} INFO - Processing file /opt/airflow/dags/sample_dag.py for tasks to queue
[2023-08-02 06:52:14,366] {logging_mixin.py:115} INFO - [2023-08-02 06:52:14,366] {dagbag.py:507} INFO - Filling up the DagBag from /opt/airflow/dags/sample_dag.py
[2023-08-02 06:52:14,374] {processor.py:651} INFO - DAG(s) dict_keys(['first_sample_dag']) retrieved from /opt/airflow/dags/sample_dag.py
[2023-08-02 06:52:14,403] {logging_mixin.py:115} INFO - [2023-08-02 06:52:14,403] {dag.py:2371} INFO - Sync 1 DAGs
[2023-08-02 06:52:14,425] {logging_mixin.py:115} INFO - [2023-08-02 06:52:14,425] {dag.py:2919} INFO - Setting next_dagrun for first_sample_dag to 2023-07-31T23:00:00+00:00, run_after=2023-08-01T23:00:00+00:00
[2023-08-02 06:52:14,435] {processor.py:161} INFO - Processing /opt/airflow/dags/sample_dag.py took 0.073 seconds
[2023-08-02 06:52:45,004] {processor.py:153} INFO - Started process (PID=1597) to work on /opt/airflow/dags/sample_dag.py
[2023-08-02 06:52:45,005] {processor.py:641} INFO - Processing file /opt/airflow/dags/sample_dag.py for tasks to queue
[2023-08-02 06:52:45,005] {logging_mixin.py:115} INFO - [2023-08-02 06:52:45,005] {dagbag.py:507} INFO - Filling up the DagBag from /opt/airflow/dags/sample_dag.py
[2023-08-02 06:52:45,016] {processor.py:651} INFO - DAG(s) dict_keys(['first_sample_dag']) retrieved from /opt/airflow/dags/sample_dag.py
[2023-08-02 06:52:45,042] {logging_mixin.py:115} INFO - [2023-08-02 06:52:45,042] {dag.py:2371} INFO - Sync 1 DAGs
[2023-08-02 06:52:45,070] {logging_mixin.py:115} INFO - [2023-08-02 06:52:45,069] {dag.py:2919} INFO - Setting next_dagrun for first_sample_dag to 2023-07-31T23:00:00+00:00, run_after=2023-08-01T23:00:00+00:00
[2023-08-02 06:52:45,080] {processor.py:161} INFO - Processing /opt/airflow/dags/sample_dag.py took 0.081 seconds
[2023-08-02 06:53:15,727] {processor.py:153} INFO - Started process (PID=1630) to work on /opt/airflow/dags/sample_dag.py
[2023-08-02 06:53:15,727] {processor.py:641} INFO - Processing file /opt/airflow/dags/sample_dag.py for tasks to queue
[2023-08-02 06:53:15,728] {logging_mixin.py:115} INFO - [2023-08-02 06:53:15,728] {dagbag.py:507} INFO - Filling up the DagBag from /opt/airflow/dags/sample_dag.py
[2023-08-02 06:53:15,734] {processor.py:651} INFO - DAG(s) dict_keys(['first_sample_dag']) retrieved from /opt/airflow/dags/sample_dag.py
[2023-08-02 06:53:15,756] {logging_mixin.py:115} INFO - [2023-08-02 06:53:15,755] {dag.py:2371} INFO - Sync 1 DAGs
[2023-08-02 06:53:15,777] {logging_mixin.py:115} INFO - [2023-08-02 06:53:15,777] {dag.py:2919} INFO - Setting next_dagrun for first_sample_dag to 2023-07-31T23:00:00+00:00, run_after=2023-08-01T23:00:00+00:00
[2023-08-02 06:53:15,788] {processor.py:161} INFO - Processing /opt/airflow/dags/sample_dag.py took 0.064 seconds
[2023-08-02 06:53:46,425] {processor.py:153} INFO - Started process (PID=1663) to work on /opt/airflow/dags/sample_dag.py
[2023-08-02 06:53:46,426] {processor.py:641} INFO - Processing file /opt/airflow/dags/sample_dag.py for tasks to queue
[2023-08-02 06:53:46,426] {logging_mixin.py:115} INFO - [2023-08-02 06:53:46,426] {dagbag.py:507} INFO - Filling up the DagBag from /opt/airflow/dags/sample_dag.py
[2023-08-02 06:53:46,432] {processor.py:651} INFO - DAG(s) dict_keys(['first_sample_dag']) retrieved from /opt/airflow/dags/sample_dag.py
[2023-08-02 06:53:46,456] {logging_mixin.py:115} INFO - [2023-08-02 06:53:46,455] {dag.py:2371} INFO - Sync 1 DAGs
[2023-08-02 06:53:46,480] {logging_mixin.py:115} INFO - [2023-08-02 06:53:46,480] {dag.py:2919} INFO - Setting next_dagrun for first_sample_dag to 2023-07-31T23:00:00+00:00, run_after=2023-08-01T23:00:00+00:00
[2023-08-02 06:53:46,492] {processor.py:161} INFO - Processing /opt/airflow/dags/sample_dag.py took 0.070 seconds
[2023-08-02 06:54:17,133] {processor.py:153} INFO - Started process (PID=1696) to work on /opt/airflow/dags/sample_dag.py
[2023-08-02 06:54:17,133] {processor.py:641} INFO - Processing file /opt/airflow/dags/sample_dag.py for tasks to queue
[2023-08-02 06:54:17,134] {logging_mixin.py:115} INFO - [2023-08-02 06:54:17,134] {dagbag.py:507} INFO - Filling up the DagBag from /opt/airflow/dags/sample_dag.py
[2023-08-02 06:54:17,140] {processor.py:651} INFO - DAG(s) dict_keys(['first_sample_dag']) retrieved from /opt/airflow/dags/sample_dag.py
[2023-08-02 06:54:17,165] {logging_mixin.py:115} INFO - [2023-08-02 06:54:17,165] {dag.py:2371} INFO - Sync 1 DAGs
[2023-08-02 06:54:17,189] {logging_mixin.py:115} INFO - [2023-08-02 06:54:17,189] {dag.py:2919} INFO - Setting next_dagrun for first_sample_dag to 2023-07-31T23:00:00+00:00, run_after=2023-08-01T23:00:00+00:00
[2023-08-02 06:54:17,201] {processor.py:161} INFO - Processing /opt/airflow/dags/sample_dag.py took 0.072 seconds
[2023-08-02 06:54:47,876] {processor.py:153} INFO - Started process (PID=1729) to work on /opt/airflow/dags/sample_dag.py
[2023-08-02 06:54:47,876] {processor.py:641} INFO - Processing file /opt/airflow/dags/sample_dag.py for tasks to queue
[2023-08-02 06:54:47,877] {logging_mixin.py:115} INFO - [2023-08-02 06:54:47,877] {dagbag.py:507} INFO - Filling up the DagBag from /opt/airflow/dags/sample_dag.py
[2023-08-02 06:54:47,883] {processor.py:651} INFO - DAG(s) dict_keys(['first_sample_dag']) retrieved from /opt/airflow/dags/sample_dag.py
[2023-08-02 06:54:47,910] {logging_mixin.py:115} INFO - [2023-08-02 06:54:47,910] {dag.py:2371} INFO - Sync 1 DAGs
[2023-08-02 06:54:47,937] {logging_mixin.py:115} INFO - [2023-08-02 06:54:47,937] {dag.py:2919} INFO - Setting next_dagrun for first_sample_dag to 2023-07-31T23:00:00+00:00, run_after=2023-08-01T23:00:00+00:00
[2023-08-02 06:54:47,949] {processor.py:161} INFO - Processing /opt/airflow/dags/sample_dag.py took 0.076 seconds
[2023-08-02 06:55:18,558] {processor.py:153} INFO - Started process (PID=1762) to work on /opt/airflow/dags/sample_dag.py
[2023-08-02 06:55:18,559] {processor.py:641} INFO - Processing file /opt/airflow/dags/sample_dag.py for tasks to queue
[2023-08-02 06:55:18,560] {logging_mixin.py:115} INFO - [2023-08-02 06:55:18,559] {dagbag.py:507} INFO - Filling up the DagBag from /opt/airflow/dags/sample_dag.py
[2023-08-02 06:55:18,567] {processor.py:651} INFO - DAG(s) dict_keys(['first_sample_dag']) retrieved from /opt/airflow/dags/sample_dag.py
[2023-08-02 06:55:18,596] {logging_mixin.py:115} INFO - [2023-08-02 06:55:18,596] {dag.py:2371} INFO - Sync 1 DAGs
[2023-08-02 06:55:18,617] {logging_mixin.py:115} INFO - [2023-08-02 06:55:18,617] {dag.py:2919} INFO - Setting next_dagrun for first_sample_dag to 2023-07-31T23:00:00+00:00, run_after=2023-08-01T23:00:00+00:00
[2023-08-02 06:55:18,630] {processor.py:161} INFO - Processing /opt/airflow/dags/sample_dag.py took 0.075 seconds
[2023-08-02 06:55:49,204] {processor.py:153} INFO - Started process (PID=1795) to work on /opt/airflow/dags/sample_dag.py
[2023-08-02 06:55:49,204] {processor.py:641} INFO - Processing file /opt/airflow/dags/sample_dag.py for tasks to queue
[2023-08-02 06:55:49,205] {logging_mixin.py:115} INFO - [2023-08-02 06:55:49,205] {dagbag.py:507} INFO - Filling up the DagBag from /opt/airflow/dags/sample_dag.py
[2023-08-02 06:55:49,210] {processor.py:651} INFO - DAG(s) dict_keys(['first_sample_dag']) retrieved from /opt/airflow/dags/sample_dag.py
[2023-08-02 06:55:49,235] {logging_mixin.py:115} INFO - [2023-08-02 06:55:49,235] {dag.py:2371} INFO - Sync 1 DAGs
[2023-08-02 06:55:49,264] {logging_mixin.py:115} INFO - [2023-08-02 06:55:49,264] {dag.py:2919} INFO - Setting next_dagrun for first_sample_dag to 2023-07-31T23:00:00+00:00, run_after=2023-08-01T23:00:00+00:00
[2023-08-02 06:55:49,274] {processor.py:161} INFO - Processing /opt/airflow/dags/sample_dag.py took 0.073 seconds
[2023-08-02 06:56:20,034] {processor.py:153} INFO - Started process (PID=1828) to work on /opt/airflow/dags/sample_dag.py
[2023-08-02 06:56:20,035] {processor.py:641} INFO - Processing file /opt/airflow/dags/sample_dag.py for tasks to queue
[2023-08-02 06:56:20,036] {logging_mixin.py:115} INFO - [2023-08-02 06:56:20,036] {dagbag.py:507} INFO - Filling up the DagBag from /opt/airflow/dags/sample_dag.py
[2023-08-02 06:56:20,043] {processor.py:651} INFO - DAG(s) dict_keys(['first_sample_dag']) retrieved from /opt/airflow/dags/sample_dag.py
[2023-08-02 06:56:20,068] {logging_mixin.py:115} INFO - [2023-08-02 06:56:20,068] {dag.py:2371} INFO - Sync 1 DAGs
[2023-08-02 06:56:20,090] {logging_mixin.py:115} INFO - [2023-08-02 06:56:20,090] {dag.py:2919} INFO - Setting next_dagrun for first_sample_dag to 2023-07-31T23:00:00+00:00, run_after=2023-08-01T23:00:00+00:00
[2023-08-02 06:56:20,100] {processor.py:161} INFO - Processing /opt/airflow/dags/sample_dag.py took 0.069 seconds
[2023-08-02 06:56:50,701] {processor.py:153} INFO - Started process (PID=1861) to work on /opt/airflow/dags/sample_dag.py
[2023-08-02 06:56:50,702] {processor.py:641} INFO - Processing file /opt/airflow/dags/sample_dag.py for tasks to queue
[2023-08-02 06:56:50,702] {logging_mixin.py:115} INFO - [2023-08-02 06:56:50,702] {dagbag.py:507} INFO - Filling up the DagBag from /opt/airflow/dags/sample_dag.py
[2023-08-02 06:56:50,710] {processor.py:651} INFO - DAG(s) dict_keys(['first_sample_dag']) retrieved from /opt/airflow/dags/sample_dag.py
[2023-08-02 06:56:50,731] {logging_mixin.py:115} INFO - [2023-08-02 06:56:50,730] {dag.py:2371} INFO - Sync 1 DAGs
[2023-08-02 06:56:50,751] {logging_mixin.py:115} INFO - [2023-08-02 06:56:50,750] {dag.py:2919} INFO - Setting next_dagrun for first_sample_dag to 2023-07-31T23:00:00+00:00, run_after=2023-08-01T23:00:00+00:00
[2023-08-02 06:56:50,760] {processor.py:161} INFO - Processing /opt/airflow/dags/sample_dag.py took 0.061 seconds
[2023-08-02 06:57:21,409] {processor.py:153} INFO - Started process (PID=1894) to work on /opt/airflow/dags/sample_dag.py
[2023-08-02 06:57:21,410] {processor.py:641} INFO - Processing file /opt/airflow/dags/sample_dag.py for tasks to queue
[2023-08-02 06:57:21,410] {logging_mixin.py:115} INFO - [2023-08-02 06:57:21,410] {dagbag.py:507} INFO - Filling up the DagBag from /opt/airflow/dags/sample_dag.py
[2023-08-02 06:57:21,417] {processor.py:651} INFO - DAG(s) dict_keys(['first_sample_dag']) retrieved from /opt/airflow/dags/sample_dag.py
[2023-08-02 06:57:21,442] {logging_mixin.py:115} INFO - [2023-08-02 06:57:21,442] {dag.py:2371} INFO - Sync 1 DAGs
[2023-08-02 06:57:21,463] {logging_mixin.py:115} INFO - [2023-08-02 06:57:21,463] {dag.py:2919} INFO - Setting next_dagrun for first_sample_dag to 2023-07-31T23:00:00+00:00, run_after=2023-08-01T23:00:00+00:00
[2023-08-02 06:57:21,472] {processor.py:161} INFO - Processing /opt/airflow/dags/sample_dag.py took 0.067 seconds
[2023-08-02 06:57:52,122] {processor.py:153} INFO - Started process (PID=1927) to work on /opt/airflow/dags/sample_dag.py
[2023-08-02 06:57:52,122] {processor.py:641} INFO - Processing file /opt/airflow/dags/sample_dag.py for tasks to queue
[2023-08-02 06:57:52,123] {logging_mixin.py:115} INFO - [2023-08-02 06:57:52,123] {dagbag.py:507} INFO - Filling up the DagBag from /opt/airflow/dags/sample_dag.py
[2023-08-02 06:57:52,129] {processor.py:651} INFO - DAG(s) dict_keys(['first_sample_dag']) retrieved from /opt/airflow/dags/sample_dag.py
[2023-08-02 06:57:52,153] {logging_mixin.py:115} INFO - [2023-08-02 06:57:52,153] {dag.py:2371} INFO - Sync 1 DAGs
[2023-08-02 06:57:52,180] {logging_mixin.py:115} INFO - [2023-08-02 06:57:52,179] {dag.py:2919} INFO - Setting next_dagrun for first_sample_dag to 2023-07-31T23:00:00+00:00, run_after=2023-08-01T23:00:00+00:00
[2023-08-02 06:57:52,189] {processor.py:161} INFO - Processing /opt/airflow/dags/sample_dag.py took 0.071 seconds
[2023-08-02 06:58:22,807] {processor.py:153} INFO - Started process (PID=1960) to work on /opt/airflow/dags/sample_dag.py
[2023-08-02 06:58:22,807] {processor.py:641} INFO - Processing file /opt/airflow/dags/sample_dag.py for tasks to queue
[2023-08-02 06:58:22,808] {logging_mixin.py:115} INFO - [2023-08-02 06:58:22,808] {dagbag.py:507} INFO - Filling up the DagBag from /opt/airflow/dags/sample_dag.py
[2023-08-02 06:58:22,814] {processor.py:651} INFO - DAG(s) dict_keys(['first_sample_dag']) retrieved from /opt/airflow/dags/sample_dag.py
[2023-08-02 06:58:22,837] {logging_mixin.py:115} INFO - [2023-08-02 06:58:22,837] {dag.py:2371} INFO - Sync 1 DAGs
[2023-08-02 06:58:22,860] {logging_mixin.py:115} INFO - [2023-08-02 06:58:22,860] {dag.py:2919} INFO - Setting next_dagrun for first_sample_dag to 2023-07-31T23:00:00+00:00, run_after=2023-08-01T23:00:00+00:00
[2023-08-02 06:58:22,870] {processor.py:161} INFO - Processing /opt/airflow/dags/sample_dag.py took 0.067 seconds
[2023-08-02 06:58:53,465] {processor.py:153} INFO - Started process (PID=1993) to work on /opt/airflow/dags/sample_dag.py
[2023-08-02 06:58:53,466] {processor.py:641} INFO - Processing file /opt/airflow/dags/sample_dag.py for tasks to queue
[2023-08-02 06:58:53,466] {logging_mixin.py:115} INFO - [2023-08-02 06:58:53,466] {dagbag.py:507} INFO - Filling up the DagBag from /opt/airflow/dags/sample_dag.py
[2023-08-02 06:58:53,472] {processor.py:651} INFO - DAG(s) dict_keys(['first_sample_dag']) retrieved from /opt/airflow/dags/sample_dag.py
[2023-08-02 06:58:53,493] {logging_mixin.py:115} INFO - [2023-08-02 06:58:53,493] {dag.py:2371} INFO - Sync 1 DAGs
[2023-08-02 06:58:53,513] {logging_mixin.py:115} INFO - [2023-08-02 06:58:53,513] {dag.py:2919} INFO - Setting next_dagrun for first_sample_dag to 2023-07-31T23:00:00+00:00, run_after=2023-08-01T23:00:00+00:00
[2023-08-02 06:58:53,522] {processor.py:161} INFO - Processing /opt/airflow/dags/sample_dag.py took 0.060 seconds
[2023-08-02 06:59:24,173] {processor.py:153} INFO - Started process (PID=2026) to work on /opt/airflow/dags/sample_dag.py
[2023-08-02 06:59:24,174] {processor.py:641} INFO - Processing file /opt/airflow/dags/sample_dag.py for tasks to queue
[2023-08-02 06:59:24,174] {logging_mixin.py:115} INFO - [2023-08-02 06:59:24,174] {dagbag.py:507} INFO - Filling up the DagBag from /opt/airflow/dags/sample_dag.py
[2023-08-02 06:59:24,180] {processor.py:651} INFO - DAG(s) dict_keys(['first_sample_dag']) retrieved from /opt/airflow/dags/sample_dag.py
[2023-08-02 06:59:24,204] {logging_mixin.py:115} INFO - [2023-08-02 06:59:24,204] {dag.py:2371} INFO - Sync 1 DAGs
[2023-08-02 06:59:24,225] {logging_mixin.py:115} INFO - [2023-08-02 06:59:24,225] {dag.py:2919} INFO - Setting next_dagrun for first_sample_dag to 2023-07-31T23:00:00+00:00, run_after=2023-08-01T23:00:00+00:00
[2023-08-02 06:59:24,233] {processor.py:161} INFO - Processing /opt/airflow/dags/sample_dag.py took 0.063 seconds
[2023-08-02 06:59:54,809] {processor.py:153} INFO - Started process (PID=2059) to work on /opt/airflow/dags/sample_dag.py
[2023-08-02 06:59:54,810] {processor.py:641} INFO - Processing file /opt/airflow/dags/sample_dag.py for tasks to queue
[2023-08-02 06:59:54,810] {logging_mixin.py:115} INFO - [2023-08-02 06:59:54,810] {dagbag.py:507} INFO - Filling up the DagBag from /opt/airflow/dags/sample_dag.py
[2023-08-02 06:59:54,816] {processor.py:651} INFO - DAG(s) dict_keys(['first_sample_dag']) retrieved from /opt/airflow/dags/sample_dag.py
[2023-08-02 06:59:54,838] {logging_mixin.py:115} INFO - [2023-08-02 06:59:54,838] {dag.py:2371} INFO - Sync 1 DAGs
[2023-08-02 06:59:54,859] {logging_mixin.py:115} INFO - [2023-08-02 06:59:54,859] {dag.py:2919} INFO - Setting next_dagrun for first_sample_dag to 2023-07-31T23:00:00+00:00, run_after=2023-08-01T23:00:00+00:00
[2023-08-02 06:59:54,868] {processor.py:161} INFO - Processing /opt/airflow/dags/sample_dag.py took 0.062 seconds
[2023-08-02 07:00:52,389] {processor.py:153} INFO - Started process (PID=221) to work on /opt/airflow/dags/sample_dag.py
[2023-08-02 07:00:52,389] {processor.py:641} INFO - Processing file /opt/airflow/dags/sample_dag.py for tasks to queue
[2023-08-02 07:00:52,390] {logging_mixin.py:115} INFO - [2023-08-02 07:00:52,390] {dagbag.py:507} INFO - Filling up the DagBag from /opt/airflow/dags/sample_dag.py
[2023-08-02 07:00:52,398] {processor.py:651} INFO - DAG(s) dict_keys(['first_sample_dag']) retrieved from /opt/airflow/dags/sample_dag.py
[2023-08-02 07:00:52,425] {logging_mixin.py:115} INFO - [2023-08-02 07:00:52,425] {dag.py:2371} INFO - Sync 1 DAGs
[2023-08-02 07:00:52,454] {logging_mixin.py:115} INFO - [2023-08-02 07:00:52,453] {dag.py:2919} INFO - Setting next_dagrun for first_sample_dag to 2023-07-31T23:00:00+00:00, run_after=2023-08-01T23:00:00+00:00
[2023-08-02 07:00:52,468] {processor.py:161} INFO - Processing /opt/airflow/dags/sample_dag.py took 0.082 seconds
