[2023-07-17 07:51:50,178] {taskinstance.py:1159} INFO - Dependencies all met for <TaskInstance: my_airflow_task.my_task scheduled__2023-07-08T00:00:00+00:00 [queued]>
[2023-07-17 07:51:50,195] {taskinstance.py:1159} INFO - Dependencies all met for <TaskInstance: my_airflow_task.my_task scheduled__2023-07-08T00:00:00+00:00 [queued]>
[2023-07-17 07:51:50,197] {taskinstance.py:1356} INFO - 
--------------------------------------------------------------------------------
[2023-07-17 07:51:50,197] {taskinstance.py:1357} INFO - Starting attempt 1 of 1
[2023-07-17 07:51:50,197] {taskinstance.py:1358} INFO - 
--------------------------------------------------------------------------------
[2023-07-17 07:51:50,234] {taskinstance.py:1377} INFO - Executing <Task(PythonOperator): my_task> on 2023-07-08 00:00:00+00:00
[2023-07-17 07:51:50,243] {standard_task_runner.py:52} INFO - Started process 2998 to run task
[2023-07-17 07:51:50,249] {standard_task_runner.py:79} INFO - Running: ['***', 'tasks', 'run', 'my_***_task', 'my_task', 'scheduled__2023-07-08T00:00:00+00:00', '--job-id', '216', '--raw', '--subdir', 'DAGS_FOLDER/read_csv.py', '--cfg-path', '/tmp/tmpa6hydaip', '--error-file', '/tmp/tmp5x2je_vh']
[2023-07-17 07:51:50,250] {standard_task_runner.py:80} INFO - Job 216: Subtask my_task
[2023-07-17 07:51:50,353] {task_command.py:369} INFO - Running <TaskInstance: my_airflow_task.my_task scheduled__2023-07-08T00:00:00+00:00 [running]> on host 938e71f84edd
[2023-07-17 07:51:50,480] {taskinstance.py:1571} INFO - Exporting the following env vars:
AIRFLOW_CTX_DAG_OWNER=***
AIRFLOW_CTX_DAG_ID=my_***_task
AIRFLOW_CTX_TASK_ID=my_task
AIRFLOW_CTX_EXECUTION_DATE=2023-07-08T00:00:00+00:00
AIRFLOW_CTX_TRY_NUMBER=1
AIRFLOW_CTX_DAG_RUN_ID=scheduled__2023-07-08T00:00:00+00:00
[2023-07-17 07:51:50,531] {logging_mixin.py:115} INFO -     province_state country_region      date  ...     fips    admin2 combined_key
0              NaN             UK  01-02-20  ...      NaN       NaN          NaN
1              NaN             UK  18-02-20  ...      NaN       NaN          NaN
2              NaN             UK  17-02-20  ...      NaN       NaN          NaN
3              NaN             UK  31-01-20  ...      NaN       NaN          NaN
4              NaN             UK  19-02-20  ...      NaN       NaN          NaN
..             ...            ...       ...  ...      ...       ...          ...
995           Iowa             US  21-05-20  ...  19091.0  Humboldt          NaN
996           Iowa             US  21-06-20  ...  19091.0  Humboldt          NaN
997           Iowa             US  26-04-20  ...  19091.0  Humboldt          NaN
998           Iowa             US  26-06-20  ...  19091.0  Humboldt          NaN
999           Iowa             US  26-05-20  ...  19091.0  Humboldt          NaN

[1000 rows x 13 columns]
[2023-07-17 07:51:50,532] {python.py:173} INFO - Done. Returned value was: None
[2023-07-17 07:51:50,549] {taskinstance.py:1400} INFO - Marking task as SUCCESS. dag_id=my_***_task, task_id=my_task, execution_date=20230708T000000, start_date=20230717T075150, end_date=20230717T075150
[2023-07-17 07:51:50,585] {local_task_job.py:156} INFO - Task exited with return code 0
[2023-07-17 07:51:50,626] {local_task_job.py:273} INFO - 0 downstream tasks scheduled from follow-on schedule check
