[2023-07-17 08:01:33,990] {taskinstance.py:1159} INFO - Dependencies all met for <TaskInstance: my_airflow_task.my_task manual__2023-07-17T07:50:19.151522+00:00 [queued]>
[2023-07-17 08:01:33,998] {taskinstance.py:1159} INFO - Dependencies all met for <TaskInstance: my_airflow_task.my_task manual__2023-07-17T07:50:19.151522+00:00 [queued]>
[2023-07-17 08:01:33,998] {taskinstance.py:1356} INFO - 
--------------------------------------------------------------------------------
[2023-07-17 08:01:33,999] {taskinstance.py:1357} INFO - Starting attempt 3 of 3
[2023-07-17 08:01:33,999] {taskinstance.py:1358} INFO - 
--------------------------------------------------------------------------------
[2023-07-17 08:01:34,012] {taskinstance.py:1377} INFO - Executing <Task(PythonOperator): my_task> on 2023-07-17 07:50:19.151522+00:00
[2023-07-17 08:01:34,017] {standard_task_runner.py:52} INFO - Started process 3537 to run task
[2023-07-17 08:01:34,020] {standard_task_runner.py:79} INFO - Running: ['***', 'tasks', 'run', 'my_***_task', 'my_task', 'manual__2023-07-17T07:50:19.151522+00:00', '--job-id', '226', '--raw', '--subdir', 'DAGS_FOLDER/read_csv.py', '--cfg-path', '/tmp/tmpl9r_pnia', '--error-file', '/tmp/tmp9sbvcb77']
[2023-07-17 08:01:34,021] {standard_task_runner.py:80} INFO - Job 226: Subtask my_task
[2023-07-17 08:01:34,071] {task_command.py:369} INFO - Running <TaskInstance: my_airflow_task.my_task manual__2023-07-17T07:50:19.151522+00:00 [running]> on host 938e71f84edd
[2023-07-17 08:01:34,142] {taskinstance.py:1571} INFO - Exporting the following env vars:
AIRFLOW_CTX_DAG_OWNER=***
AIRFLOW_CTX_DAG_ID=my_***_task
AIRFLOW_CTX_TASK_ID=my_task
AIRFLOW_CTX_EXECUTION_DATE=2023-07-17T07:50:19.151522+00:00
AIRFLOW_CTX_TRY_NUMBER=3
AIRFLOW_CTX_DAG_RUN_ID=manual__2023-07-17T07:50:19.151522+00:00
[2023-07-17 08:01:34,376] {logging_mixin.py:115} INFO -      CLOSECONTACT  CONFIRMATION  ...  suspect_meninggal     tanggal
0             274             0  ...                  0  2020-08-05
1             534             0  ...                  0  2020-08-05
2            2127             0  ...                  0  2020-08-05
3               0             0  ...                  0  2020-08-05
4            1295             0  ...                  0  2020-08-05
..            ...           ...  ...                ...         ...
140            32             0  ...                  2  2020-08-10
141             0             0  ...                  0  2020-08-10
142             0             2  ...                  0  2020-08-10
143            12             0  ...                  0  2020-08-10
144            28             1  ...                  0  2020-08-10

[145 rows x 20 columns]
[2023-07-17 08:01:34,376] {python.py:173} INFO - Done. Returned value was: None
[2023-07-17 08:01:34,388] {taskinstance.py:1400} INFO - Marking task as SUCCESS. dag_id=my_***_task, task_id=my_task, execution_date=20230717T075019, start_date=20230717T080133, end_date=20230717T080134
[2023-07-17 08:01:34,432] {local_task_job.py:156} INFO - Task exited with return code 0
[2023-07-17 08:01:34,469] {local_task_job.py:273} INFO - 0 downstream tasks scheduled from follow-on schedule check
