[2023-07-02 14:28:07,493] {taskinstance.py:1159} INFO - Dependencies all met for <TaskInstance: sample_branch.choose_best_model scheduled__2023-07-01T00:00:00+00:00 [queued]>
[2023-07-02 14:28:07,506] {taskinstance.py:1159} INFO - Dependencies all met for <TaskInstance: sample_branch.choose_best_model scheduled__2023-07-01T00:00:00+00:00 [queued]>
[2023-07-02 14:28:07,506] {taskinstance.py:1356} INFO - 
--------------------------------------------------------------------------------
[2023-07-02 14:28:07,506] {taskinstance.py:1357} INFO - Starting attempt 1 of 1
[2023-07-02 14:28:07,506] {taskinstance.py:1358} INFO - 
--------------------------------------------------------------------------------
[2023-07-02 14:28:07,528] {taskinstance.py:1377} INFO - Executing <Task(BranchPythonOperator): choose_best_model> on 2023-07-01 00:00:00+00:00
[2023-07-02 14:28:07,534] {standard_task_runner.py:52} INFO - Started process 208 to run task
[2023-07-02 14:28:07,540] {standard_task_runner.py:79} INFO - Running: ['***', 'tasks', 'run', 'sample_branch', 'choose_best_model', 'scheduled__2023-07-01T00:00:00+00:00', '--job-id', '17', '--raw', '--subdir', 'DAGS_FOLDER/sample_branch.py', '--cfg-path', '/tmp/tmpvmdyxdpu', '--error-file', '/tmp/tmpbi7dviyp']
[2023-07-02 14:28:07,541] {standard_task_runner.py:80} INFO - Job 17: Subtask choose_best_model
[2023-07-02 14:28:07,653] {task_command.py:369} INFO - Running <TaskInstance: sample_branch.choose_best_model scheduled__2023-07-01T00:00:00+00:00 [running]> on host 1cb4cb720b9d
[2023-07-02 14:28:07,761] {taskinstance.py:1571} INFO - Exporting the following env vars:
AIRFLOW_CTX_DAG_OWNER=***
AIRFLOW_CTX_DAG_ID=sample_branch
AIRFLOW_CTX_TASK_ID=choose_best_model
AIRFLOW_CTX_EXECUTION_DATE=2023-07-01T00:00:00+00:00
AIRFLOW_CTX_TRY_NUMBER=1
AIRFLOW_CTX_DAG_RUN_ID=scheduled__2023-07-01T00:00:00+00:00
[2023-07-02 14:28:07,762] {python.py:173} INFO - Done. Returned value was: accurate
[2023-07-02 14:28:07,762] {skipmixin.py:140} INFO - Following branch accurate
[2023-07-02 14:28:07,762] {skipmixin.py:175} INFO - Skipping tasks ['inaccurate']
[2023-07-02 14:28:07,810] {taskinstance.py:1400} INFO - Marking task as SUCCESS. dag_id=sample_branch, task_id=choose_best_model, execution_date=20230701T000000, start_date=20230702T142807, end_date=20230702T142807
[2023-07-02 14:28:07,836] {local_task_job.py:156} INFO - Task exited with return code 0
[2023-07-02 14:28:07,875] {local_task_job.py:273} INFO - 1 downstream tasks scheduled from follow-on schedule check
