[2023-07-31 14:23:50,855] {taskinstance.py:1159} INFO - Dependencies all met for <TaskInstance: dag_final_project_digitalskola.generate_dim manual__2023-07-31T14:23:47.255137+00:00 [queued]>
[2023-07-31 14:23:50,869] {taskinstance.py:1159} INFO - Dependencies all met for <TaskInstance: dag_final_project_digitalskola.generate_dim manual__2023-07-31T14:23:47.255137+00:00 [queued]>
[2023-07-31 14:23:50,870] {taskinstance.py:1356} INFO - 
--------------------------------------------------------------------------------
[2023-07-31 14:23:50,870] {taskinstance.py:1357} INFO - Starting attempt 1 of 1
[2023-07-31 14:23:50,870] {taskinstance.py:1358} INFO - 
--------------------------------------------------------------------------------
[2023-07-31 14:23:50,887] {taskinstance.py:1377} INFO - Executing <Task(PythonOperator): generate_dim> on 2023-07-31 14:23:47.255137+00:00
[2023-07-31 14:23:50,893] {standard_task_runner.py:52} INFO - Started process 9077 to run task
[2023-07-31 14:23:50,897] {standard_task_runner.py:79} INFO - Running: ['***', 'tasks', 'run', 'dag_final_project_digitalskola', 'generate_dim', 'manual__2023-07-31T14:23:47.255137+00:00', '--job-id', '369', '--raw', '--subdir', 'DAGS_FOLDER/simple_dag_connection.py', '--cfg-path', '/tmp/tmphuu6hdga', '--error-file', '/tmp/tmpp_cprm67']
[2023-07-31 14:23:50,898] {standard_task_runner.py:80} INFO - Job 369: Subtask generate_dim
[2023-07-31 14:23:50,973] {task_command.py:369} INFO - Running <TaskInstance: dag_final_project_digitalskola.generate_dim manual__2023-07-31T14:23:47.255137+00:00 [running]> on host ce90898393a2
[2023-07-31 14:23:51,058] {taskinstance.py:1571} INFO - Exporting the following env vars:
AIRFLOW_CTX_DAG_OWNER=***
AIRFLOW_CTX_DAG_ID=dag_final_project_digitalskola
AIRFLOW_CTX_TASK_ID=generate_dim
AIRFLOW_CTX_EXECUTION_DATE=2023-07-31T14:23:47.255137+00:00
AIRFLOW_CTX_TRY_NUMBER=1
AIRFLOW_CTX_DAG_RUN_ID=manual__2023-07-31T14:23:47.255137+00:00
[2023-07-31 14:23:51,073] {logging_mixin.py:115} INFO - connect engine Postgresql
[2023-07-31 14:23:51,119] {logging_mixin.py:115} INFO - connect engine ***
[2023-07-31 14:23:51,171] {insert_data_db.py:42} INFO - insert data dim_province to dwh postgres success
[2023-07-31 14:23:51,184] {logging_mixin.py:115} INFO - connect engine Postgresql
[2023-07-31 14:23:51,195] {logging_mixin.py:115} INFO - connect engine ***
[2023-07-31 14:23:51,238] {insert_data_db.py:52} INFO - insert data dim_district to dwh postgres success
[2023-07-31 14:23:51,253] {logging_mixin.py:115} INFO - connect engine Postgresql
[2023-07-31 14:23:51,264] {logging_mixin.py:115} INFO - connect engine ***
[2023-07-31 14:23:51,319] {insert_data_db.py:70} INFO - insert data dim_Case to dwh postgres success
[2023-07-31 14:23:51,319] {simple_dag_connection.py:11} INFO - success insert data to dimention table
[2023-07-31 14:23:51,319] {python.py:173} INFO - Done. Returned value was: None
[2023-07-31 14:23:51,332] {taskinstance.py:1400} INFO - Marking task as SUCCESS. dag_id=dag_final_project_digitalskola, task_id=generate_dim, execution_date=20230731T142347, start_date=20230731T142350, end_date=20230731T142351
[2023-07-31 14:23:51,389] {local_task_job.py:156} INFO - Task exited with return code 0
[2023-07-31 14:23:51,428] {local_task_job.py:273} INFO - 2 downstream tasks scheduled from follow-on schedule check
