[2023-07-23 05:43:12,103] {processor.py:153} INFO - Started process (PID=194) to work on /opt/airflow/dags/read_csv.py
[2023-07-23 05:43:12,104] {processor.py:641} INFO - Processing file /opt/airflow/dags/read_csv.py for tasks to queue
[2023-07-23 05:43:12,104] {logging_mixin.py:115} INFO - [2023-07-23 05:43:12,104] {dagbag.py:507} INFO - Filling up the DagBag from /opt/airflow/dags/read_csv.py
[2023-07-23 05:43:12,470] {processor.py:651} INFO - DAG(s) dict_keys(['my_airflow_task']) retrieved from /opt/airflow/dags/read_csv.py
[2023-07-23 05:43:12,499] {logging_mixin.py:115} INFO - [2023-07-23 05:43:12,499] {dag.py:2371} INFO - Sync 1 DAGs
[2023-07-23 05:43:12,538] {logging_mixin.py:115} INFO - [2023-07-23 05:43:12,538] {dag.py:2919} INFO - Setting next_dagrun for my_airflow_task to 2023-07-21T00:00:00+00:00, run_after=2023-07-22T00:00:00+00:00
[2023-07-23 05:43:12,555] {processor.py:161} INFO - Processing /opt/airflow/dags/read_csv.py took 0.454 seconds
[2023-07-23 05:43:42,977] {processor.py:153} INFO - Started process (PID=249) to work on /opt/airflow/dags/read_csv.py
[2023-07-23 05:43:42,979] {processor.py:641} INFO - Processing file /opt/airflow/dags/read_csv.py for tasks to queue
[2023-07-23 05:43:42,980] {logging_mixin.py:115} INFO - [2023-07-23 05:43:42,980] {dagbag.py:507} INFO - Filling up the DagBag from /opt/airflow/dags/read_csv.py
[2023-07-23 05:43:43,376] {processor.py:651} INFO - DAG(s) dict_keys(['my_airflow_task']) retrieved from /opt/airflow/dags/read_csv.py
[2023-07-23 05:43:43,397] {logging_mixin.py:115} INFO - [2023-07-23 05:43:43,397] {dag.py:2371} INFO - Sync 1 DAGs
[2023-07-23 05:43:43,419] {logging_mixin.py:115} INFO - [2023-07-23 05:43:43,419] {dag.py:2919} INFO - Setting next_dagrun for my_airflow_task to 2023-07-23T00:00:00+00:00, run_after=2023-07-24T00:00:00+00:00
[2023-07-23 05:43:43,430] {processor.py:161} INFO - Processing /opt/airflow/dags/read_csv.py took 0.459 seconds
[2023-07-23 05:44:13,735] {processor.py:153} INFO - Started process (PID=279) to work on /opt/airflow/dags/read_csv.py
[2023-07-23 05:44:13,736] {processor.py:641} INFO - Processing file /opt/airflow/dags/read_csv.py for tasks to queue
[2023-07-23 05:44:13,737] {logging_mixin.py:115} INFO - [2023-07-23 05:44:13,737] {dagbag.py:507} INFO - Filling up the DagBag from /opt/airflow/dags/read_csv.py
[2023-07-23 05:44:14,130] {processor.py:651} INFO - DAG(s) dict_keys(['my_airflow_task']) retrieved from /opt/airflow/dags/read_csv.py
[2023-07-23 05:44:14,155] {logging_mixin.py:115} INFO - [2023-07-23 05:44:14,154] {dag.py:2371} INFO - Sync 1 DAGs
[2023-07-23 05:44:14,178] {logging_mixin.py:115} INFO - [2023-07-23 05:44:14,178] {dag.py:2919} INFO - Setting next_dagrun for my_airflow_task to 2023-07-23T00:00:00+00:00, run_after=2023-07-24T00:00:00+00:00
[2023-07-23 05:44:14,190] {processor.py:161} INFO - Processing /opt/airflow/dags/read_csv.py took 0.463 seconds
[2023-07-23 05:44:44,463] {processor.py:153} INFO - Started process (PID=306) to work on /opt/airflow/dags/read_csv.py
[2023-07-23 05:44:44,464] {processor.py:641} INFO - Processing file /opt/airflow/dags/read_csv.py for tasks to queue
[2023-07-23 05:44:44,465] {logging_mixin.py:115} INFO - [2023-07-23 05:44:44,465] {dagbag.py:507} INFO - Filling up the DagBag from /opt/airflow/dags/read_csv.py
[2023-07-23 05:44:44,862] {processor.py:651} INFO - DAG(s) dict_keys(['my_airflow_task']) retrieved from /opt/airflow/dags/read_csv.py
[2023-07-23 05:44:44,881] {logging_mixin.py:115} INFO - [2023-07-23 05:44:44,881] {dag.py:2371} INFO - Sync 1 DAGs
[2023-07-23 05:44:44,906] {logging_mixin.py:115} INFO - [2023-07-23 05:44:44,906] {dag.py:2919} INFO - Setting next_dagrun for my_airflow_task to 2023-07-23T00:00:00+00:00, run_after=2023-07-24T00:00:00+00:00
[2023-07-23 05:44:44,919] {processor.py:161} INFO - Processing /opt/airflow/dags/read_csv.py took 0.460 seconds
[2023-07-23 06:06:59,068] {processor.py:153} INFO - Started process (PID=194) to work on /opt/airflow/dags/read_csv.py
[2023-07-23 06:06:59,069] {processor.py:641} INFO - Processing file /opt/airflow/dags/read_csv.py for tasks to queue
[2023-07-23 06:06:59,069] {logging_mixin.py:115} INFO - [2023-07-23 06:06:59,069] {dagbag.py:507} INFO - Filling up the DagBag from /opt/airflow/dags/read_csv.py
[2023-07-23 06:06:59,596] {processor.py:651} INFO - DAG(s) dict_keys(['my_airflow_task']) retrieved from /opt/airflow/dags/read_csv.py
[2023-07-23 06:06:59,627] {logging_mixin.py:115} INFO - [2023-07-23 06:06:59,627] {dag.py:2371} INFO - Sync 1 DAGs
[2023-07-23 06:06:59,665] {logging_mixin.py:115} INFO - [2023-07-23 06:06:59,664] {dag.py:2919} INFO - Setting next_dagrun for my_airflow_task to 2023-07-23T00:00:00+00:00, run_after=2023-07-24T00:00:00+00:00
[2023-07-23 06:06:59,680] {processor.py:161} INFO - Processing /opt/airflow/dags/read_csv.py took 0.616 seconds
