[2023-07-01 02:56:24,473] {processor.py:153} INFO - Started process (PID=187) to work on /opt/airflow/dags/new_sample_branch.py
[2023-07-01 02:56:24,473] {processor.py:641} INFO - Processing file /opt/airflow/dags/new_sample_branch.py for tasks to queue
[2023-07-01 02:56:24,474] {logging_mixin.py:115} INFO - [2023-07-01 02:56:24,474] {dagbag.py:507} INFO - Filling up the DagBag from /opt/airflow/dags/new_sample_branch.py
[2023-07-01 02:56:24,495] {processor.py:651} INFO - DAG(s) dict_keys(['sample_branch']) retrieved from /opt/airflow/dags/new_sample_branch.py
[2023-07-01 02:56:24,616] {logging_mixin.py:115} INFO - [2023-07-01 02:56:24,616] {dag.py:2371} INFO - Sync 1 DAGs
[2023-07-01 02:56:24,676] {logging_mixin.py:115} INFO - [2023-07-01 02:56:24,676] {dag.py:2919} INFO - Setting next_dagrun for sample_branch to 2023-06-30T00:00:00+00:00, run_after=2023-07-01T00:00:00+00:00
[2023-07-01 02:56:24,696] {processor.py:161} INFO - Processing /opt/airflow/dags/new_sample_branch.py took 0.228 seconds
[2023-07-01 02:56:54,970] {processor.py:153} INFO - Started process (PID=213) to work on /opt/airflow/dags/new_sample_branch.py
[2023-07-01 02:56:54,971] {processor.py:641} INFO - Processing file /opt/airflow/dags/new_sample_branch.py for tasks to queue
[2023-07-01 02:56:54,972] {logging_mixin.py:115} INFO - [2023-07-01 02:56:54,972] {dagbag.py:507} INFO - Filling up the DagBag from /opt/airflow/dags/new_sample_branch.py
[2023-07-01 02:56:54,985] {processor.py:651} INFO - DAG(s) dict_keys(['sample_branch']) retrieved from /opt/airflow/dags/new_sample_branch.py
[2023-07-01 02:56:55,012] {logging_mixin.py:115} INFO - [2023-07-01 02:56:55,012] {dag.py:2371} INFO - Sync 1 DAGs
[2023-07-01 02:56:55,036] {logging_mixin.py:115} INFO - [2023-07-01 02:56:55,036] {dag.py:2919} INFO - Setting next_dagrun for sample_branch to 2023-07-01T00:00:00+00:00, run_after=2023-07-02T00:00:00+00:00
[2023-07-01 02:56:55,046] {processor.py:161} INFO - Processing /opt/airflow/dags/new_sample_branch.py took 0.083 seconds
[2023-07-01 02:57:25,253] {processor.py:153} INFO - Started process (PID=234) to work on /opt/airflow/dags/new_sample_branch.py
[2023-07-01 02:57:25,254] {processor.py:641} INFO - Processing file /opt/airflow/dags/new_sample_branch.py for tasks to queue
[2023-07-01 02:57:25,254] {logging_mixin.py:115} INFO - [2023-07-01 02:57:25,254] {dagbag.py:507} INFO - Filling up the DagBag from /opt/airflow/dags/new_sample_branch.py
[2023-07-01 02:57:25,266] {processor.py:651} INFO - DAG(s) dict_keys(['sample_branch']) retrieved from /opt/airflow/dags/new_sample_branch.py
[2023-07-01 02:57:25,348] {logging_mixin.py:115} INFO - [2023-07-01 02:57:25,348] {dag.py:2371} INFO - Sync 1 DAGs
[2023-07-01 02:57:25,376] {logging_mixin.py:115} INFO - [2023-07-01 02:57:25,376] {dag.py:2919} INFO - Setting next_dagrun for sample_branch to 2023-07-01T00:00:00+00:00, run_after=2023-07-02T00:00:00+00:00
[2023-07-01 02:57:25,390] {processor.py:161} INFO - Processing /opt/airflow/dags/new_sample_branch.py took 0.144 seconds
[2023-07-01 02:57:55,544] {processor.py:153} INFO - Started process (PID=255) to work on /opt/airflow/dags/new_sample_branch.py
[2023-07-01 02:57:55,545] {processor.py:641} INFO - Processing file /opt/airflow/dags/new_sample_branch.py for tasks to queue
[2023-07-01 02:57:55,546] {logging_mixin.py:115} INFO - [2023-07-01 02:57:55,546] {dagbag.py:507} INFO - Filling up the DagBag from /opt/airflow/dags/new_sample_branch.py
[2023-07-01 02:57:55,561] {processor.py:651} INFO - DAG(s) dict_keys(['sample_branch']) retrieved from /opt/airflow/dags/new_sample_branch.py
[2023-07-01 02:57:55,590] {logging_mixin.py:115} INFO - [2023-07-01 02:57:55,589] {dag.py:2371} INFO - Sync 1 DAGs
[2023-07-01 02:57:55,617] {logging_mixin.py:115} INFO - [2023-07-01 02:57:55,616] {dag.py:2919} INFO - Setting next_dagrun for sample_branch to 2023-07-01T00:00:00+00:00, run_after=2023-07-02T00:00:00+00:00
[2023-07-01 02:57:55,628] {processor.py:161} INFO - Processing /opt/airflow/dags/new_sample_branch.py took 0.088 seconds
[2023-07-01 02:58:25,834] {processor.py:153} INFO - Started process (PID=276) to work on /opt/airflow/dags/new_sample_branch.py
[2023-07-01 02:58:25,835] {processor.py:641} INFO - Processing file /opt/airflow/dags/new_sample_branch.py for tasks to queue
[2023-07-01 02:58:25,836] {logging_mixin.py:115} INFO - [2023-07-01 02:58:25,836] {dagbag.py:507} INFO - Filling up the DagBag from /opt/airflow/dags/new_sample_branch.py
[2023-07-01 02:58:25,851] {processor.py:651} INFO - DAG(s) dict_keys(['sample_branch']) retrieved from /opt/airflow/dags/new_sample_branch.py
[2023-07-01 02:58:25,933] {logging_mixin.py:115} INFO - [2023-07-01 02:58:25,933] {dag.py:2371} INFO - Sync 1 DAGs
[2023-07-01 02:58:25,956] {logging_mixin.py:115} INFO - [2023-07-01 02:58:25,956] {dag.py:2919} INFO - Setting next_dagrun for sample_branch to 2023-07-01T00:00:00+00:00, run_after=2023-07-02T00:00:00+00:00
[2023-07-01 02:58:25,971] {processor.py:161} INFO - Processing /opt/airflow/dags/new_sample_branch.py took 0.142 seconds
[2023-07-01 02:58:56,113] {processor.py:153} INFO - Started process (PID=297) to work on /opt/airflow/dags/new_sample_branch.py
[2023-07-01 02:58:56,114] {processor.py:641} INFO - Processing file /opt/airflow/dags/new_sample_branch.py for tasks to queue
[2023-07-01 02:58:56,115] {logging_mixin.py:115} INFO - [2023-07-01 02:58:56,114] {dagbag.py:507} INFO - Filling up the DagBag from /opt/airflow/dags/new_sample_branch.py
[2023-07-01 02:58:56,128] {processor.py:651} INFO - DAG(s) dict_keys(['sample_branch']) retrieved from /opt/airflow/dags/new_sample_branch.py
[2023-07-01 02:58:56,166] {logging_mixin.py:115} INFO - [2023-07-01 02:58:56,166] {dag.py:2371} INFO - Sync 1 DAGs
[2023-07-01 02:58:56,200] {logging_mixin.py:115} INFO - [2023-07-01 02:58:56,200] {dag.py:2919} INFO - Setting next_dagrun for sample_branch to 2023-07-01T00:00:00+00:00, run_after=2023-07-02T00:00:00+00:00
[2023-07-01 02:58:56,224] {processor.py:161} INFO - Processing /opt/airflow/dags/new_sample_branch.py took 0.115 seconds
[2023-07-01 02:59:26,433] {processor.py:153} INFO - Started process (PID=318) to work on /opt/airflow/dags/new_sample_branch.py
[2023-07-01 02:59:26,434] {processor.py:641} INFO - Processing file /opt/airflow/dags/new_sample_branch.py for tasks to queue
[2023-07-01 02:59:26,435] {logging_mixin.py:115} INFO - [2023-07-01 02:59:26,434] {dagbag.py:507} INFO - Filling up the DagBag from /opt/airflow/dags/new_sample_branch.py
[2023-07-01 02:59:26,444] {processor.py:651} INFO - DAG(s) dict_keys(['sample_branch']) retrieved from /opt/airflow/dags/new_sample_branch.py
[2023-07-01 02:59:26,532] {logging_mixin.py:115} INFO - [2023-07-01 02:59:26,532] {dag.py:2371} INFO - Sync 1 DAGs
[2023-07-01 02:59:26,561] {logging_mixin.py:115} INFO - [2023-07-01 02:59:26,561] {dag.py:2919} INFO - Setting next_dagrun for sample_branch to 2023-07-01T00:00:00+00:00, run_after=2023-07-02T00:00:00+00:00
[2023-07-01 02:59:26,575] {processor.py:161} INFO - Processing /opt/airflow/dags/new_sample_branch.py took 0.147 seconds
[2023-07-01 02:59:56,719] {processor.py:153} INFO - Started process (PID=339) to work on /opt/airflow/dags/new_sample_branch.py
[2023-07-01 02:59:56,719] {processor.py:641} INFO - Processing file /opt/airflow/dags/new_sample_branch.py for tasks to queue
[2023-07-01 02:59:56,720] {logging_mixin.py:115} INFO - [2023-07-01 02:59:56,720] {dagbag.py:507} INFO - Filling up the DagBag from /opt/airflow/dags/new_sample_branch.py
[2023-07-01 02:59:56,733] {processor.py:651} INFO - DAG(s) dict_keys(['sample_branch']) retrieved from /opt/airflow/dags/new_sample_branch.py
[2023-07-01 02:59:56,770] {logging_mixin.py:115} INFO - [2023-07-01 02:59:56,770] {dag.py:2371} INFO - Sync 1 DAGs
[2023-07-01 02:59:56,801] {logging_mixin.py:115} INFO - [2023-07-01 02:59:56,800] {dag.py:2919} INFO - Setting next_dagrun for sample_branch to 2023-07-01T00:00:00+00:00, run_after=2023-07-02T00:00:00+00:00
[2023-07-01 02:59:56,813] {processor.py:161} INFO - Processing /opt/airflow/dags/new_sample_branch.py took 0.099 seconds
[2023-07-01 03:00:27,039] {processor.py:153} INFO - Started process (PID=360) to work on /opt/airflow/dags/new_sample_branch.py
[2023-07-01 03:00:27,040] {processor.py:641} INFO - Processing file /opt/airflow/dags/new_sample_branch.py for tasks to queue
[2023-07-01 03:00:27,041] {logging_mixin.py:115} INFO - [2023-07-01 03:00:27,041] {dagbag.py:507} INFO - Filling up the DagBag from /opt/airflow/dags/new_sample_branch.py
[2023-07-01 03:00:27,051] {processor.py:651} INFO - DAG(s) dict_keys(['sample_branch']) retrieved from /opt/airflow/dags/new_sample_branch.py
[2023-07-01 03:00:27,128] {logging_mixin.py:115} INFO - [2023-07-01 03:00:27,128] {dag.py:2371} INFO - Sync 1 DAGs
[2023-07-01 03:00:27,154] {logging_mixin.py:115} INFO - [2023-07-01 03:00:27,154] {dag.py:2919} INFO - Setting next_dagrun for sample_branch to 2023-07-01T00:00:00+00:00, run_after=2023-07-02T00:00:00+00:00
[2023-07-01 03:00:27,166] {processor.py:161} INFO - Processing /opt/airflow/dags/new_sample_branch.py took 0.131 seconds
[2023-07-01 03:00:57,344] {processor.py:153} INFO - Started process (PID=381) to work on /opt/airflow/dags/new_sample_branch.py
[2023-07-01 03:00:57,345] {processor.py:641} INFO - Processing file /opt/airflow/dags/new_sample_branch.py for tasks to queue
[2023-07-01 03:00:57,346] {logging_mixin.py:115} INFO - [2023-07-01 03:00:57,345] {dagbag.py:507} INFO - Filling up the DagBag from /opt/airflow/dags/new_sample_branch.py
[2023-07-01 03:00:57,363] {processor.py:651} INFO - DAG(s) dict_keys(['sample_branch']) retrieved from /opt/airflow/dags/new_sample_branch.py
[2023-07-01 03:00:57,388] {logging_mixin.py:115} INFO - [2023-07-01 03:00:57,388] {dag.py:2371} INFO - Sync 1 DAGs
[2023-07-01 03:00:57,420] {logging_mixin.py:115} INFO - [2023-07-01 03:00:57,419] {dag.py:2919} INFO - Setting next_dagrun for sample_branch to 2023-07-01T00:00:00+00:00, run_after=2023-07-02T00:00:00+00:00
[2023-07-01 03:00:57,432] {processor.py:161} INFO - Processing /opt/airflow/dags/new_sample_branch.py took 0.094 seconds
[2023-07-01 03:01:27,666] {processor.py:153} INFO - Started process (PID=402) to work on /opt/airflow/dags/new_sample_branch.py
[2023-07-01 03:01:27,667] {processor.py:641} INFO - Processing file /opt/airflow/dags/new_sample_branch.py for tasks to queue
[2023-07-01 03:01:27,669] {logging_mixin.py:115} INFO - [2023-07-01 03:01:27,668] {dagbag.py:507} INFO - Filling up the DagBag from /opt/airflow/dags/new_sample_branch.py
[2023-07-01 03:01:27,688] {processor.py:651} INFO - DAG(s) dict_keys(['sample_branch']) retrieved from /opt/airflow/dags/new_sample_branch.py
[2023-07-01 03:01:27,771] {logging_mixin.py:115} INFO - [2023-07-01 03:01:27,771] {dag.py:2371} INFO - Sync 1 DAGs
[2023-07-01 03:01:27,794] {logging_mixin.py:115} INFO - [2023-07-01 03:01:27,794] {dag.py:2919} INFO - Setting next_dagrun for sample_branch to 2023-07-01T00:00:00+00:00, run_after=2023-07-02T00:00:00+00:00
[2023-07-01 03:01:27,807] {processor.py:161} INFO - Processing /opt/airflow/dags/new_sample_branch.py took 0.150 seconds
[2023-07-01 03:01:57,955] {processor.py:153} INFO - Started process (PID=423) to work on /opt/airflow/dags/new_sample_branch.py
[2023-07-01 03:01:57,956] {processor.py:641} INFO - Processing file /opt/airflow/dags/new_sample_branch.py for tasks to queue
[2023-07-01 03:01:57,956] {logging_mixin.py:115} INFO - [2023-07-01 03:01:57,956] {dagbag.py:507} INFO - Filling up the DagBag from /opt/airflow/dags/new_sample_branch.py
[2023-07-01 03:01:57,969] {processor.py:651} INFO - DAG(s) dict_keys(['sample_branch']) retrieved from /opt/airflow/dags/new_sample_branch.py
[2023-07-01 03:01:57,995] {logging_mixin.py:115} INFO - [2023-07-01 03:01:57,995] {dag.py:2371} INFO - Sync 1 DAGs
[2023-07-01 03:01:58,019] {logging_mixin.py:115} INFO - [2023-07-01 03:01:58,019] {dag.py:2919} INFO - Setting next_dagrun for sample_branch to 2023-07-01T00:00:00+00:00, run_after=2023-07-02T00:00:00+00:00
[2023-07-01 03:01:58,030] {processor.py:161} INFO - Processing /opt/airflow/dags/new_sample_branch.py took 0.081 seconds
[2023-07-01 03:02:28,230] {processor.py:153} INFO - Started process (PID=444) to work on /opt/airflow/dags/new_sample_branch.py
[2023-07-01 03:02:28,231] {processor.py:641} INFO - Processing file /opt/airflow/dags/new_sample_branch.py for tasks to queue
[2023-07-01 03:02:28,232] {logging_mixin.py:115} INFO - [2023-07-01 03:02:28,232] {dagbag.py:507} INFO - Filling up the DagBag from /opt/airflow/dags/new_sample_branch.py
[2023-07-01 03:02:28,243] {processor.py:651} INFO - DAG(s) dict_keys(['sample_branch']) retrieved from /opt/airflow/dags/new_sample_branch.py
[2023-07-01 03:02:28,330] {logging_mixin.py:115} INFO - [2023-07-01 03:02:28,330] {dag.py:2371} INFO - Sync 1 DAGs
[2023-07-01 03:02:28,363] {logging_mixin.py:115} INFO - [2023-07-01 03:02:28,363] {dag.py:2919} INFO - Setting next_dagrun for sample_branch to 2023-07-01T00:00:00+00:00, run_after=2023-07-02T00:00:00+00:00
[2023-07-01 03:02:28,379] {processor.py:161} INFO - Processing /opt/airflow/dags/new_sample_branch.py took 0.154 seconds
[2023-07-01 03:02:58,539] {processor.py:153} INFO - Started process (PID=465) to work on /opt/airflow/dags/new_sample_branch.py
[2023-07-01 03:02:58,540] {processor.py:641} INFO - Processing file /opt/airflow/dags/new_sample_branch.py for tasks to queue
[2023-07-01 03:02:58,541] {logging_mixin.py:115} INFO - [2023-07-01 03:02:58,541] {dagbag.py:507} INFO - Filling up the DagBag from /opt/airflow/dags/new_sample_branch.py
[2023-07-01 03:02:58,559] {processor.py:651} INFO - DAG(s) dict_keys(['sample_branch']) retrieved from /opt/airflow/dags/new_sample_branch.py
[2023-07-01 03:02:58,589] {logging_mixin.py:115} INFO - [2023-07-01 03:02:58,589] {dag.py:2371} INFO - Sync 1 DAGs
[2023-07-01 03:02:58,614] {logging_mixin.py:115} INFO - [2023-07-01 03:02:58,613] {dag.py:2919} INFO - Setting next_dagrun for sample_branch to 2023-07-01T00:00:00+00:00, run_after=2023-07-02T00:00:00+00:00
[2023-07-01 03:02:58,627] {processor.py:161} INFO - Processing /opt/airflow/dags/new_sample_branch.py took 0.096 seconds
[2023-07-01 03:03:28,872] {processor.py:153} INFO - Started process (PID=486) to work on /opt/airflow/dags/new_sample_branch.py
[2023-07-01 03:03:28,873] {processor.py:641} INFO - Processing file /opt/airflow/dags/new_sample_branch.py for tasks to queue
[2023-07-01 03:03:28,875] {logging_mixin.py:115} INFO - [2023-07-01 03:03:28,874] {dagbag.py:507} INFO - Filling up the DagBag from /opt/airflow/dags/new_sample_branch.py
[2023-07-01 03:03:28,891] {processor.py:651} INFO - DAG(s) dict_keys(['sample_branch']) retrieved from /opt/airflow/dags/new_sample_branch.py
[2023-07-01 03:03:28,972] {logging_mixin.py:115} INFO - [2023-07-01 03:03:28,972] {dag.py:2371} INFO - Sync 1 DAGs
[2023-07-01 03:03:28,993] {logging_mixin.py:115} INFO - [2023-07-01 03:03:28,993] {dag.py:2919} INFO - Setting next_dagrun for sample_branch to 2023-07-01T00:00:00+00:00, run_after=2023-07-02T00:00:00+00:00
[2023-07-01 03:03:29,007] {processor.py:161} INFO - Processing /opt/airflow/dags/new_sample_branch.py took 0.141 seconds
[2023-07-01 03:03:59,153] {processor.py:153} INFO - Started process (PID=507) to work on /opt/airflow/dags/new_sample_branch.py
[2023-07-01 03:03:59,154] {processor.py:641} INFO - Processing file /opt/airflow/dags/new_sample_branch.py for tasks to queue
[2023-07-01 03:03:59,154] {logging_mixin.py:115} INFO - [2023-07-01 03:03:59,154] {dagbag.py:507} INFO - Filling up the DagBag from /opt/airflow/dags/new_sample_branch.py
[2023-07-01 03:03:59,166] {processor.py:651} INFO - DAG(s) dict_keys(['sample_branch']) retrieved from /opt/airflow/dags/new_sample_branch.py
[2023-07-01 03:03:59,201] {logging_mixin.py:115} INFO - [2023-07-01 03:03:59,200] {dag.py:2371} INFO - Sync 1 DAGs
[2023-07-01 03:03:59,228] {logging_mixin.py:115} INFO - [2023-07-01 03:03:59,227] {dag.py:2919} INFO - Setting next_dagrun for sample_branch to 2023-07-01T00:00:00+00:00, run_after=2023-07-02T00:00:00+00:00
[2023-07-01 03:03:59,239] {processor.py:161} INFO - Processing /opt/airflow/dags/new_sample_branch.py took 0.091 seconds
[2023-07-01 03:04:29,460] {processor.py:153} INFO - Started process (PID=528) to work on /opt/airflow/dags/new_sample_branch.py
[2023-07-01 03:04:29,461] {processor.py:641} INFO - Processing file /opt/airflow/dags/new_sample_branch.py for tasks to queue
[2023-07-01 03:04:29,462] {logging_mixin.py:115} INFO - [2023-07-01 03:04:29,462] {dagbag.py:507} INFO - Filling up the DagBag from /opt/airflow/dags/new_sample_branch.py
[2023-07-01 03:04:29,475] {processor.py:651} INFO - DAG(s) dict_keys(['sample_branch']) retrieved from /opt/airflow/dags/new_sample_branch.py
[2023-07-01 03:04:29,545] {logging_mixin.py:115} INFO - [2023-07-01 03:04:29,545] {dag.py:2371} INFO - Sync 1 DAGs
[2023-07-01 03:04:29,570] {logging_mixin.py:115} INFO - [2023-07-01 03:04:29,570] {dag.py:2919} INFO - Setting next_dagrun for sample_branch to 2023-07-01T00:00:00+00:00, run_after=2023-07-02T00:00:00+00:00
[2023-07-01 03:04:29,584] {processor.py:161} INFO - Processing /opt/airflow/dags/new_sample_branch.py took 0.130 seconds
[2023-07-01 03:04:59,735] {processor.py:153} INFO - Started process (PID=549) to work on /opt/airflow/dags/new_sample_branch.py
[2023-07-01 03:04:59,736] {processor.py:641} INFO - Processing file /opt/airflow/dags/new_sample_branch.py for tasks to queue
[2023-07-01 03:04:59,736] {logging_mixin.py:115} INFO - [2023-07-01 03:04:59,736] {dagbag.py:507} INFO - Filling up the DagBag from /opt/airflow/dags/new_sample_branch.py
[2023-07-01 03:04:59,747] {processor.py:651} INFO - DAG(s) dict_keys(['sample_branch']) retrieved from /opt/airflow/dags/new_sample_branch.py
[2023-07-01 03:04:59,775] {logging_mixin.py:115} INFO - [2023-07-01 03:04:59,775] {dag.py:2371} INFO - Sync 1 DAGs
[2023-07-01 03:04:59,798] {logging_mixin.py:115} INFO - [2023-07-01 03:04:59,797] {dag.py:2919} INFO - Setting next_dagrun for sample_branch to 2023-07-01T00:00:00+00:00, run_after=2023-07-02T00:00:00+00:00
[2023-07-01 03:04:59,808] {processor.py:161} INFO - Processing /opt/airflow/dags/new_sample_branch.py took 0.079 seconds
[2023-07-01 03:05:30,009] {processor.py:153} INFO - Started process (PID=570) to work on /opt/airflow/dags/new_sample_branch.py
[2023-07-01 03:05:30,010] {processor.py:641} INFO - Processing file /opt/airflow/dags/new_sample_branch.py for tasks to queue
[2023-07-01 03:05:30,011] {logging_mixin.py:115} INFO - [2023-07-01 03:05:30,011] {dagbag.py:507} INFO - Filling up the DagBag from /opt/airflow/dags/new_sample_branch.py
[2023-07-01 03:05:30,024] {processor.py:651} INFO - DAG(s) dict_keys(['sample_branch']) retrieved from /opt/airflow/dags/new_sample_branch.py
[2023-07-01 03:05:30,092] {logging_mixin.py:115} INFO - [2023-07-01 03:05:30,091] {dag.py:2371} INFO - Sync 1 DAGs
[2023-07-01 03:05:30,117] {logging_mixin.py:115} INFO - [2023-07-01 03:05:30,117] {dag.py:2919} INFO - Setting next_dagrun for sample_branch to 2023-07-01T00:00:00+00:00, run_after=2023-07-02T00:00:00+00:00
[2023-07-01 03:05:30,129] {processor.py:161} INFO - Processing /opt/airflow/dags/new_sample_branch.py took 0.126 seconds
[2023-07-01 03:06:00,280] {processor.py:153} INFO - Started process (PID=591) to work on /opt/airflow/dags/new_sample_branch.py
[2023-07-01 03:06:00,281] {processor.py:641} INFO - Processing file /opt/airflow/dags/new_sample_branch.py for tasks to queue
[2023-07-01 03:06:00,282] {logging_mixin.py:115} INFO - [2023-07-01 03:06:00,282] {dagbag.py:507} INFO - Filling up the DagBag from /opt/airflow/dags/new_sample_branch.py
[2023-07-01 03:06:00,298] {processor.py:651} INFO - DAG(s) dict_keys(['sample_branch']) retrieved from /opt/airflow/dags/new_sample_branch.py
[2023-07-01 03:06:00,324] {logging_mixin.py:115} INFO - [2023-07-01 03:06:00,324] {dag.py:2371} INFO - Sync 1 DAGs
[2023-07-01 03:06:00,349] {logging_mixin.py:115} INFO - [2023-07-01 03:06:00,348] {dag.py:2919} INFO - Setting next_dagrun for sample_branch to 2023-07-01T00:00:00+00:00, run_after=2023-07-02T00:00:00+00:00
[2023-07-01 03:06:00,363] {processor.py:161} INFO - Processing /opt/airflow/dags/new_sample_branch.py took 0.091 seconds
[2023-07-01 03:06:30,548] {processor.py:153} INFO - Started process (PID=612) to work on /opt/airflow/dags/new_sample_branch.py
[2023-07-01 03:06:30,550] {processor.py:641} INFO - Processing file /opt/airflow/dags/new_sample_branch.py for tasks to queue
[2023-07-01 03:06:30,551] {logging_mixin.py:115} INFO - [2023-07-01 03:06:30,550] {dagbag.py:507} INFO - Filling up the DagBag from /opt/airflow/dags/new_sample_branch.py
[2023-07-01 03:06:30,569] {processor.py:651} INFO - DAG(s) dict_keys(['sample_branch']) retrieved from /opt/airflow/dags/new_sample_branch.py
[2023-07-01 03:06:30,636] {logging_mixin.py:115} INFO - [2023-07-01 03:06:30,636] {dag.py:2371} INFO - Sync 1 DAGs
[2023-07-01 03:06:30,664] {logging_mixin.py:115} INFO - [2023-07-01 03:06:30,664] {dag.py:2919} INFO - Setting next_dagrun for sample_branch to 2023-07-01T00:00:00+00:00, run_after=2023-07-02T00:00:00+00:00
[2023-07-01 03:06:30,682] {processor.py:161} INFO - Processing /opt/airflow/dags/new_sample_branch.py took 0.141 seconds
[2023-07-01 03:07:00,847] {processor.py:153} INFO - Started process (PID=633) to work on /opt/airflow/dags/new_sample_branch.py
[2023-07-01 03:07:00,848] {processor.py:641} INFO - Processing file /opt/airflow/dags/new_sample_branch.py for tasks to queue
[2023-07-01 03:07:00,850] {logging_mixin.py:115} INFO - [2023-07-01 03:07:00,850] {dagbag.py:507} INFO - Filling up the DagBag from /opt/airflow/dags/new_sample_branch.py
[2023-07-01 03:07:00,873] {processor.py:651} INFO - DAG(s) dict_keys(['sample_branch']) retrieved from /opt/airflow/dags/new_sample_branch.py
[2023-07-01 03:07:00,902] {logging_mixin.py:115} INFO - [2023-07-01 03:07:00,902] {dag.py:2371} INFO - Sync 1 DAGs
[2023-07-01 03:07:00,925] {logging_mixin.py:115} INFO - [2023-07-01 03:07:00,924] {dag.py:2919} INFO - Setting next_dagrun for sample_branch to 2023-07-01T00:00:00+00:00, run_after=2023-07-02T00:00:00+00:00
[2023-07-01 03:07:00,938] {processor.py:161} INFO - Processing /opt/airflow/dags/new_sample_branch.py took 0.099 seconds
[2023-07-01 03:07:31,160] {processor.py:153} INFO - Started process (PID=654) to work on /opt/airflow/dags/new_sample_branch.py
[2023-07-01 03:07:31,161] {processor.py:641} INFO - Processing file /opt/airflow/dags/new_sample_branch.py for tasks to queue
[2023-07-01 03:07:31,162] {logging_mixin.py:115} INFO - [2023-07-01 03:07:31,162] {dagbag.py:507} INFO - Filling up the DagBag from /opt/airflow/dags/new_sample_branch.py
[2023-07-01 03:07:31,176] {processor.py:651} INFO - DAG(s) dict_keys(['sample_branch']) retrieved from /opt/airflow/dags/new_sample_branch.py
[2023-07-01 03:07:31,243] {logging_mixin.py:115} INFO - [2023-07-01 03:07:31,243] {dag.py:2371} INFO - Sync 1 DAGs
[2023-07-01 03:07:31,267] {logging_mixin.py:115} INFO - [2023-07-01 03:07:31,267] {dag.py:2919} INFO - Setting next_dagrun for sample_branch to 2023-07-01T00:00:00+00:00, run_after=2023-07-02T00:00:00+00:00
[2023-07-01 03:07:31,286] {processor.py:161} INFO - Processing /opt/airflow/dags/new_sample_branch.py took 0.130 seconds
[2023-07-01 03:08:01,419] {processor.py:153} INFO - Started process (PID=675) to work on /opt/airflow/dags/new_sample_branch.py
[2023-07-01 03:08:01,420] {processor.py:641} INFO - Processing file /opt/airflow/dags/new_sample_branch.py for tasks to queue
[2023-07-01 03:08:01,420] {logging_mixin.py:115} INFO - [2023-07-01 03:08:01,420] {dagbag.py:507} INFO - Filling up the DagBag from /opt/airflow/dags/new_sample_branch.py
[2023-07-01 03:08:01,442] {processor.py:651} INFO - DAG(s) dict_keys(['sample_branch']) retrieved from /opt/airflow/dags/new_sample_branch.py
[2023-07-01 03:08:01,473] {logging_mixin.py:115} INFO - [2023-07-01 03:08:01,473] {dag.py:2371} INFO - Sync 1 DAGs
[2023-07-01 03:08:01,499] {logging_mixin.py:115} INFO - [2023-07-01 03:08:01,498] {dag.py:2919} INFO - Setting next_dagrun for sample_branch to 2023-07-01T00:00:00+00:00, run_after=2023-07-02T00:00:00+00:00
[2023-07-01 03:08:01,511] {processor.py:161} INFO - Processing /opt/airflow/dags/new_sample_branch.py took 0.096 seconds
[2023-07-01 03:08:31,697] {processor.py:153} INFO - Started process (PID=696) to work on /opt/airflow/dags/new_sample_branch.py
[2023-07-01 03:08:31,698] {processor.py:641} INFO - Processing file /opt/airflow/dags/new_sample_branch.py for tasks to queue
[2023-07-01 03:08:31,698] {logging_mixin.py:115} INFO - [2023-07-01 03:08:31,698] {dagbag.py:507} INFO - Filling up the DagBag from /opt/airflow/dags/new_sample_branch.py
[2023-07-01 03:08:31,712] {processor.py:651} INFO - DAG(s) dict_keys(['sample_branch']) retrieved from /opt/airflow/dags/new_sample_branch.py
[2023-07-01 03:08:31,780] {logging_mixin.py:115} INFO - [2023-07-01 03:08:31,780] {dag.py:2371} INFO - Sync 1 DAGs
[2023-07-01 03:08:31,806] {logging_mixin.py:115} INFO - [2023-07-01 03:08:31,806] {dag.py:2919} INFO - Setting next_dagrun for sample_branch to 2023-07-01T00:00:00+00:00, run_after=2023-07-02T00:00:00+00:00
[2023-07-01 03:08:31,820] {processor.py:161} INFO - Processing /opt/airflow/dags/new_sample_branch.py took 0.128 seconds
[2023-07-01 03:09:01,969] {processor.py:153} INFO - Started process (PID=717) to work on /opt/airflow/dags/new_sample_branch.py
[2023-07-01 03:09:01,970] {processor.py:641} INFO - Processing file /opt/airflow/dags/new_sample_branch.py for tasks to queue
[2023-07-01 03:09:01,971] {logging_mixin.py:115} INFO - [2023-07-01 03:09:01,971] {dagbag.py:507} INFO - Filling up the DagBag from /opt/airflow/dags/new_sample_branch.py
[2023-07-01 03:09:01,990] {processor.py:651} INFO - DAG(s) dict_keys(['sample_branch']) retrieved from /opt/airflow/dags/new_sample_branch.py
[2023-07-01 03:09:02,016] {logging_mixin.py:115} INFO - [2023-07-01 03:09:02,016] {dag.py:2371} INFO - Sync 1 DAGs
[2023-07-01 03:09:02,038] {logging_mixin.py:115} INFO - [2023-07-01 03:09:02,038] {dag.py:2919} INFO - Setting next_dagrun for sample_branch to 2023-07-01T00:00:00+00:00, run_after=2023-07-02T00:00:00+00:00
[2023-07-01 03:09:02,048] {processor.py:161} INFO - Processing /opt/airflow/dags/new_sample_branch.py took 0.085 seconds
[2023-07-01 03:09:32,246] {processor.py:153} INFO - Started process (PID=738) to work on /opt/airflow/dags/new_sample_branch.py
[2023-07-01 03:09:32,247] {processor.py:641} INFO - Processing file /opt/airflow/dags/new_sample_branch.py for tasks to queue
[2023-07-01 03:09:32,248] {logging_mixin.py:115} INFO - [2023-07-01 03:09:32,248] {dagbag.py:507} INFO - Filling up the DagBag from /opt/airflow/dags/new_sample_branch.py
[2023-07-01 03:09:32,262] {processor.py:651} INFO - DAG(s) dict_keys(['sample_branch']) retrieved from /opt/airflow/dags/new_sample_branch.py
[2023-07-01 03:09:32,363] {logging_mixin.py:115} INFO - [2023-07-01 03:09:32,363] {dag.py:2371} INFO - Sync 1 DAGs
[2023-07-01 03:09:32,386] {logging_mixin.py:115} INFO - [2023-07-01 03:09:32,386] {dag.py:2919} INFO - Setting next_dagrun for sample_branch to 2023-07-01T00:00:00+00:00, run_after=2023-07-02T00:00:00+00:00
[2023-07-01 03:09:32,399] {processor.py:161} INFO - Processing /opt/airflow/dags/new_sample_branch.py took 0.158 seconds
[2023-07-01 03:10:02,543] {processor.py:153} INFO - Started process (PID=759) to work on /opt/airflow/dags/new_sample_branch.py
[2023-07-01 03:10:02,544] {processor.py:641} INFO - Processing file /opt/airflow/dags/new_sample_branch.py for tasks to queue
[2023-07-01 03:10:02,546] {logging_mixin.py:115} INFO - [2023-07-01 03:10:02,545] {dagbag.py:507} INFO - Filling up the DagBag from /opt/airflow/dags/new_sample_branch.py
[2023-07-01 03:10:02,564] {processor.py:651} INFO - DAG(s) dict_keys(['sample_branch']) retrieved from /opt/airflow/dags/new_sample_branch.py
[2023-07-01 03:10:02,586] {logging_mixin.py:115} INFO - [2023-07-01 03:10:02,586] {dag.py:2371} INFO - Sync 1 DAGs
[2023-07-01 03:10:02,608] {logging_mixin.py:115} INFO - [2023-07-01 03:10:02,608] {dag.py:2919} INFO - Setting next_dagrun for sample_branch to 2023-07-01T00:00:00+00:00, run_after=2023-07-02T00:00:00+00:00
[2023-07-01 03:10:02,618] {processor.py:161} INFO - Processing /opt/airflow/dags/new_sample_branch.py took 0.083 seconds
[2023-07-01 03:10:32,804] {processor.py:153} INFO - Started process (PID=780) to work on /opt/airflow/dags/new_sample_branch.py
[2023-07-01 03:10:32,805] {processor.py:641} INFO - Processing file /opt/airflow/dags/new_sample_branch.py for tasks to queue
[2023-07-01 03:10:32,806] {logging_mixin.py:115} INFO - [2023-07-01 03:10:32,806] {dagbag.py:507} INFO - Filling up the DagBag from /opt/airflow/dags/new_sample_branch.py
[2023-07-01 03:10:32,827] {processor.py:651} INFO - DAG(s) dict_keys(['sample_branch']) retrieved from /opt/airflow/dags/new_sample_branch.py
[2023-07-01 03:10:32,927] {logging_mixin.py:115} INFO - [2023-07-01 03:10:32,927] {dag.py:2371} INFO - Sync 1 DAGs
[2023-07-01 03:10:32,967] {logging_mixin.py:115} INFO - [2023-07-01 03:10:32,967] {dag.py:2919} INFO - Setting next_dagrun for sample_branch to 2023-07-01T00:00:00+00:00, run_after=2023-07-02T00:00:00+00:00
[2023-07-01 03:10:32,983] {processor.py:161} INFO - Processing /opt/airflow/dags/new_sample_branch.py took 0.185 seconds
[2023-07-01 03:11:03,138] {processor.py:153} INFO - Started process (PID=801) to work on /opt/airflow/dags/new_sample_branch.py
[2023-07-01 03:11:03,139] {processor.py:641} INFO - Processing file /opt/airflow/dags/new_sample_branch.py for tasks to queue
[2023-07-01 03:11:03,140] {logging_mixin.py:115} INFO - [2023-07-01 03:11:03,140] {dagbag.py:507} INFO - Filling up the DagBag from /opt/airflow/dags/new_sample_branch.py
[2023-07-01 03:11:03,156] {processor.py:651} INFO - DAG(s) dict_keys(['sample_branch']) retrieved from /opt/airflow/dags/new_sample_branch.py
[2023-07-01 03:11:03,183] {logging_mixin.py:115} INFO - [2023-07-01 03:11:03,182] {dag.py:2371} INFO - Sync 1 DAGs
[2023-07-01 03:11:03,218] {logging_mixin.py:115} INFO - [2023-07-01 03:11:03,217] {dag.py:2919} INFO - Setting next_dagrun for sample_branch to 2023-07-01T00:00:00+00:00, run_after=2023-07-02T00:00:00+00:00
[2023-07-01 03:11:03,231] {processor.py:161} INFO - Processing /opt/airflow/dags/new_sample_branch.py took 0.100 seconds
[2023-07-01 03:11:33,477] {processor.py:153} INFO - Started process (PID=822) to work on /opt/airflow/dags/new_sample_branch.py
[2023-07-01 03:11:33,479] {processor.py:641} INFO - Processing file /opt/airflow/dags/new_sample_branch.py for tasks to queue
[2023-07-01 03:11:33,480] {logging_mixin.py:115} INFO - [2023-07-01 03:11:33,480] {dagbag.py:507} INFO - Filling up the DagBag from /opt/airflow/dags/new_sample_branch.py
[2023-07-01 03:11:33,499] {processor.py:651} INFO - DAG(s) dict_keys(['sample_branch']) retrieved from /opt/airflow/dags/new_sample_branch.py
[2023-07-01 03:11:33,563] {logging_mixin.py:115} INFO - [2023-07-01 03:11:33,563] {dag.py:2371} INFO - Sync 1 DAGs
[2023-07-01 03:11:33,584] {logging_mixin.py:115} INFO - [2023-07-01 03:11:33,584] {dag.py:2919} INFO - Setting next_dagrun for sample_branch to 2023-07-01T00:00:00+00:00, run_after=2023-07-02T00:00:00+00:00
[2023-07-01 03:11:33,598] {processor.py:161} INFO - Processing /opt/airflow/dags/new_sample_branch.py took 0.131 seconds
[2023-07-01 03:12:03,711] {processor.py:153} INFO - Started process (PID=837) to work on /opt/airflow/dags/new_sample_branch.py
[2023-07-01 03:12:03,712] {processor.py:641} INFO - Processing file /opt/airflow/dags/new_sample_branch.py for tasks to queue
[2023-07-01 03:12:03,713] {logging_mixin.py:115} INFO - [2023-07-01 03:12:03,713] {dagbag.py:507} INFO - Filling up the DagBag from /opt/airflow/dags/new_sample_branch.py
[2023-07-01 03:12:03,724] {processor.py:651} INFO - DAG(s) dict_keys(['sample_branch']) retrieved from /opt/airflow/dags/new_sample_branch.py
[2023-07-01 03:12:03,745] {logging_mixin.py:115} INFO - [2023-07-01 03:12:03,745] {dag.py:2371} INFO - Sync 1 DAGs
[2023-07-01 03:12:03,769] {logging_mixin.py:115} INFO - [2023-07-01 03:12:03,768] {dag.py:2919} INFO - Setting next_dagrun for sample_branch to 2023-07-01T00:00:00+00:00, run_after=2023-07-02T00:00:00+00:00
[2023-07-01 03:12:03,779] {processor.py:161} INFO - Processing /opt/airflow/dags/new_sample_branch.py took 0.071 seconds
[2023-07-01 03:12:34,043] {processor.py:153} INFO - Started process (PID=858) to work on /opt/airflow/dags/new_sample_branch.py
[2023-07-01 03:12:34,044] {processor.py:641} INFO - Processing file /opt/airflow/dags/new_sample_branch.py for tasks to queue
[2023-07-01 03:12:34,045] {logging_mixin.py:115} INFO - [2023-07-01 03:12:34,045] {dagbag.py:507} INFO - Filling up the DagBag from /opt/airflow/dags/new_sample_branch.py
[2023-07-01 03:12:34,059] {processor.py:651} INFO - DAG(s) dict_keys(['sample_branch']) retrieved from /opt/airflow/dags/new_sample_branch.py
[2023-07-01 03:12:34,128] {logging_mixin.py:115} INFO - [2023-07-01 03:12:34,128] {dag.py:2371} INFO - Sync 1 DAGs
[2023-07-01 03:12:34,154] {logging_mixin.py:115} INFO - [2023-07-01 03:12:34,154] {dag.py:2919} INFO - Setting next_dagrun for sample_branch to 2023-07-01T00:00:00+00:00, run_after=2023-07-02T00:00:00+00:00
[2023-07-01 03:12:34,169] {processor.py:161} INFO - Processing /opt/airflow/dags/new_sample_branch.py took 0.132 seconds
[2023-07-01 03:13:04,329] {processor.py:153} INFO - Started process (PID=879) to work on /opt/airflow/dags/new_sample_branch.py
[2023-07-01 03:13:04,330] {processor.py:641} INFO - Processing file /opt/airflow/dags/new_sample_branch.py for tasks to queue
[2023-07-01 03:13:04,331] {logging_mixin.py:115} INFO - [2023-07-01 03:13:04,331] {dagbag.py:507} INFO - Filling up the DagBag from /opt/airflow/dags/new_sample_branch.py
[2023-07-01 03:13:04,345] {processor.py:651} INFO - DAG(s) dict_keys(['sample_branch']) retrieved from /opt/airflow/dags/new_sample_branch.py
[2023-07-01 03:13:04,375] {logging_mixin.py:115} INFO - [2023-07-01 03:13:04,375] {dag.py:2371} INFO - Sync 1 DAGs
[2023-07-01 03:13:04,404] {logging_mixin.py:115} INFO - [2023-07-01 03:13:04,404] {dag.py:2919} INFO - Setting next_dagrun for sample_branch to 2023-07-01T00:00:00+00:00, run_after=2023-07-02T00:00:00+00:00
[2023-07-01 03:13:04,416] {processor.py:161} INFO - Processing /opt/airflow/dags/new_sample_branch.py took 0.092 seconds
[2023-07-01 03:13:34,632] {processor.py:153} INFO - Started process (PID=900) to work on /opt/airflow/dags/new_sample_branch.py
[2023-07-01 03:13:34,633] {processor.py:641} INFO - Processing file /opt/airflow/dags/new_sample_branch.py for tasks to queue
[2023-07-01 03:13:34,634] {logging_mixin.py:115} INFO - [2023-07-01 03:13:34,633] {dagbag.py:507} INFO - Filling up the DagBag from /opt/airflow/dags/new_sample_branch.py
[2023-07-01 03:13:34,650] {processor.py:651} INFO - DAG(s) dict_keys(['sample_branch']) retrieved from /opt/airflow/dags/new_sample_branch.py
[2023-07-01 03:13:34,723] {logging_mixin.py:115} INFO - [2023-07-01 03:13:34,723] {dag.py:2371} INFO - Sync 1 DAGs
[2023-07-01 03:13:34,747] {logging_mixin.py:115} INFO - [2023-07-01 03:13:34,747] {dag.py:2919} INFO - Setting next_dagrun for sample_branch to 2023-07-01T00:00:00+00:00, run_after=2023-07-02T00:00:00+00:00
[2023-07-01 03:13:34,762] {processor.py:161} INFO - Processing /opt/airflow/dags/new_sample_branch.py took 0.136 seconds
[2023-07-01 03:14:04,922] {processor.py:153} INFO - Started process (PID=921) to work on /opt/airflow/dags/new_sample_branch.py
[2023-07-01 03:14:04,923] {processor.py:641} INFO - Processing file /opt/airflow/dags/new_sample_branch.py for tasks to queue
[2023-07-01 03:14:04,924] {logging_mixin.py:115} INFO - [2023-07-01 03:14:04,924] {dagbag.py:507} INFO - Filling up the DagBag from /opt/airflow/dags/new_sample_branch.py
[2023-07-01 03:14:04,939] {processor.py:651} INFO - DAG(s) dict_keys(['sample_branch']) retrieved from /opt/airflow/dags/new_sample_branch.py
[2023-07-01 03:14:04,962] {logging_mixin.py:115} INFO - [2023-07-01 03:14:04,962] {dag.py:2371} INFO - Sync 1 DAGs
[2023-07-01 03:14:04,985] {logging_mixin.py:115} INFO - [2023-07-01 03:14:04,985] {dag.py:2919} INFO - Setting next_dagrun for sample_branch to 2023-07-01T00:00:00+00:00, run_after=2023-07-02T00:00:00+00:00
[2023-07-01 03:14:04,996] {processor.py:161} INFO - Processing /opt/airflow/dags/new_sample_branch.py took 0.081 seconds
[2023-07-01 03:14:35,183] {processor.py:153} INFO - Started process (PID=942) to work on /opt/airflow/dags/new_sample_branch.py
[2023-07-01 03:14:35,184] {processor.py:641} INFO - Processing file /opt/airflow/dags/new_sample_branch.py for tasks to queue
[2023-07-01 03:14:35,184] {logging_mixin.py:115} INFO - [2023-07-01 03:14:35,184] {dagbag.py:507} INFO - Filling up the DagBag from /opt/airflow/dags/new_sample_branch.py
[2023-07-01 03:14:35,202] {processor.py:651} INFO - DAG(s) dict_keys(['sample_branch']) retrieved from /opt/airflow/dags/new_sample_branch.py
[2023-07-01 03:14:35,286] {logging_mixin.py:115} INFO - [2023-07-01 03:14:35,285] {dag.py:2371} INFO - Sync 1 DAGs
[2023-07-01 03:14:35,308] {logging_mixin.py:115} INFO - [2023-07-01 03:14:35,308] {dag.py:2919} INFO - Setting next_dagrun for sample_branch to 2023-07-01T00:00:00+00:00, run_after=2023-07-02T00:00:00+00:00
[2023-07-01 03:14:35,320] {processor.py:161} INFO - Processing /opt/airflow/dags/new_sample_branch.py took 0.142 seconds
[2023-07-01 03:15:05,466] {processor.py:153} INFO - Started process (PID=963) to work on /opt/airflow/dags/new_sample_branch.py
[2023-07-01 03:15:05,466] {processor.py:641} INFO - Processing file /opt/airflow/dags/new_sample_branch.py for tasks to queue
[2023-07-01 03:15:05,467] {logging_mixin.py:115} INFO - [2023-07-01 03:15:05,467] {dagbag.py:507} INFO - Filling up the DagBag from /opt/airflow/dags/new_sample_branch.py
[2023-07-01 03:15:05,481] {processor.py:651} INFO - DAG(s) dict_keys(['sample_branch']) retrieved from /opt/airflow/dags/new_sample_branch.py
[2023-07-01 03:15:05,508] {logging_mixin.py:115} INFO - [2023-07-01 03:15:05,508] {dag.py:2371} INFO - Sync 1 DAGs
[2023-07-01 03:15:05,541] {logging_mixin.py:115} INFO - [2023-07-01 03:15:05,541] {dag.py:2919} INFO - Setting next_dagrun for sample_branch to 2023-07-01T00:00:00+00:00, run_after=2023-07-02T00:00:00+00:00
[2023-07-01 03:15:05,552] {processor.py:161} INFO - Processing /opt/airflow/dags/new_sample_branch.py took 0.092 seconds
[2023-07-01 03:15:35,749] {processor.py:153} INFO - Started process (PID=984) to work on /opt/airflow/dags/new_sample_branch.py
[2023-07-01 03:15:35,749] {processor.py:641} INFO - Processing file /opt/airflow/dags/new_sample_branch.py for tasks to queue
[2023-07-01 03:15:35,750] {logging_mixin.py:115} INFO - [2023-07-01 03:15:35,750] {dagbag.py:507} INFO - Filling up the DagBag from /opt/airflow/dags/new_sample_branch.py
[2023-07-01 03:15:35,764] {processor.py:651} INFO - DAG(s) dict_keys(['sample_branch']) retrieved from /opt/airflow/dags/new_sample_branch.py
[2023-07-01 03:15:35,861] {logging_mixin.py:115} INFO - [2023-07-01 03:15:35,861] {dag.py:2371} INFO - Sync 1 DAGs
[2023-07-01 03:15:35,885] {logging_mixin.py:115} INFO - [2023-07-01 03:15:35,885] {dag.py:2919} INFO - Setting next_dagrun for sample_branch to 2023-07-01T00:00:00+00:00, run_after=2023-07-02T00:00:00+00:00
[2023-07-01 03:15:35,899] {processor.py:161} INFO - Processing /opt/airflow/dags/new_sample_branch.py took 0.154 seconds
[2023-07-01 03:16:06,035] {processor.py:153} INFO - Started process (PID=1005) to work on /opt/airflow/dags/new_sample_branch.py
[2023-07-01 03:16:06,035] {processor.py:641} INFO - Processing file /opt/airflow/dags/new_sample_branch.py for tasks to queue
[2023-07-01 03:16:06,036] {logging_mixin.py:115} INFO - [2023-07-01 03:16:06,035] {dagbag.py:507} INFO - Filling up the DagBag from /opt/airflow/dags/new_sample_branch.py
[2023-07-01 03:16:06,047] {processor.py:651} INFO - DAG(s) dict_keys(['sample_branch']) retrieved from /opt/airflow/dags/new_sample_branch.py
[2023-07-01 03:16:06,072] {logging_mixin.py:115} INFO - [2023-07-01 03:16:06,072] {dag.py:2371} INFO - Sync 1 DAGs
[2023-07-01 03:16:06,098] {logging_mixin.py:115} INFO - [2023-07-01 03:16:06,097] {dag.py:2919} INFO - Setting next_dagrun for sample_branch to 2023-07-01T00:00:00+00:00, run_after=2023-07-02T00:00:00+00:00
[2023-07-01 03:16:06,108] {processor.py:161} INFO - Processing /opt/airflow/dags/new_sample_branch.py took 0.079 seconds
[2023-07-01 03:16:36,319] {processor.py:153} INFO - Started process (PID=1026) to work on /opt/airflow/dags/new_sample_branch.py
[2023-07-01 03:16:36,320] {processor.py:641} INFO - Processing file /opt/airflow/dags/new_sample_branch.py for tasks to queue
[2023-07-01 03:16:36,321] {logging_mixin.py:115} INFO - [2023-07-01 03:16:36,321] {dagbag.py:507} INFO - Filling up the DagBag from /opt/airflow/dags/new_sample_branch.py
[2023-07-01 03:16:36,336] {processor.py:651} INFO - DAG(s) dict_keys(['sample_branch']) retrieved from /opt/airflow/dags/new_sample_branch.py
[2023-07-01 03:16:36,408] {logging_mixin.py:115} INFO - [2023-07-01 03:16:36,408] {dag.py:2371} INFO - Sync 1 DAGs
[2023-07-01 03:16:36,431] {logging_mixin.py:115} INFO - [2023-07-01 03:16:36,431] {dag.py:2919} INFO - Setting next_dagrun for sample_branch to 2023-07-01T00:00:00+00:00, run_after=2023-07-02T00:00:00+00:00
[2023-07-01 03:16:36,444] {processor.py:161} INFO - Processing /opt/airflow/dags/new_sample_branch.py took 0.132 seconds
[2023-07-01 03:17:06,606] {processor.py:153} INFO - Started process (PID=1047) to work on /opt/airflow/dags/new_sample_branch.py
[2023-07-01 03:17:06,607] {processor.py:641} INFO - Processing file /opt/airflow/dags/new_sample_branch.py for tasks to queue
[2023-07-01 03:17:06,608] {logging_mixin.py:115} INFO - [2023-07-01 03:17:06,608] {dagbag.py:507} INFO - Filling up the DagBag from /opt/airflow/dags/new_sample_branch.py
[2023-07-01 03:17:06,624] {processor.py:651} INFO - DAG(s) dict_keys(['sample_branch']) retrieved from /opt/airflow/dags/new_sample_branch.py
[2023-07-01 03:17:06,673] {logging_mixin.py:115} INFO - [2023-07-01 03:17:06,673] {dag.py:2371} INFO - Sync 1 DAGs
[2023-07-01 03:17:06,703] {logging_mixin.py:115} INFO - [2023-07-01 03:17:06,703] {dag.py:2919} INFO - Setting next_dagrun for sample_branch to 2023-07-01T00:00:00+00:00, run_after=2023-07-02T00:00:00+00:00
[2023-07-01 03:17:06,713] {processor.py:161} INFO - Processing /opt/airflow/dags/new_sample_branch.py took 0.115 seconds
[2023-07-01 03:17:36,921] {processor.py:153} INFO - Started process (PID=1068) to work on /opt/airflow/dags/new_sample_branch.py
[2023-07-01 03:17:36,922] {processor.py:641} INFO - Processing file /opt/airflow/dags/new_sample_branch.py for tasks to queue
[2023-07-01 03:17:36,923] {logging_mixin.py:115} INFO - [2023-07-01 03:17:36,923] {dagbag.py:507} INFO - Filling up the DagBag from /opt/airflow/dags/new_sample_branch.py
[2023-07-01 03:17:36,940] {processor.py:651} INFO - DAG(s) dict_keys(['sample_branch']) retrieved from /opt/airflow/dags/new_sample_branch.py
[2023-07-01 03:17:37,006] {logging_mixin.py:115} INFO - [2023-07-01 03:17:37,006] {dag.py:2371} INFO - Sync 1 DAGs
[2023-07-01 03:17:37,030] {logging_mixin.py:115} INFO - [2023-07-01 03:17:37,030] {dag.py:2919} INFO - Setting next_dagrun for sample_branch to 2023-07-01T00:00:00+00:00, run_after=2023-07-02T00:00:00+00:00
[2023-07-01 03:17:37,042] {processor.py:161} INFO - Processing /opt/airflow/dags/new_sample_branch.py took 0.128 seconds
[2023-07-01 03:18:07,175] {processor.py:153} INFO - Started process (PID=1089) to work on /opt/airflow/dags/new_sample_branch.py
[2023-07-01 03:18:07,175] {processor.py:641} INFO - Processing file /opt/airflow/dags/new_sample_branch.py for tasks to queue
[2023-07-01 03:18:07,176] {logging_mixin.py:115} INFO - [2023-07-01 03:18:07,176] {dagbag.py:507} INFO - Filling up the DagBag from /opt/airflow/dags/new_sample_branch.py
[2023-07-01 03:18:07,186] {processor.py:651} INFO - DAG(s) dict_keys(['sample_branch']) retrieved from /opt/airflow/dags/new_sample_branch.py
[2023-07-01 03:18:07,208] {logging_mixin.py:115} INFO - [2023-07-01 03:18:07,208] {dag.py:2371} INFO - Sync 1 DAGs
[2023-07-01 03:18:07,231] {logging_mixin.py:115} INFO - [2023-07-01 03:18:07,231] {dag.py:2919} INFO - Setting next_dagrun for sample_branch to 2023-07-01T00:00:00+00:00, run_after=2023-07-02T00:00:00+00:00
[2023-07-01 03:18:07,241] {processor.py:161} INFO - Processing /opt/airflow/dags/new_sample_branch.py took 0.069 seconds
[2023-07-01 03:18:37,443] {processor.py:153} INFO - Started process (PID=1110) to work on /opt/airflow/dags/new_sample_branch.py
[2023-07-01 03:18:37,444] {processor.py:641} INFO - Processing file /opt/airflow/dags/new_sample_branch.py for tasks to queue
[2023-07-01 03:18:37,445] {logging_mixin.py:115} INFO - [2023-07-01 03:18:37,445] {dagbag.py:507} INFO - Filling up the DagBag from /opt/airflow/dags/new_sample_branch.py
[2023-07-01 03:18:37,460] {processor.py:651} INFO - DAG(s) dict_keys(['sample_branch']) retrieved from /opt/airflow/dags/new_sample_branch.py
[2023-07-01 03:18:37,555] {logging_mixin.py:115} INFO - [2023-07-01 03:18:37,554] {dag.py:2371} INFO - Sync 1 DAGs
[2023-07-01 03:18:37,579] {logging_mixin.py:115} INFO - [2023-07-01 03:18:37,579] {dag.py:2919} INFO - Setting next_dagrun for sample_branch to 2023-07-01T00:00:00+00:00, run_after=2023-07-02T00:00:00+00:00
[2023-07-01 03:18:37,591] {processor.py:161} INFO - Processing /opt/airflow/dags/new_sample_branch.py took 0.153 seconds
[2023-07-01 03:19:07,737] {processor.py:153} INFO - Started process (PID=1131) to work on /opt/airflow/dags/new_sample_branch.py
[2023-07-01 03:19:07,738] {processor.py:641} INFO - Processing file /opt/airflow/dags/new_sample_branch.py for tasks to queue
[2023-07-01 03:19:07,738] {logging_mixin.py:115} INFO - [2023-07-01 03:19:07,738] {dagbag.py:507} INFO - Filling up the DagBag from /opt/airflow/dags/new_sample_branch.py
[2023-07-01 03:19:07,752] {processor.py:651} INFO - DAG(s) dict_keys(['sample_branch']) retrieved from /opt/airflow/dags/new_sample_branch.py
[2023-07-01 03:19:07,773] {logging_mixin.py:115} INFO - [2023-07-01 03:19:07,773] {dag.py:2371} INFO - Sync 1 DAGs
[2023-07-01 03:19:07,796] {logging_mixin.py:115} INFO - [2023-07-01 03:19:07,796] {dag.py:2919} INFO - Setting next_dagrun for sample_branch to 2023-07-01T00:00:00+00:00, run_after=2023-07-02T00:00:00+00:00
[2023-07-01 03:19:07,806] {processor.py:161} INFO - Processing /opt/airflow/dags/new_sample_branch.py took 0.077 seconds
[2023-07-01 03:19:38,003] {processor.py:153} INFO - Started process (PID=1152) to work on /opt/airflow/dags/new_sample_branch.py
[2023-07-01 03:19:38,004] {processor.py:641} INFO - Processing file /opt/airflow/dags/new_sample_branch.py for tasks to queue
[2023-07-01 03:19:38,005] {logging_mixin.py:115} INFO - [2023-07-01 03:19:38,005] {dagbag.py:507} INFO - Filling up the DagBag from /opt/airflow/dags/new_sample_branch.py
[2023-07-01 03:19:38,019] {processor.py:651} INFO - DAG(s) dict_keys(['sample_branch']) retrieved from /opt/airflow/dags/new_sample_branch.py
[2023-07-01 03:19:38,090] {logging_mixin.py:115} INFO - [2023-07-01 03:19:38,090] {dag.py:2371} INFO - Sync 1 DAGs
[2023-07-01 03:19:38,113] {logging_mixin.py:115} INFO - [2023-07-01 03:19:38,113] {dag.py:2919} INFO - Setting next_dagrun for sample_branch to 2023-07-01T00:00:00+00:00, run_after=2023-07-02T00:00:00+00:00
[2023-07-01 03:19:38,125] {processor.py:161} INFO - Processing /opt/airflow/dags/new_sample_branch.py took 0.128 seconds
[2023-07-01 03:20:08,276] {processor.py:153} INFO - Started process (PID=1173) to work on /opt/airflow/dags/new_sample_branch.py
[2023-07-01 03:20:08,277] {processor.py:641} INFO - Processing file /opt/airflow/dags/new_sample_branch.py for tasks to queue
[2023-07-01 03:20:08,277] {logging_mixin.py:115} INFO - [2023-07-01 03:20:08,277] {dagbag.py:507} INFO - Filling up the DagBag from /opt/airflow/dags/new_sample_branch.py
[2023-07-01 03:20:08,291] {processor.py:651} INFO - DAG(s) dict_keys(['sample_branch']) retrieved from /opt/airflow/dags/new_sample_branch.py
[2023-07-01 03:20:08,313] {logging_mixin.py:115} INFO - [2023-07-01 03:20:08,313] {dag.py:2371} INFO - Sync 1 DAGs
[2023-07-01 03:20:08,335] {logging_mixin.py:115} INFO - [2023-07-01 03:20:08,335] {dag.py:2919} INFO - Setting next_dagrun for sample_branch to 2023-07-01T00:00:00+00:00, run_after=2023-07-02T00:00:00+00:00
[2023-07-01 03:20:08,346] {processor.py:161} INFO - Processing /opt/airflow/dags/new_sample_branch.py took 0.076 seconds
[2023-07-01 03:20:38,551] {processor.py:153} INFO - Started process (PID=1194) to work on /opt/airflow/dags/new_sample_branch.py
[2023-07-01 03:20:38,552] {processor.py:641} INFO - Processing file /opt/airflow/dags/new_sample_branch.py for tasks to queue
[2023-07-01 03:20:38,553] {logging_mixin.py:115} INFO - [2023-07-01 03:20:38,553] {dagbag.py:507} INFO - Filling up the DagBag from /opt/airflow/dags/new_sample_branch.py
[2023-07-01 03:20:38,571] {processor.py:651} INFO - DAG(s) dict_keys(['sample_branch']) retrieved from /opt/airflow/dags/new_sample_branch.py
[2023-07-01 03:20:38,639] {logging_mixin.py:115} INFO - [2023-07-01 03:20:38,639] {dag.py:2371} INFO - Sync 1 DAGs
[2023-07-01 03:20:38,661] {logging_mixin.py:115} INFO - [2023-07-01 03:20:38,661] {dag.py:2919} INFO - Setting next_dagrun for sample_branch to 2023-07-01T00:00:00+00:00, run_after=2023-07-02T00:00:00+00:00
[2023-07-01 03:20:38,675] {processor.py:161} INFO - Processing /opt/airflow/dags/new_sample_branch.py took 0.130 seconds
[2023-07-01 03:21:08,828] {processor.py:153} INFO - Started process (PID=1215) to work on /opt/airflow/dags/new_sample_branch.py
[2023-07-01 03:21:08,829] {processor.py:641} INFO - Processing file /opt/airflow/dags/new_sample_branch.py for tasks to queue
[2023-07-01 03:21:08,830] {logging_mixin.py:115} INFO - [2023-07-01 03:21:08,830] {dagbag.py:507} INFO - Filling up the DagBag from /opt/airflow/dags/new_sample_branch.py
[2023-07-01 03:21:08,844] {processor.py:651} INFO - DAG(s) dict_keys(['sample_branch']) retrieved from /opt/airflow/dags/new_sample_branch.py
[2023-07-01 03:21:08,866] {logging_mixin.py:115} INFO - [2023-07-01 03:21:08,866] {dag.py:2371} INFO - Sync 1 DAGs
[2023-07-01 03:21:08,888] {logging_mixin.py:115} INFO - [2023-07-01 03:21:08,888] {dag.py:2919} INFO - Setting next_dagrun for sample_branch to 2023-07-01T00:00:00+00:00, run_after=2023-07-02T00:00:00+00:00
[2023-07-01 03:21:08,900] {processor.py:161} INFO - Processing /opt/airflow/dags/new_sample_branch.py took 0.078 seconds
[2023-07-01 03:21:39,129] {processor.py:153} INFO - Started process (PID=1236) to work on /opt/airflow/dags/new_sample_branch.py
[2023-07-01 03:21:39,130] {processor.py:641} INFO - Processing file /opt/airflow/dags/new_sample_branch.py for tasks to queue
[2023-07-01 03:21:39,131] {logging_mixin.py:115} INFO - [2023-07-01 03:21:39,131] {dagbag.py:507} INFO - Filling up the DagBag from /opt/airflow/dags/new_sample_branch.py
[2023-07-01 03:21:39,145] {processor.py:651} INFO - DAG(s) dict_keys(['sample_branch']) retrieved from /opt/airflow/dags/new_sample_branch.py
[2023-07-01 03:21:39,219] {logging_mixin.py:115} INFO - [2023-07-01 03:21:39,219] {dag.py:2371} INFO - Sync 1 DAGs
[2023-07-01 03:21:39,242] {logging_mixin.py:115} INFO - [2023-07-01 03:21:39,242] {dag.py:2919} INFO - Setting next_dagrun for sample_branch to 2023-07-01T00:00:00+00:00, run_after=2023-07-02T00:00:00+00:00
[2023-07-01 03:21:39,255] {processor.py:161} INFO - Processing /opt/airflow/dags/new_sample_branch.py took 0.132 seconds
[2023-07-01 03:22:09,409] {processor.py:153} INFO - Started process (PID=1257) to work on /opt/airflow/dags/new_sample_branch.py
[2023-07-01 03:22:09,410] {processor.py:641} INFO - Processing file /opt/airflow/dags/new_sample_branch.py for tasks to queue
[2023-07-01 03:22:09,411] {logging_mixin.py:115} INFO - [2023-07-01 03:22:09,411] {dagbag.py:507} INFO - Filling up the DagBag from /opt/airflow/dags/new_sample_branch.py
[2023-07-01 03:22:09,423] {processor.py:651} INFO - DAG(s) dict_keys(['sample_branch']) retrieved from /opt/airflow/dags/new_sample_branch.py
[2023-07-01 03:22:09,445] {logging_mixin.py:115} INFO - [2023-07-01 03:22:09,445] {dag.py:2371} INFO - Sync 1 DAGs
[2023-07-01 03:22:09,467] {logging_mixin.py:115} INFO - [2023-07-01 03:22:09,467] {dag.py:2919} INFO - Setting next_dagrun for sample_branch to 2023-07-01T00:00:00+00:00, run_after=2023-07-02T00:00:00+00:00
[2023-07-01 03:22:09,479] {processor.py:161} INFO - Processing /opt/airflow/dags/new_sample_branch.py took 0.074 seconds
[2023-07-01 03:22:39,691] {processor.py:153} INFO - Started process (PID=1278) to work on /opt/airflow/dags/new_sample_branch.py
[2023-07-01 03:22:39,692] {processor.py:641} INFO - Processing file /opt/airflow/dags/new_sample_branch.py for tasks to queue
[2023-07-01 03:22:39,693] {logging_mixin.py:115} INFO - [2023-07-01 03:22:39,693] {dagbag.py:507} INFO - Filling up the DagBag from /opt/airflow/dags/new_sample_branch.py
[2023-07-01 03:22:39,706] {processor.py:651} INFO - DAG(s) dict_keys(['sample_branch']) retrieved from /opt/airflow/dags/new_sample_branch.py
[2023-07-01 03:22:39,780] {logging_mixin.py:115} INFO - [2023-07-01 03:22:39,780] {dag.py:2371} INFO - Sync 1 DAGs
[2023-07-01 03:22:39,813] {logging_mixin.py:115} INFO - [2023-07-01 03:22:39,812] {dag.py:2919} INFO - Setting next_dagrun for sample_branch to 2023-07-01T00:00:00+00:00, run_after=2023-07-02T00:00:00+00:00
[2023-07-01 03:22:39,830] {processor.py:161} INFO - Processing /opt/airflow/dags/new_sample_branch.py took 0.143 seconds
[2023-07-01 03:23:09,970] {processor.py:153} INFO - Started process (PID=1299) to work on /opt/airflow/dags/new_sample_branch.py
[2023-07-01 03:23:09,971] {processor.py:641} INFO - Processing file /opt/airflow/dags/new_sample_branch.py for tasks to queue
[2023-07-01 03:23:09,971] {logging_mixin.py:115} INFO - [2023-07-01 03:23:09,971] {dagbag.py:507} INFO - Filling up the DagBag from /opt/airflow/dags/new_sample_branch.py
[2023-07-01 03:23:09,989] {processor.py:651} INFO - DAG(s) dict_keys(['sample_branch']) retrieved from /opt/airflow/dags/new_sample_branch.py
[2023-07-01 03:23:10,020] {logging_mixin.py:115} INFO - [2023-07-01 03:23:10,020] {dag.py:2371} INFO - Sync 1 DAGs
[2023-07-01 03:23:10,062] {logging_mixin.py:115} INFO - [2023-07-01 03:23:10,062] {dag.py:2919} INFO - Setting next_dagrun for sample_branch to 2023-07-01T00:00:00+00:00, run_after=2023-07-02T00:00:00+00:00
[2023-07-01 03:23:10,079] {processor.py:161} INFO - Processing /opt/airflow/dags/new_sample_branch.py took 0.115 seconds
[2023-07-01 03:23:40,295] {processor.py:153} INFO - Started process (PID=1320) to work on /opt/airflow/dags/new_sample_branch.py
[2023-07-01 03:23:40,296] {processor.py:641} INFO - Processing file /opt/airflow/dags/new_sample_branch.py for tasks to queue
[2023-07-01 03:23:40,297] {logging_mixin.py:115} INFO - [2023-07-01 03:23:40,297] {dagbag.py:507} INFO - Filling up the DagBag from /opt/airflow/dags/new_sample_branch.py
[2023-07-01 03:23:40,312] {processor.py:651} INFO - DAG(s) dict_keys(['sample_branch']) retrieved from /opt/airflow/dags/new_sample_branch.py
[2023-07-01 03:23:40,382] {logging_mixin.py:115} INFO - [2023-07-01 03:23:40,382] {dag.py:2371} INFO - Sync 1 DAGs
[2023-07-01 03:23:40,404] {logging_mixin.py:115} INFO - [2023-07-01 03:23:40,404] {dag.py:2919} INFO - Setting next_dagrun for sample_branch to 2023-07-01T00:00:00+00:00, run_after=2023-07-02T00:00:00+00:00
[2023-07-01 03:23:40,417] {processor.py:161} INFO - Processing /opt/airflow/dags/new_sample_branch.py took 0.129 seconds
[2023-07-01 03:24:10,556] {processor.py:153} INFO - Started process (PID=1341) to work on /opt/airflow/dags/new_sample_branch.py
[2023-07-01 03:24:10,557] {processor.py:641} INFO - Processing file /opt/airflow/dags/new_sample_branch.py for tasks to queue
[2023-07-01 03:24:10,558] {logging_mixin.py:115} INFO - [2023-07-01 03:24:10,558] {dagbag.py:507} INFO - Filling up the DagBag from /opt/airflow/dags/new_sample_branch.py
[2023-07-01 03:24:10,574] {processor.py:651} INFO - DAG(s) dict_keys(['sample_branch']) retrieved from /opt/airflow/dags/new_sample_branch.py
[2023-07-01 03:24:10,596] {logging_mixin.py:115} INFO - [2023-07-01 03:24:10,596] {dag.py:2371} INFO - Sync 1 DAGs
[2023-07-01 03:24:10,618] {logging_mixin.py:115} INFO - [2023-07-01 03:24:10,618] {dag.py:2919} INFO - Setting next_dagrun for sample_branch to 2023-07-01T00:00:00+00:00, run_after=2023-07-02T00:00:00+00:00
[2023-07-01 03:24:10,628] {processor.py:161} INFO - Processing /opt/airflow/dags/new_sample_branch.py took 0.078 seconds
[2023-07-01 03:24:40,821] {processor.py:153} INFO - Started process (PID=1362) to work on /opt/airflow/dags/new_sample_branch.py
[2023-07-01 03:24:40,822] {processor.py:641} INFO - Processing file /opt/airflow/dags/new_sample_branch.py for tasks to queue
[2023-07-01 03:24:40,823] {logging_mixin.py:115} INFO - [2023-07-01 03:24:40,823] {dagbag.py:507} INFO - Filling up the DagBag from /opt/airflow/dags/new_sample_branch.py
[2023-07-01 03:24:40,836] {processor.py:651} INFO - DAG(s) dict_keys(['sample_branch']) retrieved from /opt/airflow/dags/new_sample_branch.py
[2023-07-01 03:24:40,909] {logging_mixin.py:115} INFO - [2023-07-01 03:24:40,909] {dag.py:2371} INFO - Sync 1 DAGs
[2023-07-01 03:24:40,930] {logging_mixin.py:115} INFO - [2023-07-01 03:24:40,930] {dag.py:2919} INFO - Setting next_dagrun for sample_branch to 2023-07-01T00:00:00+00:00, run_after=2023-07-02T00:00:00+00:00
[2023-07-01 03:24:40,945] {processor.py:161} INFO - Processing /opt/airflow/dags/new_sample_branch.py took 0.130 seconds
[2023-07-01 03:25:11,082] {processor.py:153} INFO - Started process (PID=1383) to work on /opt/airflow/dags/new_sample_branch.py
[2023-07-01 03:25:11,083] {processor.py:641} INFO - Processing file /opt/airflow/dags/new_sample_branch.py for tasks to queue
[2023-07-01 03:25:11,084] {logging_mixin.py:115} INFO - [2023-07-01 03:25:11,084] {dagbag.py:507} INFO - Filling up the DagBag from /opt/airflow/dags/new_sample_branch.py
[2023-07-01 03:25:11,108] {processor.py:651} INFO - DAG(s) dict_keys(['sample_branch']) retrieved from /opt/airflow/dags/new_sample_branch.py
[2023-07-01 03:25:11,131] {logging_mixin.py:115} INFO - [2023-07-01 03:25:11,131] {dag.py:2371} INFO - Sync 1 DAGs
[2023-07-01 03:25:11,153] {logging_mixin.py:115} INFO - [2023-07-01 03:25:11,153] {dag.py:2919} INFO - Setting next_dagrun for sample_branch to 2023-07-01T00:00:00+00:00, run_after=2023-07-02T00:00:00+00:00
[2023-07-01 03:25:11,164] {processor.py:161} INFO - Processing /opt/airflow/dags/new_sample_branch.py took 0.090 seconds
[2023-07-01 03:25:41,363] {processor.py:153} INFO - Started process (PID=1404) to work on /opt/airflow/dags/new_sample_branch.py
[2023-07-01 03:25:41,364] {processor.py:641} INFO - Processing file /opt/airflow/dags/new_sample_branch.py for tasks to queue
[2023-07-01 03:25:41,365] {logging_mixin.py:115} INFO - [2023-07-01 03:25:41,364] {dagbag.py:507} INFO - Filling up the DagBag from /opt/airflow/dags/new_sample_branch.py
[2023-07-01 03:25:41,378] {processor.py:651} INFO - DAG(s) dict_keys(['sample_branch']) retrieved from /opt/airflow/dags/new_sample_branch.py
[2023-07-01 03:25:41,444] {logging_mixin.py:115} INFO - [2023-07-01 03:25:41,444] {dag.py:2371} INFO - Sync 1 DAGs
[2023-07-01 03:25:41,468] {logging_mixin.py:115} INFO - [2023-07-01 03:25:41,468] {dag.py:2919} INFO - Setting next_dagrun for sample_branch to 2023-07-01T00:00:00+00:00, run_after=2023-07-02T00:00:00+00:00
[2023-07-01 03:25:41,481] {processor.py:161} INFO - Processing /opt/airflow/dags/new_sample_branch.py took 0.127 seconds
[2023-07-01 03:26:11,623] {processor.py:153} INFO - Started process (PID=1425) to work on /opt/airflow/dags/new_sample_branch.py
[2023-07-01 03:26:11,624] {processor.py:641} INFO - Processing file /opt/airflow/dags/new_sample_branch.py for tasks to queue
[2023-07-01 03:26:11,625] {logging_mixin.py:115} INFO - [2023-07-01 03:26:11,625] {dagbag.py:507} INFO - Filling up the DagBag from /opt/airflow/dags/new_sample_branch.py
[2023-07-01 03:26:11,638] {processor.py:651} INFO - DAG(s) dict_keys(['sample_branch']) retrieved from /opt/airflow/dags/new_sample_branch.py
[2023-07-01 03:26:11,661] {logging_mixin.py:115} INFO - [2023-07-01 03:26:11,661] {dag.py:2371} INFO - Sync 1 DAGs
[2023-07-01 03:26:11,683] {logging_mixin.py:115} INFO - [2023-07-01 03:26:11,682] {dag.py:2919} INFO - Setting next_dagrun for sample_branch to 2023-07-01T00:00:00+00:00, run_after=2023-07-02T00:00:00+00:00
[2023-07-01 03:26:11,693] {processor.py:161} INFO - Processing /opt/airflow/dags/new_sample_branch.py took 0.075 seconds
[2023-07-01 03:26:41,906] {processor.py:153} INFO - Started process (PID=1446) to work on /opt/airflow/dags/new_sample_branch.py
[2023-07-01 03:26:41,907] {processor.py:641} INFO - Processing file /opt/airflow/dags/new_sample_branch.py for tasks to queue
[2023-07-01 03:26:41,907] {logging_mixin.py:115} INFO - [2023-07-01 03:26:41,907] {dagbag.py:507} INFO - Filling up the DagBag from /opt/airflow/dags/new_sample_branch.py
[2023-07-01 03:26:41,919] {processor.py:651} INFO - DAG(s) dict_keys(['sample_branch']) retrieved from /opt/airflow/dags/new_sample_branch.py
[2023-07-01 03:26:41,990] {logging_mixin.py:115} INFO - [2023-07-01 03:26:41,990] {dag.py:2371} INFO - Sync 1 DAGs
[2023-07-01 03:26:42,013] {logging_mixin.py:115} INFO - [2023-07-01 03:26:42,013] {dag.py:2919} INFO - Setting next_dagrun for sample_branch to 2023-07-01T00:00:00+00:00, run_after=2023-07-02T00:00:00+00:00
[2023-07-01 03:26:42,029] {processor.py:161} INFO - Processing /opt/airflow/dags/new_sample_branch.py took 0.130 seconds
[2023-07-01 03:27:12,170] {processor.py:153} INFO - Started process (PID=1467) to work on /opt/airflow/dags/new_sample_branch.py
[2023-07-01 03:27:12,171] {processor.py:641} INFO - Processing file /opt/airflow/dags/new_sample_branch.py for tasks to queue
[2023-07-01 03:27:12,172] {logging_mixin.py:115} INFO - [2023-07-01 03:27:12,172] {dagbag.py:507} INFO - Filling up the DagBag from /opt/airflow/dags/new_sample_branch.py
[2023-07-01 03:27:12,184] {processor.py:651} INFO - DAG(s) dict_keys(['sample_branch']) retrieved from /opt/airflow/dags/new_sample_branch.py
[2023-07-01 03:27:12,206] {logging_mixin.py:115} INFO - [2023-07-01 03:27:12,206] {dag.py:2371} INFO - Sync 1 DAGs
[2023-07-01 03:27:12,231] {logging_mixin.py:115} INFO - [2023-07-01 03:27:12,230] {dag.py:2919} INFO - Setting next_dagrun for sample_branch to 2023-07-01T00:00:00+00:00, run_after=2023-07-02T00:00:00+00:00
[2023-07-01 03:27:12,243] {processor.py:161} INFO - Processing /opt/airflow/dags/new_sample_branch.py took 0.079 seconds
[2023-07-01 03:27:42,412] {processor.py:153} INFO - Started process (PID=1488) to work on /opt/airflow/dags/new_sample_branch.py
[2023-07-01 03:27:42,413] {processor.py:641} INFO - Processing file /opt/airflow/dags/new_sample_branch.py for tasks to queue
[2023-07-01 03:27:42,413] {logging_mixin.py:115} INFO - [2023-07-01 03:27:42,413] {dagbag.py:507} INFO - Filling up the DagBag from /opt/airflow/dags/new_sample_branch.py
[2023-07-01 03:27:42,422] {processor.py:651} INFO - DAG(s) dict_keys(['sample_branch']) retrieved from /opt/airflow/dags/new_sample_branch.py
[2023-07-01 03:27:42,497] {logging_mixin.py:115} INFO - [2023-07-01 03:27:42,497] {dag.py:2371} INFO - Sync 1 DAGs
[2023-07-01 03:27:42,518] {logging_mixin.py:115} INFO - [2023-07-01 03:27:42,518] {dag.py:2919} INFO - Setting next_dagrun for sample_branch to 2023-07-01T00:00:00+00:00, run_after=2023-07-02T00:00:00+00:00
[2023-07-01 03:27:42,531] {processor.py:161} INFO - Processing /opt/airflow/dags/new_sample_branch.py took 0.122 seconds
[2023-07-01 03:28:12,640] {processor.py:153} INFO - Started process (PID=1503) to work on /opt/airflow/dags/new_sample_branch.py
[2023-07-01 03:28:12,641] {processor.py:641} INFO - Processing file /opt/airflow/dags/new_sample_branch.py for tasks to queue
[2023-07-01 03:28:12,642] {logging_mixin.py:115} INFO - [2023-07-01 03:28:12,642] {dagbag.py:507} INFO - Filling up the DagBag from /opt/airflow/dags/new_sample_branch.py
[2023-07-01 03:28:12,653] {processor.py:651} INFO - DAG(s) dict_keys(['sample_branch']) retrieved from /opt/airflow/dags/new_sample_branch.py
[2023-07-01 03:28:12,683] {logging_mixin.py:115} INFO - [2023-07-01 03:28:12,683] {dag.py:2371} INFO - Sync 1 DAGs
[2023-07-01 03:28:12,714] {logging_mixin.py:115} INFO - [2023-07-01 03:28:12,714] {dag.py:2919} INFO - Setting next_dagrun for sample_branch to 2023-07-01T00:00:00+00:00, run_after=2023-07-02T00:00:00+00:00
[2023-07-01 03:28:12,728] {processor.py:161} INFO - Processing /opt/airflow/dags/new_sample_branch.py took 0.093 seconds
[2023-07-01 03:28:43,058] {processor.py:153} INFO - Started process (PID=1524) to work on /opt/airflow/dags/new_sample_branch.py
[2023-07-01 03:28:43,059] {processor.py:641} INFO - Processing file /opt/airflow/dags/new_sample_branch.py for tasks to queue
[2023-07-01 03:28:43,059] {logging_mixin.py:115} INFO - [2023-07-01 03:28:43,059] {dagbag.py:507} INFO - Filling up the DagBag from /opt/airflow/dags/new_sample_branch.py
[2023-07-01 03:28:43,071] {processor.py:651} INFO - DAG(s) dict_keys(['sample_branch']) retrieved from /opt/airflow/dags/new_sample_branch.py
[2023-07-01 03:28:43,141] {logging_mixin.py:115} INFO - [2023-07-01 03:28:43,141] {dag.py:2371} INFO - Sync 1 DAGs
[2023-07-01 03:28:43,171] {logging_mixin.py:115} INFO - [2023-07-01 03:28:43,171] {dag.py:2919} INFO - Setting next_dagrun for sample_branch to 2023-07-01T00:00:00+00:00, run_after=2023-07-02T00:00:00+00:00
[2023-07-01 03:28:43,188] {processor.py:161} INFO - Processing /opt/airflow/dags/new_sample_branch.py took 0.135 seconds
[2023-07-01 03:29:13,348] {processor.py:153} INFO - Started process (PID=1545) to work on /opt/airflow/dags/new_sample_branch.py
[2023-07-01 03:29:13,349] {processor.py:641} INFO - Processing file /opt/airflow/dags/new_sample_branch.py for tasks to queue
[2023-07-01 03:29:13,350] {logging_mixin.py:115} INFO - [2023-07-01 03:29:13,350] {dagbag.py:507} INFO - Filling up the DagBag from /opt/airflow/dags/new_sample_branch.py
[2023-07-01 03:29:13,368] {processor.py:651} INFO - DAG(s) dict_keys(['sample_branch']) retrieved from /opt/airflow/dags/new_sample_branch.py
[2023-07-01 03:29:13,394] {logging_mixin.py:115} INFO - [2023-07-01 03:29:13,394] {dag.py:2371} INFO - Sync 1 DAGs
[2023-07-01 03:29:13,420] {logging_mixin.py:115} INFO - [2023-07-01 03:29:13,420] {dag.py:2919} INFO - Setting next_dagrun for sample_branch to 2023-07-01T00:00:00+00:00, run_after=2023-07-02T00:00:00+00:00
[2023-07-01 03:29:13,434] {processor.py:161} INFO - Processing /opt/airflow/dags/new_sample_branch.py took 0.093 seconds
[2023-07-01 03:29:43,651] {processor.py:153} INFO - Started process (PID=1566) to work on /opt/airflow/dags/new_sample_branch.py
[2023-07-01 03:29:43,651] {processor.py:641} INFO - Processing file /opt/airflow/dags/new_sample_branch.py for tasks to queue
[2023-07-01 03:29:43,652] {logging_mixin.py:115} INFO - [2023-07-01 03:29:43,652] {dagbag.py:507} INFO - Filling up the DagBag from /opt/airflow/dags/new_sample_branch.py
[2023-07-01 03:29:43,661] {processor.py:651} INFO - DAG(s) dict_keys(['sample_branch']) retrieved from /opt/airflow/dags/new_sample_branch.py
[2023-07-01 03:29:43,735] {logging_mixin.py:115} INFO - [2023-07-01 03:29:43,735] {dag.py:2371} INFO - Sync 1 DAGs
[2023-07-01 03:29:43,760] {logging_mixin.py:115} INFO - [2023-07-01 03:29:43,760] {dag.py:2919} INFO - Setting next_dagrun for sample_branch to 2023-07-01T00:00:00+00:00, run_after=2023-07-02T00:00:00+00:00
[2023-07-01 03:29:43,776] {processor.py:161} INFO - Processing /opt/airflow/dags/new_sample_branch.py took 0.131 seconds
[2023-07-01 03:30:13,943] {processor.py:153} INFO - Started process (PID=1587) to work on /opt/airflow/dags/new_sample_branch.py
[2023-07-01 03:30:13,944] {processor.py:641} INFO - Processing file /opt/airflow/dags/new_sample_branch.py for tasks to queue
[2023-07-01 03:30:13,945] {logging_mixin.py:115} INFO - [2023-07-01 03:30:13,945] {dagbag.py:507} INFO - Filling up the DagBag from /opt/airflow/dags/new_sample_branch.py
[2023-07-01 03:30:13,957] {processor.py:651} INFO - DAG(s) dict_keys(['sample_branch']) retrieved from /opt/airflow/dags/new_sample_branch.py
[2023-07-01 03:30:13,987] {logging_mixin.py:115} INFO - [2023-07-01 03:30:13,987] {dag.py:2371} INFO - Sync 1 DAGs
[2023-07-01 03:30:14,023] {logging_mixin.py:115} INFO - [2023-07-01 03:30:14,023] {dag.py:2919} INFO - Setting next_dagrun for sample_branch to 2023-07-01T00:00:00+00:00, run_after=2023-07-02T00:00:00+00:00
[2023-07-01 03:30:14,035] {processor.py:161} INFO - Processing /opt/airflow/dags/new_sample_branch.py took 0.097 seconds
[2023-07-01 03:30:44,255] {processor.py:153} INFO - Started process (PID=1608) to work on /opt/airflow/dags/new_sample_branch.py
[2023-07-01 03:30:44,256] {processor.py:641} INFO - Processing file /opt/airflow/dags/new_sample_branch.py for tasks to queue
[2023-07-01 03:30:44,257] {logging_mixin.py:115} INFO - [2023-07-01 03:30:44,257] {dagbag.py:507} INFO - Filling up the DagBag from /opt/airflow/dags/new_sample_branch.py
[2023-07-01 03:30:44,268] {processor.py:651} INFO - DAG(s) dict_keys(['sample_branch']) retrieved from /opt/airflow/dags/new_sample_branch.py
[2023-07-01 03:30:44,336] {logging_mixin.py:115} INFO - [2023-07-01 03:30:44,336] {dag.py:2371} INFO - Sync 1 DAGs
[2023-07-01 03:30:44,366] {logging_mixin.py:115} INFO - [2023-07-01 03:30:44,365] {dag.py:2919} INFO - Setting next_dagrun for sample_branch to 2023-07-01T00:00:00+00:00, run_after=2023-07-02T00:00:00+00:00
[2023-07-01 03:30:44,382] {processor.py:161} INFO - Processing /opt/airflow/dags/new_sample_branch.py took 0.131 seconds
[2023-07-01 03:31:14,540] {processor.py:153} INFO - Started process (PID=1629) to work on /opt/airflow/dags/new_sample_branch.py
[2023-07-01 03:31:14,541] {processor.py:641} INFO - Processing file /opt/airflow/dags/new_sample_branch.py for tasks to queue
[2023-07-01 03:31:14,542] {logging_mixin.py:115} INFO - [2023-07-01 03:31:14,542] {dagbag.py:507} INFO - Filling up the DagBag from /opt/airflow/dags/new_sample_branch.py
[2023-07-01 03:31:14,554] {processor.py:651} INFO - DAG(s) dict_keys(['sample_branch']) retrieved from /opt/airflow/dags/new_sample_branch.py
[2023-07-01 03:31:14,585] {logging_mixin.py:115} INFO - [2023-07-01 03:31:14,585] {dag.py:2371} INFO - Sync 1 DAGs
[2023-07-01 03:31:14,615] {logging_mixin.py:115} INFO - [2023-07-01 03:31:14,615] {dag.py:2919} INFO - Setting next_dagrun for sample_branch to 2023-07-01T00:00:00+00:00, run_after=2023-07-02T00:00:00+00:00
[2023-07-01 03:31:14,630] {processor.py:161} INFO - Processing /opt/airflow/dags/new_sample_branch.py took 0.097 seconds
[2023-07-01 03:31:44,843] {processor.py:153} INFO - Started process (PID=1650) to work on /opt/airflow/dags/new_sample_branch.py
[2023-07-01 03:31:44,844] {processor.py:641} INFO - Processing file /opt/airflow/dags/new_sample_branch.py for tasks to queue
[2023-07-01 03:31:44,845] {logging_mixin.py:115} INFO - [2023-07-01 03:31:44,845] {dagbag.py:507} INFO - Filling up the DagBag from /opt/airflow/dags/new_sample_branch.py
[2023-07-01 03:31:44,855] {processor.py:651} INFO - DAG(s) dict_keys(['sample_branch']) retrieved from /opt/airflow/dags/new_sample_branch.py
[2023-07-01 03:31:44,938] {logging_mixin.py:115} INFO - [2023-07-01 03:31:44,938] {dag.py:2371} INFO - Sync 1 DAGs
[2023-07-01 03:31:44,960] {logging_mixin.py:115} INFO - [2023-07-01 03:31:44,960] {dag.py:2919} INFO - Setting next_dagrun for sample_branch to 2023-07-01T00:00:00+00:00, run_after=2023-07-02T00:00:00+00:00
[2023-07-01 03:31:44,978] {processor.py:161} INFO - Processing /opt/airflow/dags/new_sample_branch.py took 0.138 seconds
[2023-07-01 03:32:15,126] {processor.py:153} INFO - Started process (PID=1671) to work on /opt/airflow/dags/new_sample_branch.py
[2023-07-01 03:32:15,127] {processor.py:641} INFO - Processing file /opt/airflow/dags/new_sample_branch.py for tasks to queue
[2023-07-01 03:32:15,128] {logging_mixin.py:115} INFO - [2023-07-01 03:32:15,128] {dagbag.py:507} INFO - Filling up the DagBag from /opt/airflow/dags/new_sample_branch.py
[2023-07-01 03:32:15,142] {processor.py:651} INFO - DAG(s) dict_keys(['sample_branch']) retrieved from /opt/airflow/dags/new_sample_branch.py
[2023-07-01 03:32:15,166] {logging_mixin.py:115} INFO - [2023-07-01 03:32:15,166] {dag.py:2371} INFO - Sync 1 DAGs
[2023-07-01 03:32:15,190] {logging_mixin.py:115} INFO - [2023-07-01 03:32:15,190] {dag.py:2919} INFO - Setting next_dagrun for sample_branch to 2023-07-01T00:00:00+00:00, run_after=2023-07-02T00:00:00+00:00
[2023-07-01 03:32:15,200] {processor.py:161} INFO - Processing /opt/airflow/dags/new_sample_branch.py took 0.082 seconds
[2023-07-01 03:32:45,416] {processor.py:153} INFO - Started process (PID=1692) to work on /opt/airflow/dags/new_sample_branch.py
[2023-07-01 03:32:45,416] {processor.py:641} INFO - Processing file /opt/airflow/dags/new_sample_branch.py for tasks to queue
[2023-07-01 03:32:45,417] {logging_mixin.py:115} INFO - [2023-07-01 03:32:45,417] {dagbag.py:507} INFO - Filling up the DagBag from /opt/airflow/dags/new_sample_branch.py
[2023-07-01 03:32:45,428] {processor.py:651} INFO - DAG(s) dict_keys(['sample_branch']) retrieved from /opt/airflow/dags/new_sample_branch.py
[2023-07-01 03:32:45,496] {logging_mixin.py:115} INFO - [2023-07-01 03:32:45,496] {dag.py:2371} INFO - Sync 1 DAGs
[2023-07-01 03:32:45,524] {logging_mixin.py:115} INFO - [2023-07-01 03:32:45,523] {dag.py:2919} INFO - Setting next_dagrun for sample_branch to 2023-07-01T00:00:00+00:00, run_after=2023-07-02T00:00:00+00:00
[2023-07-01 03:32:45,538] {processor.py:161} INFO - Processing /opt/airflow/dags/new_sample_branch.py took 0.129 seconds
[2023-07-01 03:33:15,678] {processor.py:153} INFO - Started process (PID=1713) to work on /opt/airflow/dags/new_sample_branch.py
[2023-07-01 03:33:15,679] {processor.py:641} INFO - Processing file /opt/airflow/dags/new_sample_branch.py for tasks to queue
[2023-07-01 03:33:15,680] {logging_mixin.py:115} INFO - [2023-07-01 03:33:15,680] {dagbag.py:507} INFO - Filling up the DagBag from /opt/airflow/dags/new_sample_branch.py
[2023-07-01 03:33:15,698] {processor.py:651} INFO - DAG(s) dict_keys(['sample_branch']) retrieved from /opt/airflow/dags/new_sample_branch.py
[2023-07-01 03:33:15,727] {logging_mixin.py:115} INFO - [2023-07-01 03:33:15,727] {dag.py:2371} INFO - Sync 1 DAGs
[2023-07-01 03:33:15,751] {logging_mixin.py:115} INFO - [2023-07-01 03:33:15,751] {dag.py:2919} INFO - Setting next_dagrun for sample_branch to 2023-07-01T00:00:00+00:00, run_after=2023-07-02T00:00:00+00:00
[2023-07-01 03:33:15,762] {processor.py:161} INFO - Processing /opt/airflow/dags/new_sample_branch.py took 0.089 seconds
[2023-07-01 03:33:45,957] {processor.py:153} INFO - Started process (PID=1734) to work on /opt/airflow/dags/new_sample_branch.py
[2023-07-01 03:33:45,958] {processor.py:641} INFO - Processing file /opt/airflow/dags/new_sample_branch.py for tasks to queue
[2023-07-01 03:33:45,959] {logging_mixin.py:115} INFO - [2023-07-01 03:33:45,959] {dagbag.py:507} INFO - Filling up the DagBag from /opt/airflow/dags/new_sample_branch.py
[2023-07-01 03:33:45,972] {processor.py:651} INFO - DAG(s) dict_keys(['sample_branch']) retrieved from /opt/airflow/dags/new_sample_branch.py
[2023-07-01 03:33:46,053] {logging_mixin.py:115} INFO - [2023-07-01 03:33:46,052] {dag.py:2371} INFO - Sync 1 DAGs
[2023-07-01 03:33:46,084] {logging_mixin.py:115} INFO - [2023-07-01 03:33:46,083] {dag.py:2919} INFO - Setting next_dagrun for sample_branch to 2023-07-01T00:00:00+00:00, run_after=2023-07-02T00:00:00+00:00
[2023-07-01 03:33:46,098] {processor.py:161} INFO - Processing /opt/airflow/dags/new_sample_branch.py took 0.147 seconds
