[2023-07-01 02:56:24,478] {processor.py:153} INFO - Started process (PID=190) to work on /opt/airflow/dags/sample_branch.py
[2023-07-01 02:56:24,479] {processor.py:641} INFO - Processing file /opt/airflow/dags/sample_branch.py for tasks to queue
[2023-07-01 02:56:24,480] {logging_mixin.py:115} INFO - [2023-07-01 02:56:24,480] {dagbag.py:507} INFO - Filling up the DagBag from /opt/airflow/dags/sample_branch.py
[2023-07-01 02:56:24,497] {processor.py:651} INFO - DAG(s) dict_keys(['sample_branch']) retrieved from /opt/airflow/dags/sample_branch.py
[2023-07-01 02:56:24,540] {logging_mixin.py:115} INFO - [2023-07-01 02:56:24,540] {dag.py:2371} INFO - Sync 1 DAGs
[2023-07-01 02:56:24,580] {logging_mixin.py:115} INFO - [2023-07-01 02:56:24,580] {dag.py:2919} INFO - Setting next_dagrun for sample_branch to 2023-06-30T00:00:00+00:00, run_after=2023-07-01T00:00:00+00:00
[2023-07-01 02:56:24,607] {processor.py:161} INFO - Processing /opt/airflow/dags/sample_branch.py took 0.133 seconds
[2023-07-01 02:56:54,979] {processor.py:153} INFO - Started process (PID=216) to work on /opt/airflow/dags/sample_branch.py
[2023-07-01 02:56:54,980] {processor.py:641} INFO - Processing file /opt/airflow/dags/sample_branch.py for tasks to queue
[2023-07-01 02:56:54,981] {logging_mixin.py:115} INFO - [2023-07-01 02:56:54,981] {dagbag.py:507} INFO - Filling up the DagBag from /opt/airflow/dags/sample_branch.py
[2023-07-01 02:56:54,995] {processor.py:651} INFO - DAG(s) dict_keys(['sample_branch']) retrieved from /opt/airflow/dags/sample_branch.py
[2023-07-01 02:56:55,069] {logging_mixin.py:115} INFO - [2023-07-01 02:56:55,069] {dag.py:2371} INFO - Sync 1 DAGs
[2023-07-01 02:56:55,092] {logging_mixin.py:115} INFO - [2023-07-01 02:56:55,092] {dag.py:2919} INFO - Setting next_dagrun for sample_branch to 2023-07-01T00:00:00+00:00, run_after=2023-07-02T00:00:00+00:00
[2023-07-01 02:56:55,104] {processor.py:161} INFO - Processing /opt/airflow/dags/sample_branch.py took 0.132 seconds
[2023-07-01 02:57:25,258] {processor.py:153} INFO - Started process (PID=237) to work on /opt/airflow/dags/sample_branch.py
[2023-07-01 02:57:25,259] {processor.py:641} INFO - Processing file /opt/airflow/dags/sample_branch.py for tasks to queue
[2023-07-01 02:57:25,260] {logging_mixin.py:115} INFO - [2023-07-01 02:57:25,260] {dagbag.py:507} INFO - Filling up the DagBag from /opt/airflow/dags/sample_branch.py
[2023-07-01 02:57:25,269] {processor.py:651} INFO - DAG(s) dict_keys(['sample_branch']) retrieved from /opt/airflow/dags/sample_branch.py
[2023-07-01 02:57:25,300] {logging_mixin.py:115} INFO - [2023-07-01 02:57:25,300] {dag.py:2371} INFO - Sync 1 DAGs
[2023-07-01 02:57:25,330] {logging_mixin.py:115} INFO - [2023-07-01 02:57:25,330] {dag.py:2919} INFO - Setting next_dagrun for sample_branch to 2023-07-01T00:00:00+00:00, run_after=2023-07-02T00:00:00+00:00
[2023-07-01 02:57:25,351] {processor.py:161} INFO - Processing /opt/airflow/dags/sample_branch.py took 0.096 seconds
[2023-07-01 02:57:55,548] {processor.py:153} INFO - Started process (PID=258) to work on /opt/airflow/dags/sample_branch.py
[2023-07-01 02:57:55,549] {processor.py:641} INFO - Processing file /opt/airflow/dags/sample_branch.py for tasks to queue
[2023-07-01 02:57:55,549] {logging_mixin.py:115} INFO - [2023-07-01 02:57:55,549] {dagbag.py:507} INFO - Filling up the DagBag from /opt/airflow/dags/sample_branch.py
[2023-07-01 02:57:55,559] {processor.py:651} INFO - DAG(s) dict_keys(['sample_branch']) retrieved from /opt/airflow/dags/sample_branch.py
[2023-07-01 02:57:55,634] {logging_mixin.py:115} INFO - [2023-07-01 02:57:55,634] {dag.py:2371} INFO - Sync 1 DAGs
[2023-07-01 02:57:55,659] {logging_mixin.py:115} INFO - [2023-07-01 02:57:55,659] {dag.py:2919} INFO - Setting next_dagrun for sample_branch to 2023-07-01T00:00:00+00:00, run_after=2023-07-02T00:00:00+00:00
[2023-07-01 02:57:55,673] {processor.py:161} INFO - Processing /opt/airflow/dags/sample_branch.py took 0.127 seconds
[2023-07-01 02:58:25,842] {processor.py:153} INFO - Started process (PID=279) to work on /opt/airflow/dags/sample_branch.py
[2023-07-01 02:58:25,843] {processor.py:641} INFO - Processing file /opt/airflow/dags/sample_branch.py for tasks to queue
[2023-07-01 02:58:25,844] {logging_mixin.py:115} INFO - [2023-07-01 02:58:25,844] {dagbag.py:507} INFO - Filling up the DagBag from /opt/airflow/dags/sample_branch.py
[2023-07-01 02:58:25,856] {processor.py:651} INFO - DAG(s) dict_keys(['sample_branch']) retrieved from /opt/airflow/dags/sample_branch.py
[2023-07-01 02:58:25,886] {logging_mixin.py:115} INFO - [2023-07-01 02:58:25,886] {dag.py:2371} INFO - Sync 1 DAGs
[2023-07-01 02:58:25,913] {logging_mixin.py:115} INFO - [2023-07-01 02:58:25,913] {dag.py:2919} INFO - Setting next_dagrun for sample_branch to 2023-07-01T00:00:00+00:00, run_after=2023-07-02T00:00:00+00:00
[2023-07-01 02:58:25,924] {processor.py:161} INFO - Processing /opt/airflow/dags/sample_branch.py took 0.087 seconds
[2023-07-01 02:58:56,117] {processor.py:153} INFO - Started process (PID=300) to work on /opt/airflow/dags/sample_branch.py
[2023-07-01 02:58:56,119] {processor.py:641} INFO - Processing file /opt/airflow/dags/sample_branch.py for tasks to queue
[2023-07-01 02:58:56,120] {logging_mixin.py:115} INFO - [2023-07-01 02:58:56,120] {dagbag.py:507} INFO - Filling up the DagBag from /opt/airflow/dags/sample_branch.py
[2023-07-01 02:58:56,132] {processor.py:651} INFO - DAG(s) dict_keys(['sample_branch']) retrieved from /opt/airflow/dags/sample_branch.py
[2023-07-01 02:58:56,228] {logging_mixin.py:115} INFO - [2023-07-01 02:58:56,227] {dag.py:2371} INFO - Sync 1 DAGs
[2023-07-01 02:58:56,250] {logging_mixin.py:115} INFO - [2023-07-01 02:58:56,250] {dag.py:2919} INFO - Setting next_dagrun for sample_branch to 2023-07-01T00:00:00+00:00, run_after=2023-07-02T00:00:00+00:00
[2023-07-01 02:58:56,266] {processor.py:161} INFO - Processing /opt/airflow/dags/sample_branch.py took 0.153 seconds
[2023-07-01 02:59:26,439] {processor.py:153} INFO - Started process (PID=321) to work on /opt/airflow/dags/sample_branch.py
[2023-07-01 02:59:26,439] {processor.py:641} INFO - Processing file /opt/airflow/dags/sample_branch.py for tasks to queue
[2023-07-01 02:59:26,440] {logging_mixin.py:115} INFO - [2023-07-01 02:59:26,440] {dagbag.py:507} INFO - Filling up the DagBag from /opt/airflow/dags/sample_branch.py
[2023-07-01 02:59:26,449] {processor.py:651} INFO - DAG(s) dict_keys(['sample_branch']) retrieved from /opt/airflow/dags/sample_branch.py
[2023-07-01 02:59:26,477] {logging_mixin.py:115} INFO - [2023-07-01 02:59:26,477] {dag.py:2371} INFO - Sync 1 DAGs
[2023-07-01 02:59:26,513] {logging_mixin.py:115} INFO - [2023-07-01 02:59:26,513] {dag.py:2919} INFO - Setting next_dagrun for sample_branch to 2023-07-01T00:00:00+00:00, run_after=2023-07-02T00:00:00+00:00
[2023-07-01 02:59:26,525] {processor.py:161} INFO - Processing /opt/airflow/dags/sample_branch.py took 0.091 seconds
[2023-07-01 02:59:56,725] {processor.py:153} INFO - Started process (PID=342) to work on /opt/airflow/dags/sample_branch.py
[2023-07-01 02:59:56,725] {processor.py:641} INFO - Processing file /opt/airflow/dags/sample_branch.py for tasks to queue
[2023-07-01 02:59:56,726] {logging_mixin.py:115} INFO - [2023-07-01 02:59:56,726] {dagbag.py:507} INFO - Filling up the DagBag from /opt/airflow/dags/sample_branch.py
[2023-07-01 02:59:56,739] {processor.py:651} INFO - DAG(s) dict_keys(['sample_branch']) retrieved from /opt/airflow/dags/sample_branch.py
[2023-07-01 02:59:56,829] {logging_mixin.py:115} INFO - [2023-07-01 02:59:56,829] {dag.py:2371} INFO - Sync 1 DAGs
[2023-07-01 02:59:56,863] {logging_mixin.py:115} INFO - [2023-07-01 02:59:56,863] {dag.py:2919} INFO - Setting next_dagrun for sample_branch to 2023-07-01T00:00:00+00:00, run_after=2023-07-02T00:00:00+00:00
[2023-07-01 02:59:56,878] {processor.py:161} INFO - Processing /opt/airflow/dags/sample_branch.py took 0.157 seconds
[2023-07-01 03:00:27,045] {processor.py:153} INFO - Started process (PID=363) to work on /opt/airflow/dags/sample_branch.py
[2023-07-01 03:00:27,045] {processor.py:641} INFO - Processing file /opt/airflow/dags/sample_branch.py for tasks to queue
[2023-07-01 03:00:27,046] {logging_mixin.py:115} INFO - [2023-07-01 03:00:27,046] {dagbag.py:507} INFO - Filling up the DagBag from /opt/airflow/dags/sample_branch.py
[2023-07-01 03:00:27,058] {processor.py:651} INFO - DAG(s) dict_keys(['sample_branch']) retrieved from /opt/airflow/dags/sample_branch.py
[2023-07-01 03:00:27,084] {logging_mixin.py:115} INFO - [2023-07-01 03:00:27,084] {dag.py:2371} INFO - Sync 1 DAGs
[2023-07-01 03:00:27,108] {logging_mixin.py:115} INFO - [2023-07-01 03:00:27,108] {dag.py:2919} INFO - Setting next_dagrun for sample_branch to 2023-07-01T00:00:00+00:00, run_after=2023-07-02T00:00:00+00:00
[2023-07-01 03:00:27,142] {processor.py:161} INFO - Processing /opt/airflow/dags/sample_branch.py took 0.101 seconds
[2023-07-01 03:00:57,351] {processor.py:153} INFO - Started process (PID=384) to work on /opt/airflow/dags/sample_branch.py
[2023-07-01 03:00:57,352] {processor.py:641} INFO - Processing file /opt/airflow/dags/sample_branch.py for tasks to queue
[2023-07-01 03:00:57,353] {logging_mixin.py:115} INFO - [2023-07-01 03:00:57,353] {dagbag.py:507} INFO - Filling up the DagBag from /opt/airflow/dags/sample_branch.py
[2023-07-01 03:00:57,366] {processor.py:651} INFO - DAG(s) dict_keys(['sample_branch']) retrieved from /opt/airflow/dags/sample_branch.py
[2023-07-01 03:00:57,443] {logging_mixin.py:115} INFO - [2023-07-01 03:00:57,443] {dag.py:2371} INFO - Sync 1 DAGs
[2023-07-01 03:00:57,468] {logging_mixin.py:115} INFO - [2023-07-01 03:00:57,468] {dag.py:2919} INFO - Setting next_dagrun for sample_branch to 2023-07-01T00:00:00+00:00, run_after=2023-07-02T00:00:00+00:00
[2023-07-01 03:00:57,484] {processor.py:161} INFO - Processing /opt/airflow/dags/sample_branch.py took 0.138 seconds
[2023-07-01 03:01:27,678] {processor.py:153} INFO - Started process (PID=405) to work on /opt/airflow/dags/sample_branch.py
[2023-07-01 03:01:27,679] {processor.py:641} INFO - Processing file /opt/airflow/dags/sample_branch.py for tasks to queue
[2023-07-01 03:01:27,680] {logging_mixin.py:115} INFO - [2023-07-01 03:01:27,680] {dagbag.py:507} INFO - Filling up the DagBag from /opt/airflow/dags/sample_branch.py
[2023-07-01 03:01:27,694] {processor.py:651} INFO - DAG(s) dict_keys(['sample_branch']) retrieved from /opt/airflow/dags/sample_branch.py
[2023-07-01 03:01:27,730] {logging_mixin.py:115} INFO - [2023-07-01 03:01:27,729] {dag.py:2371} INFO - Sync 1 DAGs
[2023-07-01 03:01:27,755] {logging_mixin.py:115} INFO - [2023-07-01 03:01:27,755] {dag.py:2919} INFO - Setting next_dagrun for sample_branch to 2023-07-01T00:00:00+00:00, run_after=2023-07-02T00:00:00+00:00
[2023-07-01 03:01:27,765] {processor.py:161} INFO - Processing /opt/airflow/dags/sample_branch.py took 0.095 seconds
[2023-07-01 03:01:57,961] {processor.py:153} INFO - Started process (PID=426) to work on /opt/airflow/dags/sample_branch.py
[2023-07-01 03:01:57,962] {processor.py:641} INFO - Processing file /opt/airflow/dags/sample_branch.py for tasks to queue
[2023-07-01 03:01:57,963] {logging_mixin.py:115} INFO - [2023-07-01 03:01:57,963] {dagbag.py:507} INFO - Filling up the DagBag from /opt/airflow/dags/sample_branch.py
[2023-07-01 03:01:57,974] {processor.py:651} INFO - DAG(s) dict_keys(['sample_branch']) retrieved from /opt/airflow/dags/sample_branch.py
[2023-07-01 03:01:58,049] {logging_mixin.py:115} INFO - [2023-07-01 03:01:58,049] {dag.py:2371} INFO - Sync 1 DAGs
[2023-07-01 03:01:58,073] {logging_mixin.py:115} INFO - [2023-07-01 03:01:58,073] {dag.py:2919} INFO - Setting next_dagrun for sample_branch to 2023-07-01T00:00:00+00:00, run_after=2023-07-02T00:00:00+00:00
[2023-07-01 03:01:58,086] {processor.py:161} INFO - Processing /opt/airflow/dags/sample_branch.py took 0.130 seconds
[2023-07-01 03:02:28,237] {processor.py:153} INFO - Started process (PID=447) to work on /opt/airflow/dags/sample_branch.py
[2023-07-01 03:02:28,238] {processor.py:641} INFO - Processing file /opt/airflow/dags/sample_branch.py for tasks to queue
[2023-07-01 03:02:28,239] {logging_mixin.py:115} INFO - [2023-07-01 03:02:28,238] {dagbag.py:507} INFO - Filling up the DagBag from /opt/airflow/dags/sample_branch.py
[2023-07-01 03:02:28,249] {processor.py:651} INFO - DAG(s) dict_keys(['sample_branch']) retrieved from /opt/airflow/dags/sample_branch.py
[2023-07-01 03:02:28,281] {logging_mixin.py:115} INFO - [2023-07-01 03:02:28,281] {dag.py:2371} INFO - Sync 1 DAGs
[2023-07-01 03:02:28,311] {logging_mixin.py:115} INFO - [2023-07-01 03:02:28,311] {dag.py:2919} INFO - Setting next_dagrun for sample_branch to 2023-07-01T00:00:00+00:00, run_after=2023-07-02T00:00:00+00:00
[2023-07-01 03:02:28,323] {processor.py:161} INFO - Processing /opt/airflow/dags/sample_branch.py took 0.090 seconds
[2023-07-01 03:02:58,550] {processor.py:153} INFO - Started process (PID=468) to work on /opt/airflow/dags/sample_branch.py
[2023-07-01 03:02:58,551] {processor.py:641} INFO - Processing file /opt/airflow/dags/sample_branch.py for tasks to queue
[2023-07-01 03:02:58,552] {logging_mixin.py:115} INFO - [2023-07-01 03:02:58,552] {dagbag.py:507} INFO - Filling up the DagBag from /opt/airflow/dags/sample_branch.py
[2023-07-01 03:02:58,564] {processor.py:651} INFO - DAG(s) dict_keys(['sample_branch']) retrieved from /opt/airflow/dags/sample_branch.py
[2023-07-01 03:02:58,645] {logging_mixin.py:115} INFO - [2023-07-01 03:02:58,645] {dag.py:2371} INFO - Sync 1 DAGs
[2023-07-01 03:02:58,677] {logging_mixin.py:115} INFO - [2023-07-01 03:02:58,676] {dag.py:2919} INFO - Setting next_dagrun for sample_branch to 2023-07-01T00:00:00+00:00, run_after=2023-07-02T00:00:00+00:00
[2023-07-01 03:02:58,692] {processor.py:161} INFO - Processing /opt/airflow/dags/sample_branch.py took 0.150 seconds
[2023-07-01 03:03:28,881] {processor.py:153} INFO - Started process (PID=489) to work on /opt/airflow/dags/sample_branch.py
[2023-07-01 03:03:28,882] {processor.py:641} INFO - Processing file /opt/airflow/dags/sample_branch.py for tasks to queue
[2023-07-01 03:03:28,882] {logging_mixin.py:115} INFO - [2023-07-01 03:03:28,882] {dagbag.py:507} INFO - Filling up the DagBag from /opt/airflow/dags/sample_branch.py
[2023-07-01 03:03:28,896] {processor.py:651} INFO - DAG(s) dict_keys(['sample_branch']) retrieved from /opt/airflow/dags/sample_branch.py
[2023-07-01 03:03:28,929] {logging_mixin.py:115} INFO - [2023-07-01 03:03:28,929] {dag.py:2371} INFO - Sync 1 DAGs
[2023-07-01 03:03:28,955] {logging_mixin.py:115} INFO - [2023-07-01 03:03:28,955] {dag.py:2919} INFO - Setting next_dagrun for sample_branch to 2023-07-01T00:00:00+00:00, run_after=2023-07-02T00:00:00+00:00
[2023-07-01 03:03:28,966] {processor.py:161} INFO - Processing /opt/airflow/dags/sample_branch.py took 0.091 seconds
[2023-07-01 03:03:59,159] {processor.py:153} INFO - Started process (PID=510) to work on /opt/airflow/dags/sample_branch.py
[2023-07-01 03:03:59,160] {processor.py:641} INFO - Processing file /opt/airflow/dags/sample_branch.py for tasks to queue
[2023-07-01 03:03:59,161] {logging_mixin.py:115} INFO - [2023-07-01 03:03:59,161] {dagbag.py:507} INFO - Filling up the DagBag from /opt/airflow/dags/sample_branch.py
[2023-07-01 03:03:59,171] {processor.py:651} INFO - DAG(s) dict_keys(['sample_branch']) retrieved from /opt/airflow/dags/sample_branch.py
[2023-07-01 03:03:59,251] {logging_mixin.py:115} INFO - [2023-07-01 03:03:59,250] {dag.py:2371} INFO - Sync 1 DAGs
[2023-07-01 03:03:59,277] {logging_mixin.py:115} INFO - [2023-07-01 03:03:59,277] {dag.py:2919} INFO - Setting next_dagrun for sample_branch to 2023-07-01T00:00:00+00:00, run_after=2023-07-02T00:00:00+00:00
[2023-07-01 03:03:59,294] {processor.py:161} INFO - Processing /opt/airflow/dags/sample_branch.py took 0.139 seconds
[2023-07-01 03:04:29,466] {processor.py:153} INFO - Started process (PID=531) to work on /opt/airflow/dags/sample_branch.py
[2023-07-01 03:04:29,467] {processor.py:641} INFO - Processing file /opt/airflow/dags/sample_branch.py for tasks to queue
[2023-07-01 03:04:29,468] {logging_mixin.py:115} INFO - [2023-07-01 03:04:29,468] {dagbag.py:507} INFO - Filling up the DagBag from /opt/airflow/dags/sample_branch.py
[2023-07-01 03:04:29,478] {processor.py:651} INFO - DAG(s) dict_keys(['sample_branch']) retrieved from /opt/airflow/dags/sample_branch.py
[2023-07-01 03:04:29,503] {logging_mixin.py:115} INFO - [2023-07-01 03:04:29,503] {dag.py:2371} INFO - Sync 1 DAGs
[2023-07-01 03:04:29,525] {logging_mixin.py:115} INFO - [2023-07-01 03:04:29,525] {dag.py:2919} INFO - Setting next_dagrun for sample_branch to 2023-07-01T00:00:00+00:00, run_after=2023-07-02T00:00:00+00:00
[2023-07-01 03:04:29,534] {processor.py:161} INFO - Processing /opt/airflow/dags/sample_branch.py took 0.073 seconds
[2023-07-01 03:04:59,740] {processor.py:153} INFO - Started process (PID=552) to work on /opt/airflow/dags/sample_branch.py
[2023-07-01 03:04:59,741] {processor.py:641} INFO - Processing file /opt/airflow/dags/sample_branch.py for tasks to queue
[2023-07-01 03:04:59,741] {logging_mixin.py:115} INFO - [2023-07-01 03:04:59,741] {dagbag.py:507} INFO - Filling up the DagBag from /opt/airflow/dags/sample_branch.py
[2023-07-01 03:04:59,752] {processor.py:651} INFO - DAG(s) dict_keys(['sample_branch']) retrieved from /opt/airflow/dags/sample_branch.py
[2023-07-01 03:04:59,819] {logging_mixin.py:115} INFO - [2023-07-01 03:04:59,819] {dag.py:2371} INFO - Sync 1 DAGs
[2023-07-01 03:04:59,842] {logging_mixin.py:115} INFO - [2023-07-01 03:04:59,842] {dag.py:2919} INFO - Setting next_dagrun for sample_branch to 2023-07-01T00:00:00+00:00, run_after=2023-07-02T00:00:00+00:00
[2023-07-01 03:04:59,855] {processor.py:161} INFO - Processing /opt/airflow/dags/sample_branch.py took 0.119 seconds
[2023-07-01 03:05:30,015] {processor.py:153} INFO - Started process (PID=573) to work on /opt/airflow/dags/sample_branch.py
[2023-07-01 03:05:30,016] {processor.py:641} INFO - Processing file /opt/airflow/dags/sample_branch.py for tasks to queue
[2023-07-01 03:05:30,017] {logging_mixin.py:115} INFO - [2023-07-01 03:05:30,016] {dagbag.py:507} INFO - Filling up the DagBag from /opt/airflow/dags/sample_branch.py
[2023-07-01 03:05:30,027] {processor.py:651} INFO - DAG(s) dict_keys(['sample_branch']) retrieved from /opt/airflow/dags/sample_branch.py
[2023-07-01 03:05:30,052] {logging_mixin.py:115} INFO - [2023-07-01 03:05:30,051] {dag.py:2371} INFO - Sync 1 DAGs
[2023-07-01 03:05:30,073] {logging_mixin.py:115} INFO - [2023-07-01 03:05:30,073] {dag.py:2919} INFO - Setting next_dagrun for sample_branch to 2023-07-01T00:00:00+00:00, run_after=2023-07-02T00:00:00+00:00
[2023-07-01 03:05:30,082] {processor.py:161} INFO - Processing /opt/airflow/dags/sample_branch.py took 0.071 seconds
[2023-07-01 03:06:00,288] {processor.py:153} INFO - Started process (PID=594) to work on /opt/airflow/dags/sample_branch.py
[2023-07-01 03:06:00,289] {processor.py:641} INFO - Processing file /opt/airflow/dags/sample_branch.py for tasks to queue
[2023-07-01 03:06:00,290] {logging_mixin.py:115} INFO - [2023-07-01 03:06:00,290] {dagbag.py:507} INFO - Filling up the DagBag from /opt/airflow/dags/sample_branch.py
[2023-07-01 03:06:00,301] {processor.py:651} INFO - DAG(s) dict_keys(['sample_branch']) retrieved from /opt/airflow/dags/sample_branch.py
[2023-07-01 03:06:00,376] {logging_mixin.py:115} INFO - [2023-07-01 03:06:00,376] {dag.py:2371} INFO - Sync 1 DAGs
[2023-07-01 03:06:00,398] {logging_mixin.py:115} INFO - [2023-07-01 03:06:00,398] {dag.py:2919} INFO - Setting next_dagrun for sample_branch to 2023-07-01T00:00:00+00:00, run_after=2023-07-02T00:00:00+00:00
[2023-07-01 03:06:00,415] {processor.py:161} INFO - Processing /opt/airflow/dags/sample_branch.py took 0.134 seconds
[2023-07-01 03:06:30,556] {processor.py:153} INFO - Started process (PID=615) to work on /opt/airflow/dags/sample_branch.py
[2023-07-01 03:06:30,557] {processor.py:641} INFO - Processing file /opt/airflow/dags/sample_branch.py for tasks to queue
[2023-07-01 03:06:30,558] {logging_mixin.py:115} INFO - [2023-07-01 03:06:30,558] {dagbag.py:507} INFO - Filling up the DagBag from /opt/airflow/dags/sample_branch.py
[2023-07-01 03:06:30,573] {processor.py:651} INFO - DAG(s) dict_keys(['sample_branch']) retrieved from /opt/airflow/dags/sample_branch.py
[2023-07-01 03:06:30,593] {logging_mixin.py:115} INFO - [2023-07-01 03:06:30,593] {dag.py:2371} INFO - Sync 1 DAGs
[2023-07-01 03:06:30,617] {logging_mixin.py:115} INFO - [2023-07-01 03:06:30,617] {dag.py:2919} INFO - Setting next_dagrun for sample_branch to 2023-07-01T00:00:00+00:00, run_after=2023-07-02T00:00:00+00:00
[2023-07-01 03:06:30,629] {processor.py:161} INFO - Processing /opt/airflow/dags/sample_branch.py took 0.078 seconds
[2023-07-01 03:07:00,856] {processor.py:153} INFO - Started process (PID=636) to work on /opt/airflow/dags/sample_branch.py
[2023-07-01 03:07:00,856] {processor.py:641} INFO - Processing file /opt/airflow/dags/sample_branch.py for tasks to queue
[2023-07-01 03:07:00,857] {logging_mixin.py:115} INFO - [2023-07-01 03:07:00,857] {dagbag.py:507} INFO - Filling up the DagBag from /opt/airflow/dags/sample_branch.py
[2023-07-01 03:07:00,878] {processor.py:651} INFO - DAG(s) dict_keys(['sample_branch']) retrieved from /opt/airflow/dags/sample_branch.py
[2023-07-01 03:07:00,957] {logging_mixin.py:115} INFO - [2023-07-01 03:07:00,957] {dag.py:2371} INFO - Sync 1 DAGs
[2023-07-01 03:07:00,993] {logging_mixin.py:115} INFO - [2023-07-01 03:07:00,992] {dag.py:2919} INFO - Setting next_dagrun for sample_branch to 2023-07-01T00:00:00+00:00, run_after=2023-07-02T00:00:00+00:00
[2023-07-01 03:07:01,014] {processor.py:161} INFO - Processing /opt/airflow/dags/sample_branch.py took 0.164 seconds
[2023-07-01 03:07:31,167] {processor.py:153} INFO - Started process (PID=657) to work on /opt/airflow/dags/sample_branch.py
[2023-07-01 03:07:31,167] {processor.py:641} INFO - Processing file /opt/airflow/dags/sample_branch.py for tasks to queue
[2023-07-01 03:07:31,168] {logging_mixin.py:115} INFO - [2023-07-01 03:07:31,168] {dagbag.py:507} INFO - Filling up the DagBag from /opt/airflow/dags/sample_branch.py
[2023-07-01 03:07:31,182] {processor.py:651} INFO - DAG(s) dict_keys(['sample_branch']) retrieved from /opt/airflow/dags/sample_branch.py
[2023-07-01 03:07:31,204] {logging_mixin.py:115} INFO - [2023-07-01 03:07:31,204] {dag.py:2371} INFO - Sync 1 DAGs
[2023-07-01 03:07:31,228] {logging_mixin.py:115} INFO - [2023-07-01 03:07:31,228] {dag.py:2919} INFO - Setting next_dagrun for sample_branch to 2023-07-01T00:00:00+00:00, run_after=2023-07-02T00:00:00+00:00
[2023-07-01 03:07:31,241] {processor.py:161} INFO - Processing /opt/airflow/dags/sample_branch.py took 0.078 seconds
[2023-07-01 03:08:01,425] {processor.py:153} INFO - Started process (PID=678) to work on /opt/airflow/dags/sample_branch.py
[2023-07-01 03:08:01,426] {processor.py:641} INFO - Processing file /opt/airflow/dags/sample_branch.py for tasks to queue
[2023-07-01 03:08:01,427] {logging_mixin.py:115} INFO - [2023-07-01 03:08:01,426] {dagbag.py:507} INFO - Filling up the DagBag from /opt/airflow/dags/sample_branch.py
[2023-07-01 03:08:01,448] {processor.py:651} INFO - DAG(s) dict_keys(['sample_branch']) retrieved from /opt/airflow/dags/sample_branch.py
[2023-07-01 03:08:01,526] {logging_mixin.py:115} INFO - [2023-07-01 03:08:01,526] {dag.py:2371} INFO - Sync 1 DAGs
[2023-07-01 03:08:01,548] {logging_mixin.py:115} INFO - [2023-07-01 03:08:01,548] {dag.py:2919} INFO - Setting next_dagrun for sample_branch to 2023-07-01T00:00:00+00:00, run_after=2023-07-02T00:00:00+00:00
[2023-07-01 03:08:01,563] {processor.py:161} INFO - Processing /opt/airflow/dags/sample_branch.py took 0.142 seconds
[2023-07-01 03:08:31,703] {processor.py:153} INFO - Started process (PID=699) to work on /opt/airflow/dags/sample_branch.py
[2023-07-01 03:08:31,703] {processor.py:641} INFO - Processing file /opt/airflow/dags/sample_branch.py for tasks to queue
[2023-07-01 03:08:31,704] {logging_mixin.py:115} INFO - [2023-07-01 03:08:31,704] {dagbag.py:507} INFO - Filling up the DagBag from /opt/airflow/dags/sample_branch.py
[2023-07-01 03:08:31,717] {processor.py:651} INFO - DAG(s) dict_keys(['sample_branch']) retrieved from /opt/airflow/dags/sample_branch.py
[2023-07-01 03:08:31,744] {logging_mixin.py:115} INFO - [2023-07-01 03:08:31,744] {dag.py:2371} INFO - Sync 1 DAGs
[2023-07-01 03:08:31,768] {logging_mixin.py:115} INFO - [2023-07-01 03:08:31,768] {dag.py:2919} INFO - Setting next_dagrun for sample_branch to 2023-07-01T00:00:00+00:00, run_after=2023-07-02T00:00:00+00:00
[2023-07-01 03:08:31,780] {processor.py:161} INFO - Processing /opt/airflow/dags/sample_branch.py took 0.081 seconds
[2023-07-01 03:09:01,976] {processor.py:153} INFO - Started process (PID=720) to work on /opt/airflow/dags/sample_branch.py
[2023-07-01 03:09:01,977] {processor.py:641} INFO - Processing file /opt/airflow/dags/sample_branch.py for tasks to queue
[2023-07-01 03:09:01,978] {logging_mixin.py:115} INFO - [2023-07-01 03:09:01,977] {dagbag.py:507} INFO - Filling up the DagBag from /opt/airflow/dags/sample_branch.py
[2023-07-01 03:09:01,993] {processor.py:651} INFO - DAG(s) dict_keys(['sample_branch']) retrieved from /opt/airflow/dags/sample_branch.py
[2023-07-01 03:09:02,062] {logging_mixin.py:115} INFO - [2023-07-01 03:09:02,061] {dag.py:2371} INFO - Sync 1 DAGs
[2023-07-01 03:09:02,087] {logging_mixin.py:115} INFO - [2023-07-01 03:09:02,087] {dag.py:2919} INFO - Setting next_dagrun for sample_branch to 2023-07-01T00:00:00+00:00, run_after=2023-07-02T00:00:00+00:00
[2023-07-01 03:09:02,099] {processor.py:161} INFO - Processing /opt/airflow/dags/sample_branch.py took 0.129 seconds
[2023-07-01 03:09:32,252] {processor.py:153} INFO - Started process (PID=741) to work on /opt/airflow/dags/sample_branch.py
[2023-07-01 03:09:32,253] {processor.py:641} INFO - Processing file /opt/airflow/dags/sample_branch.py for tasks to queue
[2023-07-01 03:09:32,253] {logging_mixin.py:115} INFO - [2023-07-01 03:09:32,253] {dagbag.py:507} INFO - Filling up the DagBag from /opt/airflow/dags/sample_branch.py
[2023-07-01 03:09:32,266] {processor.py:651} INFO - DAG(s) dict_keys(['sample_branch']) retrieved from /opt/airflow/dags/sample_branch.py
[2023-07-01 03:09:32,297] {logging_mixin.py:115} INFO - [2023-07-01 03:09:32,297] {dag.py:2371} INFO - Sync 1 DAGs
[2023-07-01 03:09:32,333] {logging_mixin.py:115} INFO - [2023-07-01 03:09:32,333] {dag.py:2919} INFO - Setting next_dagrun for sample_branch to 2023-07-01T00:00:00+00:00, run_after=2023-07-02T00:00:00+00:00
[2023-07-01 03:09:32,350] {processor.py:161} INFO - Processing /opt/airflow/dags/sample_branch.py took 0.101 seconds
[2023-07-01 03:10:02,551] {processor.py:153} INFO - Started process (PID=762) to work on /opt/airflow/dags/sample_branch.py
[2023-07-01 03:10:02,551] {processor.py:641} INFO - Processing file /opt/airflow/dags/sample_branch.py for tasks to queue
[2023-07-01 03:10:02,552] {logging_mixin.py:115} INFO - [2023-07-01 03:10:02,552] {dagbag.py:507} INFO - Filling up the DagBag from /opt/airflow/dags/sample_branch.py
[2023-07-01 03:10:02,567] {processor.py:651} INFO - DAG(s) dict_keys(['sample_branch']) retrieved from /opt/airflow/dags/sample_branch.py
[2023-07-01 03:10:02,630] {logging_mixin.py:115} INFO - [2023-07-01 03:10:02,629] {dag.py:2371} INFO - Sync 1 DAGs
[2023-07-01 03:10:02,654] {logging_mixin.py:115} INFO - [2023-07-01 03:10:02,654] {dag.py:2919} INFO - Setting next_dagrun for sample_branch to 2023-07-01T00:00:00+00:00, run_after=2023-07-02T00:00:00+00:00
[2023-07-01 03:10:02,665] {processor.py:161} INFO - Processing /opt/airflow/dags/sample_branch.py took 0.122 seconds
[2023-07-01 03:10:32,812] {processor.py:153} INFO - Started process (PID=783) to work on /opt/airflow/dags/sample_branch.py
[2023-07-01 03:10:32,813] {processor.py:641} INFO - Processing file /opt/airflow/dags/sample_branch.py for tasks to queue
[2023-07-01 03:10:32,814] {logging_mixin.py:115} INFO - [2023-07-01 03:10:32,814] {dagbag.py:507} INFO - Filling up the DagBag from /opt/airflow/dags/sample_branch.py
[2023-07-01 03:10:32,832] {processor.py:651} INFO - DAG(s) dict_keys(['sample_branch']) retrieved from /opt/airflow/dags/sample_branch.py
[2023-07-01 03:10:32,863] {logging_mixin.py:115} INFO - [2023-07-01 03:10:32,863] {dag.py:2371} INFO - Sync 1 DAGs
[2023-07-01 03:10:32,901] {logging_mixin.py:115} INFO - [2023-07-01 03:10:32,901] {dag.py:2919} INFO - Setting next_dagrun for sample_branch to 2023-07-01T00:00:00+00:00, run_after=2023-07-02T00:00:00+00:00
[2023-07-01 03:10:32,916] {processor.py:161} INFO - Processing /opt/airflow/dags/sample_branch.py took 0.110 seconds
[2023-07-01 03:11:03,146] {processor.py:153} INFO - Started process (PID=804) to work on /opt/airflow/dags/sample_branch.py
[2023-07-01 03:11:03,147] {processor.py:641} INFO - Processing file /opt/airflow/dags/sample_branch.py for tasks to queue
[2023-07-01 03:11:03,148] {logging_mixin.py:115} INFO - [2023-07-01 03:11:03,147] {dagbag.py:507} INFO - Filling up the DagBag from /opt/airflow/dags/sample_branch.py
[2023-07-01 03:11:03,162] {processor.py:651} INFO - DAG(s) dict_keys(['sample_branch']) retrieved from /opt/airflow/dags/sample_branch.py
[2023-07-01 03:11:03,253] {logging_mixin.py:115} INFO - [2023-07-01 03:11:03,253] {dag.py:2371} INFO - Sync 1 DAGs
[2023-07-01 03:11:03,280] {logging_mixin.py:115} INFO - [2023-07-01 03:11:03,280] {dag.py:2919} INFO - Setting next_dagrun for sample_branch to 2023-07-01T00:00:00+00:00, run_after=2023-07-02T00:00:00+00:00
[2023-07-01 03:11:03,299] {processor.py:161} INFO - Processing /opt/airflow/dags/sample_branch.py took 0.158 seconds
[2023-07-01 03:11:33,486] {processor.py:153} INFO - Started process (PID=825) to work on /opt/airflow/dags/sample_branch.py
[2023-07-01 03:11:33,487] {processor.py:641} INFO - Processing file /opt/airflow/dags/sample_branch.py for tasks to queue
[2023-07-01 03:11:33,488] {logging_mixin.py:115} INFO - [2023-07-01 03:11:33,488] {dagbag.py:507} INFO - Filling up the DagBag from /opt/airflow/dags/sample_branch.py
[2023-07-01 03:11:33,503] {processor.py:651} INFO - DAG(s) dict_keys(['sample_branch']) retrieved from /opt/airflow/dags/sample_branch.py
[2023-07-01 03:11:33,524] {logging_mixin.py:115} INFO - [2023-07-01 03:11:33,523] {dag.py:2371} INFO - Sync 1 DAGs
[2023-07-01 03:11:33,546] {logging_mixin.py:115} INFO - [2023-07-01 03:11:33,546] {dag.py:2919} INFO - Setting next_dagrun for sample_branch to 2023-07-01T00:00:00+00:00, run_after=2023-07-02T00:00:00+00:00
[2023-07-01 03:11:33,556] {processor.py:161} INFO - Processing /opt/airflow/dags/sample_branch.py took 0.076 seconds
[2023-07-01 03:12:03,717] {processor.py:153} INFO - Started process (PID=840) to work on /opt/airflow/dags/sample_branch.py
[2023-07-01 03:12:03,718] {processor.py:641} INFO - Processing file /opt/airflow/dags/sample_branch.py for tasks to queue
[2023-07-01 03:12:03,718] {logging_mixin.py:115} INFO - [2023-07-01 03:12:03,718] {dagbag.py:507} INFO - Filling up the DagBag from /opt/airflow/dags/sample_branch.py
[2023-07-01 03:12:03,729] {processor.py:651} INFO - DAG(s) dict_keys(['sample_branch']) retrieved from /opt/airflow/dags/sample_branch.py
[2023-07-01 03:12:03,794] {logging_mixin.py:115} INFO - [2023-07-01 03:12:03,794] {dag.py:2371} INFO - Sync 1 DAGs
[2023-07-01 03:12:03,815] {logging_mixin.py:115} INFO - [2023-07-01 03:12:03,815] {dag.py:2919} INFO - Setting next_dagrun for sample_branch to 2023-07-01T00:00:00+00:00, run_after=2023-07-02T00:00:00+00:00
[2023-07-01 03:12:03,827] {processor.py:161} INFO - Processing /opt/airflow/dags/sample_branch.py took 0.113 seconds
[2023-07-01 03:12:34,050] {processor.py:153} INFO - Started process (PID=861) to work on /opt/airflow/dags/sample_branch.py
[2023-07-01 03:12:34,050] {processor.py:641} INFO - Processing file /opt/airflow/dags/sample_branch.py for tasks to queue
[2023-07-01 03:12:34,051] {logging_mixin.py:115} INFO - [2023-07-01 03:12:34,051] {dagbag.py:507} INFO - Filling up the DagBag from /opt/airflow/dags/sample_branch.py
[2023-07-01 03:12:34,064] {processor.py:651} INFO - DAG(s) dict_keys(['sample_branch']) retrieved from /opt/airflow/dags/sample_branch.py
[2023-07-01 03:12:34,089] {logging_mixin.py:115} INFO - [2023-07-01 03:12:34,089] {dag.py:2371} INFO - Sync 1 DAGs
[2023-07-01 03:12:34,112] {logging_mixin.py:115} INFO - [2023-07-01 03:12:34,112] {dag.py:2919} INFO - Setting next_dagrun for sample_branch to 2023-07-01T00:00:00+00:00, run_after=2023-07-02T00:00:00+00:00
[2023-07-01 03:12:34,123] {processor.py:161} INFO - Processing /opt/airflow/dags/sample_branch.py took 0.077 seconds
[2023-07-01 03:13:04,336] {processor.py:153} INFO - Started process (PID=882) to work on /opt/airflow/dags/sample_branch.py
[2023-07-01 03:13:04,336] {processor.py:641} INFO - Processing file /opt/airflow/dags/sample_branch.py for tasks to queue
[2023-07-01 03:13:04,337] {logging_mixin.py:115} INFO - [2023-07-01 03:13:04,337] {dagbag.py:507} INFO - Filling up the DagBag from /opt/airflow/dags/sample_branch.py
[2023-07-01 03:13:04,349] {processor.py:651} INFO - DAG(s) dict_keys(['sample_branch']) retrieved from /opt/airflow/dags/sample_branch.py
[2023-07-01 03:13:04,433] {logging_mixin.py:115} INFO - [2023-07-01 03:13:04,433] {dag.py:2371} INFO - Sync 1 DAGs
[2023-07-01 03:13:04,455] {logging_mixin.py:115} INFO - [2023-07-01 03:13:04,455] {dag.py:2919} INFO - Setting next_dagrun for sample_branch to 2023-07-01T00:00:00+00:00, run_after=2023-07-02T00:00:00+00:00
[2023-07-01 03:13:04,467] {processor.py:161} INFO - Processing /opt/airflow/dags/sample_branch.py took 0.135 seconds
[2023-07-01 03:13:34,638] {processor.py:153} INFO - Started process (PID=903) to work on /opt/airflow/dags/sample_branch.py
[2023-07-01 03:13:34,639] {processor.py:641} INFO - Processing file /opt/airflow/dags/sample_branch.py for tasks to queue
[2023-07-01 03:13:34,639] {logging_mixin.py:115} INFO - [2023-07-01 03:13:34,639] {dagbag.py:507} INFO - Filling up the DagBag from /opt/airflow/dags/sample_branch.py
[2023-07-01 03:13:34,654] {processor.py:651} INFO - DAG(s) dict_keys(['sample_branch']) retrieved from /opt/airflow/dags/sample_branch.py
[2023-07-01 03:13:34,677] {logging_mixin.py:115} INFO - [2023-07-01 03:13:34,677] {dag.py:2371} INFO - Sync 1 DAGs
[2023-07-01 03:13:34,705] {logging_mixin.py:115} INFO - [2023-07-01 03:13:34,705] {dag.py:2919} INFO - Setting next_dagrun for sample_branch to 2023-07-01T00:00:00+00:00, run_after=2023-07-02T00:00:00+00:00
[2023-07-01 03:13:34,717] {processor.py:161} INFO - Processing /opt/airflow/dags/sample_branch.py took 0.083 seconds
[2023-07-01 03:14:04,927] {processor.py:153} INFO - Started process (PID=924) to work on /opt/airflow/dags/sample_branch.py
[2023-07-01 03:14:04,928] {processor.py:641} INFO - Processing file /opt/airflow/dags/sample_branch.py for tasks to queue
[2023-07-01 03:14:04,929] {logging_mixin.py:115} INFO - [2023-07-01 03:14:04,929] {dagbag.py:507} INFO - Filling up the DagBag from /opt/airflow/dags/sample_branch.py
[2023-07-01 03:14:04,942] {processor.py:651} INFO - DAG(s) dict_keys(['sample_branch']) retrieved from /opt/airflow/dags/sample_branch.py
[2023-07-01 03:14:05,005] {logging_mixin.py:115} INFO - [2023-07-01 03:14:05,005] {dag.py:2371} INFO - Sync 1 DAGs
[2023-07-01 03:14:05,028] {logging_mixin.py:115} INFO - [2023-07-01 03:14:05,027] {dag.py:2919} INFO - Setting next_dagrun for sample_branch to 2023-07-01T00:00:00+00:00, run_after=2023-07-02T00:00:00+00:00
[2023-07-01 03:14:05,041] {processor.py:161} INFO - Processing /opt/airflow/dags/sample_branch.py took 0.119 seconds
[2023-07-01 03:14:35,189] {processor.py:153} INFO - Started process (PID=945) to work on /opt/airflow/dags/sample_branch.py
[2023-07-01 03:14:35,189] {processor.py:641} INFO - Processing file /opt/airflow/dags/sample_branch.py for tasks to queue
[2023-07-01 03:14:35,190] {logging_mixin.py:115} INFO - [2023-07-01 03:14:35,190] {dagbag.py:507} INFO - Filling up the DagBag from /opt/airflow/dags/sample_branch.py
[2023-07-01 03:14:35,206] {processor.py:651} INFO - DAG(s) dict_keys(['sample_branch']) retrieved from /opt/airflow/dags/sample_branch.py
[2023-07-01 03:14:35,239] {logging_mixin.py:115} INFO - [2023-07-01 03:14:35,239] {dag.py:2371} INFO - Sync 1 DAGs
[2023-07-01 03:14:35,267] {logging_mixin.py:115} INFO - [2023-07-01 03:14:35,267] {dag.py:2919} INFO - Setting next_dagrun for sample_branch to 2023-07-01T00:00:00+00:00, run_after=2023-07-02T00:00:00+00:00
[2023-07-01 03:14:35,278] {processor.py:161} INFO - Processing /opt/airflow/dags/sample_branch.py took 0.094 seconds
[2023-07-01 03:15:05,471] {processor.py:153} INFO - Started process (PID=966) to work on /opt/airflow/dags/sample_branch.py
[2023-07-01 03:15:05,472] {processor.py:641} INFO - Processing file /opt/airflow/dags/sample_branch.py for tasks to queue
[2023-07-01 03:15:05,472] {logging_mixin.py:115} INFO - [2023-07-01 03:15:05,472] {dagbag.py:507} INFO - Filling up the DagBag from /opt/airflow/dags/sample_branch.py
[2023-07-01 03:15:05,484] {processor.py:651} INFO - DAG(s) dict_keys(['sample_branch']) retrieved from /opt/airflow/dags/sample_branch.py
[2023-07-01 03:15:05,564] {logging_mixin.py:115} INFO - [2023-07-01 03:15:05,563] {dag.py:2371} INFO - Sync 1 DAGs
[2023-07-01 03:15:05,584] {logging_mixin.py:115} INFO - [2023-07-01 03:15:05,584] {dag.py:2919} INFO - Setting next_dagrun for sample_branch to 2023-07-01T00:00:00+00:00, run_after=2023-07-02T00:00:00+00:00
[2023-07-01 03:15:05,597] {processor.py:161} INFO - Processing /opt/airflow/dags/sample_branch.py took 0.130 seconds
[2023-07-01 03:15:35,754] {processor.py:153} INFO - Started process (PID=987) to work on /opt/airflow/dags/sample_branch.py
[2023-07-01 03:15:35,755] {processor.py:641} INFO - Processing file /opt/airflow/dags/sample_branch.py for tasks to queue
[2023-07-01 03:15:35,756] {logging_mixin.py:115} INFO - [2023-07-01 03:15:35,756] {dagbag.py:507} INFO - Filling up the DagBag from /opt/airflow/dags/sample_branch.py
[2023-07-01 03:15:35,771] {processor.py:651} INFO - DAG(s) dict_keys(['sample_branch']) retrieved from /opt/airflow/dags/sample_branch.py
[2023-07-01 03:15:35,800] {logging_mixin.py:115} INFO - [2023-07-01 03:15:35,800] {dag.py:2371} INFO - Sync 1 DAGs
[2023-07-01 03:15:35,834] {logging_mixin.py:115} INFO - [2023-07-01 03:15:35,834] {dag.py:2919} INFO - Setting next_dagrun for sample_branch to 2023-07-01T00:00:00+00:00, run_after=2023-07-02T00:00:00+00:00
[2023-07-01 03:15:35,850] {processor.py:161} INFO - Processing /opt/airflow/dags/sample_branch.py took 0.099 seconds
[2023-07-01 03:16:06,038] {processor.py:153} INFO - Started process (PID=1008) to work on /opt/airflow/dags/sample_branch.py
[2023-07-01 03:16:06,038] {processor.py:641} INFO - Processing file /opt/airflow/dags/sample_branch.py for tasks to queue
[2023-07-01 03:16:06,039] {logging_mixin.py:115} INFO - [2023-07-01 03:16:06,039] {dagbag.py:507} INFO - Filling up the DagBag from /opt/airflow/dags/sample_branch.py
[2023-07-01 03:16:06,050] {processor.py:651} INFO - DAG(s) dict_keys(['sample_branch']) retrieved from /opt/airflow/dags/sample_branch.py
[2023-07-01 03:16:06,117] {logging_mixin.py:115} INFO - [2023-07-01 03:16:06,117] {dag.py:2371} INFO - Sync 1 DAGs
[2023-07-01 03:16:06,137] {logging_mixin.py:115} INFO - [2023-07-01 03:16:06,137] {dag.py:2919} INFO - Setting next_dagrun for sample_branch to 2023-07-01T00:00:00+00:00, run_after=2023-07-02T00:00:00+00:00
[2023-07-01 03:16:06,151] {processor.py:161} INFO - Processing /opt/airflow/dags/sample_branch.py took 0.116 seconds
[2023-07-01 03:16:36,325] {processor.py:153} INFO - Started process (PID=1029) to work on /opt/airflow/dags/sample_branch.py
[2023-07-01 03:16:36,325] {processor.py:641} INFO - Processing file /opt/airflow/dags/sample_branch.py for tasks to queue
[2023-07-01 03:16:36,326] {logging_mixin.py:115} INFO - [2023-07-01 03:16:36,326] {dagbag.py:507} INFO - Filling up the DagBag from /opt/airflow/dags/sample_branch.py
[2023-07-01 03:16:36,338] {processor.py:651} INFO - DAG(s) dict_keys(['sample_branch']) retrieved from /opt/airflow/dags/sample_branch.py
[2023-07-01 03:16:36,367] {logging_mixin.py:115} INFO - [2023-07-01 03:16:36,367] {dag.py:2371} INFO - Sync 1 DAGs
[2023-07-01 03:16:36,389] {logging_mixin.py:115} INFO - [2023-07-01 03:16:36,389] {dag.py:2919} INFO - Setting next_dagrun for sample_branch to 2023-07-01T00:00:00+00:00, run_after=2023-07-02T00:00:00+00:00
[2023-07-01 03:16:36,400] {processor.py:161} INFO - Processing /opt/airflow/dags/sample_branch.py took 0.079 seconds
[2023-07-01 03:17:06,614] {processor.py:153} INFO - Started process (PID=1050) to work on /opt/airflow/dags/sample_branch.py
[2023-07-01 03:17:06,615] {processor.py:641} INFO - Processing file /opt/airflow/dags/sample_branch.py for tasks to queue
[2023-07-01 03:17:06,616] {logging_mixin.py:115} INFO - [2023-07-01 03:17:06,616] {dagbag.py:507} INFO - Filling up the DagBag from /opt/airflow/dags/sample_branch.py
[2023-07-01 03:17:06,628] {processor.py:651} INFO - DAG(s) dict_keys(['sample_branch']) retrieved from /opt/airflow/dags/sample_branch.py
[2023-07-01 03:17:06,720] {logging_mixin.py:115} INFO - [2023-07-01 03:17:06,720] {dag.py:2371} INFO - Sync 1 DAGs
[2023-07-01 03:17:06,741] {logging_mixin.py:115} INFO - [2023-07-01 03:17:06,741] {dag.py:2919} INFO - Setting next_dagrun for sample_branch to 2023-07-01T00:00:00+00:00, run_after=2023-07-02T00:00:00+00:00
[2023-07-01 03:17:06,752] {processor.py:161} INFO - Processing /opt/airflow/dags/sample_branch.py took 0.145 seconds
[2023-07-01 03:17:36,928] {processor.py:153} INFO - Started process (PID=1071) to work on /opt/airflow/dags/sample_branch.py
[2023-07-01 03:17:36,929] {processor.py:641} INFO - Processing file /opt/airflow/dags/sample_branch.py for tasks to queue
[2023-07-01 03:17:36,929] {logging_mixin.py:115} INFO - [2023-07-01 03:17:36,929] {dagbag.py:507} INFO - Filling up the DagBag from /opt/airflow/dags/sample_branch.py
[2023-07-01 03:17:36,944] {processor.py:651} INFO - DAG(s) dict_keys(['sample_branch']) retrieved from /opt/airflow/dags/sample_branch.py
[2023-07-01 03:17:36,966] {logging_mixin.py:115} INFO - [2023-07-01 03:17:36,966] {dag.py:2371} INFO - Sync 1 DAGs
[2023-07-01 03:17:36,989] {logging_mixin.py:115} INFO - [2023-07-01 03:17:36,989] {dag.py:2919} INFO - Setting next_dagrun for sample_branch to 2023-07-01T00:00:00+00:00, run_after=2023-07-02T00:00:00+00:00
[2023-07-01 03:17:37,000] {processor.py:161} INFO - Processing /opt/airflow/dags/sample_branch.py took 0.077 seconds
[2023-07-01 03:18:07,179] {processor.py:153} INFO - Started process (PID=1092) to work on /opt/airflow/dags/sample_branch.py
[2023-07-01 03:18:07,179] {processor.py:641} INFO - Processing file /opt/airflow/dags/sample_branch.py for tasks to queue
[2023-07-01 03:18:07,180] {logging_mixin.py:115} INFO - [2023-07-01 03:18:07,180] {dagbag.py:507} INFO - Filling up the DagBag from /opt/airflow/dags/sample_branch.py
[2023-07-01 03:18:07,192] {processor.py:651} INFO - DAG(s) dict_keys(['sample_branch']) retrieved from /opt/airflow/dags/sample_branch.py
[2023-07-01 03:18:07,257] {logging_mixin.py:115} INFO - [2023-07-01 03:18:07,257] {dag.py:2371} INFO - Sync 1 DAGs
[2023-07-01 03:18:07,280] {logging_mixin.py:115} INFO - [2023-07-01 03:18:07,280] {dag.py:2919} INFO - Setting next_dagrun for sample_branch to 2023-07-01T00:00:00+00:00, run_after=2023-07-02T00:00:00+00:00
[2023-07-01 03:18:07,292] {processor.py:161} INFO - Processing /opt/airflow/dags/sample_branch.py took 0.116 seconds
[2023-07-01 03:18:37,449] {processor.py:153} INFO - Started process (PID=1113) to work on /opt/airflow/dags/sample_branch.py
[2023-07-01 03:18:37,450] {processor.py:641} INFO - Processing file /opt/airflow/dags/sample_branch.py for tasks to queue
[2023-07-01 03:18:37,451] {logging_mixin.py:115} INFO - [2023-07-01 03:18:37,450] {dagbag.py:507} INFO - Filling up the DagBag from /opt/airflow/dags/sample_branch.py
[2023-07-01 03:18:37,464] {processor.py:651} INFO - DAG(s) dict_keys(['sample_branch']) retrieved from /opt/airflow/dags/sample_branch.py
[2023-07-01 03:18:37,493] {logging_mixin.py:115} INFO - [2023-07-01 03:18:37,493] {dag.py:2371} INFO - Sync 1 DAGs
[2023-07-01 03:18:37,526] {logging_mixin.py:115} INFO - [2023-07-01 03:18:37,526] {dag.py:2919} INFO - Setting next_dagrun for sample_branch to 2023-07-01T00:00:00+00:00, run_after=2023-07-02T00:00:00+00:00
[2023-07-01 03:18:37,540] {processor.py:161} INFO - Processing /opt/airflow/dags/sample_branch.py took 0.094 seconds
[2023-07-01 03:19:07,741] {processor.py:153} INFO - Started process (PID=1134) to work on /opt/airflow/dags/sample_branch.py
[2023-07-01 03:19:07,741] {processor.py:641} INFO - Processing file /opt/airflow/dags/sample_branch.py for tasks to queue
[2023-07-01 03:19:07,742] {logging_mixin.py:115} INFO - [2023-07-01 03:19:07,742] {dagbag.py:507} INFO - Filling up the DagBag from /opt/airflow/dags/sample_branch.py
[2023-07-01 03:19:07,754] {processor.py:651} INFO - DAG(s) dict_keys(['sample_branch']) retrieved from /opt/airflow/dags/sample_branch.py
[2023-07-01 03:19:07,814] {logging_mixin.py:115} INFO - [2023-07-01 03:19:07,814] {dag.py:2371} INFO - Sync 1 DAGs
[2023-07-01 03:19:07,836] {logging_mixin.py:115} INFO - [2023-07-01 03:19:07,836] {dag.py:2919} INFO - Setting next_dagrun for sample_branch to 2023-07-01T00:00:00+00:00, run_after=2023-07-02T00:00:00+00:00
[2023-07-01 03:19:07,848] {processor.py:161} INFO - Processing /opt/airflow/dags/sample_branch.py took 0.112 seconds
[2023-07-01 03:19:38,009] {processor.py:153} INFO - Started process (PID=1155) to work on /opt/airflow/dags/sample_branch.py
[2023-07-01 03:19:38,010] {processor.py:641} INFO - Processing file /opt/airflow/dags/sample_branch.py for tasks to queue
[2023-07-01 03:19:38,011] {logging_mixin.py:115} INFO - [2023-07-01 03:19:38,010] {dagbag.py:507} INFO - Filling up the DagBag from /opt/airflow/dags/sample_branch.py
[2023-07-01 03:19:38,023] {processor.py:651} INFO - DAG(s) dict_keys(['sample_branch']) retrieved from /opt/airflow/dags/sample_branch.py
[2023-07-01 03:19:38,049] {logging_mixin.py:115} INFO - [2023-07-01 03:19:38,049] {dag.py:2371} INFO - Sync 1 DAGs
[2023-07-01 03:19:38,073] {logging_mixin.py:115} INFO - [2023-07-01 03:19:38,073] {dag.py:2919} INFO - Setting next_dagrun for sample_branch to 2023-07-01T00:00:00+00:00, run_after=2023-07-02T00:00:00+00:00
[2023-07-01 03:19:38,083] {processor.py:161} INFO - Processing /opt/airflow/dags/sample_branch.py took 0.078 seconds
[2023-07-01 03:20:08,281] {processor.py:153} INFO - Started process (PID=1176) to work on /opt/airflow/dags/sample_branch.py
[2023-07-01 03:20:08,282] {processor.py:641} INFO - Processing file /opt/airflow/dags/sample_branch.py for tasks to queue
[2023-07-01 03:20:08,282] {logging_mixin.py:115} INFO - [2023-07-01 03:20:08,282] {dagbag.py:507} INFO - Filling up the DagBag from /opt/airflow/dags/sample_branch.py
[2023-07-01 03:20:08,294] {processor.py:651} INFO - DAG(s) dict_keys(['sample_branch']) retrieved from /opt/airflow/dags/sample_branch.py
[2023-07-01 03:20:08,366] {logging_mixin.py:115} INFO - [2023-07-01 03:20:08,366] {dag.py:2371} INFO - Sync 1 DAGs
[2023-07-01 03:20:08,393] {logging_mixin.py:115} INFO - [2023-07-01 03:20:08,393] {dag.py:2919} INFO - Setting next_dagrun for sample_branch to 2023-07-01T00:00:00+00:00, run_after=2023-07-02T00:00:00+00:00
[2023-07-01 03:20:08,405] {processor.py:161} INFO - Processing /opt/airflow/dags/sample_branch.py took 0.128 seconds
[2023-07-01 03:20:38,558] {processor.py:153} INFO - Started process (PID=1197) to work on /opt/airflow/dags/sample_branch.py
[2023-07-01 03:20:38,559] {processor.py:641} INFO - Processing file /opt/airflow/dags/sample_branch.py for tasks to queue
[2023-07-01 03:20:38,560] {logging_mixin.py:115} INFO - [2023-07-01 03:20:38,559] {dagbag.py:507} INFO - Filling up the DagBag from /opt/airflow/dags/sample_branch.py
[2023-07-01 03:20:38,575] {processor.py:651} INFO - DAG(s) dict_keys(['sample_branch']) retrieved from /opt/airflow/dags/sample_branch.py
[2023-07-01 03:20:38,596] {logging_mixin.py:115} INFO - [2023-07-01 03:20:38,596] {dag.py:2371} INFO - Sync 1 DAGs
[2023-07-01 03:20:38,618] {logging_mixin.py:115} INFO - [2023-07-01 03:20:38,618] {dag.py:2919} INFO - Setting next_dagrun for sample_branch to 2023-07-01T00:00:00+00:00, run_after=2023-07-02T00:00:00+00:00
[2023-07-01 03:20:38,630] {processor.py:161} INFO - Processing /opt/airflow/dags/sample_branch.py took 0.077 seconds
[2023-07-01 03:21:08,834] {processor.py:153} INFO - Started process (PID=1218) to work on /opt/airflow/dags/sample_branch.py
[2023-07-01 03:21:08,835] {processor.py:641} INFO - Processing file /opt/airflow/dags/sample_branch.py for tasks to queue
[2023-07-01 03:21:08,835] {logging_mixin.py:115} INFO - [2023-07-01 03:21:08,835] {dagbag.py:507} INFO - Filling up the DagBag from /opt/airflow/dags/sample_branch.py
[2023-07-01 03:21:08,848] {processor.py:651} INFO - DAG(s) dict_keys(['sample_branch']) retrieved from /opt/airflow/dags/sample_branch.py
[2023-07-01 03:21:08,919] {logging_mixin.py:115} INFO - [2023-07-01 03:21:08,919] {dag.py:2371} INFO - Sync 1 DAGs
[2023-07-01 03:21:08,941] {logging_mixin.py:115} INFO - [2023-07-01 03:21:08,941] {dag.py:2919} INFO - Setting next_dagrun for sample_branch to 2023-07-01T00:00:00+00:00, run_after=2023-07-02T00:00:00+00:00
[2023-07-01 03:21:08,957] {processor.py:161} INFO - Processing /opt/airflow/dags/sample_branch.py took 0.127 seconds
[2023-07-01 03:21:39,136] {processor.py:153} INFO - Started process (PID=1239) to work on /opt/airflow/dags/sample_branch.py
[2023-07-01 03:21:39,137] {processor.py:641} INFO - Processing file /opt/airflow/dags/sample_branch.py for tasks to queue
[2023-07-01 03:21:39,138] {logging_mixin.py:115} INFO - [2023-07-01 03:21:39,138] {dagbag.py:507} INFO - Filling up the DagBag from /opt/airflow/dags/sample_branch.py
[2023-07-01 03:21:39,154] {processor.py:651} INFO - DAG(s) dict_keys(['sample_branch']) retrieved from /opt/airflow/dags/sample_branch.py
[2023-07-01 03:21:39,177] {logging_mixin.py:115} INFO - [2023-07-01 03:21:39,177] {dag.py:2371} INFO - Sync 1 DAGs
[2023-07-01 03:21:39,201] {logging_mixin.py:115} INFO - [2023-07-01 03:21:39,201] {dag.py:2919} INFO - Setting next_dagrun for sample_branch to 2023-07-01T00:00:00+00:00, run_after=2023-07-02T00:00:00+00:00
[2023-07-01 03:21:39,215] {processor.py:161} INFO - Processing /opt/airflow/dags/sample_branch.py took 0.084 seconds
[2023-07-01 03:22:09,415] {processor.py:153} INFO - Started process (PID=1260) to work on /opt/airflow/dags/sample_branch.py
[2023-07-01 03:22:09,416] {processor.py:641} INFO - Processing file /opt/airflow/dags/sample_branch.py for tasks to queue
[2023-07-01 03:22:09,416] {logging_mixin.py:115} INFO - [2023-07-01 03:22:09,416] {dagbag.py:507} INFO - Filling up the DagBag from /opt/airflow/dags/sample_branch.py
[2023-07-01 03:22:09,428] {processor.py:651} INFO - DAG(s) dict_keys(['sample_branch']) retrieved from /opt/airflow/dags/sample_branch.py
[2023-07-01 03:22:09,498] {logging_mixin.py:115} INFO - [2023-07-01 03:22:09,498] {dag.py:2371} INFO - Sync 1 DAGs
[2023-07-01 03:22:09,522] {logging_mixin.py:115} INFO - [2023-07-01 03:22:09,522] {dag.py:2919} INFO - Setting next_dagrun for sample_branch to 2023-07-01T00:00:00+00:00, run_after=2023-07-02T00:00:00+00:00
[2023-07-01 03:22:09,535] {processor.py:161} INFO - Processing /opt/airflow/dags/sample_branch.py took 0.123 seconds
[2023-07-01 03:22:39,697] {processor.py:153} INFO - Started process (PID=1281) to work on /opt/airflow/dags/sample_branch.py
[2023-07-01 03:22:39,698] {processor.py:641} INFO - Processing file /opt/airflow/dags/sample_branch.py for tasks to queue
[2023-07-01 03:22:39,698] {logging_mixin.py:115} INFO - [2023-07-01 03:22:39,698] {dagbag.py:507} INFO - Filling up the DagBag from /opt/airflow/dags/sample_branch.py
[2023-07-01 03:22:39,712] {processor.py:651} INFO - DAG(s) dict_keys(['sample_branch']) retrieved from /opt/airflow/dags/sample_branch.py
[2023-07-01 03:22:39,736] {logging_mixin.py:115} INFO - [2023-07-01 03:22:39,736] {dag.py:2371} INFO - Sync 1 DAGs
[2023-07-01 03:22:39,758] {logging_mixin.py:115} INFO - [2023-07-01 03:22:39,758] {dag.py:2919} INFO - Setting next_dagrun for sample_branch to 2023-07-01T00:00:00+00:00, run_after=2023-07-02T00:00:00+00:00
[2023-07-01 03:22:39,768] {processor.py:161} INFO - Processing /opt/airflow/dags/sample_branch.py took 0.076 seconds
[2023-07-01 03:23:09,976] {processor.py:153} INFO - Started process (PID=1302) to work on /opt/airflow/dags/sample_branch.py
[2023-07-01 03:23:09,976] {processor.py:641} INFO - Processing file /opt/airflow/dags/sample_branch.py for tasks to queue
[2023-07-01 03:23:09,977] {logging_mixin.py:115} INFO - [2023-07-01 03:23:09,977] {dagbag.py:507} INFO - Filling up the DagBag from /opt/airflow/dags/sample_branch.py
[2023-07-01 03:23:09,992] {processor.py:651} INFO - DAG(s) dict_keys(['sample_branch']) retrieved from /opt/airflow/dags/sample_branch.py
[2023-07-01 03:23:10,105] {logging_mixin.py:115} INFO - [2023-07-01 03:23:10,104] {dag.py:2371} INFO - Sync 1 DAGs
[2023-07-01 03:23:10,130] {logging_mixin.py:115} INFO - [2023-07-01 03:23:10,130] {dag.py:2919} INFO - Setting next_dagrun for sample_branch to 2023-07-01T00:00:00+00:00, run_after=2023-07-02T00:00:00+00:00
[2023-07-01 03:23:10,146] {processor.py:161} INFO - Processing /opt/airflow/dags/sample_branch.py took 0.175 seconds
[2023-07-01 03:23:40,302] {processor.py:153} INFO - Started process (PID=1323) to work on /opt/airflow/dags/sample_branch.py
[2023-07-01 03:23:40,302] {processor.py:641} INFO - Processing file /opt/airflow/dags/sample_branch.py for tasks to queue
[2023-07-01 03:23:40,303] {logging_mixin.py:115} INFO - [2023-07-01 03:23:40,303] {dagbag.py:507} INFO - Filling up the DagBag from /opt/airflow/dags/sample_branch.py
[2023-07-01 03:23:40,316] {processor.py:651} INFO - DAG(s) dict_keys(['sample_branch']) retrieved from /opt/airflow/dags/sample_branch.py
[2023-07-01 03:23:40,338] {logging_mixin.py:115} INFO - [2023-07-01 03:23:40,338] {dag.py:2371} INFO - Sync 1 DAGs
[2023-07-01 03:23:40,363] {logging_mixin.py:115} INFO - [2023-07-01 03:23:40,363] {dag.py:2919} INFO - Setting next_dagrun for sample_branch to 2023-07-01T00:00:00+00:00, run_after=2023-07-02T00:00:00+00:00
[2023-07-01 03:23:40,375] {processor.py:161} INFO - Processing /opt/airflow/dags/sample_branch.py took 0.078 seconds
[2023-07-01 03:24:10,562] {processor.py:153} INFO - Started process (PID=1344) to work on /opt/airflow/dags/sample_branch.py
[2023-07-01 03:24:10,563] {processor.py:641} INFO - Processing file /opt/airflow/dags/sample_branch.py for tasks to queue
[2023-07-01 03:24:10,564] {logging_mixin.py:115} INFO - [2023-07-01 03:24:10,564] {dagbag.py:507} INFO - Filling up the DagBag from /opt/airflow/dags/sample_branch.py
[2023-07-01 03:24:10,578] {processor.py:651} INFO - DAG(s) dict_keys(['sample_branch']) retrieved from /opt/airflow/dags/sample_branch.py
[2023-07-01 03:24:10,643] {logging_mixin.py:115} INFO - [2023-07-01 03:24:10,643] {dag.py:2371} INFO - Sync 1 DAGs
[2023-07-01 03:24:10,665] {logging_mixin.py:115} INFO - [2023-07-01 03:24:10,665] {dag.py:2919} INFO - Setting next_dagrun for sample_branch to 2023-07-01T00:00:00+00:00, run_after=2023-07-02T00:00:00+00:00
[2023-07-01 03:24:10,677] {processor.py:161} INFO - Processing /opt/airflow/dags/sample_branch.py took 0.119 seconds
[2023-07-01 03:24:40,827] {processor.py:153} INFO - Started process (PID=1365) to work on /opt/airflow/dags/sample_branch.py
[2023-07-01 03:24:40,827] {processor.py:641} INFO - Processing file /opt/airflow/dags/sample_branch.py for tasks to queue
[2023-07-01 03:24:40,828] {logging_mixin.py:115} INFO - [2023-07-01 03:24:40,828] {dagbag.py:507} INFO - Filling up the DagBag from /opt/airflow/dags/sample_branch.py
[2023-07-01 03:24:40,840] {processor.py:651} INFO - DAG(s) dict_keys(['sample_branch']) retrieved from /opt/airflow/dags/sample_branch.py
[2023-07-01 03:24:40,867] {logging_mixin.py:115} INFO - [2023-07-01 03:24:40,867] {dag.py:2371} INFO - Sync 1 DAGs
[2023-07-01 03:24:40,892] {logging_mixin.py:115} INFO - [2023-07-01 03:24:40,892] {dag.py:2919} INFO - Setting next_dagrun for sample_branch to 2023-07-01T00:00:00+00:00, run_after=2023-07-02T00:00:00+00:00
[2023-07-01 03:24:40,903] {processor.py:161} INFO - Processing /opt/airflow/dags/sample_branch.py took 0.080 seconds
[2023-07-01 03:25:11,091] {processor.py:153} INFO - Started process (PID=1386) to work on /opt/airflow/dags/sample_branch.py
[2023-07-01 03:25:11,092] {processor.py:641} INFO - Processing file /opt/airflow/dags/sample_branch.py for tasks to queue
[2023-07-01 03:25:11,093] {logging_mixin.py:115} INFO - [2023-07-01 03:25:11,093] {dagbag.py:507} INFO - Filling up the DagBag from /opt/airflow/dags/sample_branch.py
[2023-07-01 03:25:11,111] {processor.py:651} INFO - DAG(s) dict_keys(['sample_branch']) retrieved from /opt/airflow/dags/sample_branch.py
[2023-07-01 03:25:11,185] {logging_mixin.py:115} INFO - [2023-07-01 03:25:11,185] {dag.py:2371} INFO - Sync 1 DAGs
[2023-07-01 03:25:11,210] {logging_mixin.py:115} INFO - [2023-07-01 03:25:11,210] {dag.py:2919} INFO - Setting next_dagrun for sample_branch to 2023-07-01T00:00:00+00:00, run_after=2023-07-02T00:00:00+00:00
[2023-07-01 03:25:11,223] {processor.py:161} INFO - Processing /opt/airflow/dags/sample_branch.py took 0.140 seconds
[2023-07-01 03:25:41,369] {processor.py:153} INFO - Started process (PID=1407) to work on /opt/airflow/dags/sample_branch.py
[2023-07-01 03:25:41,370] {processor.py:641} INFO - Processing file /opt/airflow/dags/sample_branch.py for tasks to queue
[2023-07-01 03:25:41,371] {logging_mixin.py:115} INFO - [2023-07-01 03:25:41,371] {dagbag.py:507} INFO - Filling up the DagBag from /opt/airflow/dags/sample_branch.py
[2023-07-01 03:25:41,383] {processor.py:651} INFO - DAG(s) dict_keys(['sample_branch']) retrieved from /opt/airflow/dags/sample_branch.py
[2023-07-01 03:25:41,404] {logging_mixin.py:115} INFO - [2023-07-01 03:25:41,404] {dag.py:2371} INFO - Sync 1 DAGs
[2023-07-01 03:25:41,425] {logging_mixin.py:115} INFO - [2023-07-01 03:25:41,425] {dag.py:2919} INFO - Setting next_dagrun for sample_branch to 2023-07-01T00:00:00+00:00, run_after=2023-07-02T00:00:00+00:00
[2023-07-01 03:25:41,437] {processor.py:161} INFO - Processing /opt/airflow/dags/sample_branch.py took 0.072 seconds
[2023-07-01 03:26:11,630] {processor.py:153} INFO - Started process (PID=1428) to work on /opt/airflow/dags/sample_branch.py
[2023-07-01 03:26:11,631] {processor.py:641} INFO - Processing file /opt/airflow/dags/sample_branch.py for tasks to queue
[2023-07-01 03:26:11,631] {logging_mixin.py:115} INFO - [2023-07-01 03:26:11,631] {dagbag.py:507} INFO - Filling up the DagBag from /opt/airflow/dags/sample_branch.py
[2023-07-01 03:26:11,643] {processor.py:651} INFO - DAG(s) dict_keys(['sample_branch']) retrieved from /opt/airflow/dags/sample_branch.py
[2023-07-01 03:26:11,709] {logging_mixin.py:115} INFO - [2023-07-01 03:26:11,709] {dag.py:2371} INFO - Sync 1 DAGs
[2023-07-01 03:26:11,730] {logging_mixin.py:115} INFO - [2023-07-01 03:26:11,730] {dag.py:2919} INFO - Setting next_dagrun for sample_branch to 2023-07-01T00:00:00+00:00, run_after=2023-07-02T00:00:00+00:00
[2023-07-01 03:26:11,742] {processor.py:161} INFO - Processing /opt/airflow/dags/sample_branch.py took 0.117 seconds
[2023-07-01 03:26:41,913] {processor.py:153} INFO - Started process (PID=1449) to work on /opt/airflow/dags/sample_branch.py
[2023-07-01 03:26:41,913] {processor.py:641} INFO - Processing file /opt/airflow/dags/sample_branch.py for tasks to queue
[2023-07-01 03:26:41,914] {logging_mixin.py:115} INFO - [2023-07-01 03:26:41,914] {dagbag.py:507} INFO - Filling up the DagBag from /opt/airflow/dags/sample_branch.py
[2023-07-01 03:26:41,923] {processor.py:651} INFO - DAG(s) dict_keys(['sample_branch']) retrieved from /opt/airflow/dags/sample_branch.py
[2023-07-01 03:26:41,945] {logging_mixin.py:115} INFO - [2023-07-01 03:26:41,945] {dag.py:2371} INFO - Sync 1 DAGs
[2023-07-01 03:26:41,968] {logging_mixin.py:115} INFO - [2023-07-01 03:26:41,968] {dag.py:2919} INFO - Setting next_dagrun for sample_branch to 2023-07-01T00:00:00+00:00, run_after=2023-07-02T00:00:00+00:00
[2023-07-01 03:26:41,979] {processor.py:161} INFO - Processing /opt/airflow/dags/sample_branch.py took 0.071 seconds
[2023-07-01 03:27:12,176] {processor.py:153} INFO - Started process (PID=1470) to work on /opt/airflow/dags/sample_branch.py
[2023-07-01 03:27:12,176] {processor.py:641} INFO - Processing file /opt/airflow/dags/sample_branch.py for tasks to queue
[2023-07-01 03:27:12,177] {logging_mixin.py:115} INFO - [2023-07-01 03:27:12,177] {dagbag.py:507} INFO - Filling up the DagBag from /opt/airflow/dags/sample_branch.py
[2023-07-01 03:27:12,186] {processor.py:651} INFO - DAG(s) dict_keys(['sample_branch']) retrieved from /opt/airflow/dags/sample_branch.py
[2023-07-01 03:27:12,261] {logging_mixin.py:115} INFO - [2023-07-01 03:27:12,261] {dag.py:2371} INFO - Sync 1 DAGs
[2023-07-01 03:27:12,282] {logging_mixin.py:115} INFO - [2023-07-01 03:27:12,282] {dag.py:2919} INFO - Setting next_dagrun for sample_branch to 2023-07-01T00:00:00+00:00, run_after=2023-07-02T00:00:00+00:00
[2023-07-01 03:27:12,294] {processor.py:161} INFO - Processing /opt/airflow/dags/sample_branch.py took 0.123 seconds
[2023-07-01 03:27:42,416] {processor.py:153} INFO - Started process (PID=1491) to work on /opt/airflow/dags/sample_branch.py
[2023-07-01 03:27:42,417] {processor.py:641} INFO - Processing file /opt/airflow/dags/sample_branch.py for tasks to queue
[2023-07-01 03:27:42,417] {logging_mixin.py:115} INFO - [2023-07-01 03:27:42,417] {dagbag.py:507} INFO - Filling up the DagBag from /opt/airflow/dags/sample_branch.py
[2023-07-01 03:27:42,425] {processor.py:651} INFO - DAG(s) dict_keys(['sample_branch']) retrieved from /opt/airflow/dags/sample_branch.py
[2023-07-01 03:27:42,452] {logging_mixin.py:115} INFO - [2023-07-01 03:27:42,452] {dag.py:2371} INFO - Sync 1 DAGs
[2023-07-01 03:27:42,481] {logging_mixin.py:115} INFO - [2023-07-01 03:27:42,481] {dag.py:2919} INFO - Setting next_dagrun for sample_branch to 2023-07-01T00:00:00+00:00, run_after=2023-07-02T00:00:00+00:00
[2023-07-01 03:27:42,493] {processor.py:161} INFO - Processing /opt/airflow/dags/sample_branch.py took 0.080 seconds
[2023-07-01 03:28:12,647] {processor.py:153} INFO - Started process (PID=1506) to work on /opt/airflow/dags/sample_branch.py
[2023-07-01 03:28:12,647] {processor.py:641} INFO - Processing file /opt/airflow/dags/sample_branch.py for tasks to queue
[2023-07-01 03:28:12,648] {logging_mixin.py:115} INFO - [2023-07-01 03:28:12,648] {dagbag.py:507} INFO - Filling up the DagBag from /opt/airflow/dags/sample_branch.py
[2023-07-01 03:28:12,660] {processor.py:651} INFO - DAG(s) dict_keys(['sample_branch']) retrieved from /opt/airflow/dags/sample_branch.py
[2023-07-01 03:28:12,760] {logging_mixin.py:115} INFO - [2023-07-01 03:28:12,760] {dag.py:2371} INFO - Sync 1 DAGs
[2023-07-01 03:28:12,790] {logging_mixin.py:115} INFO - [2023-07-01 03:28:12,790] {dag.py:2919} INFO - Setting next_dagrun for sample_branch to 2023-07-01T00:00:00+00:00, run_after=2023-07-02T00:00:00+00:00
[2023-07-01 03:28:12,807] {processor.py:161} INFO - Processing /opt/airflow/dags/sample_branch.py took 0.165 seconds
[2023-07-01 03:28:43,063] {processor.py:153} INFO - Started process (PID=1527) to work on /opt/airflow/dags/sample_branch.py
[2023-07-01 03:28:43,063] {processor.py:641} INFO - Processing file /opt/airflow/dags/sample_branch.py for tasks to queue
[2023-07-01 03:28:43,064] {logging_mixin.py:115} INFO - [2023-07-01 03:28:43,064] {dagbag.py:507} INFO - Filling up the DagBag from /opt/airflow/dags/sample_branch.py
[2023-07-01 03:28:43,074] {processor.py:651} INFO - DAG(s) dict_keys(['sample_branch']) retrieved from /opt/airflow/dags/sample_branch.py
[2023-07-01 03:28:43,098] {logging_mixin.py:115} INFO - [2023-07-01 03:28:43,098] {dag.py:2371} INFO - Sync 1 DAGs
[2023-07-01 03:28:43,123] {logging_mixin.py:115} INFO - [2023-07-01 03:28:43,123] {dag.py:2919} INFO - Setting next_dagrun for sample_branch to 2023-07-01T00:00:00+00:00, run_after=2023-07-02T00:00:00+00:00
[2023-07-01 03:28:43,135] {processor.py:161} INFO - Processing /opt/airflow/dags/sample_branch.py took 0.076 seconds
[2023-07-01 03:29:13,356] {processor.py:153} INFO - Started process (PID=1548) to work on /opt/airflow/dags/sample_branch.py
[2023-07-01 03:29:13,358] {processor.py:641} INFO - Processing file /opt/airflow/dags/sample_branch.py for tasks to queue
[2023-07-01 03:29:13,359] {logging_mixin.py:115} INFO - [2023-07-01 03:29:13,359] {dagbag.py:507} INFO - Filling up the DagBag from /opt/airflow/dags/sample_branch.py
[2023-07-01 03:29:13,372] {processor.py:651} INFO - DAG(s) dict_keys(['sample_branch']) retrieved from /opt/airflow/dags/sample_branch.py
[2023-07-01 03:29:13,449] {logging_mixin.py:115} INFO - [2023-07-01 03:29:13,449] {dag.py:2371} INFO - Sync 1 DAGs
[2023-07-01 03:29:13,473] {logging_mixin.py:115} INFO - [2023-07-01 03:29:13,473] {dag.py:2919} INFO - Setting next_dagrun for sample_branch to 2023-07-01T00:00:00+00:00, run_after=2023-07-02T00:00:00+00:00
[2023-07-01 03:29:13,485] {processor.py:161} INFO - Processing /opt/airflow/dags/sample_branch.py took 0.136 seconds
[2023-07-01 03:29:43,654] {processor.py:153} INFO - Started process (PID=1569) to work on /opt/airflow/dags/sample_branch.py
[2023-07-01 03:29:43,655] {processor.py:641} INFO - Processing file /opt/airflow/dags/sample_branch.py for tasks to queue
[2023-07-01 03:29:43,656] {logging_mixin.py:115} INFO - [2023-07-01 03:29:43,656] {dagbag.py:507} INFO - Filling up the DagBag from /opt/airflow/dags/sample_branch.py
[2023-07-01 03:29:43,665] {processor.py:651} INFO - DAG(s) dict_keys(['sample_branch']) retrieved from /opt/airflow/dags/sample_branch.py
[2023-07-01 03:29:43,689] {logging_mixin.py:115} INFO - [2023-07-01 03:29:43,689] {dag.py:2371} INFO - Sync 1 DAGs
[2023-07-01 03:29:43,715] {logging_mixin.py:115} INFO - [2023-07-01 03:29:43,715] {dag.py:2919} INFO - Setting next_dagrun for sample_branch to 2023-07-01T00:00:00+00:00, run_after=2023-07-02T00:00:00+00:00
[2023-07-01 03:29:43,732] {processor.py:161} INFO - Processing /opt/airflow/dags/sample_branch.py took 0.081 seconds
[2023-07-01 03:30:13,950] {processor.py:153} INFO - Started process (PID=1590) to work on /opt/airflow/dags/sample_branch.py
[2023-07-01 03:30:13,951] {processor.py:641} INFO - Processing file /opt/airflow/dags/sample_branch.py for tasks to queue
[2023-07-01 03:30:13,951] {logging_mixin.py:115} INFO - [2023-07-01 03:30:13,951] {dagbag.py:507} INFO - Filling up the DagBag from /opt/airflow/dags/sample_branch.py
[2023-07-01 03:30:13,961] {processor.py:651} INFO - DAG(s) dict_keys(['sample_branch']) retrieved from /opt/airflow/dags/sample_branch.py
[2023-07-01 03:30:14,050] {logging_mixin.py:115} INFO - [2023-07-01 03:30:14,050] {dag.py:2371} INFO - Sync 1 DAGs
[2023-07-01 03:30:14,075] {logging_mixin.py:115} INFO - [2023-07-01 03:30:14,074] {dag.py:2919} INFO - Setting next_dagrun for sample_branch to 2023-07-01T00:00:00+00:00, run_after=2023-07-02T00:00:00+00:00
[2023-07-01 03:30:14,089] {processor.py:161} INFO - Processing /opt/airflow/dags/sample_branch.py took 0.144 seconds
[2023-07-01 03:30:44,261] {processor.py:153} INFO - Started process (PID=1611) to work on /opt/airflow/dags/sample_branch.py
[2023-07-01 03:30:44,262] {processor.py:641} INFO - Processing file /opt/airflow/dags/sample_branch.py for tasks to queue
[2023-07-01 03:30:44,262] {logging_mixin.py:115} INFO - [2023-07-01 03:30:44,262] {dagbag.py:507} INFO - Filling up the DagBag from /opt/airflow/dags/sample_branch.py
[2023-07-01 03:30:44,272] {processor.py:651} INFO - DAG(s) dict_keys(['sample_branch']) retrieved from /opt/airflow/dags/sample_branch.py
[2023-07-01 03:30:44,296] {logging_mixin.py:115} INFO - [2023-07-01 03:30:44,296] {dag.py:2371} INFO - Sync 1 DAGs
[2023-07-01 03:30:44,319] {logging_mixin.py:115} INFO - [2023-07-01 03:30:44,319] {dag.py:2919} INFO - Setting next_dagrun for sample_branch to 2023-07-01T00:00:00+00:00, run_after=2023-07-02T00:00:00+00:00
[2023-07-01 03:30:44,329] {processor.py:161} INFO - Processing /opt/airflow/dags/sample_branch.py took 0.072 seconds
[2023-07-01 03:31:14,545] {processor.py:153} INFO - Started process (PID=1632) to work on /opt/airflow/dags/sample_branch.py
[2023-07-01 03:31:14,546] {processor.py:641} INFO - Processing file /opt/airflow/dags/sample_branch.py for tasks to queue
[2023-07-01 03:31:14,546] {logging_mixin.py:115} INFO - [2023-07-01 03:31:14,546] {dagbag.py:507} INFO - Filling up the DagBag from /opt/airflow/dags/sample_branch.py
[2023-07-01 03:31:14,556] {processor.py:651} INFO - DAG(s) dict_keys(['sample_branch']) retrieved from /opt/airflow/dags/sample_branch.py
[2023-07-01 03:31:14,657] {logging_mixin.py:115} INFO - [2023-07-01 03:31:14,657] {dag.py:2371} INFO - Sync 1 DAGs
[2023-07-01 03:31:14,692] {logging_mixin.py:115} INFO - [2023-07-01 03:31:14,691] {dag.py:2919} INFO - Setting next_dagrun for sample_branch to 2023-07-01T00:00:00+00:00, run_after=2023-07-02T00:00:00+00:00
[2023-07-01 03:31:14,709] {processor.py:161} INFO - Processing /opt/airflow/dags/sample_branch.py took 0.168 seconds
[2023-07-01 03:31:44,848] {processor.py:153} INFO - Started process (PID=1653) to work on /opt/airflow/dags/sample_branch.py
[2023-07-01 03:31:44,849] {processor.py:641} INFO - Processing file /opt/airflow/dags/sample_branch.py for tasks to queue
[2023-07-01 03:31:44,849] {logging_mixin.py:115} INFO - [2023-07-01 03:31:44,849] {dagbag.py:507} INFO - Filling up the DagBag from /opt/airflow/dags/sample_branch.py
[2023-07-01 03:31:44,858] {processor.py:651} INFO - DAG(s) dict_keys(['sample_branch']) retrieved from /opt/airflow/dags/sample_branch.py
[2023-07-01 03:31:44,887] {logging_mixin.py:115} INFO - [2023-07-01 03:31:44,887] {dag.py:2371} INFO - Sync 1 DAGs
[2023-07-01 03:31:44,912] {logging_mixin.py:115} INFO - [2023-07-01 03:31:44,912] {dag.py:2919} INFO - Setting next_dagrun for sample_branch to 2023-07-01T00:00:00+00:00, run_after=2023-07-02T00:00:00+00:00
[2023-07-01 03:31:44,922] {processor.py:161} INFO - Processing /opt/airflow/dags/sample_branch.py took 0.078 seconds
[2023-07-01 03:32:15,132] {processor.py:153} INFO - Started process (PID=1674) to work on /opt/airflow/dags/sample_branch.py
[2023-07-01 03:32:15,133] {processor.py:641} INFO - Processing file /opt/airflow/dags/sample_branch.py for tasks to queue
[2023-07-01 03:32:15,134] {logging_mixin.py:115} INFO - [2023-07-01 03:32:15,134] {dagbag.py:507} INFO - Filling up the DagBag from /opt/airflow/dags/sample_branch.py
[2023-07-01 03:32:15,146] {processor.py:651} INFO - DAG(s) dict_keys(['sample_branch']) retrieved from /opt/airflow/dags/sample_branch.py
[2023-07-01 03:32:15,214] {logging_mixin.py:115} INFO - [2023-07-01 03:32:15,214] {dag.py:2371} INFO - Sync 1 DAGs
[2023-07-01 03:32:15,236] {logging_mixin.py:115} INFO - [2023-07-01 03:32:15,236] {dag.py:2919} INFO - Setting next_dagrun for sample_branch to 2023-07-01T00:00:00+00:00, run_after=2023-07-02T00:00:00+00:00
[2023-07-01 03:32:15,250] {processor.py:161} INFO - Processing /opt/airflow/dags/sample_branch.py took 0.122 seconds
[2023-07-01 03:32:45,421] {processor.py:153} INFO - Started process (PID=1695) to work on /opt/airflow/dags/sample_branch.py
[2023-07-01 03:32:45,421] {processor.py:641} INFO - Processing file /opt/airflow/dags/sample_branch.py for tasks to queue
[2023-07-01 03:32:45,422] {logging_mixin.py:115} INFO - [2023-07-01 03:32:45,422] {dagbag.py:507} INFO - Filling up the DagBag from /opt/airflow/dags/sample_branch.py
[2023-07-01 03:32:45,437] {processor.py:651} INFO - DAG(s) dict_keys(['sample_branch']) retrieved from /opt/airflow/dags/sample_branch.py
[2023-07-01 03:32:45,460] {logging_mixin.py:115} INFO - [2023-07-01 03:32:45,460] {dag.py:2371} INFO - Sync 1 DAGs
[2023-07-01 03:32:45,481] {logging_mixin.py:115} INFO - [2023-07-01 03:32:45,481] {dag.py:2919} INFO - Setting next_dagrun for sample_branch to 2023-07-01T00:00:00+00:00, run_after=2023-07-02T00:00:00+00:00
[2023-07-01 03:32:45,494] {processor.py:161} INFO - Processing /opt/airflow/dags/sample_branch.py took 0.078 seconds
[2023-07-01 03:33:15,686] {processor.py:153} INFO - Started process (PID=1716) to work on /opt/airflow/dags/sample_branch.py
[2023-07-01 03:33:15,687] {processor.py:641} INFO - Processing file /opt/airflow/dags/sample_branch.py for tasks to queue
[2023-07-01 03:33:15,688] {logging_mixin.py:115} INFO - [2023-07-01 03:33:15,688] {dagbag.py:507} INFO - Filling up the DagBag from /opt/airflow/dags/sample_branch.py
[2023-07-01 03:33:15,705] {processor.py:651} INFO - DAG(s) dict_keys(['sample_branch']) retrieved from /opt/airflow/dags/sample_branch.py
[2023-07-01 03:33:15,771] {logging_mixin.py:115} INFO - [2023-07-01 03:33:15,770] {dag.py:2371} INFO - Sync 1 DAGs
[2023-07-01 03:33:15,792] {logging_mixin.py:115} INFO - [2023-07-01 03:33:15,792] {dag.py:2919} INFO - Setting next_dagrun for sample_branch to 2023-07-01T00:00:00+00:00, run_after=2023-07-02T00:00:00+00:00
[2023-07-01 03:33:15,805] {processor.py:161} INFO - Processing /opt/airflow/dags/sample_branch.py took 0.124 seconds
[2023-07-01 03:33:45,963] {processor.py:153} INFO - Started process (PID=1737) to work on /opt/airflow/dags/sample_branch.py
[2023-07-01 03:33:45,964] {processor.py:641} INFO - Processing file /opt/airflow/dags/sample_branch.py for tasks to queue
[2023-07-01 03:33:45,965] {logging_mixin.py:115} INFO - [2023-07-01 03:33:45,965] {dagbag.py:507} INFO - Filling up the DagBag from /opt/airflow/dags/sample_branch.py
[2023-07-01 03:33:45,979] {processor.py:651} INFO - DAG(s) dict_keys(['sample_branch']) retrieved from /opt/airflow/dags/sample_branch.py
[2023-07-01 03:33:46,004] {logging_mixin.py:115} INFO - [2023-07-01 03:33:46,004] {dag.py:2371} INFO - Sync 1 DAGs
[2023-07-01 03:33:46,031] {logging_mixin.py:115} INFO - [2023-07-01 03:33:46,031] {dag.py:2919} INFO - Setting next_dagrun for sample_branch to 2023-07-01T00:00:00+00:00, run_after=2023-07-02T00:00:00+00:00
[2023-07-01 03:33:46,044] {processor.py:161} INFO - Processing /opt/airflow/dags/sample_branch.py took 0.086 seconds
