[2023-07-01 02:56:24,647] {processor.py:153} INFO - Started process (PID=195) to work on /opt/airflow/dags/sample_connection.py
[2023-07-01 02:56:24,648] {processor.py:641} INFO - Processing file /opt/airflow/dags/sample_connection.py for tasks to queue
[2023-07-01 02:56:24,649] {logging_mixin.py:115} INFO - [2023-07-01 02:56:24,649] {dagbag.py:507} INFO - Filling up the DagBag from /opt/airflow/dags/sample_connection.py
[2023-07-01 02:56:25,374] {processor.py:651} INFO - DAG(s) dict_keys(['sample_connection']) retrieved from /opt/airflow/dags/sample_connection.py
[2023-07-01 02:56:25,402] {logging_mixin.py:115} INFO - [2023-07-01 02:56:25,402] {dag.py:2371} INFO - Sync 1 DAGs
[2023-07-01 02:56:25,430] {logging_mixin.py:115} INFO - [2023-07-01 02:56:25,430] {dag.py:2919} INFO - Setting next_dagrun for sample_connection to 2023-06-29T23:00:00+00:00, run_after=2023-06-30T23:00:00+00:00
[2023-07-01 02:56:25,446] {processor.py:161} INFO - Processing /opt/airflow/dags/sample_connection.py took 0.803 seconds
[2023-07-01 02:56:56,134] {processor.py:153} INFO - Started process (PID=228) to work on /opt/airflow/dags/sample_connection.py
[2023-07-01 02:56:56,134] {processor.py:641} INFO - Processing file /opt/airflow/dags/sample_connection.py for tasks to queue
[2023-07-01 02:56:56,135] {logging_mixin.py:115} INFO - [2023-07-01 02:56:56,135] {dagbag.py:507} INFO - Filling up the DagBag from /opt/airflow/dags/sample_connection.py
[2023-07-01 02:56:56,456] {processor.py:651} INFO - DAG(s) dict_keys(['sample_connection']) retrieved from /opt/airflow/dags/sample_connection.py
[2023-07-01 02:56:56,471] {logging_mixin.py:115} INFO - [2023-07-01 02:56:56,471] {dag.py:2371} INFO - Sync 1 DAGs
[2023-07-01 02:56:56,489] {logging_mixin.py:115} INFO - [2023-07-01 02:56:56,489] {dag.py:2919} INFO - Setting next_dagrun for sample_connection to 2023-06-29T23:00:00+00:00, run_after=2023-06-30T23:00:00+00:00
[2023-07-01 02:56:56,498] {processor.py:161} INFO - Processing /opt/airflow/dags/sample_connection.py took 0.368 seconds
[2023-07-01 02:57:27,440] {processor.py:153} INFO - Started process (PID=249) to work on /opt/airflow/dags/sample_connection.py
[2023-07-01 02:57:27,442] {processor.py:641} INFO - Processing file /opt/airflow/dags/sample_connection.py for tasks to queue
[2023-07-01 02:57:27,443] {logging_mixin.py:115} INFO - [2023-07-01 02:57:27,442] {dagbag.py:507} INFO - Filling up the DagBag from /opt/airflow/dags/sample_connection.py
[2023-07-01 02:57:27,769] {processor.py:651} INFO - DAG(s) dict_keys(['sample_connection']) retrieved from /opt/airflow/dags/sample_connection.py
[2023-07-01 02:57:27,786] {logging_mixin.py:115} INFO - [2023-07-01 02:57:27,785] {dag.py:2371} INFO - Sync 1 DAGs
[2023-07-01 02:57:27,803] {logging_mixin.py:115} INFO - [2023-07-01 02:57:27,803] {dag.py:2919} INFO - Setting next_dagrun for sample_connection to 2023-06-29T23:00:00+00:00, run_after=2023-06-30T23:00:00+00:00
[2023-07-01 02:57:27,813] {processor.py:161} INFO - Processing /opt/airflow/dags/sample_connection.py took 0.381 seconds
[2023-07-01 02:57:58,728] {processor.py:153} INFO - Started process (PID=270) to work on /opt/airflow/dags/sample_connection.py
[2023-07-01 02:57:58,730] {processor.py:641} INFO - Processing file /opt/airflow/dags/sample_connection.py for tasks to queue
[2023-07-01 02:57:58,731] {logging_mixin.py:115} INFO - [2023-07-01 02:57:58,731] {dagbag.py:507} INFO - Filling up the DagBag from /opt/airflow/dags/sample_connection.py
[2023-07-01 02:57:59,044] {processor.py:651} INFO - DAG(s) dict_keys(['sample_connection']) retrieved from /opt/airflow/dags/sample_connection.py
[2023-07-01 02:57:59,060] {logging_mixin.py:115} INFO - [2023-07-01 02:57:59,060] {dag.py:2371} INFO - Sync 1 DAGs
[2023-07-01 02:57:59,078] {logging_mixin.py:115} INFO - [2023-07-01 02:57:59,078] {dag.py:2919} INFO - Setting next_dagrun for sample_connection to 2023-06-29T23:00:00+00:00, run_after=2023-06-30T23:00:00+00:00
[2023-07-01 02:57:59,087] {processor.py:161} INFO - Processing /opt/airflow/dags/sample_connection.py took 0.370 seconds
[2023-07-01 02:58:30,001] {processor.py:153} INFO - Started process (PID=291) to work on /opt/airflow/dags/sample_connection.py
[2023-07-01 02:58:30,002] {processor.py:641} INFO - Processing file /opt/airflow/dags/sample_connection.py for tasks to queue
[2023-07-01 02:58:30,002] {logging_mixin.py:115} INFO - [2023-07-01 02:58:30,002] {dagbag.py:507} INFO - Filling up the DagBag from /opt/airflow/dags/sample_connection.py
[2023-07-01 02:58:30,345] {processor.py:651} INFO - DAG(s) dict_keys(['sample_connection']) retrieved from /opt/airflow/dags/sample_connection.py
[2023-07-01 02:58:30,365] {logging_mixin.py:115} INFO - [2023-07-01 02:58:30,365] {dag.py:2371} INFO - Sync 1 DAGs
[2023-07-01 02:58:30,386] {logging_mixin.py:115} INFO - [2023-07-01 02:58:30,386] {dag.py:2919} INFO - Setting next_dagrun for sample_connection to 2023-06-29T23:00:00+00:00, run_after=2023-06-30T23:00:00+00:00
[2023-07-01 02:58:30,395] {processor.py:161} INFO - Processing /opt/airflow/dags/sample_connection.py took 0.397 seconds
[2023-07-01 02:59:01,323] {processor.py:153} INFO - Started process (PID=312) to work on /opt/airflow/dags/sample_connection.py
[2023-07-01 02:59:01,324] {processor.py:641} INFO - Processing file /opt/airflow/dags/sample_connection.py for tasks to queue
[2023-07-01 02:59:01,324] {logging_mixin.py:115} INFO - [2023-07-01 02:59:01,324] {dagbag.py:507} INFO - Filling up the DagBag from /opt/airflow/dags/sample_connection.py
[2023-07-01 02:59:01,658] {processor.py:651} INFO - DAG(s) dict_keys(['sample_connection']) retrieved from /opt/airflow/dags/sample_connection.py
[2023-07-01 02:59:01,673] {logging_mixin.py:115} INFO - [2023-07-01 02:59:01,673] {dag.py:2371} INFO - Sync 1 DAGs
[2023-07-01 02:59:01,692] {logging_mixin.py:115} INFO - [2023-07-01 02:59:01,692] {dag.py:2919} INFO - Setting next_dagrun for sample_connection to 2023-06-29T23:00:00+00:00, run_after=2023-06-30T23:00:00+00:00
[2023-07-01 02:59:01,701] {processor.py:161} INFO - Processing /opt/airflow/dags/sample_connection.py took 0.385 seconds
[2023-07-01 02:59:32,619] {processor.py:153} INFO - Started process (PID=333) to work on /opt/airflow/dags/sample_connection.py
[2023-07-01 02:59:32,620] {processor.py:641} INFO - Processing file /opt/airflow/dags/sample_connection.py for tasks to queue
[2023-07-01 02:59:32,621] {logging_mixin.py:115} INFO - [2023-07-01 02:59:32,621] {dagbag.py:507} INFO - Filling up the DagBag from /opt/airflow/dags/sample_connection.py
[2023-07-01 02:59:32,999] {processor.py:651} INFO - DAG(s) dict_keys(['sample_connection']) retrieved from /opt/airflow/dags/sample_connection.py
[2023-07-01 02:59:33,020] {logging_mixin.py:115} INFO - [2023-07-01 02:59:33,019] {dag.py:2371} INFO - Sync 1 DAGs
[2023-07-01 02:59:33,046] {logging_mixin.py:115} INFO - [2023-07-01 02:59:33,046] {dag.py:2919} INFO - Setting next_dagrun for sample_connection to 2023-06-29T23:00:00+00:00, run_after=2023-06-30T23:00:00+00:00
[2023-07-01 02:59:33,062] {processor.py:161} INFO - Processing /opt/airflow/dags/sample_connection.py took 0.447 seconds
[2023-07-01 03:00:03,943] {processor.py:153} INFO - Started process (PID=354) to work on /opt/airflow/dags/sample_connection.py
[2023-07-01 03:00:03,944] {processor.py:641} INFO - Processing file /opt/airflow/dags/sample_connection.py for tasks to queue
[2023-07-01 03:00:03,945] {logging_mixin.py:115} INFO - [2023-07-01 03:00:03,944] {dagbag.py:507} INFO - Filling up the DagBag from /opt/airflow/dags/sample_connection.py
[2023-07-01 03:00:04,283] {processor.py:651} INFO - DAG(s) dict_keys(['sample_connection']) retrieved from /opt/airflow/dags/sample_connection.py
[2023-07-01 03:00:04,301] {logging_mixin.py:115} INFO - [2023-07-01 03:00:04,300] {dag.py:2371} INFO - Sync 1 DAGs
[2023-07-01 03:00:04,325] {logging_mixin.py:115} INFO - [2023-07-01 03:00:04,325] {dag.py:2919} INFO - Setting next_dagrun for sample_connection to 2023-06-29T23:00:00+00:00, run_after=2023-06-30T23:00:00+00:00
[2023-07-01 03:00:04,335] {processor.py:161} INFO - Processing /opt/airflow/dags/sample_connection.py took 0.402 seconds
[2023-07-01 03:00:35,211] {processor.py:153} INFO - Started process (PID=375) to work on /opt/airflow/dags/sample_connection.py
[2023-07-01 03:00:35,211] {processor.py:641} INFO - Processing file /opt/airflow/dags/sample_connection.py for tasks to queue
[2023-07-01 03:00:35,212] {logging_mixin.py:115} INFO - [2023-07-01 03:00:35,212] {dagbag.py:507} INFO - Filling up the DagBag from /opt/airflow/dags/sample_connection.py
[2023-07-01 03:00:35,647] {processor.py:651} INFO - DAG(s) dict_keys(['sample_connection']) retrieved from /opt/airflow/dags/sample_connection.py
[2023-07-01 03:00:35,672] {logging_mixin.py:115} INFO - [2023-07-01 03:00:35,671] {dag.py:2371} INFO - Sync 1 DAGs
[2023-07-01 03:00:35,697] {logging_mixin.py:115} INFO - [2023-07-01 03:00:35,697] {dag.py:2919} INFO - Setting next_dagrun for sample_connection to 2023-06-29T23:00:00+00:00, run_after=2023-06-30T23:00:00+00:00
[2023-07-01 03:00:35,712] {processor.py:161} INFO - Processing /opt/airflow/dags/sample_connection.py took 0.505 seconds
[2023-07-01 03:01:06,558] {processor.py:153} INFO - Started process (PID=396) to work on /opt/airflow/dags/sample_connection.py
[2023-07-01 03:01:06,560] {processor.py:641} INFO - Processing file /opt/airflow/dags/sample_connection.py for tasks to queue
[2023-07-01 03:01:06,561] {logging_mixin.py:115} INFO - [2023-07-01 03:01:06,560] {dagbag.py:507} INFO - Filling up the DagBag from /opt/airflow/dags/sample_connection.py
[2023-07-01 03:01:06,892] {processor.py:651} INFO - DAG(s) dict_keys(['sample_connection']) retrieved from /opt/airflow/dags/sample_connection.py
[2023-07-01 03:01:06,909] {logging_mixin.py:115} INFO - [2023-07-01 03:01:06,909] {dag.py:2371} INFO - Sync 1 DAGs
[2023-07-01 03:01:06,928] {logging_mixin.py:115} INFO - [2023-07-01 03:01:06,927] {dag.py:2919} INFO - Setting next_dagrun for sample_connection to 2023-06-29T23:00:00+00:00, run_after=2023-06-30T23:00:00+00:00
[2023-07-01 03:01:06,938] {processor.py:161} INFO - Processing /opt/airflow/dags/sample_connection.py took 0.389 seconds
[2023-07-01 03:01:37,872] {processor.py:153} INFO - Started process (PID=417) to work on /opt/airflow/dags/sample_connection.py
[2023-07-01 03:01:37,873] {processor.py:641} INFO - Processing file /opt/airflow/dags/sample_connection.py for tasks to queue
[2023-07-01 03:01:37,874] {logging_mixin.py:115} INFO - [2023-07-01 03:01:37,873] {dagbag.py:507} INFO - Filling up the DagBag from /opt/airflow/dags/sample_connection.py
[2023-07-01 03:01:38,248] {processor.py:651} INFO - DAG(s) dict_keys(['sample_connection']) retrieved from /opt/airflow/dags/sample_connection.py
[2023-07-01 03:01:38,266] {logging_mixin.py:115} INFO - [2023-07-01 03:01:38,266] {dag.py:2371} INFO - Sync 1 DAGs
[2023-07-01 03:01:38,287] {logging_mixin.py:115} INFO - [2023-07-01 03:01:38,287] {dag.py:2919} INFO - Setting next_dagrun for sample_connection to 2023-06-29T23:00:00+00:00, run_after=2023-06-30T23:00:00+00:00
[2023-07-01 03:01:38,298] {processor.py:161} INFO - Processing /opt/airflow/dags/sample_connection.py took 0.433 seconds
[2023-07-01 03:02:09,132] {processor.py:153} INFO - Started process (PID=438) to work on /opt/airflow/dags/sample_connection.py
[2023-07-01 03:02:09,133] {processor.py:641} INFO - Processing file /opt/airflow/dags/sample_connection.py for tasks to queue
[2023-07-01 03:02:09,133] {logging_mixin.py:115} INFO - [2023-07-01 03:02:09,133] {dagbag.py:507} INFO - Filling up the DagBag from /opt/airflow/dags/sample_connection.py
[2023-07-01 03:02:09,462] {processor.py:651} INFO - DAG(s) dict_keys(['sample_connection']) retrieved from /opt/airflow/dags/sample_connection.py
[2023-07-01 03:02:09,477] {logging_mixin.py:115} INFO - [2023-07-01 03:02:09,477] {dag.py:2371} INFO - Sync 1 DAGs
[2023-07-01 03:02:09,498] {logging_mixin.py:115} INFO - [2023-07-01 03:02:09,498] {dag.py:2919} INFO - Setting next_dagrun for sample_connection to 2023-06-29T23:00:00+00:00, run_after=2023-06-30T23:00:00+00:00
[2023-07-01 03:02:09,509] {processor.py:161} INFO - Processing /opt/airflow/dags/sample_connection.py took 0.380 seconds
[2023-07-01 03:02:40,445] {processor.py:153} INFO - Started process (PID=459) to work on /opt/airflow/dags/sample_connection.py
[2023-07-01 03:02:40,446] {processor.py:641} INFO - Processing file /opt/airflow/dags/sample_connection.py for tasks to queue
[2023-07-01 03:02:40,447] {logging_mixin.py:115} INFO - [2023-07-01 03:02:40,447] {dagbag.py:507} INFO - Filling up the DagBag from /opt/airflow/dags/sample_connection.py
[2023-07-01 03:02:40,772] {processor.py:651} INFO - DAG(s) dict_keys(['sample_connection']) retrieved from /opt/airflow/dags/sample_connection.py
[2023-07-01 03:02:40,788] {logging_mixin.py:115} INFO - [2023-07-01 03:02:40,788] {dag.py:2371} INFO - Sync 1 DAGs
[2023-07-01 03:02:40,807] {logging_mixin.py:115} INFO - [2023-07-01 03:02:40,807] {dag.py:2919} INFO - Setting next_dagrun for sample_connection to 2023-06-29T23:00:00+00:00, run_after=2023-06-30T23:00:00+00:00
[2023-07-01 03:02:40,816] {processor.py:161} INFO - Processing /opt/airflow/dags/sample_connection.py took 0.377 seconds
[2023-07-01 03:03:11,772] {processor.py:153} INFO - Started process (PID=480) to work on /opt/airflow/dags/sample_connection.py
[2023-07-01 03:03:11,773] {processor.py:641} INFO - Processing file /opt/airflow/dags/sample_connection.py for tasks to queue
[2023-07-01 03:03:11,775] {logging_mixin.py:115} INFO - [2023-07-01 03:03:11,774] {dagbag.py:507} INFO - Filling up the DagBag from /opt/airflow/dags/sample_connection.py
[2023-07-01 03:03:12,114] {processor.py:651} INFO - DAG(s) dict_keys(['sample_connection']) retrieved from /opt/airflow/dags/sample_connection.py
[2023-07-01 03:03:12,130] {logging_mixin.py:115} INFO - [2023-07-01 03:03:12,130] {dag.py:2371} INFO - Sync 1 DAGs
[2023-07-01 03:03:12,150] {logging_mixin.py:115} INFO - [2023-07-01 03:03:12,149] {dag.py:2919} INFO - Setting next_dagrun for sample_connection to 2023-06-29T23:00:00+00:00, run_after=2023-06-30T23:00:00+00:00
[2023-07-01 03:03:12,158] {processor.py:161} INFO - Processing /opt/airflow/dags/sample_connection.py took 0.395 seconds
[2023-07-01 03:03:43,068] {processor.py:153} INFO - Started process (PID=501) to work on /opt/airflow/dags/sample_connection.py
[2023-07-01 03:03:43,069] {processor.py:641} INFO - Processing file /opt/airflow/dags/sample_connection.py for tasks to queue
[2023-07-01 03:03:43,070] {logging_mixin.py:115} INFO - [2023-07-01 03:03:43,070] {dagbag.py:507} INFO - Filling up the DagBag from /opt/airflow/dags/sample_connection.py
[2023-07-01 03:03:43,408] {processor.py:651} INFO - DAG(s) dict_keys(['sample_connection']) retrieved from /opt/airflow/dags/sample_connection.py
[2023-07-01 03:03:43,424] {logging_mixin.py:115} INFO - [2023-07-01 03:03:43,424] {dag.py:2371} INFO - Sync 1 DAGs
[2023-07-01 03:03:43,442] {logging_mixin.py:115} INFO - [2023-07-01 03:03:43,442] {dag.py:2919} INFO - Setting next_dagrun for sample_connection to 2023-06-29T23:00:00+00:00, run_after=2023-06-30T23:00:00+00:00
[2023-07-01 03:03:43,453] {processor.py:161} INFO - Processing /opt/airflow/dags/sample_connection.py took 0.390 seconds
[2023-07-01 03:04:14,375] {processor.py:153} INFO - Started process (PID=522) to work on /opt/airflow/dags/sample_connection.py
[2023-07-01 03:04:14,376] {processor.py:641} INFO - Processing file /opt/airflow/dags/sample_connection.py for tasks to queue
[2023-07-01 03:04:14,377] {logging_mixin.py:115} INFO - [2023-07-01 03:04:14,377] {dagbag.py:507} INFO - Filling up the DagBag from /opt/airflow/dags/sample_connection.py
[2023-07-01 03:04:14,696] {processor.py:651} INFO - DAG(s) dict_keys(['sample_connection']) retrieved from /opt/airflow/dags/sample_connection.py
[2023-07-01 03:04:14,716] {logging_mixin.py:115} INFO - [2023-07-01 03:04:14,716] {dag.py:2371} INFO - Sync 1 DAGs
[2023-07-01 03:04:14,736] {logging_mixin.py:115} INFO - [2023-07-01 03:04:14,736] {dag.py:2919} INFO - Setting next_dagrun for sample_connection to 2023-06-29T23:00:00+00:00, run_after=2023-06-30T23:00:00+00:00
[2023-07-01 03:04:14,744] {processor.py:161} INFO - Processing /opt/airflow/dags/sample_connection.py took 0.374 seconds
[2023-07-01 03:04:45,668] {processor.py:153} INFO - Started process (PID=543) to work on /opt/airflow/dags/sample_connection.py
[2023-07-01 03:04:45,670] {processor.py:641} INFO - Processing file /opt/airflow/dags/sample_connection.py for tasks to queue
[2023-07-01 03:04:45,671] {logging_mixin.py:115} INFO - [2023-07-01 03:04:45,670] {dagbag.py:507} INFO - Filling up the DagBag from /opt/airflow/dags/sample_connection.py
[2023-07-01 03:04:45,984] {processor.py:651} INFO - DAG(s) dict_keys(['sample_connection']) retrieved from /opt/airflow/dags/sample_connection.py
[2023-07-01 03:04:46,000] {logging_mixin.py:115} INFO - [2023-07-01 03:04:46,000] {dag.py:2371} INFO - Sync 1 DAGs
[2023-07-01 03:04:46,020] {logging_mixin.py:115} INFO - [2023-07-01 03:04:46,020] {dag.py:2919} INFO - Setting next_dagrun for sample_connection to 2023-06-29T23:00:00+00:00, run_after=2023-06-30T23:00:00+00:00
[2023-07-01 03:04:46,031] {processor.py:161} INFO - Processing /opt/airflow/dags/sample_connection.py took 0.372 seconds
[2023-07-01 03:05:16,945] {processor.py:153} INFO - Started process (PID=564) to work on /opt/airflow/dags/sample_connection.py
[2023-07-01 03:05:16,946] {processor.py:641} INFO - Processing file /opt/airflow/dags/sample_connection.py for tasks to queue
[2023-07-01 03:05:16,947] {logging_mixin.py:115} INFO - [2023-07-01 03:05:16,947] {dagbag.py:507} INFO - Filling up the DagBag from /opt/airflow/dags/sample_connection.py
[2023-07-01 03:05:17,274] {processor.py:651} INFO - DAG(s) dict_keys(['sample_connection']) retrieved from /opt/airflow/dags/sample_connection.py
[2023-07-01 03:05:17,293] {logging_mixin.py:115} INFO - [2023-07-01 03:05:17,293] {dag.py:2371} INFO - Sync 1 DAGs
[2023-07-01 03:05:17,312] {logging_mixin.py:115} INFO - [2023-07-01 03:05:17,312] {dag.py:2919} INFO - Setting next_dagrun for sample_connection to 2023-06-29T23:00:00+00:00, run_after=2023-06-30T23:00:00+00:00
[2023-07-01 03:05:17,324] {processor.py:161} INFO - Processing /opt/airflow/dags/sample_connection.py took 0.388 seconds
[2023-07-01 03:05:48,219] {processor.py:153} INFO - Started process (PID=585) to work on /opt/airflow/dags/sample_connection.py
[2023-07-01 03:05:48,220] {processor.py:641} INFO - Processing file /opt/airflow/dags/sample_connection.py for tasks to queue
[2023-07-01 03:05:48,221] {logging_mixin.py:115} INFO - [2023-07-01 03:05:48,221] {dagbag.py:507} INFO - Filling up the DagBag from /opt/airflow/dags/sample_connection.py
[2023-07-01 03:05:48,578] {processor.py:651} INFO - DAG(s) dict_keys(['sample_connection']) retrieved from /opt/airflow/dags/sample_connection.py
[2023-07-01 03:05:48,594] {logging_mixin.py:115} INFO - [2023-07-01 03:05:48,594] {dag.py:2371} INFO - Sync 1 DAGs
[2023-07-01 03:05:48,613] {logging_mixin.py:115} INFO - [2023-07-01 03:05:48,613] {dag.py:2919} INFO - Setting next_dagrun for sample_connection to 2023-06-29T23:00:00+00:00, run_after=2023-06-30T23:00:00+00:00
[2023-07-01 03:05:48,622] {processor.py:161} INFO - Processing /opt/airflow/dags/sample_connection.py took 0.410 seconds
[2023-07-01 03:06:19,508] {processor.py:153} INFO - Started process (PID=606) to work on /opt/airflow/dags/sample_connection.py
[2023-07-01 03:06:19,509] {processor.py:641} INFO - Processing file /opt/airflow/dags/sample_connection.py for tasks to queue
[2023-07-01 03:06:19,510] {logging_mixin.py:115} INFO - [2023-07-01 03:06:19,510] {dagbag.py:507} INFO - Filling up the DagBag from /opt/airflow/dags/sample_connection.py
[2023-07-01 03:06:19,873] {processor.py:651} INFO - DAG(s) dict_keys(['sample_connection']) retrieved from /opt/airflow/dags/sample_connection.py
[2023-07-01 03:06:19,891] {logging_mixin.py:115} INFO - [2023-07-01 03:06:19,890] {dag.py:2371} INFO - Sync 1 DAGs
[2023-07-01 03:06:19,914] {logging_mixin.py:115} INFO - [2023-07-01 03:06:19,913] {dag.py:2919} INFO - Setting next_dagrun for sample_connection to 2023-06-29T23:00:00+00:00, run_after=2023-06-30T23:00:00+00:00
[2023-07-01 03:06:19,926] {processor.py:161} INFO - Processing /opt/airflow/dags/sample_connection.py took 0.427 seconds
[2023-07-01 03:06:50,786] {processor.py:153} INFO - Started process (PID=627) to work on /opt/airflow/dags/sample_connection.py
[2023-07-01 03:06:50,787] {processor.py:641} INFO - Processing file /opt/airflow/dags/sample_connection.py for tasks to queue
[2023-07-01 03:06:50,788] {logging_mixin.py:115} INFO - [2023-07-01 03:06:50,788] {dagbag.py:507} INFO - Filling up the DagBag from /opt/airflow/dags/sample_connection.py
[2023-07-01 03:06:51,108] {processor.py:651} INFO - DAG(s) dict_keys(['sample_connection']) retrieved from /opt/airflow/dags/sample_connection.py
[2023-07-01 03:06:51,124] {logging_mixin.py:115} INFO - [2023-07-01 03:06:51,124] {dag.py:2371} INFO - Sync 1 DAGs
[2023-07-01 03:06:51,142] {logging_mixin.py:115} INFO - [2023-07-01 03:06:51,142] {dag.py:2919} INFO - Setting next_dagrun for sample_connection to 2023-06-29T23:00:00+00:00, run_after=2023-06-30T23:00:00+00:00
[2023-07-01 03:06:51,152] {processor.py:161} INFO - Processing /opt/airflow/dags/sample_connection.py took 0.374 seconds
[2023-07-01 03:07:22,115] {processor.py:153} INFO - Started process (PID=648) to work on /opt/airflow/dags/sample_connection.py
[2023-07-01 03:07:22,117] {processor.py:641} INFO - Processing file /opt/airflow/dags/sample_connection.py for tasks to queue
[2023-07-01 03:07:22,118] {logging_mixin.py:115} INFO - [2023-07-01 03:07:22,118] {dagbag.py:507} INFO - Filling up the DagBag from /opt/airflow/dags/sample_connection.py
[2023-07-01 03:07:22,464] {processor.py:651} INFO - DAG(s) dict_keys(['sample_connection']) retrieved from /opt/airflow/dags/sample_connection.py
[2023-07-01 03:07:22,480] {logging_mixin.py:115} INFO - [2023-07-01 03:07:22,480] {dag.py:2371} INFO - Sync 1 DAGs
[2023-07-01 03:07:22,500] {logging_mixin.py:115} INFO - [2023-07-01 03:07:22,500] {dag.py:2919} INFO - Setting next_dagrun for sample_connection to 2023-06-29T23:00:00+00:00, run_after=2023-06-30T23:00:00+00:00
[2023-07-01 03:07:22,510] {processor.py:161} INFO - Processing /opt/airflow/dags/sample_connection.py took 0.404 seconds
[2023-07-01 03:07:53,380] {processor.py:153} INFO - Started process (PID=669) to work on /opt/airflow/dags/sample_connection.py
[2023-07-01 03:07:53,381] {processor.py:641} INFO - Processing file /opt/airflow/dags/sample_connection.py for tasks to queue
[2023-07-01 03:07:53,382] {logging_mixin.py:115} INFO - [2023-07-01 03:07:53,382] {dagbag.py:507} INFO - Filling up the DagBag from /opt/airflow/dags/sample_connection.py
[2023-07-01 03:07:53,703] {processor.py:651} INFO - DAG(s) dict_keys(['sample_connection']) retrieved from /opt/airflow/dags/sample_connection.py
[2023-07-01 03:07:53,724] {logging_mixin.py:115} INFO - [2023-07-01 03:07:53,724] {dag.py:2371} INFO - Sync 1 DAGs
[2023-07-01 03:07:53,742] {logging_mixin.py:115} INFO - [2023-07-01 03:07:53,742] {dag.py:2919} INFO - Setting next_dagrun for sample_connection to 2023-06-29T23:00:00+00:00, run_after=2023-06-30T23:00:00+00:00
[2023-07-01 03:07:53,751] {processor.py:161} INFO - Processing /opt/airflow/dags/sample_connection.py took 0.375 seconds
[2023-07-01 03:08:24,666] {processor.py:153} INFO - Started process (PID=690) to work on /opt/airflow/dags/sample_connection.py
[2023-07-01 03:08:24,667] {processor.py:641} INFO - Processing file /opt/airflow/dags/sample_connection.py for tasks to queue
[2023-07-01 03:08:24,668] {logging_mixin.py:115} INFO - [2023-07-01 03:08:24,668] {dagbag.py:507} INFO - Filling up the DagBag from /opt/airflow/dags/sample_connection.py
[2023-07-01 03:08:24,972] {processor.py:651} INFO - DAG(s) dict_keys(['sample_connection']) retrieved from /opt/airflow/dags/sample_connection.py
[2023-07-01 03:08:24,987] {logging_mixin.py:115} INFO - [2023-07-01 03:08:24,987] {dag.py:2371} INFO - Sync 1 DAGs
[2023-07-01 03:08:25,005] {logging_mixin.py:115} INFO - [2023-07-01 03:08:25,005] {dag.py:2919} INFO - Setting next_dagrun for sample_connection to 2023-06-29T23:00:00+00:00, run_after=2023-06-30T23:00:00+00:00
[2023-07-01 03:08:25,015] {processor.py:161} INFO - Processing /opt/airflow/dags/sample_connection.py took 0.355 seconds
[2023-07-01 03:08:55,921] {processor.py:153} INFO - Started process (PID=711) to work on /opt/airflow/dags/sample_connection.py
[2023-07-01 03:08:55,923] {processor.py:641} INFO - Processing file /opt/airflow/dags/sample_connection.py for tasks to queue
[2023-07-01 03:08:55,924] {logging_mixin.py:115} INFO - [2023-07-01 03:08:55,924] {dagbag.py:507} INFO - Filling up the DagBag from /opt/airflow/dags/sample_connection.py
[2023-07-01 03:08:56,228] {processor.py:651} INFO - DAG(s) dict_keys(['sample_connection']) retrieved from /opt/airflow/dags/sample_connection.py
[2023-07-01 03:08:56,244] {logging_mixin.py:115} INFO - [2023-07-01 03:08:56,244] {dag.py:2371} INFO - Sync 1 DAGs
[2023-07-01 03:08:56,264] {logging_mixin.py:115} INFO - [2023-07-01 03:08:56,264] {dag.py:2919} INFO - Setting next_dagrun for sample_connection to 2023-06-29T23:00:00+00:00, run_after=2023-06-30T23:00:00+00:00
[2023-07-01 03:08:56,276] {processor.py:161} INFO - Processing /opt/airflow/dags/sample_connection.py took 0.364 seconds
[2023-07-01 03:09:27,212] {processor.py:153} INFO - Started process (PID=732) to work on /opt/airflow/dags/sample_connection.py
[2023-07-01 03:09:27,213] {processor.py:641} INFO - Processing file /opt/airflow/dags/sample_connection.py for tasks to queue
[2023-07-01 03:09:27,213] {logging_mixin.py:115} INFO - [2023-07-01 03:09:27,213] {dagbag.py:507} INFO - Filling up the DagBag from /opt/airflow/dags/sample_connection.py
[2023-07-01 03:09:27,550] {processor.py:651} INFO - DAG(s) dict_keys(['sample_connection']) retrieved from /opt/airflow/dags/sample_connection.py
[2023-07-01 03:09:27,566] {logging_mixin.py:115} INFO - [2023-07-01 03:09:27,566] {dag.py:2371} INFO - Sync 1 DAGs
[2023-07-01 03:09:27,585] {logging_mixin.py:115} INFO - [2023-07-01 03:09:27,585] {dag.py:2919} INFO - Setting next_dagrun for sample_connection to 2023-06-29T23:00:00+00:00, run_after=2023-06-30T23:00:00+00:00
[2023-07-01 03:09:27,593] {processor.py:161} INFO - Processing /opt/airflow/dags/sample_connection.py took 0.388 seconds
[2023-07-01 03:09:58,515] {processor.py:153} INFO - Started process (PID=753) to work on /opt/airflow/dags/sample_connection.py
[2023-07-01 03:09:58,516] {processor.py:641} INFO - Processing file /opt/airflow/dags/sample_connection.py for tasks to queue
[2023-07-01 03:09:58,517] {logging_mixin.py:115} INFO - [2023-07-01 03:09:58,517] {dagbag.py:507} INFO - Filling up the DagBag from /opt/airflow/dags/sample_connection.py
[2023-07-01 03:09:58,837] {processor.py:651} INFO - DAG(s) dict_keys(['sample_connection']) retrieved from /opt/airflow/dags/sample_connection.py
[2023-07-01 03:09:58,852] {logging_mixin.py:115} INFO - [2023-07-01 03:09:58,852] {dag.py:2371} INFO - Sync 1 DAGs
[2023-07-01 03:09:58,873] {logging_mixin.py:115} INFO - [2023-07-01 03:09:58,873] {dag.py:2919} INFO - Setting next_dagrun for sample_connection to 2023-06-29T23:00:00+00:00, run_after=2023-06-30T23:00:00+00:00
[2023-07-01 03:09:58,886] {processor.py:161} INFO - Processing /opt/airflow/dags/sample_connection.py took 0.382 seconds
[2023-07-01 03:10:29,778] {processor.py:153} INFO - Started process (PID=774) to work on /opt/airflow/dags/sample_connection.py
[2023-07-01 03:10:29,778] {processor.py:641} INFO - Processing file /opt/airflow/dags/sample_connection.py for tasks to queue
[2023-07-01 03:10:29,779] {logging_mixin.py:115} INFO - [2023-07-01 03:10:29,779] {dagbag.py:507} INFO - Filling up the DagBag from /opt/airflow/dags/sample_connection.py
[2023-07-01 03:10:30,082] {processor.py:651} INFO - DAG(s) dict_keys(['sample_connection']) retrieved from /opt/airflow/dags/sample_connection.py
[2023-07-01 03:10:30,102] {logging_mixin.py:115} INFO - [2023-07-01 03:10:30,102] {dag.py:2371} INFO - Sync 1 DAGs
[2023-07-01 03:10:30,126] {logging_mixin.py:115} INFO - [2023-07-01 03:10:30,126] {dag.py:2919} INFO - Setting next_dagrun for sample_connection to 2023-06-29T23:00:00+00:00, run_after=2023-06-30T23:00:00+00:00
[2023-07-01 03:10:30,136] {processor.py:161} INFO - Processing /opt/airflow/dags/sample_connection.py took 0.363 seconds
[2023-07-01 03:11:01,089] {processor.py:153} INFO - Started process (PID=795) to work on /opt/airflow/dags/sample_connection.py
[2023-07-01 03:11:01,090] {processor.py:641} INFO - Processing file /opt/airflow/dags/sample_connection.py for tasks to queue
[2023-07-01 03:11:01,091] {logging_mixin.py:115} INFO - [2023-07-01 03:11:01,090] {dagbag.py:507} INFO - Filling up the DagBag from /opt/airflow/dags/sample_connection.py
[2023-07-01 03:11:01,405] {processor.py:651} INFO - DAG(s) dict_keys(['sample_connection']) retrieved from /opt/airflow/dags/sample_connection.py
[2023-07-01 03:11:01,421] {logging_mixin.py:115} INFO - [2023-07-01 03:11:01,421] {dag.py:2371} INFO - Sync 1 DAGs
[2023-07-01 03:11:01,439] {logging_mixin.py:115} INFO - [2023-07-01 03:11:01,439] {dag.py:2919} INFO - Setting next_dagrun for sample_connection to 2023-06-29T23:00:00+00:00, run_after=2023-06-30T23:00:00+00:00
[2023-07-01 03:11:01,449] {processor.py:161} INFO - Processing /opt/airflow/dags/sample_connection.py took 0.363 seconds
[2023-07-01 03:11:32,457] {processor.py:153} INFO - Started process (PID=816) to work on /opt/airflow/dags/sample_connection.py
[2023-07-01 03:11:32,458] {processor.py:641} INFO - Processing file /opt/airflow/dags/sample_connection.py for tasks to queue
[2023-07-01 03:11:32,459] {logging_mixin.py:115} INFO - [2023-07-01 03:11:32,459] {dagbag.py:507} INFO - Filling up the DagBag from /opt/airflow/dags/sample_connection.py
[2023-07-01 03:11:32,772] {processor.py:651} INFO - DAG(s) dict_keys(['sample_connection']) retrieved from /opt/airflow/dags/sample_connection.py
[2023-07-01 03:11:32,788] {logging_mixin.py:115} INFO - [2023-07-01 03:11:32,788] {dag.py:2371} INFO - Sync 1 DAGs
[2023-07-01 03:11:32,806] {logging_mixin.py:115} INFO - [2023-07-01 03:11:32,806] {dag.py:2919} INFO - Setting next_dagrun for sample_connection to 2023-06-29T23:00:00+00:00, run_after=2023-06-30T23:00:00+00:00
[2023-07-01 03:11:32,816] {processor.py:161} INFO - Processing /opt/airflow/dags/sample_connection.py took 0.368 seconds
[2023-07-01 03:12:03,798] {processor.py:153} INFO - Started process (PID=845) to work on /opt/airflow/dags/sample_connection.py
[2023-07-01 03:12:03,798] {processor.py:641} INFO - Processing file /opt/airflow/dags/sample_connection.py for tasks to queue
[2023-07-01 03:12:03,799] {logging_mixin.py:115} INFO - [2023-07-01 03:12:03,799] {dagbag.py:507} INFO - Filling up the DagBag from /opt/airflow/dags/sample_connection.py
[2023-07-01 03:12:04,125] {processor.py:651} INFO - DAG(s) dict_keys(['sample_connection']) retrieved from /opt/airflow/dags/sample_connection.py
[2023-07-01 03:12:04,141] {logging_mixin.py:115} INFO - [2023-07-01 03:12:04,140] {dag.py:2371} INFO - Sync 1 DAGs
[2023-07-01 03:12:04,159] {logging_mixin.py:115} INFO - [2023-07-01 03:12:04,158] {dag.py:2919} INFO - Setting next_dagrun for sample_connection to 2023-06-29T23:00:00+00:00, run_after=2023-06-30T23:00:00+00:00
[2023-07-01 03:12:04,168] {processor.py:161} INFO - Processing /opt/airflow/dags/sample_connection.py took 0.373 seconds
[2023-07-01 03:12:34,231] {processor.py:153} INFO - Started process (PID=873) to work on /opt/airflow/dags/sample_connection.py
[2023-07-01 03:12:34,232] {processor.py:641} INFO - Processing file /opt/airflow/dags/sample_connection.py for tasks to queue
[2023-07-01 03:12:34,232] {logging_mixin.py:115} INFO - [2023-07-01 03:12:34,232] {dagbag.py:507} INFO - Filling up the DagBag from /opt/airflow/dags/sample_connection.py
[2023-07-01 03:12:34,571] {processor.py:651} INFO - DAG(s) dict_keys(['sample_connection']) retrieved from /opt/airflow/dags/sample_connection.py
[2023-07-01 03:12:34,588] {logging_mixin.py:115} INFO - [2023-07-01 03:12:34,588] {dag.py:2371} INFO - Sync 1 DAGs
[2023-07-01 03:12:34,609] {logging_mixin.py:115} INFO - [2023-07-01 03:12:34,609] {dag.py:2919} INFO - Setting next_dagrun for sample_connection to 2023-06-29T23:00:00+00:00, run_after=2023-06-30T23:00:00+00:00
[2023-07-01 03:12:34,618] {processor.py:161} INFO - Processing /opt/airflow/dags/sample_connection.py took 0.389 seconds
[2023-07-01 03:13:05,516] {processor.py:153} INFO - Started process (PID=894) to work on /opt/airflow/dags/sample_connection.py
[2023-07-01 03:13:05,517] {processor.py:641} INFO - Processing file /opt/airflow/dags/sample_connection.py for tasks to queue
[2023-07-01 03:13:05,519] {logging_mixin.py:115} INFO - [2023-07-01 03:13:05,519] {dagbag.py:507} INFO - Filling up the DagBag from /opt/airflow/dags/sample_connection.py
[2023-07-01 03:13:05,874] {processor.py:651} INFO - DAG(s) dict_keys(['sample_connection']) retrieved from /opt/airflow/dags/sample_connection.py
[2023-07-01 03:13:05,891] {logging_mixin.py:115} INFO - [2023-07-01 03:13:05,890] {dag.py:2371} INFO - Sync 1 DAGs
[2023-07-01 03:13:05,908] {logging_mixin.py:115} INFO - [2023-07-01 03:13:05,908] {dag.py:2919} INFO - Setting next_dagrun for sample_connection to 2023-06-29T23:00:00+00:00, run_after=2023-06-30T23:00:00+00:00
[2023-07-01 03:13:05,917] {processor.py:161} INFO - Processing /opt/airflow/dags/sample_connection.py took 0.411 seconds
[2023-07-01 03:13:36,809] {processor.py:153} INFO - Started process (PID=915) to work on /opt/airflow/dags/sample_connection.py
[2023-07-01 03:13:36,810] {processor.py:641} INFO - Processing file /opt/airflow/dags/sample_connection.py for tasks to queue
[2023-07-01 03:13:36,810] {logging_mixin.py:115} INFO - [2023-07-01 03:13:36,810] {dagbag.py:507} INFO - Filling up the DagBag from /opt/airflow/dags/sample_connection.py
[2023-07-01 03:13:37,132] {processor.py:651} INFO - DAG(s) dict_keys(['sample_connection']) retrieved from /opt/airflow/dags/sample_connection.py
[2023-07-01 03:13:37,148] {logging_mixin.py:115} INFO - [2023-07-01 03:13:37,148] {dag.py:2371} INFO - Sync 1 DAGs
[2023-07-01 03:13:37,167] {logging_mixin.py:115} INFO - [2023-07-01 03:13:37,167] {dag.py:2919} INFO - Setting next_dagrun for sample_connection to 2023-06-29T23:00:00+00:00, run_after=2023-06-30T23:00:00+00:00
[2023-07-01 03:13:37,176] {processor.py:161} INFO - Processing /opt/airflow/dags/sample_connection.py took 0.374 seconds
[2023-07-01 03:14:08,091] {processor.py:153} INFO - Started process (PID=936) to work on /opt/airflow/dags/sample_connection.py
[2023-07-01 03:14:08,093] {processor.py:641} INFO - Processing file /opt/airflow/dags/sample_connection.py for tasks to queue
[2023-07-01 03:14:08,094] {logging_mixin.py:115} INFO - [2023-07-01 03:14:08,094] {dagbag.py:507} INFO - Filling up the DagBag from /opt/airflow/dags/sample_connection.py
[2023-07-01 03:14:08,421] {processor.py:651} INFO - DAG(s) dict_keys(['sample_connection']) retrieved from /opt/airflow/dags/sample_connection.py
[2023-07-01 03:14:08,437] {logging_mixin.py:115} INFO - [2023-07-01 03:14:08,437] {dag.py:2371} INFO - Sync 1 DAGs
[2023-07-01 03:14:08,456] {logging_mixin.py:115} INFO - [2023-07-01 03:14:08,456] {dag.py:2919} INFO - Setting next_dagrun for sample_connection to 2023-06-29T23:00:00+00:00, run_after=2023-06-30T23:00:00+00:00
[2023-07-01 03:14:08,469] {processor.py:161} INFO - Processing /opt/airflow/dags/sample_connection.py took 0.387 seconds
[2023-07-01 03:14:39,362] {processor.py:153} INFO - Started process (PID=957) to work on /opt/airflow/dags/sample_connection.py
[2023-07-01 03:14:39,363] {processor.py:641} INFO - Processing file /opt/airflow/dags/sample_connection.py for tasks to queue
[2023-07-01 03:14:39,363] {logging_mixin.py:115} INFO - [2023-07-01 03:14:39,363] {dagbag.py:507} INFO - Filling up the DagBag from /opt/airflow/dags/sample_connection.py
[2023-07-01 03:14:39,724] {processor.py:651} INFO - DAG(s) dict_keys(['sample_connection']) retrieved from /opt/airflow/dags/sample_connection.py
[2023-07-01 03:14:39,741] {logging_mixin.py:115} INFO - [2023-07-01 03:14:39,741] {dag.py:2371} INFO - Sync 1 DAGs
[2023-07-01 03:14:39,761] {logging_mixin.py:115} INFO - [2023-07-01 03:14:39,761] {dag.py:2919} INFO - Setting next_dagrun for sample_connection to 2023-06-29T23:00:00+00:00, run_after=2023-06-30T23:00:00+00:00
[2023-07-01 03:14:39,774] {processor.py:161} INFO - Processing /opt/airflow/dags/sample_connection.py took 0.418 seconds
[2023-07-01 03:15:10,657] {processor.py:153} INFO - Started process (PID=978) to work on /opt/airflow/dags/sample_connection.py
[2023-07-01 03:15:10,658] {processor.py:641} INFO - Processing file /opt/airflow/dags/sample_connection.py for tasks to queue
[2023-07-01 03:15:10,659] {logging_mixin.py:115} INFO - [2023-07-01 03:15:10,659] {dagbag.py:507} INFO - Filling up the DagBag from /opt/airflow/dags/sample_connection.py
[2023-07-01 03:15:10,994] {processor.py:651} INFO - DAG(s) dict_keys(['sample_connection']) retrieved from /opt/airflow/dags/sample_connection.py
[2023-07-01 03:15:11,017] {logging_mixin.py:115} INFO - [2023-07-01 03:15:11,016] {dag.py:2371} INFO - Sync 1 DAGs
[2023-07-01 03:15:11,039] {logging_mixin.py:115} INFO - [2023-07-01 03:15:11,038] {dag.py:2919} INFO - Setting next_dagrun for sample_connection to 2023-06-29T23:00:00+00:00, run_after=2023-06-30T23:00:00+00:00
[2023-07-01 03:15:11,048] {processor.py:161} INFO - Processing /opt/airflow/dags/sample_connection.py took 0.401 seconds
[2023-07-01 03:15:41,962] {processor.py:153} INFO - Started process (PID=999) to work on /opt/airflow/dags/sample_connection.py
[2023-07-01 03:15:41,963] {processor.py:641} INFO - Processing file /opt/airflow/dags/sample_connection.py for tasks to queue
[2023-07-01 03:15:41,963] {logging_mixin.py:115} INFO - [2023-07-01 03:15:41,963] {dagbag.py:507} INFO - Filling up the DagBag from /opt/airflow/dags/sample_connection.py
[2023-07-01 03:15:42,294] {processor.py:651} INFO - DAG(s) dict_keys(['sample_connection']) retrieved from /opt/airflow/dags/sample_connection.py
[2023-07-01 03:15:42,310] {logging_mixin.py:115} INFO - [2023-07-01 03:15:42,309] {dag.py:2371} INFO - Sync 1 DAGs
[2023-07-01 03:15:42,329] {logging_mixin.py:115} INFO - [2023-07-01 03:15:42,329] {dag.py:2919} INFO - Setting next_dagrun for sample_connection to 2023-06-29T23:00:00+00:00, run_after=2023-06-30T23:00:00+00:00
[2023-07-01 03:15:42,339] {processor.py:161} INFO - Processing /opt/airflow/dags/sample_connection.py took 0.385 seconds
[2023-07-01 03:16:13,219] {processor.py:153} INFO - Started process (PID=1020) to work on /opt/airflow/dags/sample_connection.py
[2023-07-01 03:16:13,221] {processor.py:641} INFO - Processing file /opt/airflow/dags/sample_connection.py for tasks to queue
[2023-07-01 03:16:13,222] {logging_mixin.py:115} INFO - [2023-07-01 03:16:13,222] {dagbag.py:507} INFO - Filling up the DagBag from /opt/airflow/dags/sample_connection.py
[2023-07-01 03:16:13,585] {processor.py:651} INFO - DAG(s) dict_keys(['sample_connection']) retrieved from /opt/airflow/dags/sample_connection.py
[2023-07-01 03:16:13,602] {logging_mixin.py:115} INFO - [2023-07-01 03:16:13,602] {dag.py:2371} INFO - Sync 1 DAGs
[2023-07-01 03:16:13,623] {logging_mixin.py:115} INFO - [2023-07-01 03:16:13,623] {dag.py:2919} INFO - Setting next_dagrun for sample_connection to 2023-06-29T23:00:00+00:00, run_after=2023-06-30T23:00:00+00:00
[2023-07-01 03:16:13,634] {processor.py:161} INFO - Processing /opt/airflow/dags/sample_connection.py took 0.425 seconds
[2023-07-01 03:16:44,489] {processor.py:153} INFO - Started process (PID=1041) to work on /opt/airflow/dags/sample_connection.py
[2023-07-01 03:16:44,490] {processor.py:641} INFO - Processing file /opt/airflow/dags/sample_connection.py for tasks to queue
[2023-07-01 03:16:44,490] {logging_mixin.py:115} INFO - [2023-07-01 03:16:44,490] {dagbag.py:507} INFO - Filling up the DagBag from /opt/airflow/dags/sample_connection.py
[2023-07-01 03:16:44,910] {processor.py:651} INFO - DAG(s) dict_keys(['sample_connection']) retrieved from /opt/airflow/dags/sample_connection.py
[2023-07-01 03:16:44,930] {logging_mixin.py:115} INFO - [2023-07-01 03:16:44,930] {dag.py:2371} INFO - Sync 1 DAGs
[2023-07-01 03:16:44,956] {logging_mixin.py:115} INFO - [2023-07-01 03:16:44,955] {dag.py:2919} INFO - Setting next_dagrun for sample_connection to 2023-06-29T23:00:00+00:00, run_after=2023-06-30T23:00:00+00:00
[2023-07-01 03:16:44,966] {processor.py:161} INFO - Processing /opt/airflow/dags/sample_connection.py took 0.483 seconds
[2023-07-01 03:17:15,822] {processor.py:153} INFO - Started process (PID=1062) to work on /opt/airflow/dags/sample_connection.py
[2023-07-01 03:17:15,824] {processor.py:641} INFO - Processing file /opt/airflow/dags/sample_connection.py for tasks to queue
[2023-07-01 03:17:15,825] {logging_mixin.py:115} INFO - [2023-07-01 03:17:15,825] {dagbag.py:507} INFO - Filling up the DagBag from /opt/airflow/dags/sample_connection.py
[2023-07-01 03:17:16,134] {processor.py:651} INFO - DAG(s) dict_keys(['sample_connection']) retrieved from /opt/airflow/dags/sample_connection.py
[2023-07-01 03:17:16,150] {logging_mixin.py:115} INFO - [2023-07-01 03:17:16,150] {dag.py:2371} INFO - Sync 1 DAGs
[2023-07-01 03:17:16,168] {logging_mixin.py:115} INFO - [2023-07-01 03:17:16,168] {dag.py:2919} INFO - Setting next_dagrun for sample_connection to 2023-06-29T23:00:00+00:00, run_after=2023-06-30T23:00:00+00:00
[2023-07-01 03:17:16,177] {processor.py:161} INFO - Processing /opt/airflow/dags/sample_connection.py took 0.364 seconds
[2023-07-01 03:17:47,115] {processor.py:153} INFO - Started process (PID=1083) to work on /opt/airflow/dags/sample_connection.py
[2023-07-01 03:17:47,116] {processor.py:641} INFO - Processing file /opt/airflow/dags/sample_connection.py for tasks to queue
[2023-07-01 03:17:47,117] {logging_mixin.py:115} INFO - [2023-07-01 03:17:47,117] {dagbag.py:507} INFO - Filling up the DagBag from /opt/airflow/dags/sample_connection.py
[2023-07-01 03:17:47,445] {processor.py:651} INFO - DAG(s) dict_keys(['sample_connection']) retrieved from /opt/airflow/dags/sample_connection.py
[2023-07-01 03:17:47,463] {logging_mixin.py:115} INFO - [2023-07-01 03:17:47,462] {dag.py:2371} INFO - Sync 1 DAGs
[2023-07-01 03:17:47,485] {logging_mixin.py:115} INFO - [2023-07-01 03:17:47,485] {dag.py:2919} INFO - Setting next_dagrun for sample_connection to 2023-06-29T23:00:00+00:00, run_after=2023-06-30T23:00:00+00:00
[2023-07-01 03:17:47,494] {processor.py:161} INFO - Processing /opt/airflow/dags/sample_connection.py took 0.389 seconds
[2023-07-01 03:18:18,367] {processor.py:153} INFO - Started process (PID=1104) to work on /opt/airflow/dags/sample_connection.py
[2023-07-01 03:18:18,368] {processor.py:641} INFO - Processing file /opt/airflow/dags/sample_connection.py for tasks to queue
[2023-07-01 03:18:18,369] {logging_mixin.py:115} INFO - [2023-07-01 03:18:18,369] {dagbag.py:507} INFO - Filling up the DagBag from /opt/airflow/dags/sample_connection.py
[2023-07-01 03:18:18,680] {processor.py:651} INFO - DAG(s) dict_keys(['sample_connection']) retrieved from /opt/airflow/dags/sample_connection.py
[2023-07-01 03:18:18,696] {logging_mixin.py:115} INFO - [2023-07-01 03:18:18,696] {dag.py:2371} INFO - Sync 1 DAGs
[2023-07-01 03:18:18,714] {logging_mixin.py:115} INFO - [2023-07-01 03:18:18,714] {dag.py:2919} INFO - Setting next_dagrun for sample_connection to 2023-06-29T23:00:00+00:00, run_after=2023-06-30T23:00:00+00:00
[2023-07-01 03:18:18,723] {processor.py:161} INFO - Processing /opt/airflow/dags/sample_connection.py took 0.367 seconds
[2023-07-01 03:18:49,667] {processor.py:153} INFO - Started process (PID=1125) to work on /opt/airflow/dags/sample_connection.py
[2023-07-01 03:18:49,668] {processor.py:641} INFO - Processing file /opt/airflow/dags/sample_connection.py for tasks to queue
[2023-07-01 03:18:49,669] {logging_mixin.py:115} INFO - [2023-07-01 03:18:49,669] {dagbag.py:507} INFO - Filling up the DagBag from /opt/airflow/dags/sample_connection.py
[2023-07-01 03:18:49,973] {processor.py:651} INFO - DAG(s) dict_keys(['sample_connection']) retrieved from /opt/airflow/dags/sample_connection.py
[2023-07-01 03:18:49,990] {logging_mixin.py:115} INFO - [2023-07-01 03:18:49,990] {dag.py:2371} INFO - Sync 1 DAGs
[2023-07-01 03:18:50,008] {logging_mixin.py:115} INFO - [2023-07-01 03:18:50,008] {dag.py:2919} INFO - Setting next_dagrun for sample_connection to 2023-06-29T23:00:00+00:00, run_after=2023-06-30T23:00:00+00:00
[2023-07-01 03:18:50,017] {processor.py:161} INFO - Processing /opt/airflow/dags/sample_connection.py took 0.359 seconds
[2023-07-01 03:19:20,926] {processor.py:153} INFO - Started process (PID=1146) to work on /opt/airflow/dags/sample_connection.py
[2023-07-01 03:19:20,928] {processor.py:641} INFO - Processing file /opt/airflow/dags/sample_connection.py for tasks to queue
[2023-07-01 03:19:20,929] {logging_mixin.py:115} INFO - [2023-07-01 03:19:20,929] {dagbag.py:507} INFO - Filling up the DagBag from /opt/airflow/dags/sample_connection.py
[2023-07-01 03:19:21,248] {processor.py:651} INFO - DAG(s) dict_keys(['sample_connection']) retrieved from /opt/airflow/dags/sample_connection.py
[2023-07-01 03:19:21,263] {logging_mixin.py:115} INFO - [2023-07-01 03:19:21,263] {dag.py:2371} INFO - Sync 1 DAGs
[2023-07-01 03:19:21,281] {logging_mixin.py:115} INFO - [2023-07-01 03:19:21,281] {dag.py:2919} INFO - Setting next_dagrun for sample_connection to 2023-06-29T23:00:00+00:00, run_after=2023-06-30T23:00:00+00:00
[2023-07-01 03:19:21,290] {processor.py:161} INFO - Processing /opt/airflow/dags/sample_connection.py took 0.373 seconds
[2023-07-01 03:19:52,207] {processor.py:153} INFO - Started process (PID=1167) to work on /opt/airflow/dags/sample_connection.py
[2023-07-01 03:19:52,208] {processor.py:641} INFO - Processing file /opt/airflow/dags/sample_connection.py for tasks to queue
[2023-07-01 03:19:52,209] {logging_mixin.py:115} INFO - [2023-07-01 03:19:52,209] {dagbag.py:507} INFO - Filling up the DagBag from /opt/airflow/dags/sample_connection.py
[2023-07-01 03:19:52,539] {processor.py:651} INFO - DAG(s) dict_keys(['sample_connection']) retrieved from /opt/airflow/dags/sample_connection.py
[2023-07-01 03:19:52,557] {logging_mixin.py:115} INFO - [2023-07-01 03:19:52,557] {dag.py:2371} INFO - Sync 1 DAGs
[2023-07-01 03:19:52,575] {logging_mixin.py:115} INFO - [2023-07-01 03:19:52,575] {dag.py:2919} INFO - Setting next_dagrun for sample_connection to 2023-06-29T23:00:00+00:00, run_after=2023-06-30T23:00:00+00:00
[2023-07-01 03:19:52,583] {processor.py:161} INFO - Processing /opt/airflow/dags/sample_connection.py took 0.386 seconds
[2023-07-01 03:20:23,484] {processor.py:153} INFO - Started process (PID=1188) to work on /opt/airflow/dags/sample_connection.py
[2023-07-01 03:20:23,485] {processor.py:641} INFO - Processing file /opt/airflow/dags/sample_connection.py for tasks to queue
[2023-07-01 03:20:23,486] {logging_mixin.py:115} INFO - [2023-07-01 03:20:23,486] {dagbag.py:507} INFO - Filling up the DagBag from /opt/airflow/dags/sample_connection.py
[2023-07-01 03:20:23,785] {processor.py:651} INFO - DAG(s) dict_keys(['sample_connection']) retrieved from /opt/airflow/dags/sample_connection.py
[2023-07-01 03:20:23,801] {logging_mixin.py:115} INFO - [2023-07-01 03:20:23,801] {dag.py:2371} INFO - Sync 1 DAGs
[2023-07-01 03:20:23,820] {logging_mixin.py:115} INFO - [2023-07-01 03:20:23,820] {dag.py:2919} INFO - Setting next_dagrun for sample_connection to 2023-06-29T23:00:00+00:00, run_after=2023-06-30T23:00:00+00:00
[2023-07-01 03:20:23,829] {processor.py:161} INFO - Processing /opt/airflow/dags/sample_connection.py took 0.353 seconds
[2023-07-01 03:20:54,759] {processor.py:153} INFO - Started process (PID=1209) to work on /opt/airflow/dags/sample_connection.py
[2023-07-01 03:20:54,760] {processor.py:641} INFO - Processing file /opt/airflow/dags/sample_connection.py for tasks to queue
[2023-07-01 03:20:54,761] {logging_mixin.py:115} INFO - [2023-07-01 03:20:54,761] {dagbag.py:507} INFO - Filling up the DagBag from /opt/airflow/dags/sample_connection.py
[2023-07-01 03:20:55,078] {processor.py:651} INFO - DAG(s) dict_keys(['sample_connection']) retrieved from /opt/airflow/dags/sample_connection.py
[2023-07-01 03:20:55,094] {logging_mixin.py:115} INFO - [2023-07-01 03:20:55,094] {dag.py:2371} INFO - Sync 1 DAGs
[2023-07-01 03:20:55,114] {logging_mixin.py:115} INFO - [2023-07-01 03:20:55,114] {dag.py:2919} INFO - Setting next_dagrun for sample_connection to 2023-06-29T23:00:00+00:00, run_after=2023-06-30T23:00:00+00:00
[2023-07-01 03:20:55,124] {processor.py:161} INFO - Processing /opt/airflow/dags/sample_connection.py took 0.372 seconds
[2023-07-01 03:21:26,060] {processor.py:153} INFO - Started process (PID=1230) to work on /opt/airflow/dags/sample_connection.py
[2023-07-01 03:21:26,061] {processor.py:641} INFO - Processing file /opt/airflow/dags/sample_connection.py for tasks to queue
[2023-07-01 03:21:26,061] {logging_mixin.py:115} INFO - [2023-07-01 03:21:26,061] {dagbag.py:507} INFO - Filling up the DagBag from /opt/airflow/dags/sample_connection.py
[2023-07-01 03:21:26,378] {processor.py:651} INFO - DAG(s) dict_keys(['sample_connection']) retrieved from /opt/airflow/dags/sample_connection.py
[2023-07-01 03:21:26,398] {logging_mixin.py:115} INFO - [2023-07-01 03:21:26,398] {dag.py:2371} INFO - Sync 1 DAGs
[2023-07-01 03:21:26,420] {logging_mixin.py:115} INFO - [2023-07-01 03:21:26,420] {dag.py:2919} INFO - Setting next_dagrun for sample_connection to 2023-06-29T23:00:00+00:00, run_after=2023-06-30T23:00:00+00:00
[2023-07-01 03:21:26,429] {processor.py:161} INFO - Processing /opt/airflow/dags/sample_connection.py took 0.372 seconds
[2023-07-01 03:21:57,326] {processor.py:153} INFO - Started process (PID=1251) to work on /opt/airflow/dags/sample_connection.py
[2023-07-01 03:21:57,327] {processor.py:641} INFO - Processing file /opt/airflow/dags/sample_connection.py for tasks to queue
[2023-07-01 03:21:57,327] {logging_mixin.py:115} INFO - [2023-07-01 03:21:57,327] {dagbag.py:507} INFO - Filling up the DagBag from /opt/airflow/dags/sample_connection.py
[2023-07-01 03:21:57,664] {processor.py:651} INFO - DAG(s) dict_keys(['sample_connection']) retrieved from /opt/airflow/dags/sample_connection.py
[2023-07-01 03:21:57,681] {logging_mixin.py:115} INFO - [2023-07-01 03:21:57,681] {dag.py:2371} INFO - Sync 1 DAGs
[2023-07-01 03:21:57,699] {logging_mixin.py:115} INFO - [2023-07-01 03:21:57,699] {dag.py:2919} INFO - Setting next_dagrun for sample_connection to 2023-06-29T23:00:00+00:00, run_after=2023-06-30T23:00:00+00:00
[2023-07-01 03:21:57,708] {processor.py:161} INFO - Processing /opt/airflow/dags/sample_connection.py took 0.385 seconds
[2023-07-01 03:22:28,631] {processor.py:153} INFO - Started process (PID=1272) to work on /opt/airflow/dags/sample_connection.py
[2023-07-01 03:22:28,632] {processor.py:641} INFO - Processing file /opt/airflow/dags/sample_connection.py for tasks to queue
[2023-07-01 03:22:28,633] {logging_mixin.py:115} INFO - [2023-07-01 03:22:28,633] {dagbag.py:507} INFO - Filling up the DagBag from /opt/airflow/dags/sample_connection.py
[2023-07-01 03:22:28,983] {processor.py:651} INFO - DAG(s) dict_keys(['sample_connection']) retrieved from /opt/airflow/dags/sample_connection.py
[2023-07-01 03:22:29,002] {logging_mixin.py:115} INFO - [2023-07-01 03:22:29,002] {dag.py:2371} INFO - Sync 1 DAGs
[2023-07-01 03:22:29,024] {logging_mixin.py:115} INFO - [2023-07-01 03:22:29,024] {dag.py:2919} INFO - Setting next_dagrun for sample_connection to 2023-06-29T23:00:00+00:00, run_after=2023-06-30T23:00:00+00:00
[2023-07-01 03:22:29,034] {processor.py:161} INFO - Processing /opt/airflow/dags/sample_connection.py took 0.407 seconds
[2023-07-01 03:22:59,925] {processor.py:153} INFO - Started process (PID=1293) to work on /opt/airflow/dags/sample_connection.py
[2023-07-01 03:22:59,927] {processor.py:641} INFO - Processing file /opt/airflow/dags/sample_connection.py for tasks to queue
[2023-07-01 03:22:59,928] {logging_mixin.py:115} INFO - [2023-07-01 03:22:59,928] {dagbag.py:507} INFO - Filling up the DagBag from /opt/airflow/dags/sample_connection.py
[2023-07-01 03:23:00,246] {processor.py:651} INFO - DAG(s) dict_keys(['sample_connection']) retrieved from /opt/airflow/dags/sample_connection.py
[2023-07-01 03:23:00,267] {logging_mixin.py:115} INFO - [2023-07-01 03:23:00,267] {dag.py:2371} INFO - Sync 1 DAGs
[2023-07-01 03:23:00,285] {logging_mixin.py:115} INFO - [2023-07-01 03:23:00,285] {dag.py:2919} INFO - Setting next_dagrun for sample_connection to 2023-06-29T23:00:00+00:00, run_after=2023-06-30T23:00:00+00:00
[2023-07-01 03:23:00,294] {processor.py:161} INFO - Processing /opt/airflow/dags/sample_connection.py took 0.378 seconds
[2023-07-01 03:23:31,253] {processor.py:153} INFO - Started process (PID=1314) to work on /opt/airflow/dags/sample_connection.py
[2023-07-01 03:23:31,255] {processor.py:641} INFO - Processing file /opt/airflow/dags/sample_connection.py for tasks to queue
[2023-07-01 03:23:31,256] {logging_mixin.py:115} INFO - [2023-07-01 03:23:31,255] {dagbag.py:507} INFO - Filling up the DagBag from /opt/airflow/dags/sample_connection.py
[2023-07-01 03:23:31,587] {processor.py:651} INFO - DAG(s) dict_keys(['sample_connection']) retrieved from /opt/airflow/dags/sample_connection.py
[2023-07-01 03:23:31,605] {logging_mixin.py:115} INFO - [2023-07-01 03:23:31,604] {dag.py:2371} INFO - Sync 1 DAGs
[2023-07-01 03:23:31,624] {logging_mixin.py:115} INFO - [2023-07-01 03:23:31,623] {dag.py:2919} INFO - Setting next_dagrun for sample_connection to 2023-06-29T23:00:00+00:00, run_after=2023-06-30T23:00:00+00:00
[2023-07-01 03:23:31,633] {processor.py:161} INFO - Processing /opt/airflow/dags/sample_connection.py took 0.390 seconds
[2023-07-01 03:24:02,510] {processor.py:153} INFO - Started process (PID=1335) to work on /opt/airflow/dags/sample_connection.py
[2023-07-01 03:24:02,511] {processor.py:641} INFO - Processing file /opt/airflow/dags/sample_connection.py for tasks to queue
[2023-07-01 03:24:02,513] {logging_mixin.py:115} INFO - [2023-07-01 03:24:02,513] {dagbag.py:507} INFO - Filling up the DagBag from /opt/airflow/dags/sample_connection.py
[2023-07-01 03:24:02,833] {processor.py:651} INFO - DAG(s) dict_keys(['sample_connection']) retrieved from /opt/airflow/dags/sample_connection.py
[2023-07-01 03:24:02,849] {logging_mixin.py:115} INFO - [2023-07-01 03:24:02,848] {dag.py:2371} INFO - Sync 1 DAGs
[2023-07-01 03:24:02,867] {logging_mixin.py:115} INFO - [2023-07-01 03:24:02,867] {dag.py:2919} INFO - Setting next_dagrun for sample_connection to 2023-06-29T23:00:00+00:00, run_after=2023-06-30T23:00:00+00:00
[2023-07-01 03:24:02,876] {processor.py:161} INFO - Processing /opt/airflow/dags/sample_connection.py took 0.374 seconds
[2023-07-01 03:24:33,776] {processor.py:153} INFO - Started process (PID=1356) to work on /opt/airflow/dags/sample_connection.py
[2023-07-01 03:24:33,777] {processor.py:641} INFO - Processing file /opt/airflow/dags/sample_connection.py for tasks to queue
[2023-07-01 03:24:33,779] {logging_mixin.py:115} INFO - [2023-07-01 03:24:33,779] {dagbag.py:507} INFO - Filling up the DagBag from /opt/airflow/dags/sample_connection.py
[2023-07-01 03:24:34,104] {processor.py:651} INFO - DAG(s) dict_keys(['sample_connection']) retrieved from /opt/airflow/dags/sample_connection.py
[2023-07-01 03:24:34,122] {logging_mixin.py:115} INFO - [2023-07-01 03:24:34,122] {dag.py:2371} INFO - Sync 1 DAGs
[2023-07-01 03:24:34,140] {logging_mixin.py:115} INFO - [2023-07-01 03:24:34,140] {dag.py:2919} INFO - Setting next_dagrun for sample_connection to 2023-06-29T23:00:00+00:00, run_after=2023-06-30T23:00:00+00:00
[2023-07-01 03:24:34,150] {processor.py:161} INFO - Processing /opt/airflow/dags/sample_connection.py took 0.382 seconds
[2023-07-01 03:25:05,026] {processor.py:153} INFO - Started process (PID=1377) to work on /opt/airflow/dags/sample_connection.py
[2023-07-01 03:25:05,027] {processor.py:641} INFO - Processing file /opt/airflow/dags/sample_connection.py for tasks to queue
[2023-07-01 03:25:05,027] {logging_mixin.py:115} INFO - [2023-07-01 03:25:05,027] {dagbag.py:507} INFO - Filling up the DagBag from /opt/airflow/dags/sample_connection.py
[2023-07-01 03:25:05,330] {processor.py:651} INFO - DAG(s) dict_keys(['sample_connection']) retrieved from /opt/airflow/dags/sample_connection.py
[2023-07-01 03:25:05,347] {logging_mixin.py:115} INFO - [2023-07-01 03:25:05,347] {dag.py:2371} INFO - Sync 1 DAGs
[2023-07-01 03:25:05,374] {logging_mixin.py:115} INFO - [2023-07-01 03:25:05,374] {dag.py:2919} INFO - Setting next_dagrun for sample_connection to 2023-06-29T23:00:00+00:00, run_after=2023-06-30T23:00:00+00:00
[2023-07-01 03:25:05,383] {processor.py:161} INFO - Processing /opt/airflow/dags/sample_connection.py took 0.360 seconds
[2023-07-01 03:25:36,323] {processor.py:153} INFO - Started process (PID=1398) to work on /opt/airflow/dags/sample_connection.py
[2023-07-01 03:25:36,323] {processor.py:641} INFO - Processing file /opt/airflow/dags/sample_connection.py for tasks to queue
[2023-07-01 03:25:36,324] {logging_mixin.py:115} INFO - [2023-07-01 03:25:36,324] {dagbag.py:507} INFO - Filling up the DagBag from /opt/airflow/dags/sample_connection.py
[2023-07-01 03:25:36,642] {processor.py:651} INFO - DAG(s) dict_keys(['sample_connection']) retrieved from /opt/airflow/dags/sample_connection.py
[2023-07-01 03:25:36,659] {logging_mixin.py:115} INFO - [2023-07-01 03:25:36,658] {dag.py:2371} INFO - Sync 1 DAGs
[2023-07-01 03:25:36,677] {logging_mixin.py:115} INFO - [2023-07-01 03:25:36,676] {dag.py:2919} INFO - Setting next_dagrun for sample_connection to 2023-06-29T23:00:00+00:00, run_after=2023-06-30T23:00:00+00:00
[2023-07-01 03:25:36,685] {processor.py:161} INFO - Processing /opt/airflow/dags/sample_connection.py took 0.369 seconds
[2023-07-01 03:26:07,587] {processor.py:153} INFO - Started process (PID=1419) to work on /opt/airflow/dags/sample_connection.py
[2023-07-01 03:26:07,588] {processor.py:641} INFO - Processing file /opt/airflow/dags/sample_connection.py for tasks to queue
[2023-07-01 03:26:07,589] {logging_mixin.py:115} INFO - [2023-07-01 03:26:07,589] {dagbag.py:507} INFO - Filling up the DagBag from /opt/airflow/dags/sample_connection.py
[2023-07-01 03:26:07,904] {processor.py:651} INFO - DAG(s) dict_keys(['sample_connection']) retrieved from /opt/airflow/dags/sample_connection.py
[2023-07-01 03:26:07,920] {logging_mixin.py:115} INFO - [2023-07-01 03:26:07,920] {dag.py:2371} INFO - Sync 1 DAGs
[2023-07-01 03:26:07,937] {logging_mixin.py:115} INFO - [2023-07-01 03:26:07,937] {dag.py:2919} INFO - Setting next_dagrun for sample_connection to 2023-06-29T23:00:00+00:00, run_after=2023-06-30T23:00:00+00:00
[2023-07-01 03:26:07,947] {processor.py:161} INFO - Processing /opt/airflow/dags/sample_connection.py took 0.364 seconds
[2023-07-01 03:26:38,884] {processor.py:153} INFO - Started process (PID=1440) to work on /opt/airflow/dags/sample_connection.py
[2023-07-01 03:26:38,886] {processor.py:641} INFO - Processing file /opt/airflow/dags/sample_connection.py for tasks to queue
[2023-07-01 03:26:38,887] {logging_mixin.py:115} INFO - [2023-07-01 03:26:38,887] {dagbag.py:507} INFO - Filling up the DagBag from /opt/airflow/dags/sample_connection.py
[2023-07-01 03:26:39,197] {processor.py:651} INFO - DAG(s) dict_keys(['sample_connection']) retrieved from /opt/airflow/dags/sample_connection.py
[2023-07-01 03:26:39,214] {logging_mixin.py:115} INFO - [2023-07-01 03:26:39,213] {dag.py:2371} INFO - Sync 1 DAGs
[2023-07-01 03:26:39,233] {logging_mixin.py:115} INFO - [2023-07-01 03:26:39,233] {dag.py:2919} INFO - Setting next_dagrun for sample_connection to 2023-06-29T23:00:00+00:00, run_after=2023-06-30T23:00:00+00:00
[2023-07-01 03:26:39,247] {processor.py:161} INFO - Processing /opt/airflow/dags/sample_connection.py took 0.372 seconds
[2023-07-01 03:27:10,148] {processor.py:153} INFO - Started process (PID=1461) to work on /opt/airflow/dags/sample_connection.py
[2023-07-01 03:27:10,150] {processor.py:641} INFO - Processing file /opt/airflow/dags/sample_connection.py for tasks to queue
[2023-07-01 03:27:10,151] {logging_mixin.py:115} INFO - [2023-07-01 03:27:10,151] {dagbag.py:507} INFO - Filling up the DagBag from /opt/airflow/dags/sample_connection.py
[2023-07-01 03:27:10,516] {processor.py:651} INFO - DAG(s) dict_keys(['sample_connection']) retrieved from /opt/airflow/dags/sample_connection.py
[2023-07-01 03:27:10,532] {logging_mixin.py:115} INFO - [2023-07-01 03:27:10,532] {dag.py:2371} INFO - Sync 1 DAGs
[2023-07-01 03:27:10,551] {logging_mixin.py:115} INFO - [2023-07-01 03:27:10,550] {dag.py:2919} INFO - Setting next_dagrun for sample_connection to 2023-06-29T23:00:00+00:00, run_after=2023-06-30T23:00:00+00:00
[2023-07-01 03:27:10,563] {processor.py:161} INFO - Processing /opt/airflow/dags/sample_connection.py took 0.425 seconds
[2023-07-01 03:27:41,400] {processor.py:153} INFO - Started process (PID=1482) to work on /opt/airflow/dags/sample_connection.py
[2023-07-01 03:27:41,400] {processor.py:641} INFO - Processing file /opt/airflow/dags/sample_connection.py for tasks to queue
[2023-07-01 03:27:41,401] {logging_mixin.py:115} INFO - [2023-07-01 03:27:41,401] {dagbag.py:507} INFO - Filling up the DagBag from /opt/airflow/dags/sample_connection.py
[2023-07-01 03:27:41,728] {processor.py:651} INFO - DAG(s) dict_keys(['sample_connection']) retrieved from /opt/airflow/dags/sample_connection.py
[2023-07-01 03:27:41,745] {logging_mixin.py:115} INFO - [2023-07-01 03:27:41,744] {dag.py:2371} INFO - Sync 1 DAGs
[2023-07-01 03:27:41,765] {logging_mixin.py:115} INFO - [2023-07-01 03:27:41,765] {dag.py:2919} INFO - Setting next_dagrun for sample_connection to 2023-06-29T23:00:00+00:00, run_after=2023-06-30T23:00:00+00:00
[2023-07-01 03:27:41,774] {processor.py:161} INFO - Processing /opt/airflow/dags/sample_connection.py took 0.377 seconds
[2023-07-01 03:28:12,752] {processor.py:153} INFO - Started process (PID=1511) to work on /opt/airflow/dags/sample_connection.py
[2023-07-01 03:28:12,752] {processor.py:641} INFO - Processing file /opt/airflow/dags/sample_connection.py for tasks to queue
[2023-07-01 03:28:12,753] {logging_mixin.py:115} INFO - [2023-07-01 03:28:12,753] {dagbag.py:507} INFO - Filling up the DagBag from /opt/airflow/dags/sample_connection.py
[2023-07-01 03:28:13,186] {processor.py:651} INFO - DAG(s) dict_keys(['sample_connection']) retrieved from /opt/airflow/dags/sample_connection.py
[2023-07-01 03:28:13,212] {logging_mixin.py:115} INFO - [2023-07-01 03:28:13,212] {dag.py:2371} INFO - Sync 1 DAGs
[2023-07-01 03:28:13,240] {logging_mixin.py:115} INFO - [2023-07-01 03:28:13,240] {dag.py:2919} INFO - Setting next_dagrun for sample_connection to 2023-06-29T23:00:00+00:00, run_after=2023-06-30T23:00:00+00:00
[2023-07-01 03:28:13,256] {processor.py:161} INFO - Processing /opt/airflow/dags/sample_connection.py took 0.507 seconds
[2023-07-01 03:28:44,235] {processor.py:153} INFO - Started process (PID=1539) to work on /opt/airflow/dags/sample_connection.py
[2023-07-01 03:28:44,236] {processor.py:641} INFO - Processing file /opt/airflow/dags/sample_connection.py for tasks to queue
[2023-07-01 03:28:44,237] {logging_mixin.py:115} INFO - [2023-07-01 03:28:44,237] {dagbag.py:507} INFO - Filling up the DagBag from /opt/airflow/dags/sample_connection.py
[2023-07-01 03:28:44,589] {processor.py:651} INFO - DAG(s) dict_keys(['sample_connection']) retrieved from /opt/airflow/dags/sample_connection.py
[2023-07-01 03:28:44,605] {logging_mixin.py:115} INFO - [2023-07-01 03:28:44,604] {dag.py:2371} INFO - Sync 1 DAGs
[2023-07-01 03:28:44,624] {logging_mixin.py:115} INFO - [2023-07-01 03:28:44,624] {dag.py:2919} INFO - Setting next_dagrun for sample_connection to 2023-06-29T23:00:00+00:00, run_after=2023-06-30T23:00:00+00:00
[2023-07-01 03:28:44,637] {processor.py:161} INFO - Processing /opt/airflow/dags/sample_connection.py took 0.408 seconds
[2023-07-01 03:29:15,537] {processor.py:153} INFO - Started process (PID=1560) to work on /opt/airflow/dags/sample_connection.py
[2023-07-01 03:29:15,538] {processor.py:641} INFO - Processing file /opt/airflow/dags/sample_connection.py for tasks to queue
[2023-07-01 03:29:15,539] {logging_mixin.py:115} INFO - [2023-07-01 03:29:15,539] {dagbag.py:507} INFO - Filling up the DagBag from /opt/airflow/dags/sample_connection.py
[2023-07-01 03:29:15,882] {processor.py:651} INFO - DAG(s) dict_keys(['sample_connection']) retrieved from /opt/airflow/dags/sample_connection.py
[2023-07-01 03:29:15,902] {logging_mixin.py:115} INFO - [2023-07-01 03:29:15,902] {dag.py:2371} INFO - Sync 1 DAGs
[2023-07-01 03:29:15,923] {logging_mixin.py:115} INFO - [2023-07-01 03:29:15,923] {dag.py:2919} INFO - Setting next_dagrun for sample_connection to 2023-06-29T23:00:00+00:00, run_after=2023-06-30T23:00:00+00:00
[2023-07-01 03:29:15,933] {processor.py:161} INFO - Processing /opt/airflow/dags/sample_connection.py took 0.401 seconds
[2023-07-01 03:29:46,832] {processor.py:153} INFO - Started process (PID=1581) to work on /opt/airflow/dags/sample_connection.py
[2023-07-01 03:29:46,833] {processor.py:641} INFO - Processing file /opt/airflow/dags/sample_connection.py for tasks to queue
[2023-07-01 03:29:46,834] {logging_mixin.py:115} INFO - [2023-07-01 03:29:46,834] {dagbag.py:507} INFO - Filling up the DagBag from /opt/airflow/dags/sample_connection.py
[2023-07-01 03:29:47,166] {processor.py:651} INFO - DAG(s) dict_keys(['sample_connection']) retrieved from /opt/airflow/dags/sample_connection.py
[2023-07-01 03:29:47,186] {logging_mixin.py:115} INFO - [2023-07-01 03:29:47,186] {dag.py:2371} INFO - Sync 1 DAGs
[2023-07-01 03:29:47,208] {logging_mixin.py:115} INFO - [2023-07-01 03:29:47,207] {dag.py:2919} INFO - Setting next_dagrun for sample_connection to 2023-06-29T23:00:00+00:00, run_after=2023-06-30T23:00:00+00:00
[2023-07-01 03:29:47,218] {processor.py:161} INFO - Processing /opt/airflow/dags/sample_connection.py took 0.395 seconds
[2023-07-01 03:30:18,119] {processor.py:153} INFO - Started process (PID=1602) to work on /opt/airflow/dags/sample_connection.py
[2023-07-01 03:30:18,119] {processor.py:641} INFO - Processing file /opt/airflow/dags/sample_connection.py for tasks to queue
[2023-07-01 03:30:18,120] {logging_mixin.py:115} INFO - [2023-07-01 03:30:18,120] {dagbag.py:507} INFO - Filling up the DagBag from /opt/airflow/dags/sample_connection.py
[2023-07-01 03:30:18,453] {processor.py:651} INFO - DAG(s) dict_keys(['sample_connection']) retrieved from /opt/airflow/dags/sample_connection.py
[2023-07-01 03:30:18,474] {logging_mixin.py:115} INFO - [2023-07-01 03:30:18,474] {dag.py:2371} INFO - Sync 1 DAGs
[2023-07-01 03:30:18,494] {logging_mixin.py:115} INFO - [2023-07-01 03:30:18,494] {dag.py:2919} INFO - Setting next_dagrun for sample_connection to 2023-06-29T23:00:00+00:00, run_after=2023-06-30T23:00:00+00:00
[2023-07-01 03:30:18,504] {processor.py:161} INFO - Processing /opt/airflow/dags/sample_connection.py took 0.388 seconds
[2023-07-01 03:30:49,423] {processor.py:153} INFO - Started process (PID=1623) to work on /opt/airflow/dags/sample_connection.py
[2023-07-01 03:30:49,424] {processor.py:641} INFO - Processing file /opt/airflow/dags/sample_connection.py for tasks to queue
[2023-07-01 03:30:49,426] {logging_mixin.py:115} INFO - [2023-07-01 03:30:49,425] {dagbag.py:507} INFO - Filling up the DagBag from /opt/airflow/dags/sample_connection.py
[2023-07-01 03:30:49,778] {processor.py:651} INFO - DAG(s) dict_keys(['sample_connection']) retrieved from /opt/airflow/dags/sample_connection.py
[2023-07-01 03:30:49,797] {logging_mixin.py:115} INFO - [2023-07-01 03:30:49,797] {dag.py:2371} INFO - Sync 1 DAGs
[2023-07-01 03:30:49,818] {logging_mixin.py:115} INFO - [2023-07-01 03:30:49,817] {dag.py:2919} INFO - Setting next_dagrun for sample_connection to 2023-06-29T23:00:00+00:00, run_after=2023-06-30T23:00:00+00:00
[2023-07-01 03:30:49,830] {processor.py:161} INFO - Processing /opt/airflow/dags/sample_connection.py took 0.413 seconds
[2023-07-01 03:31:20,752] {processor.py:153} INFO - Started process (PID=1644) to work on /opt/airflow/dags/sample_connection.py
[2023-07-01 03:31:20,753] {processor.py:641} INFO - Processing file /opt/airflow/dags/sample_connection.py for tasks to queue
[2023-07-01 03:31:20,754] {logging_mixin.py:115} INFO - [2023-07-01 03:31:20,754] {dagbag.py:507} INFO - Filling up the DagBag from /opt/airflow/dags/sample_connection.py
[2023-07-01 03:31:21,121] {processor.py:651} INFO - DAG(s) dict_keys(['sample_connection']) retrieved from /opt/airflow/dags/sample_connection.py
[2023-07-01 03:31:21,140] {logging_mixin.py:115} INFO - [2023-07-01 03:31:21,139] {dag.py:2371} INFO - Sync 1 DAGs
[2023-07-01 03:31:21,162] {logging_mixin.py:115} INFO - [2023-07-01 03:31:21,162] {dag.py:2919} INFO - Setting next_dagrun for sample_connection to 2023-06-29T23:00:00+00:00, run_after=2023-06-30T23:00:00+00:00
[2023-07-01 03:31:21,175] {processor.py:161} INFO - Processing /opt/airflow/dags/sample_connection.py took 0.427 seconds
[2023-07-01 03:31:52,039] {processor.py:153} INFO - Started process (PID=1665) to work on /opt/airflow/dags/sample_connection.py
[2023-07-01 03:31:52,040] {processor.py:641} INFO - Processing file /opt/airflow/dags/sample_connection.py for tasks to queue
[2023-07-01 03:31:52,041] {logging_mixin.py:115} INFO - [2023-07-01 03:31:52,041] {dagbag.py:507} INFO - Filling up the DagBag from /opt/airflow/dags/sample_connection.py
[2023-07-01 03:31:52,394] {processor.py:651} INFO - DAG(s) dict_keys(['sample_connection']) retrieved from /opt/airflow/dags/sample_connection.py
[2023-07-01 03:31:52,410] {logging_mixin.py:115} INFO - [2023-07-01 03:31:52,410] {dag.py:2371} INFO - Sync 1 DAGs
[2023-07-01 03:31:52,434] {logging_mixin.py:115} INFO - [2023-07-01 03:31:52,434] {dag.py:2919} INFO - Setting next_dagrun for sample_connection to 2023-06-29T23:00:00+00:00, run_after=2023-06-30T23:00:00+00:00
[2023-07-01 03:31:52,446] {processor.py:161} INFO - Processing /opt/airflow/dags/sample_connection.py took 0.414 seconds
[2023-07-01 03:32:23,317] {processor.py:153} INFO - Started process (PID=1686) to work on /opt/airflow/dags/sample_connection.py
[2023-07-01 03:32:23,318] {processor.py:641} INFO - Processing file /opt/airflow/dags/sample_connection.py for tasks to queue
[2023-07-01 03:32:23,319] {logging_mixin.py:115} INFO - [2023-07-01 03:32:23,319] {dagbag.py:507} INFO - Filling up the DagBag from /opt/airflow/dags/sample_connection.py
[2023-07-01 03:32:23,664] {processor.py:651} INFO - DAG(s) dict_keys(['sample_connection']) retrieved from /opt/airflow/dags/sample_connection.py
[2023-07-01 03:32:23,680] {logging_mixin.py:115} INFO - [2023-07-01 03:32:23,680] {dag.py:2371} INFO - Sync 1 DAGs
[2023-07-01 03:32:23,698] {logging_mixin.py:115} INFO - [2023-07-01 03:32:23,698] {dag.py:2919} INFO - Setting next_dagrun for sample_connection to 2023-06-29T23:00:00+00:00, run_after=2023-06-30T23:00:00+00:00
[2023-07-01 03:32:23,707] {processor.py:161} INFO - Processing /opt/airflow/dags/sample_connection.py took 0.400 seconds
[2023-07-01 03:32:54,606] {processor.py:153} INFO - Started process (PID=1707) to work on /opt/airflow/dags/sample_connection.py
[2023-07-01 03:32:54,607] {processor.py:641} INFO - Processing file /opt/airflow/dags/sample_connection.py for tasks to queue
[2023-07-01 03:32:54,608] {logging_mixin.py:115} INFO - [2023-07-01 03:32:54,607] {dagbag.py:507} INFO - Filling up the DagBag from /opt/airflow/dags/sample_connection.py
[2023-07-01 03:32:54,927] {processor.py:651} INFO - DAG(s) dict_keys(['sample_connection']) retrieved from /opt/airflow/dags/sample_connection.py
[2023-07-01 03:32:54,944] {logging_mixin.py:115} INFO - [2023-07-01 03:32:54,944] {dag.py:2371} INFO - Sync 1 DAGs
[2023-07-01 03:32:54,963] {logging_mixin.py:115} INFO - [2023-07-01 03:32:54,963] {dag.py:2919} INFO - Setting next_dagrun for sample_connection to 2023-06-29T23:00:00+00:00, run_after=2023-06-30T23:00:00+00:00
[2023-07-01 03:32:54,974] {processor.py:161} INFO - Processing /opt/airflow/dags/sample_connection.py took 0.376 seconds
[2023-07-01 03:33:25,872] {processor.py:153} INFO - Started process (PID=1728) to work on /opt/airflow/dags/sample_connection.py
[2023-07-01 03:33:25,874] {processor.py:641} INFO - Processing file /opt/airflow/dags/sample_connection.py for tasks to queue
[2023-07-01 03:33:25,875] {logging_mixin.py:115} INFO - [2023-07-01 03:33:25,875] {dagbag.py:507} INFO - Filling up the DagBag from /opt/airflow/dags/sample_connection.py
[2023-07-01 03:33:26,176] {processor.py:651} INFO - DAG(s) dict_keys(['sample_connection']) retrieved from /opt/airflow/dags/sample_connection.py
[2023-07-01 03:33:26,194] {logging_mixin.py:115} INFO - [2023-07-01 03:33:26,194] {dag.py:2371} INFO - Sync 1 DAGs
[2023-07-01 03:33:26,215] {logging_mixin.py:115} INFO - [2023-07-01 03:33:26,215] {dag.py:2919} INFO - Setting next_dagrun for sample_connection to 2023-06-29T23:00:00+00:00, run_after=2023-06-30T23:00:00+00:00
[2023-07-01 03:33:26,224] {processor.py:161} INFO - Processing /opt/airflow/dags/sample_connection.py took 0.360 seconds
[2023-07-01 03:33:57,171] {processor.py:153} INFO - Started process (PID=1749) to work on /opt/airflow/dags/sample_connection.py
[2023-07-01 03:33:57,172] {processor.py:641} INFO - Processing file /opt/airflow/dags/sample_connection.py for tasks to queue
[2023-07-01 03:33:57,174] {logging_mixin.py:115} INFO - [2023-07-01 03:33:57,173] {dagbag.py:507} INFO - Filling up the DagBag from /opt/airflow/dags/sample_connection.py
[2023-07-01 03:33:57,573] {processor.py:651} INFO - DAG(s) dict_keys(['sample_connection']) retrieved from /opt/airflow/dags/sample_connection.py
[2023-07-01 03:33:57,591] {logging_mixin.py:115} INFO - [2023-07-01 03:33:57,590] {dag.py:2371} INFO - Sync 1 DAGs
[2023-07-01 03:33:57,614] {logging_mixin.py:115} INFO - [2023-07-01 03:33:57,614] {dag.py:2919} INFO - Setting next_dagrun for sample_connection to 2023-06-29T23:00:00+00:00, run_after=2023-06-30T23:00:00+00:00
[2023-07-01 03:33:57,626] {processor.py:161} INFO - Processing /opt/airflow/dags/sample_connection.py took 0.463 seconds
