[2023-07-30 16:04:09,166] {taskinstance.py:1159} INFO - Dependencies all met for <TaskInstance: show_table_data.show_table_data manual__2023-07-30T15:57:59.579725+00:00 [queued]>
[2023-07-30 16:04:09,174] {taskinstance.py:1159} INFO - Dependencies all met for <TaskInstance: show_table_data.show_table_data manual__2023-07-30T15:57:59.579725+00:00 [queued]>
[2023-07-30 16:04:09,174] {taskinstance.py:1356} INFO - 
--------------------------------------------------------------------------------
[2023-07-30 16:04:09,174] {taskinstance.py:1357} INFO - Starting attempt 4 of 4
[2023-07-30 16:04:09,174] {taskinstance.py:1358} INFO - 
--------------------------------------------------------------------------------
[2023-07-30 16:04:09,185] {taskinstance.py:1377} INFO - Executing <Task(PythonOperator): show_table_data> on 2023-07-30 15:57:59.579725+00:00
[2023-07-30 16:04:09,189] {standard_task_runner.py:52} INFO - Started process 1680 to run task
[2023-07-30 16:04:09,191] {standard_task_runner.py:79} INFO - Running: ['***', 'tasks', 'run', 'show_table_data', 'show_table_data', 'manual__2023-07-30T15:57:59.579725+00:00', '--job-id', '341', '--raw', '--subdir', 'DAGS_FOLDER/simple_dag_connection.py', '--cfg-path', '/tmp/tmpdnf8iezd', '--error-file', '/tmp/tmpv0a5foze']
[2023-07-30 16:04:09,192] {standard_task_runner.py:80} INFO - Job 341: Subtask show_table_data
[2023-07-30 16:04:09,240] {task_command.py:369} INFO - Running <TaskInstance: show_table_data.show_table_data manual__2023-07-30T15:57:59.579725+00:00 [running]> on host 0981bc456e01
[2023-07-30 16:04:09,308] {taskinstance.py:1571} INFO - Exporting the following env vars:
AIRFLOW_CTX_DAG_OWNER=***
AIRFLOW_CTX_DAG_ID=show_table_data
AIRFLOW_CTX_TASK_ID=show_table_data
AIRFLOW_CTX_EXECUTION_DATE=2023-07-30T15:57:59.579725+00:00
AIRFLOW_CTX_TRY_NUMBER=4
AIRFLOW_CTX_DAG_RUN_ID=manual__2023-07-30T15:57:59.579725+00:00
[2023-07-30 16:04:09,325] {logging_mixin.py:115} INFO - Isi tabel:
[2023-07-30 16:04:09,326] {logging_mixin.py:115} INFO - (1, 'closecontact', 'dikarantina', 'closecontact_dikarantina')
[2023-07-30 16:04:09,326] {logging_mixin.py:115} INFO - (2, 'closecontact', 'discarded', 'closecontact_discarded')
[2023-07-30 16:04:09,326] {logging_mixin.py:115} INFO - (3, 'closecontact', 'meninggal', 'closecontact_meninggal')
[2023-07-30 16:04:09,326] {logging_mixin.py:115} INFO - (4, 'confirmation', 'meninggal', 'confirmation_meninggal')
[2023-07-30 16:04:09,326] {logging_mixin.py:115} INFO - (5, 'confirmation', 'sembuh', 'confirmation_sembuh')
[2023-07-30 16:04:09,326] {logging_mixin.py:115} INFO - (6, 'probable', 'diisolasi', 'probable_diisolasi')
[2023-07-30 16:04:09,326] {logging_mixin.py:115} INFO - (7, 'probable', 'discarded', 'probable_discarded')
[2023-07-30 16:04:09,326] {logging_mixin.py:115} INFO - (8, 'probable', 'meninggal', 'probable_meninggal')
[2023-07-30 16:04:09,326] {logging_mixin.py:115} INFO - (9, 'suspect', 'diisolasi', 'suspect_diisolasi')
[2023-07-30 16:04:09,326] {logging_mixin.py:115} INFO - (10, 'suspect', 'discarded', 'suspect_discarded')
[2023-07-30 16:04:09,326] {logging_mixin.py:115} INFO - (11, 'suspect', 'meninggal', 'suspect_meninggal')
[2023-07-30 16:04:09,326] {python.py:173} INFO - Done. Returned value was: None
[2023-07-30 16:04:09,337] {taskinstance.py:1400} INFO - Marking task as SUCCESS. dag_id=show_table_data, task_id=show_table_data, execution_date=20230730T155759, start_date=20230730T160409, end_date=20230730T160409
[2023-07-30 16:04:09,363] {local_task_job.py:156} INFO - Task exited with return code 0
[2023-07-30 16:04:09,392] {local_task_job.py:273} INFO - 0 downstream tasks scheduled from follow-on schedule check
