[2023-08-05 05:50:04,983] {processor.py:153} INFO - Started process (PID=187) to work on /opt/airflow/dags/dag_final_project.py
[2023-08-05 05:50:04,984] {processor.py:641} INFO - Processing file /opt/airflow/dags/dag_final_project.py for tasks to queue
[2023-08-05 05:50:04,986] {logging_mixin.py:115} INFO - [2023-08-05 05:50:04,986] {dagbag.py:507} INFO - Filling up the DagBag from /opt/airflow/dags/dag_final_project.py
[2023-08-05 05:50:05,429] {processor.py:651} INFO - DAG(s) dict_keys(['dag_final_project_digitalskola']) retrieved from /opt/airflow/dags/dag_final_project.py
[2023-08-05 05:50:05,454] {logging_mixin.py:115} INFO - [2023-08-05 05:50:05,454] {dag.py:2371} INFO - Sync 1 DAGs
[2023-08-05 05:50:05,482] {logging_mixin.py:115} INFO - [2023-08-05 05:50:05,482] {dag.py:2919} INFO - Setting next_dagrun for dag_final_project_digitalskola to 2023-08-05T00:00:00+00:00, run_after=2023-08-06T00:00:00+00:00
[2023-08-05 05:50:05,494] {processor.py:161} INFO - Processing /opt/airflow/dags/dag_final_project.py took 0.515 seconds
[2023-08-05 05:50:35,606] {processor.py:153} INFO - Started process (PID=203) to work on /opt/airflow/dags/dag_final_project.py
[2023-08-05 05:50:35,607] {processor.py:641} INFO - Processing file /opt/airflow/dags/dag_final_project.py for tasks to queue
[2023-08-05 05:50:35,609] {logging_mixin.py:115} INFO - [2023-08-05 05:50:35,608] {dagbag.py:507} INFO - Filling up the DagBag from /opt/airflow/dags/dag_final_project.py
[2023-08-05 05:50:35,898] {processor.py:651} INFO - DAG(s) dict_keys(['dag_final_project_digitalskola']) retrieved from /opt/airflow/dags/dag_final_project.py
[2023-08-05 05:50:35,907] {logging_mixin.py:115} INFO - [2023-08-05 05:50:35,907] {dag.py:2371} INFO - Sync 1 DAGs
[2023-08-05 05:50:35,924] {logging_mixin.py:115} INFO - [2023-08-05 05:50:35,924] {dag.py:2919} INFO - Setting next_dagrun for dag_final_project_digitalskola to 2023-08-05T00:00:00+00:00, run_after=2023-08-06T00:00:00+00:00
[2023-08-05 05:50:35,932] {processor.py:161} INFO - Processing /opt/airflow/dags/dag_final_project.py took 0.335 seconds
[2023-08-05 05:51:06,021] {processor.py:153} INFO - Started process (PID=209) to work on /opt/airflow/dags/dag_final_project.py
[2023-08-05 05:51:06,021] {processor.py:641} INFO - Processing file /opt/airflow/dags/dag_final_project.py for tasks to queue
[2023-08-05 05:51:06,022] {logging_mixin.py:115} INFO - [2023-08-05 05:51:06,022] {dagbag.py:507} INFO - Filling up the DagBag from /opt/airflow/dags/dag_final_project.py
[2023-08-05 05:51:06,404] {processor.py:651} INFO - DAG(s) dict_keys(['dag_final_project_digitalskola']) retrieved from /opt/airflow/dags/dag_final_project.py
[2023-08-05 05:51:06,415] {logging_mixin.py:115} INFO - [2023-08-05 05:51:06,415] {dag.py:2371} INFO - Sync 1 DAGs
[2023-08-05 05:51:06,440] {logging_mixin.py:115} INFO - [2023-08-05 05:51:06,439] {dag.py:2919} INFO - Setting next_dagrun for dag_final_project_digitalskola to 2023-08-05T00:00:00+00:00, run_after=2023-08-06T00:00:00+00:00
[2023-08-05 05:51:06,449] {processor.py:161} INFO - Processing /opt/airflow/dags/dag_final_project.py took 0.432 seconds
[2023-08-05 05:51:36,551] {processor.py:153} INFO - Started process (PID=215) to work on /opt/airflow/dags/dag_final_project.py
[2023-08-05 05:51:36,552] {processor.py:641} INFO - Processing file /opt/airflow/dags/dag_final_project.py for tasks to queue
[2023-08-05 05:51:36,552] {logging_mixin.py:115} INFO - [2023-08-05 05:51:36,552] {dagbag.py:507} INFO - Filling up the DagBag from /opt/airflow/dags/dag_final_project.py
[2023-08-05 05:51:36,897] {processor.py:651} INFO - DAG(s) dict_keys(['dag_final_project_digitalskola']) retrieved from /opt/airflow/dags/dag_final_project.py
[2023-08-05 05:51:36,906] {logging_mixin.py:115} INFO - [2023-08-05 05:51:36,905] {dag.py:2371} INFO - Sync 1 DAGs
[2023-08-05 05:51:36,922] {logging_mixin.py:115} INFO - [2023-08-05 05:51:36,922] {dag.py:2919} INFO - Setting next_dagrun for dag_final_project_digitalskola to 2023-08-05T00:00:00+00:00, run_after=2023-08-06T00:00:00+00:00
[2023-08-05 05:51:36,930] {processor.py:161} INFO - Processing /opt/airflow/dags/dag_final_project.py took 0.384 seconds
[2023-08-05 05:52:07,028] {processor.py:153} INFO - Started process (PID=221) to work on /opt/airflow/dags/dag_final_project.py
[2023-08-05 05:52:07,028] {processor.py:641} INFO - Processing file /opt/airflow/dags/dag_final_project.py for tasks to queue
[2023-08-05 05:52:07,029] {logging_mixin.py:115} INFO - [2023-08-05 05:52:07,029] {dagbag.py:507} INFO - Filling up the DagBag from /opt/airflow/dags/dag_final_project.py
[2023-08-05 05:52:07,415] {processor.py:651} INFO - DAG(s) dict_keys(['dag_final_project_digitalskola']) retrieved from /opt/airflow/dags/dag_final_project.py
[2023-08-05 05:52:07,431] {logging_mixin.py:115} INFO - [2023-08-05 05:52:07,431] {dag.py:2371} INFO - Sync 1 DAGs
[2023-08-05 05:52:07,454] {logging_mixin.py:115} INFO - [2023-08-05 05:52:07,454] {dag.py:2919} INFO - Setting next_dagrun for dag_final_project_digitalskola to 2023-08-05T00:00:00+00:00, run_after=2023-08-06T00:00:00+00:00
[2023-08-05 05:52:07,463] {processor.py:161} INFO - Processing /opt/airflow/dags/dag_final_project.py took 0.438 seconds
[2023-08-05 05:52:37,578] {processor.py:153} INFO - Started process (PID=227) to work on /opt/airflow/dags/dag_final_project.py
[2023-08-05 05:52:37,579] {processor.py:641} INFO - Processing file /opt/airflow/dags/dag_final_project.py for tasks to queue
[2023-08-05 05:52:37,581] {logging_mixin.py:115} INFO - [2023-08-05 05:52:37,581] {dagbag.py:507} INFO - Filling up the DagBag from /opt/airflow/dags/dag_final_project.py
[2023-08-05 05:52:37,900] {processor.py:651} INFO - DAG(s) dict_keys(['dag_final_project_digitalskola']) retrieved from /opt/airflow/dags/dag_final_project.py
[2023-08-05 05:52:37,915] {logging_mixin.py:115} INFO - [2023-08-05 05:52:37,914] {dag.py:2371} INFO - Sync 1 DAGs
[2023-08-05 05:52:37,934] {logging_mixin.py:115} INFO - [2023-08-05 05:52:37,934] {dag.py:2919} INFO - Setting next_dagrun for dag_final_project_digitalskola to 2023-08-05T00:00:00+00:00, run_after=2023-08-06T00:00:00+00:00
[2023-08-05 05:52:37,942] {processor.py:161} INFO - Processing /opt/airflow/dags/dag_final_project.py took 0.373 seconds
[2023-08-05 05:53:34,894] {processor.py:153} INFO - Started process (PID=187) to work on /opt/airflow/dags/dag_final_project.py
[2023-08-05 05:53:34,894] {processor.py:641} INFO - Processing file /opt/airflow/dags/dag_final_project.py for tasks to queue
[2023-08-05 05:53:34,895] {logging_mixin.py:115} INFO - [2023-08-05 05:53:34,895] {dagbag.py:507} INFO - Filling up the DagBag from /opt/airflow/dags/dag_final_project.py
[2023-08-05 05:53:35,326] {processor.py:651} INFO - DAG(s) dict_keys(['dag_final_project_digitalskola']) retrieved from /opt/airflow/dags/dag_final_project.py
[2023-08-05 05:53:35,350] {logging_mixin.py:115} INFO - [2023-08-05 05:53:35,349] {dag.py:2371} INFO - Sync 1 DAGs
[2023-08-05 05:53:35,383] {logging_mixin.py:115} INFO - [2023-08-05 05:53:35,382] {dag.py:2919} INFO - Setting next_dagrun for dag_final_project_digitalskola to 2023-08-05T00:00:00+00:00, run_after=2023-08-06T00:00:00+00:00
[2023-08-05 05:53:35,394] {processor.py:161} INFO - Processing /opt/airflow/dags/dag_final_project.py took 0.504 seconds
[2023-08-05 05:54:05,509] {processor.py:153} INFO - Started process (PID=197) to work on /opt/airflow/dags/dag_final_project.py
[2023-08-05 05:54:05,510] {processor.py:641} INFO - Processing file /opt/airflow/dags/dag_final_project.py for tasks to queue
[2023-08-05 05:54:05,511] {logging_mixin.py:115} INFO - [2023-08-05 05:54:05,511] {dagbag.py:507} INFO - Filling up the DagBag from /opt/airflow/dags/dag_final_project.py
[2023-08-05 05:54:05,843] {processor.py:651} INFO - DAG(s) dict_keys(['dag_final_project_digitalskola']) retrieved from /opt/airflow/dags/dag_final_project.py
[2023-08-05 05:54:05,852] {logging_mixin.py:115} INFO - [2023-08-05 05:54:05,851] {dag.py:2371} INFO - Sync 1 DAGs
[2023-08-05 05:54:05,868] {logging_mixin.py:115} INFO - [2023-08-05 05:54:05,868] {dag.py:2919} INFO - Setting next_dagrun for dag_final_project_digitalskola to 2023-08-05T00:00:00+00:00, run_after=2023-08-06T00:00:00+00:00
[2023-08-05 05:54:05,877] {processor.py:161} INFO - Processing /opt/airflow/dags/dag_final_project.py took 0.379 seconds
[2023-08-05 05:54:35,988] {processor.py:153} INFO - Started process (PID=203) to work on /opt/airflow/dags/dag_final_project.py
[2023-08-05 05:54:35,989] {processor.py:641} INFO - Processing file /opt/airflow/dags/dag_final_project.py for tasks to queue
[2023-08-05 05:54:35,990] {logging_mixin.py:115} INFO - [2023-08-05 05:54:35,990] {dagbag.py:507} INFO - Filling up the DagBag from /opt/airflow/dags/dag_final_project.py
[2023-08-05 05:54:36,298] {processor.py:651} INFO - DAG(s) dict_keys(['dag_final_project_digitalskola']) retrieved from /opt/airflow/dags/dag_final_project.py
[2023-08-05 05:54:36,307] {logging_mixin.py:115} INFO - [2023-08-05 05:54:36,307] {dag.py:2371} INFO - Sync 1 DAGs
[2023-08-05 05:54:36,324] {logging_mixin.py:115} INFO - [2023-08-05 05:54:36,324] {dag.py:2919} INFO - Setting next_dagrun for dag_final_project_digitalskola to 2023-08-05T00:00:00+00:00, run_after=2023-08-06T00:00:00+00:00
[2023-08-05 05:54:36,331] {processor.py:161} INFO - Processing /opt/airflow/dags/dag_final_project.py took 0.352 seconds
[2023-08-05 05:55:06,445] {processor.py:153} INFO - Started process (PID=209) to work on /opt/airflow/dags/dag_final_project.py
[2023-08-05 05:55:06,446] {processor.py:641} INFO - Processing file /opt/airflow/dags/dag_final_project.py for tasks to queue
[2023-08-05 05:55:06,447] {logging_mixin.py:115} INFO - [2023-08-05 05:55:06,447] {dagbag.py:507} INFO - Filling up the DagBag from /opt/airflow/dags/dag_final_project.py
[2023-08-05 05:55:06,737] {processor.py:651} INFO - DAG(s) dict_keys(['dag_final_project_digitalskola']) retrieved from /opt/airflow/dags/dag_final_project.py
[2023-08-05 05:55:06,745] {logging_mixin.py:115} INFO - [2023-08-05 05:55:06,745] {dag.py:2371} INFO - Sync 1 DAGs
[2023-08-05 05:55:06,761] {logging_mixin.py:115} INFO - [2023-08-05 05:55:06,761] {dag.py:2919} INFO - Setting next_dagrun for dag_final_project_digitalskola to 2023-08-05T00:00:00+00:00, run_after=2023-08-06T00:00:00+00:00
[2023-08-05 05:55:06,769] {processor.py:161} INFO - Processing /opt/airflow/dags/dag_final_project.py took 0.335 seconds
[2023-08-05 05:55:36,887] {processor.py:153} INFO - Started process (PID=215) to work on /opt/airflow/dags/dag_final_project.py
[2023-08-05 05:55:36,888] {processor.py:641} INFO - Processing file /opt/airflow/dags/dag_final_project.py for tasks to queue
[2023-08-05 05:55:36,889] {logging_mixin.py:115} INFO - [2023-08-05 05:55:36,889] {dagbag.py:507} INFO - Filling up the DagBag from /opt/airflow/dags/dag_final_project.py
[2023-08-05 05:55:37,210] {processor.py:651} INFO - DAG(s) dict_keys(['dag_final_project_digitalskola']) retrieved from /opt/airflow/dags/dag_final_project.py
[2023-08-05 05:55:37,220] {logging_mixin.py:115} INFO - [2023-08-05 05:55:37,220] {dag.py:2371} INFO - Sync 1 DAGs
[2023-08-05 05:55:37,239] {logging_mixin.py:115} INFO - [2023-08-05 05:55:37,238] {dag.py:2919} INFO - Setting next_dagrun for dag_final_project_digitalskola to 2023-08-05T00:00:00+00:00, run_after=2023-08-06T00:00:00+00:00
[2023-08-05 05:55:37,247] {processor.py:161} INFO - Processing /opt/airflow/dags/dag_final_project.py took 0.370 seconds
[2023-08-05 05:56:07,355] {processor.py:153} INFO - Started process (PID=233) to work on /opt/airflow/dags/dag_final_project.py
[2023-08-05 05:56:07,356] {processor.py:641} INFO - Processing file /opt/airflow/dags/dag_final_project.py for tasks to queue
[2023-08-05 05:56:07,358] {logging_mixin.py:115} INFO - [2023-08-05 05:56:07,358] {dagbag.py:507} INFO - Filling up the DagBag from /opt/airflow/dags/dag_final_project.py
[2023-08-05 05:56:07,663] {processor.py:651} INFO - DAG(s) dict_keys(['dag_final_project_digitalskola']) retrieved from /opt/airflow/dags/dag_final_project.py
[2023-08-05 05:56:07,673] {logging_mixin.py:115} INFO - [2023-08-05 05:56:07,672] {dag.py:2371} INFO - Sync 1 DAGs
[2023-08-05 05:56:07,690] {logging_mixin.py:115} INFO - [2023-08-05 05:56:07,690] {dag.py:2919} INFO - Setting next_dagrun for dag_final_project_digitalskola to 2023-08-05T00:00:00+00:00, run_after=2023-08-06T00:00:00+00:00
[2023-08-05 05:56:07,699] {processor.py:161} INFO - Processing /opt/airflow/dags/dag_final_project.py took 0.354 seconds
[2023-08-05 05:56:37,803] {processor.py:153} INFO - Started process (PID=239) to work on /opt/airflow/dags/dag_final_project.py
[2023-08-05 05:56:37,804] {processor.py:641} INFO - Processing file /opt/airflow/dags/dag_final_project.py for tasks to queue
[2023-08-05 05:56:37,804] {logging_mixin.py:115} INFO - [2023-08-05 05:56:37,804] {dagbag.py:507} INFO - Filling up the DagBag from /opt/airflow/dags/dag_final_project.py
[2023-08-05 05:56:38,142] {processor.py:651} INFO - DAG(s) dict_keys(['dag_final_project_digitalskola']) retrieved from /opt/airflow/dags/dag_final_project.py
[2023-08-05 05:56:38,151] {logging_mixin.py:115} INFO - [2023-08-05 05:56:38,151] {dag.py:2371} INFO - Sync 1 DAGs
[2023-08-05 05:56:38,169] {logging_mixin.py:115} INFO - [2023-08-05 05:56:38,169] {dag.py:2919} INFO - Setting next_dagrun for dag_final_project_digitalskola to 2023-08-05T00:00:00+00:00, run_after=2023-08-06T00:00:00+00:00
[2023-08-05 05:56:38,177] {processor.py:161} INFO - Processing /opt/airflow/dags/dag_final_project.py took 0.379 seconds
[2023-08-05 05:57:08,264] {processor.py:153} INFO - Started process (PID=245) to work on /opt/airflow/dags/dag_final_project.py
[2023-08-05 05:57:08,265] {processor.py:641} INFO - Processing file /opt/airflow/dags/dag_final_project.py for tasks to queue
[2023-08-05 05:57:08,265] {logging_mixin.py:115} INFO - [2023-08-05 05:57:08,265] {dagbag.py:507} INFO - Filling up the DagBag from /opt/airflow/dags/dag_final_project.py
[2023-08-05 05:57:08,572] {processor.py:651} INFO - DAG(s) dict_keys(['dag_final_project_digitalskola']) retrieved from /opt/airflow/dags/dag_final_project.py
[2023-08-05 05:57:08,583] {logging_mixin.py:115} INFO - [2023-08-05 05:57:08,582] {dag.py:2371} INFO - Sync 1 DAGs
[2023-08-05 05:57:08,604] {logging_mixin.py:115} INFO - [2023-08-05 05:57:08,604] {dag.py:2919} INFO - Setting next_dagrun for dag_final_project_digitalskola to 2023-08-05T00:00:00+00:00, run_after=2023-08-06T00:00:00+00:00
[2023-08-05 05:57:08,613] {processor.py:161} INFO - Processing /opt/airflow/dags/dag_final_project.py took 0.352 seconds
