[2023-07-28 15:02:32,553] {taskinstance.py:1159} INFO - Dependencies all met for <TaskInstance: first_sample_dag.print_hello_world manual__2023-07-28T15:02:30.964181+00:00 [queued]>
[2023-07-28 15:02:32,565] {taskinstance.py:1159} INFO - Dependencies all met for <TaskInstance: first_sample_dag.print_hello_world manual__2023-07-28T15:02:30.964181+00:00 [queued]>
[2023-07-28 15:02:32,565] {taskinstance.py:1356} INFO - 
--------------------------------------------------------------------------------
[2023-07-28 15:02:32,565] {taskinstance.py:1357} INFO - Starting attempt 1 of 1
[2023-07-28 15:02:32,565] {taskinstance.py:1358} INFO - 
--------------------------------------------------------------------------------
[2023-07-28 15:02:32,580] {taskinstance.py:1377} INFO - Executing <Task(BashOperator): print_hello_world> on 2023-07-28 15:02:30.964181+00:00
[2023-07-28 15:02:32,585] {standard_task_runner.py:52} INFO - Started process 314 to run task
[2023-07-28 15:02:32,588] {standard_task_runner.py:79} INFO - Running: ['***', 'tasks', 'run', 'first_sample_dag', 'print_hello_world', 'manual__2023-07-28T15:02:30.964181+00:00', '--job-id', '276', '--raw', '--subdir', 'DAGS_FOLDER/sample_dag.py', '--cfg-path', '/tmp/tmpf1bzctau', '--error-file', '/tmp/tmp3hxh6eeu']
[2023-07-28 15:02:32,589] {standard_task_runner.py:80} INFO - Job 276: Subtask print_hello_world
[2023-07-28 15:02:32,652] {task_command.py:369} INFO - Running <TaskInstance: first_sample_dag.print_hello_world manual__2023-07-28T15:02:30.964181+00:00 [running]> on host e8e0743c440d
[2023-07-28 15:02:32,739] {taskinstance.py:1571} INFO - Exporting the following env vars:
AIRFLOW_CTX_DAG_OWNER=***
AIRFLOW_CTX_DAG_ID=first_sample_dag
AIRFLOW_CTX_TASK_ID=print_hello_world
AIRFLOW_CTX_EXECUTION_DATE=2023-07-28T15:02:30.964181+00:00
AIRFLOW_CTX_TRY_NUMBER=1
AIRFLOW_CTX_DAG_RUN_ID=manual__2023-07-28T15:02:30.964181+00:00
[2023-07-28 15:02:32,740] {subprocess.py:62} INFO - Tmp dir root location: 
 /tmp
[2023-07-28 15:02:32,741] {subprocess.py:74} INFO - Running command: ['bash', '-c', 'echo "HelloWorld!"']
[2023-07-28 15:02:32,754] {subprocess.py:85} INFO - Output:
[2023-07-28 15:02:32,761] {subprocess.py:92} INFO - HelloWorld!
[2023-07-28 15:02:32,762] {subprocess.py:96} INFO - Command exited with return code 0
[2023-07-28 15:02:32,798] {taskinstance.py:1400} INFO - Marking task as SUCCESS. dag_id=first_sample_dag, task_id=print_hello_world, execution_date=20230728T150230, start_date=20230728T150232, end_date=20230728T150232
[2023-07-28 15:02:32,839] {local_task_job.py:156} INFO - Task exited with return code 0
[2023-07-28 15:02:32,872] {local_task_job.py:273} INFO - 0 downstream tasks scheduled from follow-on schedule check
