[2023-08-01 07:12:13,725] {taskinstance.py:1159} INFO - Dependencies all met for <TaskInstance: dag_final_project_digitalskola.get_data_from_api manual__2023-08-01T07:12:12.460277+00:00 [queued]>
[2023-08-01 07:12:13,734] {taskinstance.py:1159} INFO - Dependencies all met for <TaskInstance: dag_final_project_digitalskola.get_data_from_api manual__2023-08-01T07:12:12.460277+00:00 [queued]>
[2023-08-01 07:12:13,734] {taskinstance.py:1356} INFO - 
--------------------------------------------------------------------------------
[2023-08-01 07:12:13,734] {taskinstance.py:1357} INFO - Starting attempt 1 of 1
[2023-08-01 07:12:13,734] {taskinstance.py:1358} INFO - 
--------------------------------------------------------------------------------
[2023-08-01 07:12:13,748] {taskinstance.py:1377} INFO - Executing <Task(PythonOperator): get_data_from_api> on 2023-08-01 07:12:12.460277+00:00
[2023-08-01 07:12:13,752] {standard_task_runner.py:52} INFO - Started process 230 to run task
[2023-08-01 07:12:13,755] {standard_task_runner.py:79} INFO - Running: ['***', 'tasks', 'run', 'dag_final_project_digitalskola', 'get_data_from_api', 'manual__2023-08-01T07:12:12.460277+00:00', '--job-id', '383', '--raw', '--subdir', 'DAGS_FOLDER/dag_final_project.py', '--cfg-path', '/tmp/tmpet2skq2j', '--error-file', '/tmp/tmp9i9qvkc0']
[2023-08-01 07:12:13,756] {standard_task_runner.py:80} INFO - Job 383: Subtask get_data_from_api
[2023-08-01 07:12:13,812] {task_command.py:369} INFO - Running <TaskInstance: dag_final_project_digitalskola.get_data_from_api manual__2023-08-01T07:12:12.460277+00:00 [running]> on host f6362345675d
[2023-08-01 07:12:13,898] {taskinstance.py:1571} INFO - Exporting the following env vars:
AIRFLOW_CTX_DAG_OWNER=***
AIRFLOW_CTX_DAG_ID=dag_final_project_digitalskola
AIRFLOW_CTX_TASK_ID=get_data_from_api
AIRFLOW_CTX_EXECUTION_DATE=2023-08-01T07:12:12.460277+00:00
AIRFLOW_CTX_TRY_NUMBER=1
AIRFLOW_CTX_DAG_RUN_ID=manual__2023-08-01T07:12:12.460277+00:00
[2023-08-01 07:12:14,036] {logging_mixin.py:115} INFO - connect engine ***
[2023-08-01 07:12:14,489] {insert_data_db.py:15} INFO - Data from api to dataframe ready
[2023-08-01 07:12:14,511] {logging_mixin.py:115} INFO - <class 'pandas.core.frame.DataFrame'>
RangeIndex: 145 entries, 0 to 144
Data columns (total 20 columns):
 #   Column                    Non-Null Count  Dtype 
---  ------                    --------------  ----- 
 0   CLOSECONTACT              145 non-null    int64 
 1   CONFIRMATION              145 non-null    int64 
 2   PROBABLE                  145 non-null    int64 
 3   SUSPECT                   145 non-null    int64 
 4   closecontact_dikarantina  145 non-null    int64 
 5   closecontact_discarded    145 non-null    int64 
 6   closecontact_meninggal    145 non-null    int64 
 7   confirmation_meninggal    145 non-null    int64 
 8   confirmation_sembuh       145 non-null    int64 
 9   kode_kab                  145 non-null    object
 10  kode_prov                 145 non-null    object
 11  nama_kab                  145 non-null    object
 12  nama_prov                 145 non-null    object
 13  probable_diisolasi        145 non-null    int64 
 14  probable_discarded        145 non-null    int64 
 15  probable_meninggal        145 non-null    int64 
 16  suspect_diisolasi         145 non-null    int64 
 17  suspect_discarded         145 non-null    int64 
 18  suspect_meninggal         145 non-null    int64 
 19  tanggal                   145 non-null    object
dtypes: int64(15), object(5)
memory usage: 22.8+ KB
[2023-08-01 07:12:14,511] {logging_mixin.py:115} INFO - None
[2023-08-01 07:12:14,632] {python.py:173} INFO - Done. Returned value was: None
[2023-08-01 07:12:14,645] {taskinstance.py:1400} INFO - Marking task as SUCCESS. dag_id=dag_final_project_digitalskola, task_id=get_data_from_api, execution_date=20230801T071212, start_date=20230801T071213, end_date=20230801T071214
[2023-08-01 07:12:14,690] {local_task_job.py:156} INFO - Task exited with return code 0
[2023-08-01 07:12:14,768] {local_task_job.py:273} INFO - 1 downstream tasks scheduled from follow-on schedule check
