[2023-08-01 05:50:45,430] {taskinstance.py:1159} INFO - Dependencies all met for <TaskInstance: dag_final_project_digitalskola.generate_dim manual__2023-08-01T05:50:43.370223+00:00 [queued]>
[2023-08-01 05:50:45,438] {taskinstance.py:1159} INFO - Dependencies all met for <TaskInstance: dag_final_project_digitalskola.generate_dim manual__2023-08-01T05:50:43.370223+00:00 [queued]>
[2023-08-01 05:50:45,438] {taskinstance.py:1356} INFO - 
--------------------------------------------------------------------------------
[2023-08-01 05:50:45,438] {taskinstance.py:1357} INFO - Starting attempt 1 of 1
[2023-08-01 05:50:45,438] {taskinstance.py:1358} INFO - 
--------------------------------------------------------------------------------
[2023-08-01 05:50:45,449] {taskinstance.py:1377} INFO - Executing <Task(PythonOperator): generate_dim> on 2023-08-01 05:50:43.370223+00:00
[2023-08-01 05:50:45,454] {standard_task_runner.py:52} INFO - Started process 238 to run task
[2023-08-01 05:50:45,456] {standard_task_runner.py:79} INFO - Running: ['***', 'tasks', 'run', 'dag_final_project_digitalskola', 'generate_dim', 'manual__2023-08-01T05:50:43.370223+00:00', '--job-id', '379', '--raw', '--subdir', 'DAGS_FOLDER/dag_final_project.py', '--cfg-path', '/tmp/tmpyk04hxwf', '--error-file', '/tmp/tmp4qg2kw7r']
[2023-08-01 05:50:45,457] {standard_task_runner.py:80} INFO - Job 379: Subtask generate_dim
[2023-08-01 05:50:45,506] {task_command.py:369} INFO - Running <TaskInstance: dag_final_project_digitalskola.generate_dim manual__2023-08-01T05:50:43.370223+00:00 [running]> on host eb85e38e4ef2
[2023-08-01 05:50:45,574] {taskinstance.py:1571} INFO - Exporting the following env vars:
AIRFLOW_CTX_DAG_OWNER=***
AIRFLOW_CTX_DAG_ID=dag_final_project_digitalskola
AIRFLOW_CTX_TASK_ID=generate_dim
AIRFLOW_CTX_EXECUTION_DATE=2023-08-01T05:50:43.370223+00:00
AIRFLOW_CTX_TRY_NUMBER=1
AIRFLOW_CTX_DAG_RUN_ID=manual__2023-08-01T05:50:43.370223+00:00
[2023-08-01 05:50:45,586] {logging_mixin.py:115} INFO - connect engine Postgresql
[2023-08-01 05:50:45,622] {logging_mixin.py:115} INFO - connect engine ***
[2023-08-01 05:50:45,665] {insert_data_db.py:42} INFO - insert data dim_province to dwh postgres success
[2023-08-01 05:50:45,676] {logging_mixin.py:115} INFO - connect engine Postgresql
[2023-08-01 05:50:45,686] {logging_mixin.py:115} INFO - connect engine ***
[2023-08-01 05:50:45,729] {insert_data_db.py:52} INFO - insert data dim_district to dwh postgres success
[2023-08-01 05:50:45,744] {logging_mixin.py:115} INFO - connect engine Postgresql
[2023-08-01 05:50:45,755] {logging_mixin.py:115} INFO - connect engine ***
[2023-08-01 05:50:45,808] {logging_mixin.py:115} INFO - insert data dim_Case to dwh postgres success
[2023-08-01 05:50:45,809] {dag_final_project.py:11} INFO - success insert data to dimention table
[2023-08-01 05:50:45,809] {python.py:173} INFO - Done. Returned value was: None
[2023-08-01 05:50:45,860] {taskinstance.py:1400} INFO - Marking task as SUCCESS. dag_id=dag_final_project_digitalskola, task_id=generate_dim, execution_date=20230801T055043, start_date=20230801T055045, end_date=20230801T055045
[2023-08-01 05:50:45,909] {local_task_job.py:156} INFO - Task exited with return code 0
[2023-08-01 05:50:45,941] {local_task_job.py:273} INFO - 2 downstream tasks scheduled from follow-on schedule check
