[2023-07-17 07:50:55,834] {taskinstance.py:1159} INFO - Dependencies all met for <TaskInstance: my_airflow_task.my_task scheduled__2023-03-14T00:00:00+00:00 [queued]>
[2023-07-17 07:50:55,864] {taskinstance.py:1159} INFO - Dependencies all met for <TaskInstance: my_airflow_task.my_task scheduled__2023-03-14T00:00:00+00:00 [queued]>
[2023-07-17 07:50:55,864] {taskinstance.py:1356} INFO - 
--------------------------------------------------------------------------------
[2023-07-17 07:50:55,864] {taskinstance.py:1357} INFO - Starting attempt 1 of 1
[2023-07-17 07:50:55,864] {taskinstance.py:1358} INFO - 
--------------------------------------------------------------------------------
[2023-07-17 07:50:55,906] {taskinstance.py:1377} INFO - Executing <Task(PythonOperator): my_task> on 2023-03-14 00:00:00+00:00
[2023-07-17 07:50:55,915] {standard_task_runner.py:52} INFO - Started process 2593 to run task
[2023-07-17 07:50:55,932] {standard_task_runner.py:79} INFO - Running: ['***', 'tasks', 'run', 'my_***_task', 'my_task', 'scheduled__2023-03-14T00:00:00+00:00', '--job-id', '100', '--raw', '--subdir', 'DAGS_FOLDER/read_csv.py', '--cfg-path', '/tmp/tmpns9kxcvk', '--error-file', '/tmp/tmpdwtablbo']
[2023-07-17 07:50:55,933] {standard_task_runner.py:80} INFO - Job 100: Subtask my_task
[2023-07-17 07:50:56,027] {task_command.py:369} INFO - Running <TaskInstance: my_airflow_task.my_task scheduled__2023-03-14T00:00:00+00:00 [running]> on host 938e71f84edd
[2023-07-17 07:50:56,163] {taskinstance.py:1571} INFO - Exporting the following env vars:
AIRFLOW_CTX_DAG_OWNER=***
AIRFLOW_CTX_DAG_ID=my_***_task
AIRFLOW_CTX_TASK_ID=my_task
AIRFLOW_CTX_EXECUTION_DATE=2023-03-14T00:00:00+00:00
AIRFLOW_CTX_TRY_NUMBER=1
AIRFLOW_CTX_DAG_RUN_ID=scheduled__2023-03-14T00:00:00+00:00
[2023-07-17 07:50:56,165] {taskinstance.py:1889} ERROR - Task failed with exception
Traceback (most recent call last):
  File "/home/airflow/.local/lib/python3.7/site-packages/airflow/operators/python.py", line 171, in execute
    return_value = self.execute_callable()
  File "/home/airflow/.local/lib/python3.7/site-packages/airflow/operators/python.py", line 189, in execute_callable
    return self.python_callable(*self.op_args, **self.op_kwargs)
  File "/opt/airflow/dags/read_csv.py", line 10, in read_csv
    df = pd.read_csv('/home/andhika/airflow_v2/dags/datacovid19.csv')
  File "/home/airflow/.local/lib/python3.7/site-packages/pandas/util/_decorators.py", line 311, in wrapper
    return func(*args, **kwargs)
  File "/home/airflow/.local/lib/python3.7/site-packages/pandas/io/parsers/readers.py", line 586, in read_csv
    return _read(filepath_or_buffer, kwds)
  File "/home/airflow/.local/lib/python3.7/site-packages/pandas/io/parsers/readers.py", line 482, in _read
    parser = TextFileReader(filepath_or_buffer, **kwds)
  File "/home/airflow/.local/lib/python3.7/site-packages/pandas/io/parsers/readers.py", line 811, in __init__
    self._engine = self._make_engine(self.engine)
  File "/home/airflow/.local/lib/python3.7/site-packages/pandas/io/parsers/readers.py", line 1040, in _make_engine
    return mapping[engine](self.f, **self.options)  # type: ignore[call-arg]
  File "/home/airflow/.local/lib/python3.7/site-packages/pandas/io/parsers/c_parser_wrapper.py", line 51, in __init__
    self._open_handles(src, kwds)
  File "/home/airflow/.local/lib/python3.7/site-packages/pandas/io/parsers/base_parser.py", line 229, in _open_handles
    errors=kwds.get("encoding_errors", "strict"),
  File "/home/airflow/.local/lib/python3.7/site-packages/pandas/io/common.py", line 707, in get_handle
    newline="",
FileNotFoundError: [Errno 2] No such file or directory: '/home/andhika/airflow_v2/dags/datacovid19.csv'
[2023-07-17 07:50:56,180] {taskinstance.py:1400} INFO - Marking task as FAILED. dag_id=my_***_task, task_id=my_task, execution_date=20230314T000000, start_date=20230717T075055, end_date=20230717T075056
[2023-07-17 07:50:56,199] {standard_task_runner.py:97} ERROR - Failed to execute job 100 for task my_task ([Errno 2] No such file or directory: '/home/andhika/airflow_v2/dags/datacovid19.csv'; 2593)
[2023-07-17 07:50:56,218] {local_task_job.py:156} INFO - Task exited with return code 1
[2023-07-17 07:50:56,269] {local_task_job.py:273} INFO - 0 downstream tasks scheduled from follow-on schedule check
