[2023-07-28 15:02:32,563] {taskinstance.py:1159} INFO - Dependencies all met for <TaskInstance: first_sample_dag.print_hello_world scheduled__2023-07-26T23:00:00+00:00 [queued]>
[2023-07-28 15:02:32,572] {taskinstance.py:1159} INFO - Dependencies all met for <TaskInstance: first_sample_dag.print_hello_world scheduled__2023-07-26T23:00:00+00:00 [queued]>
[2023-07-28 15:02:32,572] {taskinstance.py:1356} INFO - 
--------------------------------------------------------------------------------
[2023-07-28 15:02:32,572] {taskinstance.py:1357} INFO - Starting attempt 1 of 1
[2023-07-28 15:02:32,572] {taskinstance.py:1358} INFO - 
--------------------------------------------------------------------------------
[2023-07-28 15:02:32,588] {taskinstance.py:1377} INFO - Executing <Task(BashOperator): print_hello_world> on 2023-07-26 23:00:00+00:00
[2023-07-28 15:02:32,593] {standard_task_runner.py:52} INFO - Started process 315 to run task
[2023-07-28 15:02:32,596] {standard_task_runner.py:79} INFO - Running: ['***', 'tasks', 'run', 'first_sample_dag', 'print_hello_world', 'scheduled__2023-07-26T23:00:00+00:00', '--job-id', '275', '--raw', '--subdir', 'DAGS_FOLDER/sample_dag.py', '--cfg-path', '/tmp/tmp2h4dxd9w', '--error-file', '/tmp/tmpnotbls6w']
[2023-07-28 15:02:32,597] {standard_task_runner.py:80} INFO - Job 275: Subtask print_hello_world
[2023-07-28 15:02:32,661] {task_command.py:369} INFO - Running <TaskInstance: first_sample_dag.print_hello_world scheduled__2023-07-26T23:00:00+00:00 [running]> on host e8e0743c440d
[2023-07-28 15:02:32,752] {taskinstance.py:1571} INFO - Exporting the following env vars:
AIRFLOW_CTX_DAG_OWNER=***
AIRFLOW_CTX_DAG_ID=first_sample_dag
AIRFLOW_CTX_TASK_ID=print_hello_world
AIRFLOW_CTX_EXECUTION_DATE=2023-07-26T23:00:00+00:00
AIRFLOW_CTX_TRY_NUMBER=1
AIRFLOW_CTX_DAG_RUN_ID=scheduled__2023-07-26T23:00:00+00:00
[2023-07-28 15:02:32,752] {subprocess.py:62} INFO - Tmp dir root location: 
 /tmp
[2023-07-28 15:02:32,753] {subprocess.py:74} INFO - Running command: ['bash', '-c', 'echo "HelloWorld!"']
[2023-07-28 15:02:32,763] {subprocess.py:85} INFO - Output:
[2023-07-28 15:02:32,765] {subprocess.py:92} INFO - HelloWorld!
[2023-07-28 15:02:32,766] {subprocess.py:96} INFO - Command exited with return code 0
[2023-07-28 15:02:32,805] {taskinstance.py:1400} INFO - Marking task as SUCCESS. dag_id=first_sample_dag, task_id=print_hello_world, execution_date=20230726T230000, start_date=20230728T150232, end_date=20230728T150232
[2023-07-28 15:02:32,848] {local_task_job.py:156} INFO - Task exited with return code 0
[2023-07-28 15:02:32,888] {local_task_job.py:273} INFO - 0 downstream tasks scheduled from follow-on schedule check
