[2023-07-28 16:21:20,991] {taskinstance.py:1159} INFO - Dependencies all met for <TaskInstance: first_sample_dag.print_hello_world manual__2023-07-28T16:21:20.267729+00:00 [queued]>
[2023-07-28 16:21:21,003] {taskinstance.py:1159} INFO - Dependencies all met for <TaskInstance: first_sample_dag.print_hello_world manual__2023-07-28T16:21:20.267729+00:00 [queued]>
[2023-07-28 16:21:21,003] {taskinstance.py:1356} INFO - 
--------------------------------------------------------------------------------
[2023-07-28 16:21:21,003] {taskinstance.py:1357} INFO - Starting attempt 1 of 1
[2023-07-28 16:21:21,003] {taskinstance.py:1358} INFO - 
--------------------------------------------------------------------------------
[2023-07-28 16:21:21,019] {taskinstance.py:1377} INFO - Executing <Task(BashOperator): print_hello_world> on 2023-07-28 16:21:20.267729+00:00
[2023-07-28 16:21:21,024] {standard_task_runner.py:52} INFO - Started process 3564 to run task
[2023-07-28 16:21:21,028] {standard_task_runner.py:79} INFO - Running: ['***', 'tasks', 'run', 'first_sample_dag', 'print_hello_world', 'manual__2023-07-28T16:21:20.267729+00:00', '--job-id', '300', '--raw', '--subdir', 'DAGS_FOLDER/sample_dag.py', '--cfg-path', '/tmp/tmp67ljhvwf', '--error-file', '/tmp/tmpuijyao1b']
[2023-07-28 16:21:21,029] {standard_task_runner.py:80} INFO - Job 300: Subtask print_hello_world
[2023-07-28 16:21:21,086] {task_command.py:369} INFO - Running <TaskInstance: first_sample_dag.print_hello_world manual__2023-07-28T16:21:20.267729+00:00 [running]> on host ebe3e165ffca
[2023-07-28 16:21:21,190] {taskinstance.py:1571} INFO - Exporting the following env vars:
AIRFLOW_CTX_DAG_OWNER=***
AIRFLOW_CTX_DAG_ID=first_sample_dag
AIRFLOW_CTX_TASK_ID=print_hello_world
AIRFLOW_CTX_EXECUTION_DATE=2023-07-28T16:21:20.267729+00:00
AIRFLOW_CTX_TRY_NUMBER=1
AIRFLOW_CTX_DAG_RUN_ID=manual__2023-07-28T16:21:20.267729+00:00
[2023-07-28 16:21:21,191] {subprocess.py:62} INFO - Tmp dir root location: 
 /tmp
[2023-07-28 16:21:21,192] {subprocess.py:74} INFO - Running command: ['bash', '-c', 'echo "HelloWorld!"']
[2023-07-28 16:21:21,204] {subprocess.py:85} INFO - Output:
[2023-07-28 16:21:21,206] {subprocess.py:92} INFO - HelloWorld!
[2023-07-28 16:21:21,206] {subprocess.py:96} INFO - Command exited with return code 0
[2023-07-28 16:21:21,237] {taskinstance.py:1400} INFO - Marking task as SUCCESS. dag_id=first_sample_dag, task_id=print_hello_world, execution_date=20230728T162120, start_date=20230728T162120, end_date=20230728T162121
[2023-07-28 16:21:21,279] {local_task_job.py:156} INFO - Task exited with return code 0
[2023-07-28 16:21:21,344] {local_task_job.py:273} INFO - 0 downstream tasks scheduled from follow-on schedule check
